2020-12-29 10:29:58.840 INFO [main]com.information.five.FiveApplication.logStarting:55 -Starting FiveApplication using Java 1.8.0_181 on QAQ-TTT with PID 23844 (E:\IDEAproject\five\target\classes started by ZZT in E:\IDEAproject\five)
2020-12-29 10:29:58.887 INFO [main]com.information.five.FiveApplication.logStartupProfileInfo:660 -No active profile set, falling back to default profiles: default
2020-12-29 10:30:01.804 INFO [main]o.s.c.s.PostProcessorRegistrationDelegate$BeanPostProcessorChecker.postProcessAfterInitialization:350 -Bean 'spring.datasource.dynamic-com.baomidou.dynamic.datasource.spring.boot.autoconfigure.DynamicDataSourceProperties' of type [com.baomidou.dynamic.datasource.spring.boot.autoconfigure.DynamicDataSourceProperties] is not eligible for getting processed by all BeanPostProcessors (for example: not eligible for auto-proxying)
2020-12-29 10:30:01.805 INFO [main]o.s.c.s.PostProcessorRegistrationDelegate$BeanPostProcessorChecker.postProcessAfterInitialization:350 -Bean 'com.baomidou.dynamic.datasource.spring.boot.autoconfigure.DynamicDataSourceAutoConfiguration' of type [com.baomidou.dynamic.datasource.spring.boot.autoconfigure.DynamicDataSourceAutoConfiguration$$EnhancerBySpringCGLIB$$eacdf7f4] is not eligible for getting processed by all BeanPostProcessors (for example: not eligible for auto-proxying)
2020-12-29 10:30:01.813 INFO [main]o.s.c.s.PostProcessorRegistrationDelegate$BeanPostProcessorChecker.postProcessAfterInitialization:350 -Bean 'dsProcessor' of type [com.baomidou.dynamic.datasource.processor.DsHeaderProcessor] is not eligible for getting processed by all BeanPostProcessors (for example: not eligible for auto-proxying)
2020-12-29 10:30:02.592 INFO [main]o.s.boot.web.embedded.tomcat.TomcatWebServer.initialize:108 -Tomcat initialized with port(s): 8081 (http)
2020-12-29 10:30:02.623 INFO [main]org.apache.coyote.http11.Http11NioProtocol.log:173 -Initializing ProtocolHandler ["http-nio-8081"]
2020-12-29 10:30:02.623 INFO [main]org.apache.catalina.core.StandardService.log:173 -Starting service [Tomcat]
2020-12-29 10:30:02.623 INFO [main]org.apache.catalina.core.StandardEngine.log:173 -Starting Servlet engine: [Apache Tomcat/9.0.41]
2020-12-29 10:30:02.624 INFO [main]org.apache.catalina.core.AprLifecycleListener.log:173 -An older version [1.2.17] of the Apache Tomcat Native library is installed, while Tomcat recommends a minimum version of [1.2.23]
2020-12-29 10:30:02.625 INFO [main]org.apache.catalina.core.AprLifecycleListener.log:173 -Loaded Apache Tomcat Native library [1.2.17] using APR version [1.6.3].
2020-12-29 10:30:02.625 INFO [main]org.apache.catalina.core.AprLifecycleListener.log:173 -APR capabilities: IPv6 [true], sendfile [true], accept filters [false], random [true].
2020-12-29 10:30:02.625 INFO [main]org.apache.catalina.core.AprLifecycleListener.log:173 -APR/OpenSSL configuration: useAprConnector [false], useOpenSSL [true]
2020-12-29 10:30:03.770 INFO [main]org.apache.catalina.core.AprLifecycleListener.log:173 -OpenSSL successfully initialized [OpenSSL 1.0.2o  27 Mar 2018]
2020-12-29 10:30:04.136 INFO [main]o.a.catalina.core.ContainerBase.[Tomcat].[localhost].[/].log:173 -Initializing Spring embedded WebApplicationContext
2020-12-29 10:30:04.136 INFO [main]o.s.b.w.s.context.ServletWebServerApplicationContext.prepareWebApplicationContext:289 -Root WebApplicationContext: initialization completed in 5130 ms
2020-12-29 10:30:04.441 INFO [main]com.zaxxer.hikari.HikariDataSource.<init>:80 -hm - Starting...
2020-12-29 10:30:05.369 INFO [main]com.zaxxer.hikari.HikariDataSource.<init>:82 -hm - Start completed.
2020-12-29 10:30:05.370 INFO [main]com.zaxxer.hikari.HikariDataSource.<init>:80 -test1 - Starting...
2020-12-29 10:30:05.380 INFO [main]com.zaxxer.hikari.HikariDataSource.<init>:82 -test1 - Start completed.
2020-12-29 10:30:05.380 INFO [main]com.baomidou.dynamic.datasource.DynamicRoutingDataSource.addDataSource:132 -dynamic-datasource - load a datasource named [hm] success
2020-12-29 10:30:05.380 INFO [main]com.baomidou.dynamic.datasource.DynamicRoutingDataSource.addDataSource:132 -dynamic-datasource - load a datasource named [test1] success
2020-12-29 10:30:05.381 INFO [main]com.baomidou.dynamic.datasource.DynamicRoutingDataSource.afterPropertiesSet:237 -dynamic-datasource initial loaded [2] datasource,primary datasource named [hm]
2020-12-29 10:30:07.263 INFO [main]s.d.s.web.PropertySourcedRequestMappingHandlerMapping.initHandlerMethods:69 -Mapped URL path [/v2/api-docs] onto method [springfox.documentation.swagger2.web.Swagger2Controller#getDocumentation(String, HttpServletRequest)]
2020-12-29 10:30:07.390 INFO [main]o.s.scheduling.concurrent.ThreadPoolTaskExecutor.initialize:181 -Initializing ExecutorService 'applicationTaskExecutor'
2020-12-29 10:30:07.787 INFO [main]org.apache.coyote.http11.Http11NioProtocol.log:173 -Starting ProtocolHandler ["http-nio-8081"]
2020-12-29 10:30:07.813 INFO [main]o.s.boot.web.embedded.tomcat.TomcatWebServer.start:220 -Tomcat started on port(s): 8081 (http) with context path ''
2020-12-29 10:30:07.814 INFO [main]s.d.spring.web.plugins.DocumentationPluginsBootstrapper.start:160 -Context refreshed
2020-12-29 10:30:07.862 INFO [main]s.d.spring.web.plugins.DocumentationPluginsBootstrapper.start:163 -Found 1 custom documentation plugin(s)
2020-12-29 10:30:07.901 INFO [main]s.d.spring.web.scanners.ApiListingReferenceScanner.scan:41 -Scanning for api listing references
2020-12-29 10:30:08.272 INFO [main]com.information.five.FiveApplication.logStarted:61 -Started FiveApplication in 11.194 seconds (JVM running for 13.731)
2020-12-29 10:41:04.335 INFO [http-nio-8081-exec-1]o.a.catalina.core.ContainerBase.[Tomcat].[localhost].[/].log:173 -Initializing Spring DispatcherServlet 'dispatcherServlet'
2020-12-29 10:41:04.336 INFO [http-nio-8081-exec-1]org.springframework.web.servlet.DispatcherServlet.initServletBean:525 -Initializing Servlet 'dispatcherServlet'
2020-12-29 10:41:04.337 INFO [http-nio-8081-exec-1]org.springframework.web.servlet.DispatcherServlet.initServletBean:547 -Completed initialization in 1 ms
2020-12-29 11:05:42.547 WARN [http-nio-8081-exec-6]com.zaxxer.hikari.pool.PoolBase.isConnectionAlive:184 -hm - Failed to validate connection com.mysql.cj.jdbc.ConnectionImpl@641171e2 (No operations allowed after connection closed.). Possibly consider using a shorter maxLifetime value.
2020-12-29 11:05:42.549 WARN [http-nio-8081-exec-6]com.zaxxer.hikari.pool.PoolBase.isConnectionAlive:184 -hm - Failed to validate connection com.mysql.cj.jdbc.ConnectionImpl@6cfb9eaa (No operations allowed after connection closed.). Possibly consider using a shorter maxLifetime value.
2020-12-29 11:05:42.550 WARN [http-nio-8081-exec-6]com.zaxxer.hikari.pool.PoolBase.isConnectionAlive:184 -hm - Failed to validate connection com.mysql.cj.jdbc.ConnectionImpl@66b030ae (No operations allowed after connection closed.). Possibly consider using a shorter maxLifetime value.
2020-12-29 11:05:42.551 WARN [http-nio-8081-exec-6]com.zaxxer.hikari.pool.PoolBase.isConnectionAlive:184 -hm - Failed to validate connection com.mysql.cj.jdbc.ConnectionImpl@9c1c3fb (No operations allowed after connection closed.). Possibly consider using a shorter maxLifetime value.
2020-12-29 11:05:42.552 WARN [http-nio-8081-exec-6]com.zaxxer.hikari.pool.PoolBase.isConnectionAlive:184 -hm - Failed to validate connection com.mysql.cj.jdbc.ConnectionImpl@62ef841f (No operations allowed after connection closed.). Possibly consider using a shorter maxLifetime value.
2020-12-29 11:05:42.554 WARN [http-nio-8081-exec-6]com.zaxxer.hikari.pool.PoolBase.isConnectionAlive:184 -hm - Failed to validate connection com.mysql.cj.jdbc.ConnectionImpl@52d14826 (No operations allowed after connection closed.). Possibly consider using a shorter maxLifetime value.
2020-12-29 11:05:42.555 WARN [http-nio-8081-exec-6]com.zaxxer.hikari.pool.PoolBase.isConnectionAlive:184 -hm - Failed to validate connection com.mysql.cj.jdbc.ConnectionImpl@35033792 (No operations allowed after connection closed.). Possibly consider using a shorter maxLifetime value.
2020-12-29 11:05:42.556 WARN [http-nio-8081-exec-6]com.zaxxer.hikari.pool.PoolBase.isConnectionAlive:184 -hm - Failed to validate connection com.mysql.cj.jdbc.ConnectionImpl@325ae4d2 (No operations allowed after connection closed.). Possibly consider using a shorter maxLifetime value.
2020-12-29 11:05:42.557 WARN [http-nio-8081-exec-6]com.zaxxer.hikari.pool.PoolBase.isConnectionAlive:184 -hm - Failed to validate connection com.mysql.cj.jdbc.ConnectionImpl@2c8b51fa (No operations allowed after connection closed.). Possibly consider using a shorter maxLifetime value.
2020-12-29 11:05:42.558 WARN [http-nio-8081-exec-6]com.zaxxer.hikari.pool.PoolBase.isConnectionAlive:184 -hm - Failed to validate connection com.mysql.cj.jdbc.ConnectionImpl@74c3bc35 (No operations allowed after connection closed.). Possibly consider using a shorter maxLifetime value.
2020-12-29 11:08:49.010 WARN [http-nio-8081-exec-2]com.zaxxer.hikari.pool.PoolBase.isConnectionAlive:184 -hm - Failed to validate connection com.mysql.cj.jdbc.ConnectionImpl@69e73dba (No operations allowed after connection closed.). Possibly consider using a shorter maxLifetime value.
2020-12-29 11:08:49.012 WARN [http-nio-8081-exec-2]com.zaxxer.hikari.pool.PoolBase.isConnectionAlive:184 -hm - Failed to validate connection com.mysql.cj.jdbc.ConnectionImpl@359e4502 (No operations allowed after connection closed.). Possibly consider using a shorter maxLifetime value.
2020-12-29 11:08:49.014 WARN [http-nio-8081-exec-2]com.zaxxer.hikari.pool.PoolBase.isConnectionAlive:184 -hm - Failed to validate connection com.mysql.cj.jdbc.ConnectionImpl@709ccdd5 (No operations allowed after connection closed.). Possibly consider using a shorter maxLifetime value.
2020-12-29 11:08:49.015 WARN [http-nio-8081-exec-2]com.zaxxer.hikari.pool.PoolBase.isConnectionAlive:184 -hm - Failed to validate connection com.mysql.cj.jdbc.ConnectionImpl@7e07680a (No operations allowed after connection closed.). Possibly consider using a shorter maxLifetime value.
2020-12-29 11:08:49.038 WARN [http-nio-8081-exec-2]com.zaxxer.hikari.pool.PoolBase.isConnectionAlive:184 -hm - Failed to validate connection com.mysql.cj.jdbc.ConnectionImpl@41a65e93 (No operations allowed after connection closed.). Possibly consider using a shorter maxLifetime value.
2020-12-29 11:08:49.040 WARN [http-nio-8081-exec-2]com.zaxxer.hikari.pool.PoolBase.isConnectionAlive:184 -hm - Failed to validate connection com.mysql.cj.jdbc.ConnectionImpl@10b3329a (No operations allowed after connection closed.). Possibly consider using a shorter maxLifetime value.
2020-12-29 11:08:49.041 WARN [http-nio-8081-exec-2]com.zaxxer.hikari.pool.PoolBase.isConnectionAlive:184 -hm - Failed to validate connection com.mysql.cj.jdbc.ConnectionImpl@55315fbe (No operations allowed after connection closed.). Possibly consider using a shorter maxLifetime value.
2020-12-29 11:08:49.042 WARN [http-nio-8081-exec-2]com.zaxxer.hikari.pool.PoolBase.isConnectionAlive:184 -hm - Failed to validate connection com.mysql.cj.jdbc.ConnectionImpl@2690c14d (No operations allowed after connection closed.). Possibly consider using a shorter maxLifetime value.
2020-12-29 11:08:49.043 WARN [http-nio-8081-exec-2]com.zaxxer.hikari.pool.PoolBase.isConnectionAlive:184 -hm - Failed to validate connection com.mysql.cj.jdbc.ConnectionImpl@1dd3084a (No operations allowed after connection closed.). Possibly consider using a shorter maxLifetime value.
2020-12-29 11:08:49.045 WARN [http-nio-8081-exec-2]com.zaxxer.hikari.pool.PoolBase.isConnectionAlive:184 -hm - Failed to validate connection com.mysql.cj.jdbc.ConnectionImpl@14fdce88 (No operations allowed after connection closed.). Possibly consider using a shorter maxLifetime value.
2020-12-29 11:23:02.667 WARN [http-nio-8081-exec-6]com.zaxxer.hikari.pool.PoolBase.isConnectionAlive:184 -hm - Failed to validate connection com.mysql.cj.jdbc.ConnectionImpl@6b54859f (No operations allowed after connection closed.). Possibly consider using a shorter maxLifetime value.
2020-12-29 11:23:02.669 WARN [http-nio-8081-exec-6]com.zaxxer.hikari.pool.PoolBase.isConnectionAlive:184 -hm - Failed to validate connection com.mysql.cj.jdbc.ConnectionImpl@a1e8d26 (No operations allowed after connection closed.). Possibly consider using a shorter maxLifetime value.
2020-12-29 11:23:02.670 WARN [http-nio-8081-exec-6]com.zaxxer.hikari.pool.PoolBase.isConnectionAlive:184 -hm - Failed to validate connection com.mysql.cj.jdbc.ConnectionImpl@1d4281e1 (No operations allowed after connection closed.). Possibly consider using a shorter maxLifetime value.
2020-12-29 11:23:02.672 WARN [http-nio-8081-exec-6]com.zaxxer.hikari.pool.PoolBase.isConnectionAlive:184 -hm - Failed to validate connection com.mysql.cj.jdbc.ConnectionImpl@68c3e72e (No operations allowed after connection closed.). Possibly consider using a shorter maxLifetime value.
2020-12-29 11:23:02.673 WARN [http-nio-8081-exec-6]com.zaxxer.hikari.pool.PoolBase.isConnectionAlive:184 -hm - Failed to validate connection com.mysql.cj.jdbc.ConnectionImpl@464b70e3 (No operations allowed after connection closed.). Possibly consider using a shorter maxLifetime value.
2020-12-29 11:23:02.674 WARN [http-nio-8081-exec-6]com.zaxxer.hikari.pool.PoolBase.isConnectionAlive:184 -hm - Failed to validate connection com.mysql.cj.jdbc.ConnectionImpl@3842b2b1 (No operations allowed after connection closed.). Possibly consider using a shorter maxLifetime value.
2020-12-29 11:23:02.675 WARN [http-nio-8081-exec-6]com.zaxxer.hikari.pool.PoolBase.isConnectionAlive:184 -hm - Failed to validate connection com.mysql.cj.jdbc.ConnectionImpl@310671d1 (No operations allowed after connection closed.). Possibly consider using a shorter maxLifetime value.
2020-12-29 11:23:02.676 WARN [http-nio-8081-exec-6]com.zaxxer.hikari.pool.PoolBase.isConnectionAlive:184 -hm - Failed to validate connection com.mysql.cj.jdbc.ConnectionImpl@468b1a48 (No operations allowed after connection closed.). Possibly consider using a shorter maxLifetime value.
2020-12-29 11:23:02.677 WARN [http-nio-8081-exec-6]com.zaxxer.hikari.pool.PoolBase.isConnectionAlive:184 -hm - Failed to validate connection com.mysql.cj.jdbc.ConnectionImpl@5b5ab612 (No operations allowed after connection closed.). Possibly consider using a shorter maxLifetime value.
2020-12-29 11:23:02.679 WARN [http-nio-8081-exec-6]com.zaxxer.hikari.pool.PoolBase.isConnectionAlive:184 -hm - Failed to validate connection com.mysql.cj.jdbc.ConnectionImpl@76a050f2 (No operations allowed after connection closed.). Possibly consider using a shorter maxLifetime value.
2020-12-29 11:26:40.493 WARN [http-nio-8081-exec-10]com.zaxxer.hikari.pool.PoolBase.isConnectionAlive:184 -hm - Failed to validate connection com.mysql.cj.jdbc.ConnectionImpl@6a6d2299 (No operations allowed after connection closed.). Possibly consider using a shorter maxLifetime value.
2020-12-29 11:26:40.496 WARN [http-nio-8081-exec-10]com.zaxxer.hikari.pool.PoolBase.isConnectionAlive:184 -hm - Failed to validate connection com.mysql.cj.jdbc.ConnectionImpl@6b498e0d (No operations allowed after connection closed.). Possibly consider using a shorter maxLifetime value.
2020-12-29 11:26:40.498 WARN [http-nio-8081-exec-10]com.zaxxer.hikari.pool.PoolBase.isConnectionAlive:184 -hm - Failed to validate connection com.mysql.cj.jdbc.ConnectionImpl@2f2f96f8 (No operations allowed after connection closed.). Possibly consider using a shorter maxLifetime value.
2020-12-29 11:26:40.500 WARN [http-nio-8081-exec-10]com.zaxxer.hikari.pool.PoolBase.isConnectionAlive:184 -hm - Failed to validate connection com.mysql.cj.jdbc.ConnectionImpl@3a760dfb (No operations allowed after connection closed.). Possibly consider using a shorter maxLifetime value.
2020-12-29 11:26:40.501 WARN [http-nio-8081-exec-10]com.zaxxer.hikari.pool.PoolBase.isConnectionAlive:184 -hm - Failed to validate connection com.mysql.cj.jdbc.ConnectionImpl@407e1c39 (No operations allowed after connection closed.). Possibly consider using a shorter maxLifetime value.
2020-12-29 11:26:40.502 WARN [http-nio-8081-exec-10]com.zaxxer.hikari.pool.PoolBase.isConnectionAlive:184 -hm - Failed to validate connection com.mysql.cj.jdbc.ConnectionImpl@67e0dbdd (No operations allowed after connection closed.). Possibly consider using a shorter maxLifetime value.
2020-12-29 11:26:40.504 WARN [http-nio-8081-exec-10]com.zaxxer.hikari.pool.PoolBase.isConnectionAlive:184 -hm - Failed to validate connection com.mysql.cj.jdbc.ConnectionImpl@342b198f (No operations allowed after connection closed.). Possibly consider using a shorter maxLifetime value.
2020-12-29 11:26:40.506 WARN [http-nio-8081-exec-10]com.zaxxer.hikari.pool.PoolBase.isConnectionAlive:184 -hm - Failed to validate connection com.mysql.cj.jdbc.ConnectionImpl@3e38d324 (No operations allowed after connection closed.). Possibly consider using a shorter maxLifetime value.
2020-12-29 11:26:40.507 WARN [http-nio-8081-exec-10]com.zaxxer.hikari.pool.PoolBase.isConnectionAlive:184 -hm - Failed to validate connection com.mysql.cj.jdbc.ConnectionImpl@e979f0e (No operations allowed after connection closed.). Possibly consider using a shorter maxLifetime value.
2020-12-29 11:26:40.508 WARN [http-nio-8081-exec-10]com.zaxxer.hikari.pool.PoolBase.isConnectionAlive:184 -hm - Failed to validate connection com.mysql.cj.jdbc.ConnectionImpl@6fc89332 (No operations allowed after connection closed.). Possibly consider using a shorter maxLifetime value.
2020-12-29 11:33:11.909 WARN [http-nio-8081-exec-7]com.zaxxer.hikari.pool.PoolBase.isConnectionAlive:184 -hm - Failed to validate connection com.mysql.cj.jdbc.ConnectionImpl@7b1a4a9a (No operations allowed after connection closed.). Possibly consider using a shorter maxLifetime value.
2020-12-29 11:33:11.911 WARN [http-nio-8081-exec-7]com.zaxxer.hikari.pool.PoolBase.isConnectionAlive:184 -hm - Failed to validate connection com.mysql.cj.jdbc.ConnectionImpl@517e3066 (No operations allowed after connection closed.). Possibly consider using a shorter maxLifetime value.
2020-12-29 11:33:11.912 WARN [http-nio-8081-exec-7]com.zaxxer.hikari.pool.PoolBase.isConnectionAlive:184 -hm - Failed to validate connection com.mysql.cj.jdbc.ConnectionImpl@481b91e7 (No operations allowed after connection closed.). Possibly consider using a shorter maxLifetime value.
2020-12-29 11:33:11.914 WARN [http-nio-8081-exec-7]com.zaxxer.hikari.pool.PoolBase.isConnectionAlive:184 -hm - Failed to validate connection com.mysql.cj.jdbc.ConnectionImpl@e9126d9 (No operations allowed after connection closed.). Possibly consider using a shorter maxLifetime value.
2020-12-29 11:33:11.915 WARN [http-nio-8081-exec-7]com.zaxxer.hikari.pool.PoolBase.isConnectionAlive:184 -hm - Failed to validate connection com.mysql.cj.jdbc.ConnectionImpl@13493440 (No operations allowed after connection closed.). Possibly consider using a shorter maxLifetime value.
2020-12-29 11:33:11.916 WARN [http-nio-8081-exec-7]com.zaxxer.hikari.pool.PoolBase.isConnectionAlive:184 -hm - Failed to validate connection com.mysql.cj.jdbc.ConnectionImpl@3394cb4f (No operations allowed after connection closed.). Possibly consider using a shorter maxLifetime value.
2020-12-29 11:33:11.918 WARN [http-nio-8081-exec-7]com.zaxxer.hikari.pool.PoolBase.isConnectionAlive:184 -hm - Failed to validate connection com.mysql.cj.jdbc.ConnectionImpl@2714f073 (No operations allowed after connection closed.). Possibly consider using a shorter maxLifetime value.
2020-12-29 11:33:11.919 WARN [http-nio-8081-exec-7]com.zaxxer.hikari.pool.PoolBase.isConnectionAlive:184 -hm - Failed to validate connection com.mysql.cj.jdbc.ConnectionImpl@2034bda6 (No operations allowed after connection closed.). Possibly consider using a shorter maxLifetime value.
2020-12-29 11:33:11.921 WARN [http-nio-8081-exec-7]com.zaxxer.hikari.pool.PoolBase.isConnectionAlive:184 -hm - Failed to validate connection com.mysql.cj.jdbc.ConnectionImpl@7a8576d4 (No operations allowed after connection closed.). Possibly consider using a shorter maxLifetime value.
2020-12-29 11:33:11.923 WARN [http-nio-8081-exec-7]com.zaxxer.hikari.pool.PoolBase.isConnectionAlive:184 -hm - Failed to validate connection com.mysql.cj.jdbc.ConnectionImpl@6fde1478 (No operations allowed after connection closed.). Possibly consider using a shorter maxLifetime value.
2020-12-29 11:36:13.502 WARN [http-nio-8081-exec-10]com.zaxxer.hikari.pool.PoolBase.isConnectionAlive:184 -hm - Failed to validate connection com.mysql.cj.jdbc.ConnectionImpl@6a15af4a (No operations allowed after connection closed.). Possibly consider using a shorter maxLifetime value.
2020-12-29 11:36:13.504 WARN [http-nio-8081-exec-10]com.zaxxer.hikari.pool.PoolBase.isConnectionAlive:184 -hm - Failed to validate connection com.mysql.cj.jdbc.ConnectionImpl@5043eb77 (No operations allowed after connection closed.). Possibly consider using a shorter maxLifetime value.
2020-12-29 11:36:13.505 WARN [http-nio-8081-exec-10]com.zaxxer.hikari.pool.PoolBase.isConnectionAlive:184 -hm - Failed to validate connection com.mysql.cj.jdbc.ConnectionImpl@275b9b72 (No operations allowed after connection closed.). Possibly consider using a shorter maxLifetime value.
2020-12-29 11:36:13.506 WARN [http-nio-8081-exec-10]com.zaxxer.hikari.pool.PoolBase.isConnectionAlive:184 -hm - Failed to validate connection com.mysql.cj.jdbc.ConnectionImpl@2918548e (No operations allowed after connection closed.). Possibly consider using a shorter maxLifetime value.
2020-12-29 11:36:13.508 WARN [http-nio-8081-exec-10]com.zaxxer.hikari.pool.PoolBase.isConnectionAlive:184 -hm - Failed to validate connection com.mysql.cj.jdbc.ConnectionImpl@71e64f56 (No operations allowed after connection closed.). Possibly consider using a shorter maxLifetime value.
2020-12-29 11:36:13.509 WARN [http-nio-8081-exec-10]com.zaxxer.hikari.pool.PoolBase.isConnectionAlive:184 -hm - Failed to validate connection com.mysql.cj.jdbc.ConnectionImpl@3eb11a4e (No operations allowed after connection closed.). Possibly consider using a shorter maxLifetime value.
2020-12-29 11:36:13.530 WARN [http-nio-8081-exec-10]com.zaxxer.hikari.pool.PoolBase.isConnectionAlive:184 -hm - Failed to validate connection com.mysql.cj.jdbc.ConnectionImpl@45ca86e1 (No operations allowed after connection closed.). Possibly consider using a shorter maxLifetime value.
2020-12-29 11:36:13.531 WARN [http-nio-8081-exec-10]com.zaxxer.hikari.pool.PoolBase.isConnectionAlive:184 -hm - Failed to validate connection com.mysql.cj.jdbc.ConnectionImpl@2e1d16f2 (No operations allowed after connection closed.). Possibly consider using a shorter maxLifetime value.
2020-12-29 11:36:13.533 WARN [http-nio-8081-exec-10]com.zaxxer.hikari.pool.PoolBase.isConnectionAlive:184 -hm - Failed to validate connection com.mysql.cj.jdbc.ConnectionImpl@6d427098 (No operations allowed after connection closed.). Possibly consider using a shorter maxLifetime value.
2020-12-29 11:36:13.534 WARN [http-nio-8081-exec-10]com.zaxxer.hikari.pool.PoolBase.isConnectionAlive:184 -hm - Failed to validate connection com.mysql.cj.jdbc.ConnectionImpl@5b176414 (No operations allowed after connection closed.). Possibly consider using a shorter maxLifetime value.
2020-12-29 11:44:37.387 WARN [http-nio-8081-exec-10]com.zaxxer.hikari.pool.PoolBase.isConnectionAlive:184 -hm - Failed to validate connection com.mysql.cj.jdbc.ConnectionImpl@c973932 (No operations allowed after connection closed.). Possibly consider using a shorter maxLifetime value.
2020-12-29 11:44:37.389 WARN [http-nio-8081-exec-10]com.zaxxer.hikari.pool.PoolBase.isConnectionAlive:184 -hm - Failed to validate connection com.mysql.cj.jdbc.ConnectionImpl@65746806 (No operations allowed after connection closed.). Possibly consider using a shorter maxLifetime value.
2020-12-29 11:44:37.391 WARN [http-nio-8081-exec-10]com.zaxxer.hikari.pool.PoolBase.isConnectionAlive:184 -hm - Failed to validate connection com.mysql.cj.jdbc.ConnectionImpl@437f6b (No operations allowed after connection closed.). Possibly consider using a shorter maxLifetime value.
2020-12-29 11:44:37.393 WARN [http-nio-8081-exec-10]com.zaxxer.hikari.pool.PoolBase.isConnectionAlive:184 -hm - Failed to validate connection com.mysql.cj.jdbc.ConnectionImpl@73a8c5ee (No operations allowed after connection closed.). Possibly consider using a shorter maxLifetime value.
2020-12-29 11:44:37.450 WARN [http-nio-8081-exec-10]com.zaxxer.hikari.pool.PoolBase.isConnectionAlive:184 -hm - Failed to validate connection com.mysql.cj.jdbc.ConnectionImpl@6ef9f1ad (No operations allowed after connection closed.). Possibly consider using a shorter maxLifetime value.
2020-12-29 11:44:37.451 WARN [http-nio-8081-exec-10]com.zaxxer.hikari.pool.PoolBase.isConnectionAlive:184 -hm - Failed to validate connection com.mysql.cj.jdbc.ConnectionImpl@288b802c (No operations allowed after connection closed.). Possibly consider using a shorter maxLifetime value.
2020-12-29 11:44:37.452 WARN [http-nio-8081-exec-10]com.zaxxer.hikari.pool.PoolBase.isConnectionAlive:184 -hm - Failed to validate connection com.mysql.cj.jdbc.ConnectionImpl@33280a71 (No operations allowed after connection closed.). Possibly consider using a shorter maxLifetime value.
2020-12-29 11:44:37.454 WARN [http-nio-8081-exec-10]com.zaxxer.hikari.pool.PoolBase.isConnectionAlive:184 -hm - Failed to validate connection com.mysql.cj.jdbc.ConnectionImpl@61a2e4f (No operations allowed after connection closed.). Possibly consider using a shorter maxLifetime value.
2020-12-29 11:44:37.455 WARN [http-nio-8081-exec-10]com.zaxxer.hikari.pool.PoolBase.isConnectionAlive:184 -hm - Failed to validate connection com.mysql.cj.jdbc.ConnectionImpl@274fc3b8 (No operations allowed after connection closed.). Possibly consider using a shorter maxLifetime value.
2020-12-29 11:44:37.457 WARN [http-nio-8081-exec-10]com.zaxxer.hikari.pool.PoolBase.isConnectionAlive:184 -hm - Failed to validate connection com.mysql.cj.jdbc.ConnectionImpl@5331ad9d (No operations allowed after connection closed.). Possibly consider using a shorter maxLifetime value.
2020-12-29 11:50:11.848 WARN [http-nio-8081-exec-4]com.zaxxer.hikari.pool.PoolBase.isConnectionAlive:184 -hm - Failed to validate connection com.mysql.cj.jdbc.ConnectionImpl@3f5e7a7f (No operations allowed after connection closed.). Possibly consider using a shorter maxLifetime value.
2020-12-29 11:50:11.909 WARN [http-nio-8081-exec-5]com.zaxxer.hikari.pool.PoolBase.isConnectionAlive:184 -hm - Failed to validate connection com.mysql.cj.jdbc.ConnectionImpl@5fce68de (No operations allowed after connection closed.). Possibly consider using a shorter maxLifetime value.
2020-12-29 11:50:11.910 WARN [http-nio-8081-exec-5]com.zaxxer.hikari.pool.PoolBase.isConnectionAlive:184 -hm - Failed to validate connection com.mysql.cj.jdbc.ConnectionImpl@3a6ec949 (No operations allowed after connection closed.). Possibly consider using a shorter maxLifetime value.
2020-12-29 11:50:11.912 WARN [http-nio-8081-exec-5]com.zaxxer.hikari.pool.PoolBase.isConnectionAlive:184 -hm - Failed to validate connection com.mysql.cj.jdbc.ConnectionImpl@1e89b9e9 (No operations allowed after connection closed.). Possibly consider using a shorter maxLifetime value.
2020-12-29 11:50:11.913 WARN [http-nio-8081-exec-5]com.zaxxer.hikari.pool.PoolBase.isConnectionAlive:184 -hm - Failed to validate connection com.mysql.cj.jdbc.ConnectionImpl@7d86de5 (No operations allowed after connection closed.). Possibly consider using a shorter maxLifetime value.
2020-12-29 11:50:11.914 WARN [http-nio-8081-exec-5]com.zaxxer.hikari.pool.PoolBase.isConnectionAlive:184 -hm - Failed to validate connection com.mysql.cj.jdbc.ConnectionImpl@2bfc6d58 (No operations allowed after connection closed.). Possibly consider using a shorter maxLifetime value.
2020-12-29 11:50:11.915 WARN [http-nio-8081-exec-5]com.zaxxer.hikari.pool.PoolBase.isConnectionAlive:184 -hm - Failed to validate connection com.mysql.cj.jdbc.ConnectionImpl@6714cdef (No operations allowed after connection closed.). Possibly consider using a shorter maxLifetime value.
2020-12-29 11:50:11.917 WARN [http-nio-8081-exec-5]com.zaxxer.hikari.pool.PoolBase.isConnectionAlive:184 -hm - Failed to validate connection com.mysql.cj.jdbc.ConnectionImpl@34816615 (No operations allowed after connection closed.). Possibly consider using a shorter maxLifetime value.
2020-12-29 11:50:11.919 WARN [http-nio-8081-exec-5]com.zaxxer.hikari.pool.PoolBase.isConnectionAlive:184 -hm - Failed to validate connection com.mysql.cj.jdbc.ConnectionImpl@70729225 (No operations allowed after connection closed.). Possibly consider using a shorter maxLifetime value.
2020-12-29 11:52:59.359 WARN [http-nio-8081-exec-2]com.zaxxer.hikari.pool.PoolBase.isConnectionAlive:184 -hm - Failed to validate connection com.mysql.cj.jdbc.ConnectionImpl@77067406 (No operations allowed after connection closed.). Possibly consider using a shorter maxLifetime value.
2020-12-29 11:52:59.361 WARN [http-nio-8081-exec-2]com.zaxxer.hikari.pool.PoolBase.isConnectionAlive:184 -hm - Failed to validate connection com.mysql.cj.jdbc.ConnectionImpl@7da3d39b (No operations allowed after connection closed.). Possibly consider using a shorter maxLifetime value.
2020-12-29 11:52:59.361 WARN [http-nio-8081-exec-2]com.zaxxer.hikari.pool.PoolBase.isConnectionAlive:184 -hm - Failed to validate connection com.mysql.cj.jdbc.ConnectionImpl@7fed6de0 (No operations allowed after connection closed.). Possibly consider using a shorter maxLifetime value.
2020-12-29 11:52:59.363 WARN [http-nio-8081-exec-2]com.zaxxer.hikari.pool.PoolBase.isConnectionAlive:184 -hm - Failed to validate connection com.mysql.cj.jdbc.ConnectionImpl@460dc238 (No operations allowed after connection closed.). Possibly consider using a shorter maxLifetime value.
2020-12-29 11:52:59.364 WARN [http-nio-8081-exec-2]com.zaxxer.hikari.pool.PoolBase.isConnectionAlive:184 -hm - Failed to validate connection com.mysql.cj.jdbc.ConnectionImpl@32f119cf (No operations allowed after connection closed.). Possibly consider using a shorter maxLifetime value.
2020-12-29 11:52:59.366 WARN [http-nio-8081-exec-2]com.zaxxer.hikari.pool.PoolBase.isConnectionAlive:184 -hm - Failed to validate connection com.mysql.cj.jdbc.ConnectionImpl@7f996b46 (No operations allowed after connection closed.). Possibly consider using a shorter maxLifetime value.
2020-12-29 11:52:59.367 WARN [http-nio-8081-exec-2]com.zaxxer.hikari.pool.PoolBase.isConnectionAlive:184 -hm - Failed to validate connection com.mysql.cj.jdbc.ConnectionImpl@4c5bc78c (No operations allowed after connection closed.). Possibly consider using a shorter maxLifetime value.
2020-12-29 11:52:59.369 WARN [http-nio-8081-exec-2]com.zaxxer.hikari.pool.PoolBase.isConnectionAlive:184 -hm - Failed to validate connection com.mysql.cj.jdbc.ConnectionImpl@64efc03d (No operations allowed after connection closed.). Possibly consider using a shorter maxLifetime value.
2020-12-29 11:52:59.370 WARN [http-nio-8081-exec-2]com.zaxxer.hikari.pool.PoolBase.isConnectionAlive:184 -hm - Failed to validate connection com.mysql.cj.jdbc.ConnectionImpl@5e6a920e (No operations allowed after connection closed.). Possibly consider using a shorter maxLifetime value.
2020-12-29 11:52:59.371 WARN [http-nio-8081-exec-2]com.zaxxer.hikari.pool.PoolBase.isConnectionAlive:184 -hm - Failed to validate connection com.mysql.cj.jdbc.ConnectionImpl@6a9d11de (No operations allowed after connection closed.). Possibly consider using a shorter maxLifetime value.
2020-12-29 11:55:14.633 WARN [http-nio-8081-exec-1]com.zaxxer.hikari.pool.PoolBase.isConnectionAlive:184 -hm - Failed to validate connection com.mysql.cj.jdbc.ConnectionImpl@621c15ae (No operations allowed after connection closed.). Possibly consider using a shorter maxLifetime value.
2020-12-29 11:55:14.635 WARN [http-nio-8081-exec-1]com.zaxxer.hikari.pool.PoolBase.isConnectionAlive:184 -hm - Failed to validate connection com.mysql.cj.jdbc.ConnectionImpl@10c24b19 (No operations allowed after connection closed.). Possibly consider using a shorter maxLifetime value.
2020-12-29 11:55:14.636 WARN [http-nio-8081-exec-1]com.zaxxer.hikari.pool.PoolBase.isConnectionAlive:184 -hm - Failed to validate connection com.mysql.cj.jdbc.ConnectionImpl@44e498d5 (No operations allowed after connection closed.). Possibly consider using a shorter maxLifetime value.
2020-12-29 11:55:14.637 WARN [http-nio-8081-exec-1]com.zaxxer.hikari.pool.PoolBase.isConnectionAlive:184 -hm - Failed to validate connection com.mysql.cj.jdbc.ConnectionImpl@3d3c3605 (No operations allowed after connection closed.). Possibly consider using a shorter maxLifetime value.
2020-12-29 11:55:14.638 WARN [http-nio-8081-exec-1]com.zaxxer.hikari.pool.PoolBase.isConnectionAlive:184 -hm - Failed to validate connection com.mysql.cj.jdbc.ConnectionImpl@1226a033 (No operations allowed after connection closed.). Possibly consider using a shorter maxLifetime value.
2020-12-29 11:55:14.639 WARN [http-nio-8081-exec-1]com.zaxxer.hikari.pool.PoolBase.isConnectionAlive:184 -hm - Failed to validate connection com.mysql.cj.jdbc.ConnectionImpl@10beabed (No operations allowed after connection closed.). Possibly consider using a shorter maxLifetime value.
2020-12-29 11:55:14.640 WARN [http-nio-8081-exec-1]com.zaxxer.hikari.pool.PoolBase.isConnectionAlive:184 -hm - Failed to validate connection com.mysql.cj.jdbc.ConnectionImpl@707cab1f (No operations allowed after connection closed.). Possibly consider using a shorter maxLifetime value.
2020-12-29 11:55:14.641 WARN [http-nio-8081-exec-1]com.zaxxer.hikari.pool.PoolBase.isConnectionAlive:184 -hm - Failed to validate connection com.mysql.cj.jdbc.ConnectionImpl@2cac370b (No operations allowed after connection closed.). Possibly consider using a shorter maxLifetime value.
2020-12-29 11:55:14.642 WARN [http-nio-8081-exec-1]com.zaxxer.hikari.pool.PoolBase.isConnectionAlive:184 -hm - Failed to validate connection com.mysql.cj.jdbc.ConnectionImpl@b2c2d95 (No operations allowed after connection closed.). Possibly consider using a shorter maxLifetime value.
2020-12-29 11:55:14.643 WARN [http-nio-8081-exec-1]com.zaxxer.hikari.pool.PoolBase.isConnectionAlive:184 -hm - Failed to validate connection com.mysql.cj.jdbc.ConnectionImpl@6ea81ede (No operations allowed after connection closed.). Possibly consider using a shorter maxLifetime value.
2020-12-29 14:07:40.623 WARN [http-nio-8081-exec-1]com.zaxxer.hikari.pool.PoolBase.isConnectionAlive:184 -hm - Failed to validate connection com.mysql.cj.jdbc.ConnectionImpl@2eb8f32 (No operations allowed after connection closed.). Possibly consider using a shorter maxLifetime value.
2020-12-29 14:07:40.624 WARN [http-nio-8081-exec-1]com.zaxxer.hikari.pool.PoolBase.isConnectionAlive:184 -hm - Failed to validate connection com.mysql.cj.jdbc.ConnectionImpl@667591a6 (No operations allowed after connection closed.). Possibly consider using a shorter maxLifetime value.
2020-12-29 14:07:40.625 WARN [http-nio-8081-exec-1]com.zaxxer.hikari.pool.PoolBase.isConnectionAlive:184 -hm - Failed to validate connection com.mysql.cj.jdbc.ConnectionImpl@663cae38 (No operations allowed after connection closed.). Possibly consider using a shorter maxLifetime value.
2020-12-29 14:07:40.626 WARN [http-nio-8081-exec-1]com.zaxxer.hikari.pool.PoolBase.isConnectionAlive:184 -hm - Failed to validate connection com.mysql.cj.jdbc.ConnectionImpl@38703fd2 (No operations allowed after connection closed.). Possibly consider using a shorter maxLifetime value.
2020-12-29 14:07:40.627 WARN [http-nio-8081-exec-1]com.zaxxer.hikari.pool.PoolBase.isConnectionAlive:184 -hm - Failed to validate connection com.mysql.cj.jdbc.ConnectionImpl@bd260be (No operations allowed after connection closed.). Possibly consider using a shorter maxLifetime value.
2020-12-29 14:07:40.628 WARN [http-nio-8081-exec-1]com.zaxxer.hikari.pool.PoolBase.isConnectionAlive:184 -hm - Failed to validate connection com.mysql.cj.jdbc.ConnectionImpl@41e028c3 (No operations allowed after connection closed.). Possibly consider using a shorter maxLifetime value.
2020-12-29 14:07:40.628 WARN [http-nio-8081-exec-1]com.zaxxer.hikari.pool.PoolBase.isConnectionAlive:184 -hm - Failed to validate connection com.mysql.cj.jdbc.ConnectionImpl@42ae03a9 (No operations allowed after connection closed.). Possibly consider using a shorter maxLifetime value.
2020-12-29 14:07:40.629 WARN [http-nio-8081-exec-1]com.zaxxer.hikari.pool.PoolBase.isConnectionAlive:184 -hm - Failed to validate connection com.mysql.cj.jdbc.ConnectionImpl@7b992a81 (No operations allowed after connection closed.). Possibly consider using a shorter maxLifetime value.
2020-12-29 14:07:40.630 WARN [http-nio-8081-exec-1]com.zaxxer.hikari.pool.PoolBase.isConnectionAlive:184 -hm - Failed to validate connection com.mysql.cj.jdbc.ConnectionImpl@635672dc (No operations allowed after connection closed.). Possibly consider using a shorter maxLifetime value.
2020-12-29 14:07:40.630 WARN [http-nio-8081-exec-1]com.zaxxer.hikari.pool.PoolBase.isConnectionAlive:184 -hm - Failed to validate connection com.mysql.cj.jdbc.ConnectionImpl@23b0f845 (No operations allowed after connection closed.). Possibly consider using a shorter maxLifetime value.
2020-12-29 14:11:17.761 WARN [http-nio-8081-exec-2]com.zaxxer.hikari.pool.PoolBase.isConnectionAlive:184 -hm - Failed to validate connection com.mysql.cj.jdbc.ConnectionImpl@23cee954 (No operations allowed after connection closed.). Possibly consider using a shorter maxLifetime value.
2020-12-29 14:11:17.763 WARN [http-nio-8081-exec-2]com.zaxxer.hikari.pool.PoolBase.isConnectionAlive:184 -hm - Failed to validate connection com.mysql.cj.jdbc.ConnectionImpl@4ec13f15 (No operations allowed after connection closed.). Possibly consider using a shorter maxLifetime value.
2020-12-29 14:11:17.764 WARN [http-nio-8081-exec-2]com.zaxxer.hikari.pool.PoolBase.isConnectionAlive:184 -hm - Failed to validate connection com.mysql.cj.jdbc.ConnectionImpl@38486bcb (No operations allowed after connection closed.). Possibly consider using a shorter maxLifetime value.
2020-12-29 14:11:17.765 WARN [http-nio-8081-exec-2]com.zaxxer.hikari.pool.PoolBase.isConnectionAlive:184 -hm - Failed to validate connection com.mysql.cj.jdbc.ConnectionImpl@717d3b84 (No operations allowed after connection closed.). Possibly consider using a shorter maxLifetime value.
2020-12-29 14:11:17.766 WARN [http-nio-8081-exec-2]com.zaxxer.hikari.pool.PoolBase.isConnectionAlive:184 -hm - Failed to validate connection com.mysql.cj.jdbc.ConnectionImpl@1f05403b (No operations allowed after connection closed.). Possibly consider using a shorter maxLifetime value.
2020-12-29 14:11:17.767 WARN [http-nio-8081-exec-2]com.zaxxer.hikari.pool.PoolBase.isConnectionAlive:184 -hm - Failed to validate connection com.mysql.cj.jdbc.ConnectionImpl@58fbfd59 (No operations allowed after connection closed.). Possibly consider using a shorter maxLifetime value.
2020-12-29 14:11:17.768 WARN [http-nio-8081-exec-2]com.zaxxer.hikari.pool.PoolBase.isConnectionAlive:184 -hm - Failed to validate connection com.mysql.cj.jdbc.ConnectionImpl@2396d3be (No operations allowed after connection closed.). Possibly consider using a shorter maxLifetime value.
2020-12-29 14:11:17.769 WARN [http-nio-8081-exec-2]com.zaxxer.hikari.pool.PoolBase.isConnectionAlive:184 -hm - Failed to validate connection com.mysql.cj.jdbc.ConnectionImpl@3baf6d53 (No operations allowed after connection closed.). Possibly consider using a shorter maxLifetime value.
2020-12-29 14:11:17.770 WARN [http-nio-8081-exec-2]com.zaxxer.hikari.pool.PoolBase.isConnectionAlive:184 -hm - Failed to validate connection com.mysql.cj.jdbc.ConnectionImpl@e1ee685 (No operations allowed after connection closed.). Possibly consider using a shorter maxLifetime value.
2020-12-29 14:11:17.771 WARN [http-nio-8081-exec-2]com.zaxxer.hikari.pool.PoolBase.isConnectionAlive:184 -hm - Failed to validate connection com.mysql.cj.jdbc.ConnectionImpl@988c32a (No operations allowed after connection closed.). Possibly consider using a shorter maxLifetime value.
2020-12-29 14:16:31.723 WARN [http-nio-8081-exec-8]com.zaxxer.hikari.pool.PoolBase.isConnectionAlive:184 -hm - Failed to validate connection com.mysql.cj.jdbc.ConnectionImpl@5c13c9a2 (No operations allowed after connection closed.). Possibly consider using a shorter maxLifetime value.
2020-12-29 14:16:31.725 WARN [http-nio-8081-exec-8]com.zaxxer.hikari.pool.PoolBase.isConnectionAlive:184 -hm - Failed to validate connection com.mysql.cj.jdbc.ConnectionImpl@2614ed88 (No operations allowed after connection closed.). Possibly consider using a shorter maxLifetime value.
2020-12-29 14:16:31.727 WARN [http-nio-8081-exec-8]com.zaxxer.hikari.pool.PoolBase.isConnectionAlive:184 -hm - Failed to validate connection com.mysql.cj.jdbc.ConnectionImpl@154d14dc (No operations allowed after connection closed.). Possibly consider using a shorter maxLifetime value.
2020-12-29 14:16:31.728 WARN [http-nio-8081-exec-8]com.zaxxer.hikari.pool.PoolBase.isConnectionAlive:184 -hm - Failed to validate connection com.mysql.cj.jdbc.ConnectionImpl@1207dcf3 (No operations allowed after connection closed.). Possibly consider using a shorter maxLifetime value.
2020-12-29 14:16:31.729 WARN [http-nio-8081-exec-8]com.zaxxer.hikari.pool.PoolBase.isConnectionAlive:184 -hm - Failed to validate connection com.mysql.cj.jdbc.ConnectionImpl@1db0f38a (No operations allowed after connection closed.). Possibly consider using a shorter maxLifetime value.
2020-12-29 14:16:31.730 WARN [http-nio-8081-exec-8]com.zaxxer.hikari.pool.PoolBase.isConnectionAlive:184 -hm - Failed to validate connection com.mysql.cj.jdbc.ConnectionImpl@1c493519 (No operations allowed after connection closed.). Possibly consider using a shorter maxLifetime value.
2020-12-29 14:16:31.731 WARN [http-nio-8081-exec-8]com.zaxxer.hikari.pool.PoolBase.isConnectionAlive:184 -hm - Failed to validate connection com.mysql.cj.jdbc.ConnectionImpl@61df29b8 (No operations allowed after connection closed.). Possibly consider using a shorter maxLifetime value.
2020-12-29 14:16:31.732 WARN [http-nio-8081-exec-8]com.zaxxer.hikari.pool.PoolBase.isConnectionAlive:184 -hm - Failed to validate connection com.mysql.cj.jdbc.ConnectionImpl@4d938134 (No operations allowed after connection closed.). Possibly consider using a shorter maxLifetime value.
2020-12-29 14:16:31.733 WARN [http-nio-8081-exec-8]com.zaxxer.hikari.pool.PoolBase.isConnectionAlive:184 -hm - Failed to validate connection com.mysql.cj.jdbc.ConnectionImpl@57a517af (No operations allowed after connection closed.). Possibly consider using a shorter maxLifetime value.
2020-12-29 14:16:31.734 WARN [http-nio-8081-exec-8]com.zaxxer.hikari.pool.PoolBase.isConnectionAlive:184 -hm - Failed to validate connection com.mysql.cj.jdbc.ConnectionImpl@21111bf (No operations allowed after connection closed.). Possibly consider using a shorter maxLifetime value.
2020-12-29 14:23:22.806 INFO [main]com.information.five.FiveApplication.logStarting:55 -Starting FiveApplication using Java 1.8.0_181 on QAQ-TTT with PID 21108 (E:\IDEAproject\five\target\classes started by ZZT in E:\IDEAproject\five)
2020-12-29 14:23:22.812 INFO [main]com.information.five.FiveApplication.logStartupProfileInfo:660 -No active profile set, falling back to default profiles: default
2020-12-29 14:23:23.905 INFO [main]o.s.c.s.PostProcessorRegistrationDelegate$BeanPostProcessorChecker.postProcessAfterInitialization:350 -Bean 'spring.datasource.dynamic-com.baomidou.dynamic.datasource.spring.boot.autoconfigure.DynamicDataSourceProperties' of type [com.baomidou.dynamic.datasource.spring.boot.autoconfigure.DynamicDataSourceProperties] is not eligible for getting processed by all BeanPostProcessors (for example: not eligible for auto-proxying)
2020-12-29 14:23:23.906 INFO [main]o.s.c.s.PostProcessorRegistrationDelegate$BeanPostProcessorChecker.postProcessAfterInitialization:350 -Bean 'com.baomidou.dynamic.datasource.spring.boot.autoconfigure.DynamicDataSourceAutoConfiguration' of type [com.baomidou.dynamic.datasource.spring.boot.autoconfigure.DynamicDataSourceAutoConfiguration$$EnhancerBySpringCGLIB$$4caeff98] is not eligible for getting processed by all BeanPostProcessors (for example: not eligible for auto-proxying)
2020-12-29 14:23:23.916 INFO [main]o.s.c.s.PostProcessorRegistrationDelegate$BeanPostProcessorChecker.postProcessAfterInitialization:350 -Bean 'dsProcessor' of type [com.baomidou.dynamic.datasource.processor.DsHeaderProcessor] is not eligible for getting processed by all BeanPostProcessors (for example: not eligible for auto-proxying)
2020-12-29 14:23:24.097 INFO [main]o.s.boot.web.embedded.tomcat.TomcatWebServer.initialize:108 -Tomcat initialized with port(s): 8081 (http)
2020-12-29 14:23:24.104 INFO [main]org.apache.coyote.http11.Http11NioProtocol.log:173 -Initializing ProtocolHandler ["http-nio-8081"]
2020-12-29 14:23:24.105 INFO [main]org.apache.catalina.core.StandardService.log:173 -Starting service [Tomcat]
2020-12-29 14:23:24.105 INFO [main]org.apache.catalina.core.StandardEngine.log:173 -Starting Servlet engine: [Apache Tomcat/9.0.41]
2020-12-29 14:23:24.106 INFO [main]org.apache.catalina.core.AprLifecycleListener.log:173 -An older version [1.2.17] of the Apache Tomcat Native library is installed, while Tomcat recommends a minimum version of [1.2.23]
2020-12-29 14:23:24.106 INFO [main]org.apache.catalina.core.AprLifecycleListener.log:173 -Loaded Apache Tomcat Native library [1.2.17] using APR version [1.6.3].
2020-12-29 14:23:24.107 INFO [main]org.apache.catalina.core.AprLifecycleListener.log:173 -APR capabilities: IPv6 [true], sendfile [true], accept filters [false], random [true].
2020-12-29 14:23:24.107 INFO [main]org.apache.catalina.core.AprLifecycleListener.log:173 -APR/OpenSSL configuration: useAprConnector [false], useOpenSSL [true]
2020-12-29 14:23:25.169 INFO [main]org.apache.catalina.core.AprLifecycleListener.log:173 -OpenSSL successfully initialized [OpenSSL 1.0.2o  27 Mar 2018]
2020-12-29 14:23:25.247 INFO [main]o.a.catalina.core.ContainerBase.[Tomcat].[localhost].[/].log:173 -Initializing Spring embedded WebApplicationContext
2020-12-29 14:23:25.247 INFO [main]o.s.b.w.s.context.ServletWebServerApplicationContext.prepareWebApplicationContext:289 -Root WebApplicationContext: initialization completed in 2363 ms
2020-12-29 14:23:25.356 INFO [main]com.zaxxer.hikari.HikariDataSource.<init>:80 -hm - Starting...
2020-12-29 14:23:25.668 INFO [main]com.zaxxer.hikari.HikariDataSource.<init>:82 -hm - Start completed.
2020-12-29 14:23:25.668 INFO [main]com.zaxxer.hikari.HikariDataSource.<init>:80 -test1 - Starting...
2020-12-29 14:23:25.674 INFO [main]com.zaxxer.hikari.HikariDataSource.<init>:82 -test1 - Start completed.
2020-12-29 14:23:25.675 INFO [main]com.baomidou.dynamic.datasource.DynamicRoutingDataSource.addDataSource:132 -dynamic-datasource - load a datasource named [hm] success
2020-12-29 14:23:25.675 INFO [main]com.baomidou.dynamic.datasource.DynamicRoutingDataSource.addDataSource:132 -dynamic-datasource - load a datasource named [test1] success
2020-12-29 14:23:25.675 INFO [main]com.baomidou.dynamic.datasource.DynamicRoutingDataSource.afterPropertiesSet:237 -dynamic-datasource initial loaded [2] datasource,primary datasource named [hm]
2020-12-29 14:23:26.279 INFO [main]s.d.s.web.PropertySourcedRequestMappingHandlerMapping.initHandlerMethods:69 -Mapped URL path [/v2/api-docs] onto method [springfox.documentation.swagger2.web.Swagger2Controller#getDocumentation(String, HttpServletRequest)]
2020-12-29 14:23:26.356 INFO [main]o.s.scheduling.concurrent.ThreadPoolTaskExecutor.initialize:181 -Initializing ExecutorService 'applicationTaskExecutor'
2020-12-29 14:23:26.497 INFO [main]org.apache.coyote.http11.Http11NioProtocol.log:173 -Starting ProtocolHandler ["http-nio-8081"]
2020-12-29 14:23:26.513 INFO [main]o.s.boot.web.embedded.tomcat.TomcatWebServer.start:220 -Tomcat started on port(s): 8081 (http) with context path ''
2020-12-29 14:23:26.514 INFO [main]s.d.spring.web.plugins.DocumentationPluginsBootstrapper.start:160 -Context refreshed
2020-12-29 14:23:26.528 INFO [main]s.d.spring.web.plugins.DocumentationPluginsBootstrapper.start:163 -Found 1 custom documentation plugin(s)
2020-12-29 14:23:26.566 INFO [main]s.d.spring.web.scanners.ApiListingReferenceScanner.scan:41 -Scanning for api listing references
2020-12-29 14:23:26.746 INFO [main]com.information.five.FiveApplication.logStarted:61 -Started FiveApplication in 4.578 seconds (JVM running for 5.863)
2020-12-29 14:23:35.512 INFO [http-nio-8081-exec-1]o.a.catalina.core.ContainerBase.[Tomcat].[localhost].[/].log:173 -Initializing Spring DispatcherServlet 'dispatcherServlet'
2020-12-29 14:23:35.513 INFO [http-nio-8081-exec-1]org.springframework.web.servlet.DispatcherServlet.initServletBean:525 -Initializing Servlet 'dispatcherServlet'
2020-12-29 14:23:35.514 INFO [http-nio-8081-exec-1]org.springframework.web.servlet.DispatcherServlet.initServletBean:547 -Completed initialization in 1 ms
2020-12-29 22:32:17.569 INFO [main]com.information.five.FiveApplication.logStarting:55 -Starting FiveApplication using Java 1.8.0_181 on QAQ-TTT with PID 18880 (E:\IDEAproject\five\target\classes started by ZZT in E:\IDEAproject\five)
2020-12-29 22:32:18.121 INFO [main]com.information.five.FiveApplication.logStartupProfileInfo:660 -No active profile set, falling back to default profiles: default
2020-12-29 22:32:19.085 INFO [main]o.s.c.s.PostProcessorRegistrationDelegate$BeanPostProcessorChecker.postProcessAfterInitialization:350 -Bean 'spring.datasource.dynamic-com.baomidou.dynamic.datasource.spring.boot.autoconfigure.DynamicDataSourceProperties' of type [com.baomidou.dynamic.datasource.spring.boot.autoconfigure.DynamicDataSourceProperties] is not eligible for getting processed by all BeanPostProcessors (for example: not eligible for auto-proxying)
2020-12-29 22:32:19.086 INFO [main]o.s.c.s.PostProcessorRegistrationDelegate$BeanPostProcessorChecker.postProcessAfterInitialization:350 -Bean 'com.baomidou.dynamic.datasource.spring.boot.autoconfigure.DynamicDataSourceAutoConfiguration' of type [com.baomidou.dynamic.datasource.spring.boot.autoconfigure.DynamicDataSourceAutoConfiguration$$EnhancerBySpringCGLIB$$bea04c70] is not eligible for getting processed by all BeanPostProcessors (for example: not eligible for auto-proxying)
2020-12-29 22:32:19.097 INFO [main]o.s.c.s.PostProcessorRegistrationDelegate$BeanPostProcessorChecker.postProcessAfterInitialization:350 -Bean 'dsProcessor' of type [com.baomidou.dynamic.datasource.processor.DsHeaderProcessor] is not eligible for getting processed by all BeanPostProcessors (for example: not eligible for auto-proxying)
2020-12-29 22:32:20.114 INFO [main]o.s.boot.web.embedded.tomcat.TomcatWebServer.initialize:108 -Tomcat initialized with port(s): 8081 (http)
2020-12-29 22:32:20.122 INFO [main]org.apache.coyote.http11.Http11NioProtocol.log:173 -Initializing ProtocolHandler ["http-nio-8081"]
2020-12-29 22:32:20.123 INFO [main]org.apache.catalina.core.StandardService.log:173 -Starting service [Tomcat]
2020-12-29 22:32:20.123 INFO [main]org.apache.catalina.core.StandardEngine.log:173 -Starting Servlet engine: [Apache Tomcat/9.0.41]
2020-12-29 22:32:20.125 INFO [main]org.apache.catalina.core.AprLifecycleListener.log:173 -An older version [1.2.17] of the Apache Tomcat Native library is installed, while Tomcat recommends a minimum version of [1.2.23]
2020-12-29 22:32:20.125 INFO [main]org.apache.catalina.core.AprLifecycleListener.log:173 -Loaded Apache Tomcat Native library [1.2.17] using APR version [1.6.3].
2020-12-29 22:32:20.125 INFO [main]org.apache.catalina.core.AprLifecycleListener.log:173 -APR capabilities: IPv6 [true], sendfile [true], accept filters [false], random [true].
2020-12-29 22:32:20.126 INFO [main]org.apache.catalina.core.AprLifecycleListener.log:173 -APR/OpenSSL configuration: useAprConnector [false], useOpenSSL [true]
2020-12-29 22:32:21.210 INFO [main]org.apache.catalina.core.AprLifecycleListener.log:173 -OpenSSL successfully initialized [OpenSSL 1.0.2o  27 Mar 2018]
2020-12-29 22:32:21.304 INFO [main]o.a.catalina.core.ContainerBase.[Tomcat].[localhost].[/].log:173 -Initializing Spring embedded WebApplicationContext
2020-12-29 22:32:21.305 INFO [main]o.s.b.w.s.context.ServletWebServerApplicationContext.prepareWebApplicationContext:289 -Root WebApplicationContext: initialization completed in 3147 ms
2020-12-29 22:32:21.443 INFO [main]com.zaxxer.hikari.HikariDataSource.<init>:80 -hm - Starting...
2020-12-29 22:32:24.288 INFO [main]com.zaxxer.hikari.HikariDataSource.<init>:82 -hm - Start completed.
2020-12-29 22:32:24.288 INFO [main]com.zaxxer.hikari.HikariDataSource.<init>:80 -test1 - Starting...
2020-12-29 22:32:24.294 INFO [main]com.zaxxer.hikari.HikariDataSource.<init>:82 -test1 - Start completed.
2020-12-29 22:32:24.295 INFO [main]com.baomidou.dynamic.datasource.DynamicRoutingDataSource.addDataSource:132 -dynamic-datasource - load a datasource named [hm] success
2020-12-29 22:32:24.295 INFO [main]com.baomidou.dynamic.datasource.DynamicRoutingDataSource.addDataSource:132 -dynamic-datasource - load a datasource named [test1] success
2020-12-29 22:32:24.295 INFO [main]com.baomidou.dynamic.datasource.DynamicRoutingDataSource.afterPropertiesSet:237 -dynamic-datasource initial loaded [2] datasource,primary datasource named [hm]
2020-12-29 22:32:29.328 INFO [main]s.d.s.web.PropertySourcedRequestMappingHandlerMapping.initHandlerMethods:69 -Mapped URL path [/v2/api-docs] onto method [springfox.documentation.swagger2.web.Swagger2Controller#getDocumentation(String, HttpServletRequest)]
2020-12-29 22:32:30.018 INFO [main]o.s.scheduling.concurrent.ThreadPoolTaskExecutor.initialize:181 -Initializing ExecutorService 'applicationTaskExecutor'
2020-12-29 22:32:31.110 INFO [main]org.apache.coyote.http11.Http11NioProtocol.log:173 -Starting ProtocolHandler ["http-nio-8081"]
2020-12-29 22:32:31.284 INFO [main]o.s.boot.web.embedded.tomcat.TomcatWebServer.start:220 -Tomcat started on port(s): 8081 (http) with context path ''
2020-12-29 22:32:31.285 INFO [main]s.d.spring.web.plugins.DocumentationPluginsBootstrapper.start:160 -Context refreshed
2020-12-29 22:32:31.468 INFO [main]s.d.spring.web.plugins.DocumentationPluginsBootstrapper.start:163 -Found 1 custom documentation plugin(s)
2020-12-29 22:32:31.642 INFO [main]s.d.spring.web.scanners.ApiListingReferenceScanner.scan:41 -Scanning for api listing references
2020-12-29 22:32:32.510 INFO [main]com.information.five.FiveApplication.logStarted:61 -Started FiveApplication in 15.782 seconds (JVM running for 17.064)
2020-12-29 22:32:53.910 INFO [http-nio-8081-exec-1]o.a.catalina.core.ContainerBase.[Tomcat].[localhost].[/].log:173 -Initializing Spring DispatcherServlet 'dispatcherServlet'
2020-12-29 22:32:53.910 INFO [http-nio-8081-exec-1]org.springframework.web.servlet.DispatcherServlet.initServletBean:525 -Initializing Servlet 'dispatcherServlet'
2020-12-29 22:32:53.911 INFO [http-nio-8081-exec-1]org.springframework.web.servlet.DispatcherServlet.initServletBean:547 -Completed initialization in 1 ms
2020-12-29 22:44:33.504 WARN [http-nio-8081-exec-6]com.zaxxer.hikari.pool.PoolBase.isConnectionAlive:184 -hm - Failed to validate connection com.mysql.cj.jdbc.ConnectionImpl@3f537f92 (No operations allowed after connection closed.). Possibly consider using a shorter maxLifetime value.
2020-12-29 22:44:33.507 WARN [http-nio-8081-exec-6]com.zaxxer.hikari.pool.PoolBase.isConnectionAlive:184 -hm - Failed to validate connection com.mysql.cj.jdbc.ConnectionImpl@2f052464 (No operations allowed after connection closed.). Possibly consider using a shorter maxLifetime value.
2020-12-29 22:44:33.508 WARN [http-nio-8081-exec-6]com.zaxxer.hikari.pool.PoolBase.isConnectionAlive:184 -hm - Failed to validate connection com.mysql.cj.jdbc.ConnectionImpl@4db4d265 (No operations allowed after connection closed.). Possibly consider using a shorter maxLifetime value.
2020-12-29 22:44:33.510 WARN [http-nio-8081-exec-6]com.zaxxer.hikari.pool.PoolBase.isConnectionAlive:184 -hm - Failed to validate connection com.mysql.cj.jdbc.ConnectionImpl@7e543116 (No operations allowed after connection closed.). Possibly consider using a shorter maxLifetime value.
2020-12-29 22:44:38.511 WARN [http-nio-8081-exec-6]com.zaxxer.hikari.pool.PoolBase.isConnectionAlive:184 -hm - Failed to validate connection com.mysql.cj.jdbc.ConnectionImpl@1f13d410 (No operations allowed after connection closed.). Possibly consider using a shorter maxLifetime value.
2020-12-29 22:44:38.514 WARN [http-nio-8081-exec-6]com.zaxxer.hikari.pool.PoolBase.isConnectionAlive:184 -hm - Failed to validate connection com.mysql.cj.jdbc.ConnectionImpl@727f3b3b (No operations allowed after connection closed.). Possibly consider using a shorter maxLifetime value.
2020-12-29 22:44:38.516 WARN [http-nio-8081-exec-6]com.zaxxer.hikari.pool.PoolBase.isConnectionAlive:184 -hm - Failed to validate connection com.mysql.cj.jdbc.ConnectionImpl@2d7c78e3 (No operations allowed after connection closed.). Possibly consider using a shorter maxLifetime value.
2020-12-29 22:44:38.518 WARN [http-nio-8081-exec-6]com.zaxxer.hikari.pool.PoolBase.isConnectionAlive:184 -hm - Failed to validate connection com.mysql.cj.jdbc.ConnectionImpl@2cce9a08 (No operations allowed after connection closed.). Possibly consider using a shorter maxLifetime value.
2020-12-29 22:44:38.542 WARN [http-nio-8081-exec-6]com.zaxxer.hikari.pool.PoolBase.isConnectionAlive:184 -hm - Failed to validate connection com.mysql.cj.jdbc.ConnectionImpl@2ad77576 (No operations allowed after connection closed.). Possibly consider using a shorter maxLifetime value.
2020-12-29 22:44:38.544 WARN [http-nio-8081-exec-6]com.zaxxer.hikari.pool.PoolBase.isConnectionAlive:184 -hm - Failed to validate connection com.mysql.cj.jdbc.ConnectionImpl@217a25f4 (No operations allowed after connection closed.). Possibly consider using a shorter maxLifetime value.
2020-12-29 22:50:35.550 WARN [http-nio-8081-exec-2]com.zaxxer.hikari.pool.PoolBase.isConnectionAlive:184 -hm - Failed to validate connection com.mysql.cj.jdbc.ConnectionImpl@3749236b (No operations allowed after connection closed.). Possibly consider using a shorter maxLifetime value.
2020-12-29 22:50:35.555 WARN [http-nio-8081-exec-2]com.zaxxer.hikari.pool.PoolBase.isConnectionAlive:184 -hm - Failed to validate connection com.mysql.cj.jdbc.ConnectionImpl@653e68a8 (No operations allowed after connection closed.). Possibly consider using a shorter maxLifetime value.
2020-12-29 22:50:35.557 WARN [http-nio-8081-exec-2]com.zaxxer.hikari.pool.PoolBase.isConnectionAlive:184 -hm - Failed to validate connection com.mysql.cj.jdbc.ConnectionImpl@67dbd72d (No operations allowed after connection closed.). Possibly consider using a shorter maxLifetime value.
2020-12-29 22:50:35.559 WARN [http-nio-8081-exec-2]com.zaxxer.hikari.pool.PoolBase.isConnectionAlive:184 -hm - Failed to validate connection com.mysql.cj.jdbc.ConnectionImpl@76af39ab (No operations allowed after connection closed.). Possibly consider using a shorter maxLifetime value.
2020-12-29 22:50:35.560 WARN [http-nio-8081-exec-2]com.zaxxer.hikari.pool.PoolBase.isConnectionAlive:184 -hm - Failed to validate connection com.mysql.cj.jdbc.ConnectionImpl@e23e7df (No operations allowed after connection closed.). Possibly consider using a shorter maxLifetime value.
2020-12-29 22:50:35.562 WARN [http-nio-8081-exec-2]com.zaxxer.hikari.pool.PoolBase.isConnectionAlive:184 -hm - Failed to validate connection com.mysql.cj.jdbc.ConnectionImpl@21957b10 (No operations allowed after connection closed.). Possibly consider using a shorter maxLifetime value.
2020-12-29 22:50:35.563 WARN [http-nio-8081-exec-2]com.zaxxer.hikari.pool.PoolBase.isConnectionAlive:184 -hm - Failed to validate connection com.mysql.cj.jdbc.ConnectionImpl@2ef87ce8 (No operations allowed after connection closed.). Possibly consider using a shorter maxLifetime value.
2020-12-29 22:50:35.564 WARN [http-nio-8081-exec-2]com.zaxxer.hikari.pool.PoolBase.isConnectionAlive:184 -hm - Failed to validate connection com.mysql.cj.jdbc.ConnectionImpl@3f747bf7 (No operations allowed after connection closed.). Possibly consider using a shorter maxLifetime value.
2020-12-29 22:50:35.565 WARN [http-nio-8081-exec-2]com.zaxxer.hikari.pool.PoolBase.isConnectionAlive:184 -hm - Failed to validate connection com.mysql.cj.jdbc.ConnectionImpl@52fbf3ff (No operations allowed after connection closed.). Possibly consider using a shorter maxLifetime value.
2020-12-29 22:50:35.567 WARN [http-nio-8081-exec-2]com.zaxxer.hikari.pool.PoolBase.isConnectionAlive:184 -hm - Failed to validate connection com.mysql.cj.jdbc.ConnectionImpl@583c5f4b (No operations allowed after connection closed.). Possibly consider using a shorter maxLifetime value.
