2021-01-02 10:08:42.344 INFO [main]com.information.five.FiveApplication.logStarting:55 -Starting FiveApplication using Java 1.8.0_181 on QAQ-TTT with PID 14472 (E:\IDEAproject\five\target\classes started by ZZT in E:\IDEAproject\five)
2021-01-02 10:08:42.381 INFO [main]com.information.five.FiveApplication.logStartupProfileInfo:660 -No active profile set, falling back to default profiles: default
2021-01-02 10:08:45.328 INFO [main]o.s.c.s.PostProcessorRegistrationDelegate$BeanPostProcessorChecker.postProcessAfterInitialization:350 -Bean 'spring.datasource.dynamic-com.baomidou.dynamic.datasource.spring.boot.autoconfigure.DynamicDataSourceProperties' of type [com.baomidou.dynamic.datasource.spring.boot.autoconfigure.DynamicDataSourceProperties] is not eligible for getting processed by all BeanPostProcessors (for example: not eligible for auto-proxying)
2021-01-02 10:08:45.330 INFO [main]o.s.c.s.PostProcessorRegistrationDelegate$BeanPostProcessorChecker.postProcessAfterInitialization:350 -Bean 'com.baomidou.dynamic.datasource.spring.boot.autoconfigure.DynamicDataSourceAutoConfiguration' of type [com.baomidou.dynamic.datasource.spring.boot.autoconfigure.DynamicDataSourceAutoConfiguration$$EnhancerBySpringCGLIB$$eacdf7f4] is not eligible for getting processed by all BeanPostProcessors (for example: not eligible for auto-proxying)
2021-01-02 10:08:45.338 INFO [main]o.s.c.s.PostProcessorRegistrationDelegate$BeanPostProcessorChecker.postProcessAfterInitialization:350 -Bean 'dsProcessor' of type [com.baomidou.dynamic.datasource.processor.DsHeaderProcessor] is not eligible for getting processed by all BeanPostProcessors (for example: not eligible for auto-proxying)
2021-01-02 10:08:46.204 INFO [main]o.s.boot.web.embedded.tomcat.TomcatWebServer.initialize:108 -Tomcat initialized with port(s): 8081 (http)
2021-01-02 10:08:46.235 INFO [main]org.apache.coyote.http11.Http11NioProtocol.log:173 -Initializing ProtocolHandler ["http-nio-8081"]
2021-01-02 10:08:46.236 INFO [main]org.apache.catalina.core.StandardService.log:173 -Starting service [Tomcat]
2021-01-02 10:08:46.236 INFO [main]org.apache.catalina.core.StandardEngine.log:173 -Starting Servlet engine: [Apache Tomcat/9.0.41]
2021-01-02 10:08:46.237 INFO [main]org.apache.catalina.core.AprLifecycleListener.log:173 -An older version [1.2.17] of the Apache Tomcat Native library is installed, while Tomcat recommends a minimum version of [1.2.23]
2021-01-02 10:08:46.238 INFO [main]org.apache.catalina.core.AprLifecycleListener.log:173 -Loaded Apache Tomcat Native library [1.2.17] using APR version [1.6.3].
2021-01-02 10:08:46.238 INFO [main]org.apache.catalina.core.AprLifecycleListener.log:173 -APR capabilities: IPv6 [true], sendfile [true], accept filters [false], random [true].
2021-01-02 10:08:46.238 INFO [main]org.apache.catalina.core.AprLifecycleListener.log:173 -APR/OpenSSL configuration: useAprConnector [false], useOpenSSL [true]
2021-01-02 10:08:47.374 INFO [main]org.apache.catalina.core.AprLifecycleListener.log:173 -OpenSSL successfully initialized [OpenSSL 1.0.2o  27 Mar 2018]
2021-01-02 10:08:47.794 INFO [main]o.a.catalina.core.ContainerBase.[Tomcat].[localhost].[/].log:173 -Initializing Spring embedded WebApplicationContext
2021-01-02 10:08:47.795 INFO [main]o.s.b.w.s.context.ServletWebServerApplicationContext.prepareWebApplicationContext:289 -Root WebApplicationContext: initialization completed in 5298 ms
2021-01-02 10:08:48.242 INFO [main]com.zaxxer.hikari.HikariDataSource.<init>:80 -hm - Starting...
2021-01-02 10:08:49.366 INFO [main]com.zaxxer.hikari.HikariDataSource.<init>:82 -hm - Start completed.
2021-01-02 10:08:49.366 INFO [main]com.zaxxer.hikari.HikariDataSource.<init>:80 -test1 - Starting...
2021-01-02 10:08:49.446 INFO [main]com.zaxxer.hikari.HikariDataSource.<init>:82 -test1 - Start completed.
2021-01-02 10:08:49.447 INFO [main]com.baomidou.dynamic.datasource.DynamicRoutingDataSource.addDataSource:132 -dynamic-datasource - load a datasource named [hm] success
2021-01-02 10:08:49.447 INFO [main]com.baomidou.dynamic.datasource.DynamicRoutingDataSource.addDataSource:132 -dynamic-datasource - load a datasource named [test1] success
2021-01-02 10:08:49.447 INFO [main]com.baomidou.dynamic.datasource.DynamicRoutingDataSource.afterPropertiesSet:237 -dynamic-datasource initial loaded [2] datasource,primary datasource named [hm]
2021-01-02 10:08:51.167 INFO [main]s.d.s.web.PropertySourcedRequestMappingHandlerMapping.initHandlerMethods:69 -Mapped URL path [/v2/api-docs] onto method [springfox.documentation.swagger2.web.Swagger2Controller#getDocumentation(String, HttpServletRequest)]
2021-01-02 10:08:51.294 INFO [main]o.s.scheduling.concurrent.ThreadPoolTaskExecutor.initialize:181 -Initializing ExecutorService 'applicationTaskExecutor'
2021-01-02 10:08:51.665 INFO [main]org.apache.coyote.http11.Http11NioProtocol.log:173 -Starting ProtocolHandler ["http-nio-8081"]
2021-01-02 10:08:51.689 INFO [main]o.s.boot.web.embedded.tomcat.TomcatWebServer.start:220 -Tomcat started on port(s): 8081 (http) with context path ''
2021-01-02 10:08:51.690 INFO [main]s.d.spring.web.plugins.DocumentationPluginsBootstrapper.start:160 -Context refreshed
2021-01-02 10:08:51.724 INFO [main]s.d.spring.web.plugins.DocumentationPluginsBootstrapper.start:163 -Found 1 custom documentation plugin(s)
2021-01-02 10:08:51.768 INFO [main]s.d.spring.web.scanners.ApiListingReferenceScanner.scan:41 -Scanning for api listing references
2021-01-02 10:08:52.175 INFO [main]com.information.five.FiveApplication.logStarted:61 -Started FiveApplication in 12.235 seconds (JVM running for 19.983)
2021-01-02 10:11:35.354 INFO [http-nio-8081-exec-1]o.a.catalina.core.ContainerBase.[Tomcat].[localhost].[/].log:173 -Initializing Spring DispatcherServlet 'dispatcherServlet'
2021-01-02 10:11:35.354 INFO [http-nio-8081-exec-1]org.springframework.web.servlet.DispatcherServlet.initServletBean:525 -Initializing Servlet 'dispatcherServlet'
2021-01-02 10:11:35.355 INFO [http-nio-8081-exec-1]org.springframework.web.servlet.DispatcherServlet.initServletBean:547 -Completed initialization in 1 ms
2021-01-02 10:11:35.575 WARN [http-nio-8081-exec-1]com.zaxxer.hikari.pool.PoolBase.isConnectionAlive:184 -hm - Failed to validate connection com.mysql.cj.jdbc.ConnectionImpl@bcbf1bd (No operations allowed after connection closed.). Possibly consider using a shorter maxLifetime value.
2021-01-02 10:11:35.578 WARN [http-nio-8081-exec-1]com.zaxxer.hikari.pool.PoolBase.isConnectionAlive:184 -hm - Failed to validate connection com.mysql.cj.jdbc.ConnectionImpl@62144b70 (No operations allowed after connection closed.). Possibly consider using a shorter maxLifetime value.
2021-01-02 10:11:35.580 WARN [http-nio-8081-exec-1]com.zaxxer.hikari.pool.PoolBase.isConnectionAlive:184 -hm - Failed to validate connection com.mysql.cj.jdbc.ConnectionImpl@2b0bbbd9 (No operations allowed after connection closed.). Possibly consider using a shorter maxLifetime value.
2021-01-02 10:11:35.581 WARN [http-nio-8081-exec-1]com.zaxxer.hikari.pool.PoolBase.isConnectionAlive:184 -hm - Failed to validate connection com.mysql.cj.jdbc.ConnectionImpl@3bf259fe (No operations allowed after connection closed.). Possibly consider using a shorter maxLifetime value.
2021-01-02 10:11:35.582 WARN [http-nio-8081-exec-1]com.zaxxer.hikari.pool.PoolBase.isConnectionAlive:184 -hm - Failed to validate connection com.mysql.cj.jdbc.ConnectionImpl@3d62ea36 (No operations allowed after connection closed.). Possibly consider using a shorter maxLifetime value.
2021-01-02 10:11:35.584 WARN [http-nio-8081-exec-1]com.zaxxer.hikari.pool.PoolBase.isConnectionAlive:184 -hm - Failed to validate connection com.mysql.cj.jdbc.ConnectionImpl@7d6d7921 (No operations allowed after connection closed.). Possibly consider using a shorter maxLifetime value.
2021-01-02 10:11:35.585 WARN [http-nio-8081-exec-1]com.zaxxer.hikari.pool.PoolBase.isConnectionAlive:184 -hm - Failed to validate connection com.mysql.cj.jdbc.ConnectionImpl@bcec026 (No operations allowed after connection closed.). Possibly consider using a shorter maxLifetime value.
2021-01-02 10:11:35.587 WARN [http-nio-8081-exec-1]com.zaxxer.hikari.pool.PoolBase.isConnectionAlive:184 -hm - Failed to validate connection com.mysql.cj.jdbc.ConnectionImpl@225a4508 (No operations allowed after connection closed.). Possibly consider using a shorter maxLifetime value.
2021-01-02 10:11:35.589 WARN [http-nio-8081-exec-1]com.zaxxer.hikari.pool.PoolBase.isConnectionAlive:184 -hm - Failed to validate connection com.mysql.cj.jdbc.ConnectionImpl@8c3282f (No operations allowed after connection closed.). Possibly consider using a shorter maxLifetime value.
2021-01-02 10:11:35.590 WARN [http-nio-8081-exec-1]com.zaxxer.hikari.pool.PoolBase.isConnectionAlive:184 -hm - Failed to validate connection com.mysql.cj.jdbc.ConnectionImpl@1ef1ec67 (No operations allowed after connection closed.). Possibly consider using a shorter maxLifetime value.
2021-01-02 11:07:42.669 WARN [http-nio-8081-exec-7]com.zaxxer.hikari.pool.PoolBase.isConnectionAlive:184 -hm - Failed to validate connection com.mysql.cj.jdbc.ConnectionImpl@4e93aa8c (No operations allowed after connection closed.). Possibly consider using a shorter maxLifetime value.
2021-01-02 11:07:42.672 WARN [http-nio-8081-exec-7]com.zaxxer.hikari.pool.PoolBase.isConnectionAlive:184 -hm - Failed to validate connection com.mysql.cj.jdbc.ConnectionImpl@4f2ffc12 (No operations allowed after connection closed.). Possibly consider using a shorter maxLifetime value.
2021-01-02 11:07:42.674 WARN [http-nio-8081-exec-7]com.zaxxer.hikari.pool.PoolBase.isConnectionAlive:184 -hm - Failed to validate connection com.mysql.cj.jdbc.ConnectionImpl@ba8aa57 (No operations allowed after connection closed.). Possibly consider using a shorter maxLifetime value.
2021-01-02 11:07:42.675 WARN [http-nio-8081-exec-7]com.zaxxer.hikari.pool.PoolBase.isConnectionAlive:184 -hm - Failed to validate connection com.mysql.cj.jdbc.ConnectionImpl@583cb664 (No operations allowed after connection closed.). Possibly consider using a shorter maxLifetime value.
2021-01-02 11:07:42.677 WARN [http-nio-8081-exec-7]com.zaxxer.hikari.pool.PoolBase.isConnectionAlive:184 -hm - Failed to validate connection com.mysql.cj.jdbc.ConnectionImpl@51dc00d7 (No operations allowed after connection closed.). Possibly consider using a shorter maxLifetime value.
2021-01-02 11:07:42.679 WARN [http-nio-8081-exec-7]com.zaxxer.hikari.pool.PoolBase.isConnectionAlive:184 -hm - Failed to validate connection com.mysql.cj.jdbc.ConnectionImpl@2f174df3 (No operations allowed after connection closed.). Possibly consider using a shorter maxLifetime value.
2021-01-02 11:07:42.681 WARN [http-nio-8081-exec-7]com.zaxxer.hikari.pool.PoolBase.isConnectionAlive:184 -hm - Failed to validate connection com.mysql.cj.jdbc.ConnectionImpl@12a551e3 (No operations allowed after connection closed.). Possibly consider using a shorter maxLifetime value.
2021-01-02 11:07:42.683 WARN [http-nio-8081-exec-7]com.zaxxer.hikari.pool.PoolBase.isConnectionAlive:184 -hm - Failed to validate connection com.mysql.cj.jdbc.ConnectionImpl@234e31d8 (No operations allowed after connection closed.). Possibly consider using a shorter maxLifetime value.
2021-01-02 11:07:42.687 WARN [http-nio-8081-exec-7]com.zaxxer.hikari.pool.PoolBase.isConnectionAlive:184 -hm - Failed to validate connection com.mysql.cj.jdbc.ConnectionImpl@5f5df30a (No operations allowed after connection closed.). Possibly consider using a shorter maxLifetime value.
2021-01-02 11:07:42.689 WARN [http-nio-8081-exec-7]com.zaxxer.hikari.pool.PoolBase.isConnectionAlive:184 -hm - Failed to validate connection com.mysql.cj.jdbc.ConnectionImpl@4ab045c7 (No operations allowed after connection closed.). Possibly consider using a shorter maxLifetime value.
2021-01-02 15:09:33.657 INFO [main]com.information.five.FiveApplication.logStarting:55 -Starting FiveApplication using Java 1.8.0_181 on QAQ-TTT with PID 13116 (E:\IDEAproject\five\target\classes started by ZZT in E:\IDEAproject\five)
2021-01-02 15:09:33.661 INFO [main]com.information.five.FiveApplication.logStartupProfileInfo:660 -No active profile set, falling back to default profiles: default
2021-01-02 15:09:34.735 INFO [main]o.s.c.s.PostProcessorRegistrationDelegate$BeanPostProcessorChecker.postProcessAfterInitialization:350 -Bean 'spring.datasource.dynamic-com.baomidou.dynamic.datasource.spring.boot.autoconfigure.DynamicDataSourceProperties' of type [com.baomidou.dynamic.datasource.spring.boot.autoconfigure.DynamicDataSourceProperties] is not eligible for getting processed by all BeanPostProcessors (for example: not eligible for auto-proxying)
2021-01-02 15:09:34.737 INFO [main]o.s.c.s.PostProcessorRegistrationDelegate$BeanPostProcessorChecker.postProcessAfterInitialization:350 -Bean 'com.baomidou.dynamic.datasource.spring.boot.autoconfigure.DynamicDataSourceAutoConfiguration' of type [com.baomidou.dynamic.datasource.spring.boot.autoconfigure.DynamicDataSourceAutoConfiguration$$EnhancerBySpringCGLIB$$a4a9a486] is not eligible for getting processed by all BeanPostProcessors (for example: not eligible for auto-proxying)
2021-01-02 15:09:34.749 INFO [main]o.s.c.s.PostProcessorRegistrationDelegate$BeanPostProcessorChecker.postProcessAfterInitialization:350 -Bean 'dsProcessor' of type [com.baomidou.dynamic.datasource.processor.DsHeaderProcessor] is not eligible for getting processed by all BeanPostProcessors (for example: not eligible for auto-proxying)
2021-01-02 15:09:34.963 INFO [main]o.s.boot.web.embedded.tomcat.TomcatWebServer.initialize:108 -Tomcat initialized with port(s): 8081 (http)
2021-01-02 15:09:34.972 INFO [main]org.apache.coyote.http11.Http11NioProtocol.log:173 -Initializing ProtocolHandler ["http-nio-8081"]
2021-01-02 15:09:34.973 INFO [main]org.apache.catalina.core.StandardService.log:173 -Starting service [Tomcat]
2021-01-02 15:09:34.973 INFO [main]org.apache.catalina.core.StandardEngine.log:173 -Starting Servlet engine: [Apache Tomcat/9.0.41]
2021-01-02 15:09:34.974 INFO [main]org.apache.catalina.core.AprLifecycleListener.log:173 -An older version [1.2.17] of the Apache Tomcat Native library is installed, while Tomcat recommends a minimum version of [1.2.23]
2021-01-02 15:09:34.975 INFO [main]org.apache.catalina.core.AprLifecycleListener.log:173 -Loaded Apache Tomcat Native library [1.2.17] using APR version [1.6.3].
2021-01-02 15:09:34.975 INFO [main]org.apache.catalina.core.AprLifecycleListener.log:173 -APR capabilities: IPv6 [true], sendfile [true], accept filters [false], random [true].
2021-01-02 15:09:34.975 INFO [main]org.apache.catalina.core.AprLifecycleListener.log:173 -APR/OpenSSL configuration: useAprConnector [false], useOpenSSL [true]
2021-01-02 15:09:36.035 INFO [main]org.apache.catalina.core.AprLifecycleListener.log:173 -OpenSSL successfully initialized [OpenSSL 1.0.2o  27 Mar 2018]
2021-01-02 15:09:36.123 INFO [main]o.a.catalina.core.ContainerBase.[Tomcat].[localhost].[/].log:173 -Initializing Spring embedded WebApplicationContext
2021-01-02 15:09:36.123 INFO [main]o.s.b.w.s.context.ServletWebServerApplicationContext.prepareWebApplicationContext:289 -Root WebApplicationContext: initialization completed in 2409 ms
2021-01-02 15:09:36.274 INFO [main]com.zaxxer.hikari.HikariDataSource.<init>:80 -hm - Starting...
2021-01-02 15:09:36.822 INFO [main]com.zaxxer.hikari.HikariDataSource.<init>:82 -hm - Start completed.
2021-01-02 15:09:36.823 INFO [main]com.zaxxer.hikari.HikariDataSource.<init>:80 -test1 - Starting...
2021-01-02 15:09:36.829 INFO [main]com.zaxxer.hikari.HikariDataSource.<init>:82 -test1 - Start completed.
2021-01-02 15:09:36.830 INFO [main]com.baomidou.dynamic.datasource.DynamicRoutingDataSource.addDataSource:132 -dynamic-datasource - load a datasource named [hm] success
2021-01-02 15:09:36.830 INFO [main]com.baomidou.dynamic.datasource.DynamicRoutingDataSource.addDataSource:132 -dynamic-datasource - load a datasource named [test1] success
2021-01-02 15:09:36.830 INFO [main]com.baomidou.dynamic.datasource.DynamicRoutingDataSource.afterPropertiesSet:237 -dynamic-datasource initial loaded [2] datasource,primary datasource named [hm]
2021-01-02 15:09:37.615 INFO [main]s.d.s.web.PropertySourcedRequestMappingHandlerMapping.initHandlerMethods:69 -Mapped URL path [/v2/api-docs] onto method [springfox.documentation.swagger2.web.Swagger2Controller#getDocumentation(String, HttpServletRequest)]
2021-01-02 15:09:37.716 INFO [main]o.s.scheduling.concurrent.ThreadPoolTaskExecutor.initialize:181 -Initializing ExecutorService 'applicationTaskExecutor'
2021-01-02 15:09:37.935 INFO [main]org.apache.coyote.http11.Http11NioProtocol.log:173 -Starting ProtocolHandler ["http-nio-8081"]
2021-01-02 15:09:37.957 INFO [main]o.s.boot.web.embedded.tomcat.TomcatWebServer.start:220 -Tomcat started on port(s): 8081 (http) with context path ''
2021-01-02 15:09:37.959 INFO [main]s.d.spring.web.plugins.DocumentationPluginsBootstrapper.start:160 -Context refreshed
2021-01-02 15:09:37.982 INFO [main]s.d.spring.web.plugins.DocumentationPluginsBootstrapper.start:163 -Found 1 custom documentation plugin(s)
2021-01-02 15:09:38.024 INFO [main]s.d.spring.web.scanners.ApiListingReferenceScanner.scan:41 -Scanning for api listing references
2021-01-02 15:09:38.232 INFO [main]com.information.five.FiveApplication.logStarted:61 -Started FiveApplication in 5.051 seconds (JVM running for 7.782)
2021-01-02 15:09:57.566 INFO [http-nio-8081-exec-1]o.a.catalina.core.ContainerBase.[Tomcat].[localhost].[/].log:173 -Initializing Spring DispatcherServlet 'dispatcherServlet'
2021-01-02 15:09:57.566 INFO [http-nio-8081-exec-1]org.springframework.web.servlet.DispatcherServlet.initServletBean:525 -Initializing Servlet 'dispatcherServlet'
2021-01-02 15:09:57.568 INFO [http-nio-8081-exec-1]org.springframework.web.servlet.DispatcherServlet.initServletBean:547 -Completed initialization in 2 ms
2021-01-02 15:12:50.059 WARN [http-nio-8081-exec-1]com.zaxxer.hikari.pool.PoolBase.isConnectionAlive:184 -hm - Failed to validate connection com.mysql.cj.jdbc.ConnectionImpl@585d01dc (No operations allowed after connection closed.). Possibly consider using a shorter maxLifetime value.
2021-01-02 15:12:50.061 WARN [http-nio-8081-exec-1]com.zaxxer.hikari.pool.PoolBase.isConnectionAlive:184 -hm - Failed to validate connection com.mysql.cj.jdbc.ConnectionImpl@769c459c (No operations allowed after connection closed.). Possibly consider using a shorter maxLifetime value.
2021-01-02 15:12:50.063 WARN [http-nio-8081-exec-1]com.zaxxer.hikari.pool.PoolBase.isConnectionAlive:184 -hm - Failed to validate connection com.mysql.cj.jdbc.ConnectionImpl@467ff972 (No operations allowed after connection closed.). Possibly consider using a shorter maxLifetime value.
2021-01-02 15:12:50.064 WARN [http-nio-8081-exec-1]com.zaxxer.hikari.pool.PoolBase.isConnectionAlive:184 -hm - Failed to validate connection com.mysql.cj.jdbc.ConnectionImpl@27688050 (No operations allowed after connection closed.). Possibly consider using a shorter maxLifetime value.
2021-01-02 15:12:50.066 WARN [http-nio-8081-exec-1]com.zaxxer.hikari.pool.PoolBase.isConnectionAlive:184 -hm - Failed to validate connection com.mysql.cj.jdbc.ConnectionImpl@bf49478 (No operations allowed after connection closed.). Possibly consider using a shorter maxLifetime value.
2021-01-02 15:12:50.067 WARN [http-nio-8081-exec-1]com.zaxxer.hikari.pool.PoolBase.isConnectionAlive:184 -hm - Failed to validate connection com.mysql.cj.jdbc.ConnectionImpl@1fd0803f (No operations allowed after connection closed.). Possibly consider using a shorter maxLifetime value.
2021-01-02 15:12:50.069 WARN [http-nio-8081-exec-1]com.zaxxer.hikari.pool.PoolBase.isConnectionAlive:184 -hm - Failed to validate connection com.mysql.cj.jdbc.ConnectionImpl@265d4ede (No operations allowed after connection closed.). Possibly consider using a shorter maxLifetime value.
2021-01-02 15:12:50.071 WARN [http-nio-8081-exec-1]com.zaxxer.hikari.pool.PoolBase.isConnectionAlive:184 -hm - Failed to validate connection com.mysql.cj.jdbc.ConnectionImpl@45543045 (No operations allowed after connection closed.). Possibly consider using a shorter maxLifetime value.
2021-01-02 15:12:50.072 WARN [http-nio-8081-exec-1]com.zaxxer.hikari.pool.PoolBase.isConnectionAlive:184 -hm - Failed to validate connection com.mysql.cj.jdbc.ConnectionImpl@6aac2bc3 (No operations allowed after connection closed.). Possibly consider using a shorter maxLifetime value.
2021-01-02 15:12:50.072 WARN [http-nio-8081-exec-1]com.zaxxer.hikari.pool.PoolBase.isConnectionAlive:184 -hm - Failed to validate connection com.mysql.cj.jdbc.ConnectionImpl@71668fd1 (No operations allowed after connection closed.). Possibly consider using a shorter maxLifetime value.
2021-01-02 15:13:09.186 INFO [main]com.information.five.FiveApplication.logStarting:55 -Starting FiveApplication using Java 1.8.0_181 on QAQ-TTT with PID 1548 (E:\IDEAproject\five\target\classes started by ZZT in E:\IDEAproject\five)
2021-01-02 15:13:09.189 INFO [main]com.information.five.FiveApplication.logStartupProfileInfo:660 -No active profile set, falling back to default profiles: default
2021-01-02 15:13:10.486 INFO [main]o.s.c.s.PostProcessorRegistrationDelegate$BeanPostProcessorChecker.postProcessAfterInitialization:350 -Bean 'spring.datasource.dynamic-com.baomidou.dynamic.datasource.spring.boot.autoconfigure.DynamicDataSourceProperties' of type [com.baomidou.dynamic.datasource.spring.boot.autoconfigure.DynamicDataSourceProperties] is not eligible for getting processed by all BeanPostProcessors (for example: not eligible for auto-proxying)
2021-01-02 15:13:10.489 INFO [main]o.s.c.s.PostProcessorRegistrationDelegate$BeanPostProcessorChecker.postProcessAfterInitialization:350 -Bean 'com.baomidou.dynamic.datasource.spring.boot.autoconfigure.DynamicDataSourceAutoConfiguration' of type [com.baomidou.dynamic.datasource.spring.boot.autoconfigure.DynamicDataSourceAutoConfiguration$$EnhancerBySpringCGLIB$$fca5c43e] is not eligible for getting processed by all BeanPostProcessors (for example: not eligible for auto-proxying)
2021-01-02 15:13:10.500 INFO [main]o.s.c.s.PostProcessorRegistrationDelegate$BeanPostProcessorChecker.postProcessAfterInitialization:350 -Bean 'dsProcessor' of type [com.baomidou.dynamic.datasource.processor.DsHeaderProcessor] is not eligible for getting processed by all BeanPostProcessors (for example: not eligible for auto-proxying)
2021-01-02 15:13:10.710 INFO [main]o.s.boot.web.embedded.tomcat.TomcatWebServer.initialize:108 -Tomcat initialized with port(s): 8081 (http)
2021-01-02 15:13:10.718 INFO [main]org.apache.coyote.http11.Http11NioProtocol.log:173 -Initializing ProtocolHandler ["http-nio-8081"]
2021-01-02 15:13:10.719 INFO [main]org.apache.catalina.core.StandardService.log:173 -Starting service [Tomcat]
2021-01-02 15:13:10.719 INFO [main]org.apache.catalina.core.StandardEngine.log:173 -Starting Servlet engine: [Apache Tomcat/9.0.41]
2021-01-02 15:13:10.721 INFO [main]org.apache.catalina.core.AprLifecycleListener.log:173 -An older version [1.2.17] of the Apache Tomcat Native library is installed, while Tomcat recommends a minimum version of [1.2.23]
2021-01-02 15:13:10.722 INFO [main]org.apache.catalina.core.AprLifecycleListener.log:173 -Loaded Apache Tomcat Native library [1.2.17] using APR version [1.6.3].
2021-01-02 15:13:10.722 INFO [main]org.apache.catalina.core.AprLifecycleListener.log:173 -APR capabilities: IPv6 [true], sendfile [true], accept filters [false], random [true].
2021-01-02 15:13:10.722 INFO [main]org.apache.catalina.core.AprLifecycleListener.log:173 -APR/OpenSSL configuration: useAprConnector [false], useOpenSSL [true]
2021-01-02 15:13:11.803 INFO [main]org.apache.catalina.core.AprLifecycleListener.log:173 -OpenSSL successfully initialized [OpenSSL 1.0.2o  27 Mar 2018]
2021-01-02 15:13:11.890 INFO [main]o.a.catalina.core.ContainerBase.[Tomcat].[localhost].[/].log:173 -Initializing Spring embedded WebApplicationContext
2021-01-02 15:13:11.890 INFO [main]o.s.b.w.s.context.ServletWebServerApplicationContext.prepareWebApplicationContext:289 -Root WebApplicationContext: initialization completed in 2601 ms
2021-01-02 15:13:12.060 INFO [main]com.zaxxer.hikari.HikariDataSource.<init>:80 -hm - Starting...
2021-01-02 15:13:12.606 INFO [main]com.zaxxer.hikari.HikariDataSource.<init>:82 -hm - Start completed.
2021-01-02 15:13:12.607 INFO [main]com.zaxxer.hikari.HikariDataSource.<init>:80 -test1 - Starting...
2021-01-02 15:13:12.613 INFO [main]com.zaxxer.hikari.HikariDataSource.<init>:82 -test1 - Start completed.
2021-01-02 15:13:12.614 INFO [main]com.baomidou.dynamic.datasource.DynamicRoutingDataSource.addDataSource:132 -dynamic-datasource - load a datasource named [hm] success
2021-01-02 15:13:12.614 INFO [main]com.baomidou.dynamic.datasource.DynamicRoutingDataSource.addDataSource:132 -dynamic-datasource - load a datasource named [test1] success
2021-01-02 15:13:12.614 INFO [main]com.baomidou.dynamic.datasource.DynamicRoutingDataSource.afterPropertiesSet:237 -dynamic-datasource initial loaded [2] datasource,primary datasource named [hm]
2021-01-02 15:13:13.287 INFO [main]s.d.s.web.PropertySourcedRequestMappingHandlerMapping.initHandlerMethods:69 -Mapped URL path [/v2/api-docs] onto method [springfox.documentation.swagger2.web.Swagger2Controller#getDocumentation(String, HttpServletRequest)]
2021-01-02 15:13:13.381 INFO [main]o.s.scheduling.concurrent.ThreadPoolTaskExecutor.initialize:181 -Initializing ExecutorService 'applicationTaskExecutor'
2021-01-02 15:13:13.548 INFO [main]org.apache.coyote.http11.Http11NioProtocol.log:173 -Starting ProtocolHandler ["http-nio-8081"]
2021-01-02 15:13:13.569 INFO [main]o.s.boot.web.embedded.tomcat.TomcatWebServer.start:220 -Tomcat started on port(s): 8081 (http) with context path ''
2021-01-02 15:13:13.569 INFO [main]s.d.spring.web.plugins.DocumentationPluginsBootstrapper.start:160 -Context refreshed
2021-01-02 15:13:13.585 INFO [main]s.d.spring.web.plugins.DocumentationPluginsBootstrapper.start:163 -Found 1 custom documentation plugin(s)
2021-01-02 15:13:13.616 INFO [main]s.d.spring.web.scanners.ApiListingReferenceScanner.scan:41 -Scanning for api listing references
2021-01-02 15:13:13.787 INFO [main]com.information.five.FiveApplication.logStarted:61 -Started FiveApplication in 5.444 seconds (JVM running for 8.309)
2021-01-02 15:13:25.128 INFO [http-nio-8081-exec-1]o.a.catalina.core.ContainerBase.[Tomcat].[localhost].[/].log:173 -Initializing Spring DispatcherServlet 'dispatcherServlet'
2021-01-02 15:13:25.128 INFO [http-nio-8081-exec-1]org.springframework.web.servlet.DispatcherServlet.initServletBean:525 -Initializing Servlet 'dispatcherServlet'
2021-01-02 15:13:25.130 INFO [http-nio-8081-exec-1]org.springframework.web.servlet.DispatcherServlet.initServletBean:547 -Completed initialization in 1 ms
2021-01-02 15:17:13.912 WARN [http-nio-8081-exec-8]com.zaxxer.hikari.pool.PoolBase.isConnectionAlive:184 -hm - Failed to validate connection com.mysql.cj.jdbc.ConnectionImpl@39d91e59 (No operations allowed after connection closed.). Possibly consider using a shorter maxLifetime value.
2021-01-02 15:23:26.412 WARN [hm housekeeper]com.zaxxer.hikari.pool.HikariPool.run:787 -hm - Thread starvation or clock leap detected (housekeeper delta=1m13s685ms451µs900ns).
2021-01-02 15:23:26.412 WARN [test1 housekeeper]com.zaxxer.hikari.pool.HikariPool.run:787 -test1 - Thread starvation or clock leap detected (housekeeper delta=1m13s678ms794µs800ns).
2021-01-02 15:23:26.420 WARN [http-nio-8081-exec-8]com.zaxxer.hikari.pool.PoolBase.isConnectionAlive:184 -hm - Failed to validate connection com.mysql.cj.jdbc.ConnectionImpl@27ac03ad (No operations allowed after connection closed.). Possibly consider using a shorter maxLifetime value.
2021-01-02 15:23:26.426 WARN [http-nio-8081-exec-10]com.zaxxer.hikari.pool.PoolBase.isConnectionAlive:184 -hm - Failed to validate connection com.mysql.cj.jdbc.ConnectionImpl@35bfb9cf (No operations allowed after connection closed.). Possibly consider using a shorter maxLifetime value.
2021-01-02 15:23:26.426 WARN [http-nio-8081-exec-2]com.zaxxer.hikari.pool.PoolBase.isConnectionAlive:184 -hm - Failed to validate connection com.mysql.cj.jdbc.ConnectionImpl@5dd1ab41 (No operations allowed after connection closed.). Possibly consider using a shorter maxLifetime value.
2021-01-02 15:23:26.426 WARN [http-nio-8081-exec-6]com.zaxxer.hikari.pool.PoolBase.isConnectionAlive:184 -hm - Failed to validate connection com.mysql.cj.jdbc.ConnectionImpl@279b7c1e (No operations allowed after connection closed.). Possibly consider using a shorter maxLifetime value.
2021-01-02 15:23:26.426 WARN [http-nio-8081-exec-4]com.zaxxer.hikari.pool.PoolBase.isConnectionAlive:184 -hm - Failed to validate connection com.mysql.cj.jdbc.ConnectionImpl@320b3961 (No operations allowed after connection closed.). Possibly consider using a shorter maxLifetime value.
2021-01-02 15:23:26.428 WARN [http-nio-8081-exec-1]com.zaxxer.hikari.pool.PoolBase.isConnectionAlive:184 -hm - Failed to validate connection com.mysql.cj.jdbc.ConnectionImpl@7cddadb2 (No operations allowed after connection closed.). Possibly consider using a shorter maxLifetime value.
2021-01-02 15:23:26.427 WARN [http-nio-8081-exec-9]com.zaxxer.hikari.pool.PoolBase.isConnectionAlive:184 -hm - Failed to validate connection com.mysql.cj.jdbc.ConnectionImpl@4af98412 (No operations allowed after connection closed.). Possibly consider using a shorter maxLifetime value.
2021-01-02 15:23:26.429 WARN [http-nio-8081-exec-3]com.zaxxer.hikari.pool.PoolBase.isConnectionAlive:184 -hm - Failed to validate connection com.mysql.cj.jdbc.ConnectionImpl@7d3aa4fc (No operations allowed after connection closed.). Possibly consider using a shorter maxLifetime value.
2021-01-02 15:23:26.430 WARN [http-nio-8081-exec-11]com.zaxxer.hikari.pool.PoolBase.isConnectionAlive:184 -hm - Failed to validate connection com.mysql.cj.jdbc.ConnectionImpl@105f2996 (No operations allowed after connection closed.). Possibly consider using a shorter maxLifetime value.
2021-01-02 15:24:07.256 INFO [main]com.information.five.FiveApplication.logStarting:55 -Starting FiveApplication using Java 1.8.0_181 on QAQ-TTT with PID 11492 (E:\IDEAproject\five\target\classes started by ZZT in E:\IDEAproject\five)
2021-01-02 15:24:07.264 INFO [main]com.information.five.FiveApplication.logStartupProfileInfo:660 -No active profile set, falling back to default profiles: default
2021-01-02 15:24:08.570 INFO [main]o.s.c.s.PostProcessorRegistrationDelegate$BeanPostProcessorChecker.postProcessAfterInitialization:350 -Bean 'spring.datasource.dynamic-com.baomidou.dynamic.datasource.spring.boot.autoconfigure.DynamicDataSourceProperties' of type [com.baomidou.dynamic.datasource.spring.boot.autoconfigure.DynamicDataSourceProperties] is not eligible for getting processed by all BeanPostProcessors (for example: not eligible for auto-proxying)
2021-01-02 15:24:08.572 INFO [main]o.s.c.s.PostProcessorRegistrationDelegate$BeanPostProcessorChecker.postProcessAfterInitialization:350 -Bean 'com.baomidou.dynamic.datasource.spring.boot.autoconfigure.DynamicDataSourceAutoConfiguration' of type [com.baomidou.dynamic.datasource.spring.boot.autoconfigure.DynamicDataSourceAutoConfiguration$$EnhancerBySpringCGLIB$$4caeff98] is not eligible for getting processed by all BeanPostProcessors (for example: not eligible for auto-proxying)
2021-01-02 15:24:08.583 INFO [main]o.s.c.s.PostProcessorRegistrationDelegate$BeanPostProcessorChecker.postProcessAfterInitialization:350 -Bean 'dsProcessor' of type [com.baomidou.dynamic.datasource.processor.DsHeaderProcessor] is not eligible for getting processed by all BeanPostProcessors (for example: not eligible for auto-proxying)
2021-01-02 15:24:08.770 INFO [main]o.s.boot.web.embedded.tomcat.TomcatWebServer.initialize:108 -Tomcat initialized with port(s): 8081 (http)
2021-01-02 15:24:08.777 INFO [main]org.apache.coyote.http11.Http11NioProtocol.log:173 -Initializing ProtocolHandler ["http-nio-8081"]
2021-01-02 15:24:08.778 INFO [main]org.apache.catalina.core.StandardService.log:173 -Starting service [Tomcat]
2021-01-02 15:24:08.779 INFO [main]org.apache.catalina.core.StandardEngine.log:173 -Starting Servlet engine: [Apache Tomcat/9.0.41]
2021-01-02 15:24:08.780 INFO [main]org.apache.catalina.core.AprLifecycleListener.log:173 -An older version [1.2.17] of the Apache Tomcat Native library is installed, while Tomcat recommends a minimum version of [1.2.23]
2021-01-02 15:24:08.781 INFO [main]org.apache.catalina.core.AprLifecycleListener.log:173 -Loaded Apache Tomcat Native library [1.2.17] using APR version [1.6.3].
2021-01-02 15:24:08.781 INFO [main]org.apache.catalina.core.AprLifecycleListener.log:173 -APR capabilities: IPv6 [true], sendfile [true], accept filters [false], random [true].
2021-01-02 15:24:08.781 INFO [main]org.apache.catalina.core.AprLifecycleListener.log:173 -APR/OpenSSL configuration: useAprConnector [false], useOpenSSL [true]
2021-01-02 15:24:09.845 INFO [main]org.apache.catalina.core.AprLifecycleListener.log:173 -OpenSSL successfully initialized [OpenSSL 1.0.2o  27 Mar 2018]
2021-01-02 15:24:09.923 INFO [main]o.a.catalina.core.ContainerBase.[Tomcat].[localhost].[/].log:173 -Initializing Spring embedded WebApplicationContext
2021-01-02 15:24:09.924 INFO [main]o.s.b.w.s.context.ServletWebServerApplicationContext.prepareWebApplicationContext:289 -Root WebApplicationContext: initialization completed in 2538 ms
2021-01-02 15:24:10.038 INFO [main]com.zaxxer.hikari.HikariDataSource.<init>:80 -hm - Starting...
2021-01-02 15:24:10.825 INFO [main]com.zaxxer.hikari.HikariDataSource.<init>:82 -hm - Start completed.
2021-01-02 15:24:10.826 INFO [main]com.zaxxer.hikari.HikariDataSource.<init>:80 -test1 - Starting...
2021-01-02 15:24:10.831 INFO [main]com.zaxxer.hikari.HikariDataSource.<init>:82 -test1 - Start completed.
2021-01-02 15:24:10.832 INFO [main]com.baomidou.dynamic.datasource.DynamicRoutingDataSource.addDataSource:132 -dynamic-datasource - load a datasource named [hm] success
2021-01-02 15:24:10.832 INFO [main]com.baomidou.dynamic.datasource.DynamicRoutingDataSource.addDataSource:132 -dynamic-datasource - load a datasource named [test1] success
2021-01-02 15:24:10.832 INFO [main]com.baomidou.dynamic.datasource.DynamicRoutingDataSource.afterPropertiesSet:237 -dynamic-datasource initial loaded [2] datasource,primary datasource named [hm]
2021-01-02 15:24:11.487 INFO [main]s.d.s.web.PropertySourcedRequestMappingHandlerMapping.initHandlerMethods:69 -Mapped URL path [/v2/api-docs] onto method [springfox.documentation.swagger2.web.Swagger2Controller#getDocumentation(String, HttpServletRequest)]
2021-01-02 15:24:11.576 INFO [main]o.s.scheduling.concurrent.ThreadPoolTaskExecutor.initialize:181 -Initializing ExecutorService 'applicationTaskExecutor'
2021-01-02 15:24:11.734 INFO [main]org.apache.coyote.http11.Http11NioProtocol.log:173 -Starting ProtocolHandler ["http-nio-8081"]
2021-01-02 15:24:11.754 INFO [main]o.s.boot.web.embedded.tomcat.TomcatWebServer.start:220 -Tomcat started on port(s): 8081 (http) with context path ''
2021-01-02 15:24:11.755 INFO [main]s.d.spring.web.plugins.DocumentationPluginsBootstrapper.start:160 -Context refreshed
2021-01-02 15:24:11.772 INFO [main]s.d.spring.web.plugins.DocumentationPluginsBootstrapper.start:163 -Found 1 custom documentation plugin(s)
2021-01-02 15:24:11.802 INFO [main]s.d.spring.web.scanners.ApiListingReferenceScanner.scan:41 -Scanning for api listing references
2021-01-02 15:24:11.972 INFO [main]com.information.five.FiveApplication.logStarted:61 -Started FiveApplication in 5.585 seconds (JVM running for 7.581)
2021-01-02 15:24:13.013 INFO [http-nio-8081-exec-1]o.a.catalina.core.ContainerBase.[Tomcat].[localhost].[/].log:173 -Initializing Spring DispatcherServlet 'dispatcherServlet'
2021-01-02 15:24:13.013 INFO [http-nio-8081-exec-1]org.springframework.web.servlet.DispatcherServlet.initServletBean:525 -Initializing Servlet 'dispatcherServlet'
2021-01-02 15:24:13.016 INFO [http-nio-8081-exec-1]org.springframework.web.servlet.DispatcherServlet.initServletBean:547 -Completed initialization in 2 ms
2021-01-02 19:31:01.750 WARN [http-nio-8081-exec-10]com.zaxxer.hikari.pool.PoolBase.isConnectionAlive:184 -hm - Failed to validate connection com.mysql.cj.jdbc.ConnectionImpl@467d096 (No operations allowed after connection closed.). Possibly consider using a shorter maxLifetime value.
2021-01-02 19:31:01.758 WARN [http-nio-8081-exec-10]com.zaxxer.hikari.pool.PoolBase.isConnectionAlive:184 -hm - Failed to validate connection com.mysql.cj.jdbc.ConnectionImpl@626ce1d1 (No operations allowed after connection closed.). Possibly consider using a shorter maxLifetime value.
2021-01-02 19:31:01.760 WARN [http-nio-8081-exec-10]com.zaxxer.hikari.pool.PoolBase.isConnectionAlive:184 -hm - Failed to validate connection com.mysql.cj.jdbc.ConnectionImpl@778a1208 (No operations allowed after connection closed.). Possibly consider using a shorter maxLifetime value.
2021-01-02 19:31:01.762 WARN [http-nio-8081-exec-10]com.zaxxer.hikari.pool.PoolBase.isConnectionAlive:184 -hm - Failed to validate connection com.mysql.cj.jdbc.ConnectionImpl@4d538f0f (No operations allowed after connection closed.). Possibly consider using a shorter maxLifetime value.
2021-01-02 19:31:01.764 WARN [http-nio-8081-exec-10]com.zaxxer.hikari.pool.PoolBase.isConnectionAlive:184 -hm - Failed to validate connection com.mysql.cj.jdbc.ConnectionImpl@6b946aa0 (No operations allowed after connection closed.). Possibly consider using a shorter maxLifetime value.
2021-01-02 19:31:01.765 WARN [http-nio-8081-exec-10]com.zaxxer.hikari.pool.PoolBase.isConnectionAlive:184 -hm - Failed to validate connection com.mysql.cj.jdbc.ConnectionImpl@6e736c6a (No operations allowed after connection closed.). Possibly consider using a shorter maxLifetime value.
2021-01-02 19:31:01.767 WARN [http-nio-8081-exec-10]com.zaxxer.hikari.pool.PoolBase.isConnectionAlive:184 -hm - Failed to validate connection com.mysql.cj.jdbc.ConnectionImpl@49ce39fe (No operations allowed after connection closed.). Possibly consider using a shorter maxLifetime value.
2021-01-02 19:31:01.768 WARN [http-nio-8081-exec-10]com.zaxxer.hikari.pool.PoolBase.isConnectionAlive:184 -hm - Failed to validate connection com.mysql.cj.jdbc.ConnectionImpl@18b4ec3f (No operations allowed after connection closed.). Possibly consider using a shorter maxLifetime value.
2021-01-02 19:31:01.770 WARN [http-nio-8081-exec-10]com.zaxxer.hikari.pool.PoolBase.isConnectionAlive:184 -hm - Failed to validate connection com.mysql.cj.jdbc.ConnectionImpl@25d872a2 (No operations allowed after connection closed.). Possibly consider using a shorter maxLifetime value.
2021-01-02 19:31:01.771 WARN [http-nio-8081-exec-10]com.zaxxer.hikari.pool.PoolBase.isConnectionAlive:184 -hm - Failed to validate connection com.mysql.cj.jdbc.ConnectionImpl@1de1ae2e (No operations allowed after connection closed.). Possibly consider using a shorter maxLifetime value.
2021-01-02 19:41:38.722 WARN [http-nio-8081-exec-2]com.zaxxer.hikari.pool.PoolBase.isConnectionAlive:184 -hm - Failed to validate connection com.mysql.cj.jdbc.ConnectionImpl@182bbe57 (No operations allowed after connection closed.). Possibly consider using a shorter maxLifetime value.
2021-01-02 19:41:38.725 WARN [http-nio-8081-exec-2]com.zaxxer.hikari.pool.PoolBase.isConnectionAlive:184 -hm - Failed to validate connection com.mysql.cj.jdbc.ConnectionImpl@3647f69d (No operations allowed after connection closed.). Possibly consider using a shorter maxLifetime value.
2021-01-02 19:41:38.730 WARN [http-nio-8081-exec-2]com.zaxxer.hikari.pool.PoolBase.isConnectionAlive:184 -hm - Failed to validate connection com.mysql.cj.jdbc.ConnectionImpl@68129a39 (No operations allowed after connection closed.). Possibly consider using a shorter maxLifetime value.
2021-01-02 19:41:38.731 WARN [http-nio-8081-exec-2]com.zaxxer.hikari.pool.PoolBase.isConnectionAlive:184 -hm - Failed to validate connection com.mysql.cj.jdbc.ConnectionImpl@77702bb0 (No operations allowed after connection closed.). Possibly consider using a shorter maxLifetime value.
2021-01-02 19:41:38.735 WARN [http-nio-8081-exec-2]com.zaxxer.hikari.pool.PoolBase.isConnectionAlive:184 -hm - Failed to validate connection com.mysql.cj.jdbc.ConnectionImpl@10ab4316 (No operations allowed after connection closed.). Possibly consider using a shorter maxLifetime value.
2021-01-02 19:41:38.750 WARN [http-nio-8081-exec-2]com.zaxxer.hikari.pool.PoolBase.isConnectionAlive:184 -hm - Failed to validate connection com.mysql.cj.jdbc.ConnectionImpl@65ee2ed1 (No operations allowed after connection closed.). Possibly consider using a shorter maxLifetime value.
2021-01-02 19:41:38.754 WARN [http-nio-8081-exec-2]com.zaxxer.hikari.pool.PoolBase.isConnectionAlive:184 -hm - Failed to validate connection com.mysql.cj.jdbc.ConnectionImpl@1335b477 (No operations allowed after connection closed.). Possibly consider using a shorter maxLifetime value.
2021-01-02 19:41:38.756 WARN [http-nio-8081-exec-2]com.zaxxer.hikari.pool.PoolBase.isConnectionAlive:184 -hm - Failed to validate connection com.mysql.cj.jdbc.ConnectionImpl@594cf6f4 (No operations allowed after connection closed.). Possibly consider using a shorter maxLifetime value.
2021-01-02 19:41:38.759 WARN [http-nio-8081-exec-2]com.zaxxer.hikari.pool.PoolBase.isConnectionAlive:184 -hm - Failed to validate connection com.mysql.cj.jdbc.ConnectionImpl@4ded64e1 (No operations allowed after connection closed.). Possibly consider using a shorter maxLifetime value.
2021-01-02 19:41:38.763 WARN [http-nio-8081-exec-2]com.zaxxer.hikari.pool.PoolBase.isConnectionAlive:184 -hm - Failed to validate connection com.mysql.cj.jdbc.ConnectionImpl@59e1532b (No operations allowed after connection closed.). Possibly consider using a shorter maxLifetime value.
2021-01-02 23:21:24.058 WARN [http-nio-8081-exec-8]com.zaxxer.hikari.pool.PoolBase.isConnectionAlive:184 -hm - Failed to validate connection com.mysql.cj.jdbc.ConnectionImpl@56372afa (No operations allowed after connection closed.). Possibly consider using a shorter maxLifetime value.
2021-01-02 23:21:24.062 WARN [http-nio-8081-exec-8]com.zaxxer.hikari.pool.PoolBase.isConnectionAlive:184 -hm - Failed to validate connection com.mysql.cj.jdbc.ConnectionImpl@2e78ddb6 (No operations allowed after connection closed.). Possibly consider using a shorter maxLifetime value.
2021-01-02 23:21:24.064 WARN [http-nio-8081-exec-8]com.zaxxer.hikari.pool.PoolBase.isConnectionAlive:184 -hm - Failed to validate connection com.mysql.cj.jdbc.ConnectionImpl@f062192 (No operations allowed after connection closed.). Possibly consider using a shorter maxLifetime value.
2021-01-02 23:21:24.066 WARN [http-nio-8081-exec-8]com.zaxxer.hikari.pool.PoolBase.isConnectionAlive:184 -hm - Failed to validate connection com.mysql.cj.jdbc.ConnectionImpl@6089ba72 (No operations allowed after connection closed.). Possibly consider using a shorter maxLifetime value.
2021-01-02 23:21:24.068 WARN [http-nio-8081-exec-8]com.zaxxer.hikari.pool.PoolBase.isConnectionAlive:184 -hm - Failed to validate connection com.mysql.cj.jdbc.ConnectionImpl@5d8114da (No operations allowed after connection closed.). Possibly consider using a shorter maxLifetime value.
2021-01-02 23:21:24.070 WARN [http-nio-8081-exec-8]com.zaxxer.hikari.pool.PoolBase.isConnectionAlive:184 -hm - Failed to validate connection com.mysql.cj.jdbc.ConnectionImpl@357cf7b1 (No operations allowed after connection closed.). Possibly consider using a shorter maxLifetime value.
2021-01-02 23:21:24.073 WARN [http-nio-8081-exec-8]com.zaxxer.hikari.pool.PoolBase.isConnectionAlive:184 -hm - Failed to validate connection com.mysql.cj.jdbc.ConnectionImpl@b485a3d (No operations allowed after connection closed.). Possibly consider using a shorter maxLifetime value.
2021-01-02 23:21:24.075 WARN [http-nio-8081-exec-8]com.zaxxer.hikari.pool.PoolBase.isConnectionAlive:184 -hm - Failed to validate connection com.mysql.cj.jdbc.ConnectionImpl@26bf3b0c (No operations allowed after connection closed.). Possibly consider using a shorter maxLifetime value.
2021-01-02 23:21:24.081 WARN [http-nio-8081-exec-8]com.zaxxer.hikari.pool.PoolBase.isConnectionAlive:184 -hm - Failed to validate connection com.mysql.cj.jdbc.ConnectionImpl@734ddcc5 (No operations allowed after connection closed.). Possibly consider using a shorter maxLifetime value.
2021-01-02 23:21:24.084 WARN [http-nio-8081-exec-8]com.zaxxer.hikari.pool.PoolBase.isConnectionAlive:184 -hm - Failed to validate connection com.mysql.cj.jdbc.ConnectionImpl@21de7c62 (No operations allowed after connection closed.). Possibly consider using a shorter maxLifetime value.
2021-01-02 23:39:36.691 WARN [http-nio-8081-exec-10]com.zaxxer.hikari.pool.PoolBase.isConnectionAlive:184 -hm - Failed to validate connection com.mysql.cj.jdbc.ConnectionImpl@37367290 (No operations allowed after connection closed.). Possibly consider using a shorter maxLifetime value.
2021-01-02 23:39:36.694 WARN [http-nio-8081-exec-10]com.zaxxer.hikari.pool.PoolBase.isConnectionAlive:184 -hm - Failed to validate connection com.mysql.cj.jdbc.ConnectionImpl@6937135d (No operations allowed after connection closed.). Possibly consider using a shorter maxLifetime value.
2021-01-02 23:39:36.697 WARN [http-nio-8081-exec-10]com.zaxxer.hikari.pool.PoolBase.isConnectionAlive:184 -hm - Failed to validate connection com.mysql.cj.jdbc.ConnectionImpl@3dde91ab (No operations allowed after connection closed.). Possibly consider using a shorter maxLifetime value.
2021-01-02 23:39:36.699 WARN [http-nio-8081-exec-10]com.zaxxer.hikari.pool.PoolBase.isConnectionAlive:184 -hm - Failed to validate connection com.mysql.cj.jdbc.ConnectionImpl@15d2aae8 (No operations allowed after connection closed.). Possibly consider using a shorter maxLifetime value.
2021-01-02 23:39:36.701 WARN [http-nio-8081-exec-10]com.zaxxer.hikari.pool.PoolBase.isConnectionAlive:184 -hm - Failed to validate connection com.mysql.cj.jdbc.ConnectionImpl@32f96008 (No operations allowed after connection closed.). Possibly consider using a shorter maxLifetime value.
2021-01-02 23:39:36.704 WARN [http-nio-8081-exec-10]com.zaxxer.hikari.pool.PoolBase.isConnectionAlive:184 -hm - Failed to validate connection com.mysql.cj.jdbc.ConnectionImpl@638530f1 (No operations allowed after connection closed.). Possibly consider using a shorter maxLifetime value.
2021-01-02 23:39:36.706 WARN [http-nio-8081-exec-10]com.zaxxer.hikari.pool.PoolBase.isConnectionAlive:184 -hm - Failed to validate connection com.mysql.cj.jdbc.ConnectionImpl@2a9fb6e3 (No operations allowed after connection closed.). Possibly consider using a shorter maxLifetime value.
2021-01-02 23:39:36.707 WARN [http-nio-8081-exec-10]com.zaxxer.hikari.pool.PoolBase.isConnectionAlive:184 -hm - Failed to validate connection com.mysql.cj.jdbc.ConnectionImpl@2a9accb2 (No operations allowed after connection closed.). Possibly consider using a shorter maxLifetime value.
2021-01-02 23:39:36.709 WARN [http-nio-8081-exec-10]com.zaxxer.hikari.pool.PoolBase.isConnectionAlive:184 -hm - Failed to validate connection com.mysql.cj.jdbc.ConnectionImpl@539a10c9 (No operations allowed after connection closed.). Possibly consider using a shorter maxLifetime value.
2021-01-02 23:39:36.711 WARN [http-nio-8081-exec-10]com.zaxxer.hikari.pool.PoolBase.isConnectionAlive:184 -hm - Failed to validate connection com.mysql.cj.jdbc.ConnectionImpl@1952b0f3 (No operations allowed after connection closed.). Possibly consider using a shorter maxLifetime value.
