2020-12-30 13:31:41.918 INFO [main]com.information.five.FiveApplication.logStarting:55 -Starting FiveApplication using Java 1.8.0_181 on QAQ-TTT with PID 9716 (E:\IDEAproject\five\target\classes started by ZZT in E:\IDEAproject\five)
2020-12-30 13:31:41.938 INFO [main]com.information.five.FiveApplication.logStartupProfileInfo:660 -No active profile set, falling back to default profiles: default
2020-12-30 13:31:48.724 INFO [main]o.s.c.s.PostProcessorRegistrationDelegate$BeanPostProcessorChecker.postProcessAfterInitialization:350 -Bean 'spring.datasource.dynamic-com.baomidou.dynamic.datasource.spring.boot.autoconfigure.DynamicDataSourceProperties' of type [com.baomidou.dynamic.datasource.spring.boot.autoconfigure.DynamicDataSourceProperties] is not eligible for getting processed by all BeanPostProcessors (for example: not eligible for auto-proxying)
2020-12-30 13:31:48.727 INFO [main]o.s.c.s.PostProcessorRegistrationDelegate$BeanPostProcessorChecker.postProcessAfterInitialization:350 -Bean 'com.baomidou.dynamic.datasource.spring.boot.autoconfigure.DynamicDataSourceAutoConfiguration' of type [com.baomidou.dynamic.datasource.spring.boot.autoconfigure.DynamicDataSourceAutoConfiguration$$EnhancerBySpringCGLIB$$eacdf7f4] is not eligible for getting processed by all BeanPostProcessors (for example: not eligible for auto-proxying)
2020-12-30 13:31:48.735 INFO [main]o.s.c.s.PostProcessorRegistrationDelegate$BeanPostProcessorChecker.postProcessAfterInitialization:350 -Bean 'dsProcessor' of type [com.baomidou.dynamic.datasource.processor.DsHeaderProcessor] is not eligible for getting processed by all BeanPostProcessors (for example: not eligible for auto-proxying)
2020-12-30 13:31:53.196 INFO [main]o.s.boot.web.embedded.tomcat.TomcatWebServer.initialize:108 -Tomcat initialized with port(s): 8081 (http)
2020-12-30 13:31:54.308 INFO [main]org.apache.coyote.http11.Http11NioProtocol.log:173 -Initializing ProtocolHandler ["http-nio-8081"]
2020-12-30 13:31:54.309 INFO [main]org.apache.catalina.core.StandardService.log:173 -Starting service [Tomcat]
2020-12-30 13:31:54.309 INFO [main]org.apache.catalina.core.StandardEngine.log:173 -Starting Servlet engine: [Apache Tomcat/9.0.41]
2020-12-30 13:31:54.311 INFO [main]org.apache.catalina.core.AprLifecycleListener.log:173 -An older version [1.2.17] of the Apache Tomcat Native library is installed, while Tomcat recommends a minimum version of [1.2.23]
2020-12-30 13:31:54.311 INFO [main]org.apache.catalina.core.AprLifecycleListener.log:173 -Loaded Apache Tomcat Native library [1.2.17] using APR version [1.6.3].
2020-12-30 13:31:54.311 INFO [main]org.apache.catalina.core.AprLifecycleListener.log:173 -APR capabilities: IPv6 [true], sendfile [true], accept filters [false], random [true].
2020-12-30 13:31:54.312 INFO [main]org.apache.catalina.core.AprLifecycleListener.log:173 -APR/OpenSSL configuration: useAprConnector [false], useOpenSSL [true]
2020-12-30 13:31:55.828 INFO [main]org.apache.catalina.core.AprLifecycleListener.log:173 -OpenSSL successfully initialized [OpenSSL 1.0.2o  27 Mar 2018]
2020-12-30 13:31:56.987 INFO [main]o.a.catalina.core.ContainerBase.[Tomcat].[localhost].[/].log:173 -Initializing Spring embedded WebApplicationContext
2020-12-30 13:31:56.988 INFO [main]o.s.b.w.s.context.ServletWebServerApplicationContext.prepareWebApplicationContext:289 -Root WebApplicationContext: initialization completed in 14866 ms
2020-12-30 13:31:57.993 INFO [main]com.zaxxer.hikari.HikariDataSource.<init>:80 -hm - Starting...
2020-12-30 13:32:00.156 INFO [main]com.zaxxer.hikari.HikariDataSource.<init>:82 -hm - Start completed.
2020-12-30 13:32:00.156 INFO [main]com.zaxxer.hikari.HikariDataSource.<init>:80 -test1 - Starting...
2020-12-30 13:32:00.183 INFO [main]com.zaxxer.hikari.HikariDataSource.<init>:82 -test1 - Start completed.
2020-12-30 13:32:00.183 INFO [main]com.baomidou.dynamic.datasource.DynamicRoutingDataSource.addDataSource:132 -dynamic-datasource - load a datasource named [hm] success
2020-12-30 13:32:00.183 INFO [main]com.baomidou.dynamic.datasource.DynamicRoutingDataSource.addDataSource:132 -dynamic-datasource - load a datasource named [test1] success
2020-12-30 13:32:00.183 INFO [main]com.baomidou.dynamic.datasource.DynamicRoutingDataSource.afterPropertiesSet:237 -dynamic-datasource initial loaded [2] datasource,primary datasource named [hm]
2020-12-30 13:32:05.286 INFO [main]s.d.s.web.PropertySourcedRequestMappingHandlerMapping.initHandlerMethods:69 -Mapped URL path [/v2/api-docs] onto method [springfox.documentation.swagger2.web.Swagger2Controller#getDocumentation(String, HttpServletRequest)]
2020-12-30 13:32:05.490 INFO [main]o.s.scheduling.concurrent.ThreadPoolTaskExecutor.initialize:181 -Initializing ExecutorService 'applicationTaskExecutor'
2020-12-30 13:32:06.367 INFO [main]org.apache.coyote.http11.Http11NioProtocol.log:173 -Starting ProtocolHandler ["http-nio-8081"]
2020-12-30 13:32:06.430 INFO [main]o.s.boot.web.embedded.tomcat.TomcatWebServer.start:220 -Tomcat started on port(s): 8081 (http) with context path ''
2020-12-30 13:32:06.431 INFO [main]s.d.spring.web.plugins.DocumentationPluginsBootstrapper.start:160 -Context refreshed
2020-12-30 13:32:06.508 INFO [main]s.d.spring.web.plugins.DocumentationPluginsBootstrapper.start:163 -Found 1 custom documentation plugin(s)
2020-12-30 13:32:06.565 INFO [main]s.d.spring.web.scanners.ApiListingReferenceScanner.scan:41 -Scanning for api listing references
2020-12-30 13:32:07.143 INFO [main]com.information.five.FiveApplication.logStarted:61 -Started FiveApplication in 28.933 seconds (JVM running for 33.017)
2020-12-30 13:36:43.123 INFO [http-nio-8081-exec-1]o.a.catalina.core.ContainerBase.[Tomcat].[localhost].[/].log:173 -Initializing Spring DispatcherServlet 'dispatcherServlet'
2020-12-30 13:36:43.124 INFO [http-nio-8081-exec-1]org.springframework.web.servlet.DispatcherServlet.initServletBean:525 -Initializing Servlet 'dispatcherServlet'
2020-12-30 13:36:43.126 INFO [http-nio-8081-exec-1]org.springframework.web.servlet.DispatcherServlet.initServletBean:547 -Completed initialization in 1 ms
2020-12-30 13:37:01.318 WARN [http-nio-8081-exec-2]com.zaxxer.hikari.pool.PoolBase.isConnectionAlive:184 -hm - Failed to validate connection com.mysql.cj.jdbc.ConnectionImpl@69a3576c (No operations allowed after connection closed.). Possibly consider using a shorter maxLifetime value.
2020-12-30 13:37:01.321 WARN [http-nio-8081-exec-2]com.zaxxer.hikari.pool.PoolBase.isConnectionAlive:184 -hm - Failed to validate connection com.mysql.cj.jdbc.ConnectionImpl@54f61cac (No operations allowed after connection closed.). Possibly consider using a shorter maxLifetime value.
2020-12-30 13:37:06.324 WARN [http-nio-8081-exec-2]com.zaxxer.hikari.pool.PoolBase.isConnectionAlive:184 -hm - Failed to validate connection com.mysql.cj.jdbc.ConnectionImpl@63488081 (No operations allowed after connection closed.). Possibly consider using a shorter maxLifetime value.
2020-12-30 13:37:06.326 WARN [http-nio-8081-exec-2]com.zaxxer.hikari.pool.PoolBase.isConnectionAlive:184 -hm - Failed to validate connection com.mysql.cj.jdbc.ConnectionImpl@1fe346bd (No operations allowed after connection closed.). Possibly consider using a shorter maxLifetime value.
2020-12-30 13:37:06.328 WARN [http-nio-8081-exec-2]com.zaxxer.hikari.pool.PoolBase.isConnectionAlive:184 -hm - Failed to validate connection com.mysql.cj.jdbc.ConnectionImpl@7b943a91 (No operations allowed after connection closed.). Possibly consider using a shorter maxLifetime value.
2020-12-30 13:37:06.329 WARN [http-nio-8081-exec-2]com.zaxxer.hikari.pool.PoolBase.isConnectionAlive:184 -hm - Failed to validate connection com.mysql.cj.jdbc.ConnectionImpl@5c7fe1ea (No operations allowed after connection closed.). Possibly consider using a shorter maxLifetime value.
2020-12-30 13:37:06.331 WARN [http-nio-8081-exec-2]com.zaxxer.hikari.pool.PoolBase.isConnectionAlive:184 -hm - Failed to validate connection com.mysql.cj.jdbc.ConnectionImpl@4a1510fc (No operations allowed after connection closed.). Possibly consider using a shorter maxLifetime value.
2020-12-30 13:37:06.333 WARN [http-nio-8081-exec-2]com.zaxxer.hikari.pool.PoolBase.isConnectionAlive:184 -hm - Failed to validate connection com.mysql.cj.jdbc.ConnectionImpl@4f4671ad (No operations allowed after connection closed.). Possibly consider using a shorter maxLifetime value.
2020-12-30 13:37:06.334 WARN [http-nio-8081-exec-2]com.zaxxer.hikari.pool.PoolBase.isConnectionAlive:184 -hm - Failed to validate connection com.mysql.cj.jdbc.ConnectionImpl@155c8a66 (No operations allowed after connection closed.). Possibly consider using a shorter maxLifetime value.
2020-12-30 13:37:06.335 WARN [http-nio-8081-exec-2]com.zaxxer.hikari.pool.PoolBase.isConnectionAlive:184 -hm - Failed to validate connection com.mysql.cj.jdbc.ConnectionImpl@368f4996 (No operations allowed after connection closed.). Possibly consider using a shorter maxLifetime value.
2020-12-30 13:42:41.438 WARN [http-nio-8081-exec-10]com.zaxxer.hikari.pool.PoolBase.isConnectionAlive:184 -hm - Failed to validate connection com.mysql.cj.jdbc.ConnectionImpl@61c13305 (No operations allowed after connection closed.). Possibly consider using a shorter maxLifetime value.
2020-12-30 13:42:41.440 WARN [http-nio-8081-exec-10]com.zaxxer.hikari.pool.PoolBase.isConnectionAlive:184 -hm - Failed to validate connection com.mysql.cj.jdbc.ConnectionImpl@988ebee (No operations allowed after connection closed.). Possibly consider using a shorter maxLifetime value.
2020-12-30 13:42:41.442 WARN [http-nio-8081-exec-10]com.zaxxer.hikari.pool.PoolBase.isConnectionAlive:184 -hm - Failed to validate connection com.mysql.cj.jdbc.ConnectionImpl@4c8a64bb (No operations allowed after connection closed.). Possibly consider using a shorter maxLifetime value.
2020-12-30 13:42:41.443 WARN [http-nio-8081-exec-10]com.zaxxer.hikari.pool.PoolBase.isConnectionAlive:184 -hm - Failed to validate connection com.mysql.cj.jdbc.ConnectionImpl@4bf969c4 (No operations allowed after connection closed.). Possibly consider using a shorter maxLifetime value.
2020-12-30 13:42:46.445 WARN [http-nio-8081-exec-10]com.zaxxer.hikari.pool.PoolBase.isConnectionAlive:184 -hm - Failed to validate connection com.mysql.cj.jdbc.ConnectionImpl@7d8ccd55 (No operations allowed after connection closed.). Possibly consider using a shorter maxLifetime value.
2020-12-30 13:42:46.448 WARN [http-nio-8081-exec-10]com.zaxxer.hikari.pool.PoolBase.isConnectionAlive:184 -hm - Failed to validate connection com.mysql.cj.jdbc.ConnectionImpl@2c9270ed (No operations allowed after connection closed.). Possibly consider using a shorter maxLifetime value.
2020-12-30 13:42:46.449 WARN [http-nio-8081-exec-10]com.zaxxer.hikari.pool.PoolBase.isConnectionAlive:184 -hm - Failed to validate connection com.mysql.cj.jdbc.ConnectionImpl@37eff64f (No operations allowed after connection closed.). Possibly consider using a shorter maxLifetime value.
2020-12-30 13:42:51.451 WARN [http-nio-8081-exec-10]com.zaxxer.hikari.pool.PoolBase.isConnectionAlive:184 -hm - Failed to validate connection com.mysql.cj.jdbc.ConnectionImpl@28111735 (No operations allowed after connection closed.). Possibly consider using a shorter maxLifetime value.
2020-12-30 13:42:51.454 WARN [http-nio-8081-exec-10]com.zaxxer.hikari.pool.PoolBase.isConnectionAlive:184 -hm - Failed to validate connection com.mysql.cj.jdbc.ConnectionImpl@17414b10 (No operations allowed after connection closed.). Possibly consider using a shorter maxLifetime value.
2020-12-30 13:42:56.452 WARN [http-nio-8081-exec-1]com.zaxxer.hikari.pool.PoolBase.isConnectionAlive:184 -hm - Failed to validate connection com.mysql.cj.jdbc.ConnectionImpl@6442c60c (No operations allowed after connection closed.). Possibly consider using a shorter maxLifetime value.
2020-12-30 13:50:29.694 WARN [http-nio-8081-exec-6]com.zaxxer.hikari.pool.PoolBase.isConnectionAlive:184 -hm - Failed to validate connection com.mysql.cj.jdbc.ConnectionImpl@7f5c9649 (No operations allowed after connection closed.). Possibly consider using a shorter maxLifetime value.
2020-12-30 13:50:29.695 WARN [http-nio-8081-exec-6]com.zaxxer.hikari.pool.PoolBase.isConnectionAlive:184 -hm - Failed to validate connection com.mysql.cj.jdbc.ConnectionImpl@1d0aec0d (No operations allowed after connection closed.). Possibly consider using a shorter maxLifetime value.
2020-12-30 13:50:29.696 WARN [http-nio-8081-exec-6]com.zaxxer.hikari.pool.PoolBase.isConnectionAlive:184 -hm - Failed to validate connection com.mysql.cj.jdbc.ConnectionImpl@580871c8 (No operations allowed after connection closed.). Possibly consider using a shorter maxLifetime value.
2020-12-30 13:50:29.696 WARN [http-nio-8081-exec-6]com.zaxxer.hikari.pool.PoolBase.isConnectionAlive:184 -hm - Failed to validate connection com.mysql.cj.jdbc.ConnectionImpl@5b42ccdb (No operations allowed after connection closed.). Possibly consider using a shorter maxLifetime value.
2020-12-30 13:50:29.697 WARN [http-nio-8081-exec-6]com.zaxxer.hikari.pool.PoolBase.isConnectionAlive:184 -hm - Failed to validate connection com.mysql.cj.jdbc.ConnectionImpl@699acea3 (No operations allowed after connection closed.). Possibly consider using a shorter maxLifetime value.
2020-12-30 13:50:29.698 WARN [http-nio-8081-exec-6]com.zaxxer.hikari.pool.PoolBase.isConnectionAlive:184 -hm - Failed to validate connection com.mysql.cj.jdbc.ConnectionImpl@233a2d19 (No operations allowed after connection closed.). Possibly consider using a shorter maxLifetime value.
2020-12-30 13:50:29.698 WARN [http-nio-8081-exec-6]com.zaxxer.hikari.pool.PoolBase.isConnectionAlive:184 -hm - Failed to validate connection com.mysql.cj.jdbc.ConnectionImpl@38278e87 (No operations allowed after connection closed.). Possibly consider using a shorter maxLifetime value.
2020-12-30 13:50:29.699 WARN [http-nio-8081-exec-6]com.zaxxer.hikari.pool.PoolBase.isConnectionAlive:184 -hm - Failed to validate connection com.mysql.cj.jdbc.ConnectionImpl@754eb94c (No operations allowed after connection closed.). Possibly consider using a shorter maxLifetime value.
2020-12-30 13:50:34.701 WARN [http-nio-8081-exec-6]com.zaxxer.hikari.pool.PoolBase.isConnectionAlive:184 -hm - Failed to validate connection com.mysql.cj.jdbc.ConnectionImpl@4a1e8e90 (No operations allowed after connection closed.). Possibly consider using a shorter maxLifetime value.
2020-12-30 13:50:34.703 WARN [http-nio-8081-exec-6]com.zaxxer.hikari.pool.PoolBase.isConnectionAlive:184 -hm - Failed to validate connection com.mysql.cj.jdbc.ConnectionImpl@3c69d219 (No operations allowed after connection closed.). Possibly consider using a shorter maxLifetime value.
2020-12-30 14:10:35.162 WARN [http-nio-8081-exec-9]com.zaxxer.hikari.pool.PoolBase.isConnectionAlive:184 -hm - Failed to validate connection com.mysql.cj.jdbc.ConnectionImpl@2b9eb02 (No operations allowed after connection closed.). Possibly consider using a shorter maxLifetime value.
2020-12-30 14:10:35.164 WARN [http-nio-8081-exec-9]com.zaxxer.hikari.pool.PoolBase.isConnectionAlive:184 -hm - Failed to validate connection com.mysql.cj.jdbc.ConnectionImpl@3e4cbc85 (No operations allowed after connection closed.). Possibly consider using a shorter maxLifetime value.
2020-12-30 14:10:35.165 WARN [http-nio-8081-exec-9]com.zaxxer.hikari.pool.PoolBase.isConnectionAlive:184 -hm - Failed to validate connection com.mysql.cj.jdbc.ConnectionImpl@27e1032a (No operations allowed after connection closed.). Possibly consider using a shorter maxLifetime value.
2020-12-30 14:10:35.167 WARN [http-nio-8081-exec-9]com.zaxxer.hikari.pool.PoolBase.isConnectionAlive:184 -hm - Failed to validate connection com.mysql.cj.jdbc.ConnectionImpl@5265790b (No operations allowed after connection closed.). Possibly consider using a shorter maxLifetime value.
2020-12-30 14:10:35.168 WARN [http-nio-8081-exec-9]com.zaxxer.hikari.pool.PoolBase.isConnectionAlive:184 -hm - Failed to validate connection com.mysql.cj.jdbc.ConnectionImpl@704e9392 (No operations allowed after connection closed.). Possibly consider using a shorter maxLifetime value.
2020-12-30 14:10:35.169 WARN [http-nio-8081-exec-9]com.zaxxer.hikari.pool.PoolBase.isConnectionAlive:184 -hm - Failed to validate connection com.mysql.cj.jdbc.ConnectionImpl@2b3da18a (No operations allowed after connection closed.). Possibly consider using a shorter maxLifetime value.
2020-12-30 14:10:35.170 WARN [http-nio-8081-exec-9]com.zaxxer.hikari.pool.PoolBase.isConnectionAlive:184 -hm - Failed to validate connection com.mysql.cj.jdbc.ConnectionImpl@4ea1f94 (No operations allowed after connection closed.). Possibly consider using a shorter maxLifetime value.
2020-12-30 14:10:35.171 WARN [http-nio-8081-exec-9]com.zaxxer.hikari.pool.PoolBase.isConnectionAlive:184 -hm - Failed to validate connection com.mysql.cj.jdbc.ConnectionImpl@7d3e8323 (No operations allowed after connection closed.). Possibly consider using a shorter maxLifetime value.
2020-12-30 14:10:35.172 WARN [http-nio-8081-exec-9]com.zaxxer.hikari.pool.PoolBase.isConnectionAlive:184 -hm - Failed to validate connection com.mysql.cj.jdbc.ConnectionImpl@79e84d15 (No operations allowed after connection closed.). Possibly consider using a shorter maxLifetime value.
2020-12-30 14:10:35.173 WARN [http-nio-8081-exec-9]com.zaxxer.hikari.pool.PoolBase.isConnectionAlive:184 -hm - Failed to validate connection com.mysql.cj.jdbc.ConnectionImpl@3f9f9253 (No operations allowed after connection closed.). Possibly consider using a shorter maxLifetime value.
2020-12-30 14:11:25.143 INFO [main]com.information.five.FiveApplication.logStarting:55 -Starting FiveApplication using Java 1.8.0_181 on QAQ-TTT with PID 11456 (E:\IDEAproject\five\target\classes started by ZZT in E:\IDEAproject\five)
2020-12-30 14:11:25.147 INFO [main]com.information.five.FiveApplication.logStartupProfileInfo:660 -No active profile set, falling back to default profiles: default
2020-12-30 14:11:26.236 INFO [main]o.s.c.s.PostProcessorRegistrationDelegate$BeanPostProcessorChecker.postProcessAfterInitialization:350 -Bean 'spring.datasource.dynamic-com.baomidou.dynamic.datasource.spring.boot.autoconfigure.DynamicDataSourceProperties' of type [com.baomidou.dynamic.datasource.spring.boot.autoconfigure.DynamicDataSourceProperties] is not eligible for getting processed by all BeanPostProcessors (for example: not eligible for auto-proxying)
2020-12-30 14:11:26.238 INFO [main]o.s.c.s.PostProcessorRegistrationDelegate$BeanPostProcessorChecker.postProcessAfterInitialization:350 -Bean 'com.baomidou.dynamic.datasource.spring.boot.autoconfigure.DynamicDataSourceAutoConfiguration' of type [com.baomidou.dynamic.datasource.spring.boot.autoconfigure.DynamicDataSourceAutoConfiguration$$EnhancerBySpringCGLIB$$4dcf735] is not eligible for getting processed by all BeanPostProcessors (for example: not eligible for auto-proxying)
2020-12-30 14:11:26.249 INFO [main]o.s.c.s.PostProcessorRegistrationDelegate$BeanPostProcessorChecker.postProcessAfterInitialization:350 -Bean 'dsProcessor' of type [com.baomidou.dynamic.datasource.processor.DsHeaderProcessor] is not eligible for getting processed by all BeanPostProcessors (for example: not eligible for auto-proxying)
2020-12-30 14:11:26.474 INFO [main]o.s.boot.web.embedded.tomcat.TomcatWebServer.initialize:108 -Tomcat initialized with port(s): 8081 (http)
2020-12-30 14:11:26.481 INFO [main]org.apache.coyote.http11.Http11NioProtocol.log:173 -Initializing ProtocolHandler ["http-nio-8081"]
2020-12-30 14:11:26.482 INFO [main]org.apache.catalina.core.StandardService.log:173 -Starting service [Tomcat]
2020-12-30 14:11:26.482 INFO [main]org.apache.catalina.core.StandardEngine.log:173 -Starting Servlet engine: [Apache Tomcat/9.0.41]
2020-12-30 14:11:26.484 INFO [main]org.apache.catalina.core.AprLifecycleListener.log:173 -An older version [1.2.17] of the Apache Tomcat Native library is installed, while Tomcat recommends a minimum version of [1.2.23]
2020-12-30 14:11:26.484 INFO [main]org.apache.catalina.core.AprLifecycleListener.log:173 -Loaded Apache Tomcat Native library [1.2.17] using APR version [1.6.3].
2020-12-30 14:11:26.484 INFO [main]org.apache.catalina.core.AprLifecycleListener.log:173 -APR capabilities: IPv6 [true], sendfile [true], accept filters [false], random [true].
2020-12-30 14:11:26.484 INFO [main]org.apache.catalina.core.AprLifecycleListener.log:173 -APR/OpenSSL configuration: useAprConnector [false], useOpenSSL [true]
2020-12-30 14:11:27.541 INFO [main]org.apache.catalina.core.AprLifecycleListener.log:173 -OpenSSL successfully initialized [OpenSSL 1.0.2o  27 Mar 2018]
2020-12-30 14:11:27.624 INFO [main]o.a.catalina.core.ContainerBase.[Tomcat].[localhost].[/].log:173 -Initializing Spring embedded WebApplicationContext
2020-12-30 14:11:27.624 INFO [main]o.s.b.w.s.context.ServletWebServerApplicationContext.prepareWebApplicationContext:289 -Root WebApplicationContext: initialization completed in 2420 ms
2020-12-30 14:11:27.754 INFO [main]com.zaxxer.hikari.HikariDataSource.<init>:80 -hm - Starting...
2020-12-30 14:11:43.480 INFO [main]com.zaxxer.hikari.HikariDataSource.<init>:82 -hm - Start completed.
2020-12-30 14:11:43.481 INFO [main]com.zaxxer.hikari.HikariDataSource.<init>:80 -test1 - Starting...
2020-12-30 14:11:43.487 INFO [main]com.zaxxer.hikari.HikariDataSource.<init>:82 -test1 - Start completed.
2020-12-30 14:11:43.487 INFO [main]com.baomidou.dynamic.datasource.DynamicRoutingDataSource.addDataSource:132 -dynamic-datasource - load a datasource named [hm] success
2020-12-30 14:11:43.487 INFO [main]com.baomidou.dynamic.datasource.DynamicRoutingDataSource.addDataSource:132 -dynamic-datasource - load a datasource named [test1] success
2020-12-30 14:11:43.487 INFO [main]com.baomidou.dynamic.datasource.DynamicRoutingDataSource.afterPropertiesSet:237 -dynamic-datasource initial loaded [2] datasource,primary datasource named [hm]
2020-12-30 14:11:44.211 INFO [main]s.d.s.web.PropertySourcedRequestMappingHandlerMapping.initHandlerMethods:69 -Mapped URL path [/v2/api-docs] onto method [springfox.documentation.swagger2.web.Swagger2Controller#getDocumentation(String, HttpServletRequest)]
2020-12-30 14:11:44.307 INFO [main]o.s.scheduling.concurrent.ThreadPoolTaskExecutor.initialize:181 -Initializing ExecutorService 'applicationTaskExecutor'
2020-12-30 14:11:44.470 INFO [main]org.apache.coyote.http11.Http11NioProtocol.log:173 -Starting ProtocolHandler ["http-nio-8081"]
2020-12-30 14:11:44.487 INFO [main]o.s.boot.web.embedded.tomcat.TomcatWebServer.start:220 -Tomcat started on port(s): 8081 (http) with context path ''
2020-12-30 14:11:44.488 INFO [main]s.d.spring.web.plugins.DocumentationPluginsBootstrapper.start:160 -Context refreshed
2020-12-30 14:11:44.504 INFO [main]s.d.spring.web.plugins.DocumentationPluginsBootstrapper.start:163 -Found 1 custom documentation plugin(s)
2020-12-30 14:11:44.534 INFO [main]s.d.spring.web.scanners.ApiListingReferenceScanner.scan:41 -Scanning for api listing references
2020-12-30 14:11:44.697 INFO [main]com.information.five.FiveApplication.logStarted:61 -Started FiveApplication in 20.096 seconds (JVM running for 22.227)
2020-12-30 14:11:48.848 INFO [http-nio-8081-exec-1]o.a.catalina.core.ContainerBase.[Tomcat].[localhost].[/].log:173 -Initializing Spring DispatcherServlet 'dispatcherServlet'
2020-12-30 14:11:48.849 INFO [http-nio-8081-exec-1]org.springframework.web.servlet.DispatcherServlet.initServletBean:525 -Initializing Servlet 'dispatcherServlet'
2020-12-30 14:11:48.850 INFO [http-nio-8081-exec-1]org.springframework.web.servlet.DispatcherServlet.initServletBean:547 -Completed initialization in 1 ms
2020-12-30 14:14:08.048 WARN [hm housekeeper]com.zaxxer.hikari.pool.HikariPool.run:787 -hm - Thread starvation or clock leap detected (housekeeper delta=1m52s493ms381µs500ns).
2020-12-30 14:14:08.048 WARN [test1 housekeeper]com.zaxxer.hikari.pool.HikariPool.run:787 -test1 - Thread starvation or clock leap detected (housekeeper delta=1m52s493ms600µs300ns).
2020-12-30 14:14:11.571 INFO [main]com.information.five.FiveApplication.logStarting:55 -Starting FiveApplication using Java 1.8.0_181 on QAQ-TTT with PID 22412 (E:\IDEAproject\five\target\classes started by ZZT in E:\IDEAproject\five)
2020-12-30 14:14:11.574 INFO [main]com.information.five.FiveApplication.logStartupProfileInfo:660 -No active profile set, falling back to default profiles: default
2020-12-30 14:14:12.470 INFO [main]o.s.c.s.PostProcessorRegistrationDelegate$BeanPostProcessorChecker.postProcessAfterInitialization:350 -Bean 'spring.datasource.dynamic-com.baomidou.dynamic.datasource.spring.boot.autoconfigure.DynamicDataSourceProperties' of type [com.baomidou.dynamic.datasource.spring.boot.autoconfigure.DynamicDataSourceProperties] is not eligible for getting processed by all BeanPostProcessors (for example: not eligible for auto-proxying)
2020-12-30 14:14:12.471 INFO [main]o.s.c.s.PostProcessorRegistrationDelegate$BeanPostProcessorChecker.postProcessAfterInitialization:350 -Bean 'com.baomidou.dynamic.datasource.spring.boot.autoconfigure.DynamicDataSourceAutoConfiguration' of type [com.baomidou.dynamic.datasource.spring.boot.autoconfigure.DynamicDataSourceAutoConfiguration$$EnhancerBySpringCGLIB$$eacdf7f4] is not eligible for getting processed by all BeanPostProcessors (for example: not eligible for auto-proxying)
2020-12-30 14:14:12.481 INFO [main]o.s.c.s.PostProcessorRegistrationDelegate$BeanPostProcessorChecker.postProcessAfterInitialization:350 -Bean 'dsProcessor' of type [com.baomidou.dynamic.datasource.processor.DsHeaderProcessor] is not eligible for getting processed by all BeanPostProcessors (for example: not eligible for auto-proxying)
2020-12-30 14:14:12.654 INFO [main]o.s.boot.web.embedded.tomcat.TomcatWebServer.initialize:108 -Tomcat initialized with port(s): 8081 (http)
2020-12-30 14:14:12.660 INFO [main]org.apache.coyote.http11.Http11NioProtocol.log:173 -Initializing ProtocolHandler ["http-nio-8081"]
2020-12-30 14:14:12.660 INFO [main]org.apache.catalina.core.StandardService.log:173 -Starting service [Tomcat]
2020-12-30 14:14:12.662 INFO [main]org.apache.catalina.core.StandardEngine.log:173 -Starting Servlet engine: [Apache Tomcat/9.0.41]
2020-12-30 14:14:12.663 INFO [main]org.apache.catalina.core.AprLifecycleListener.log:173 -An older version [1.2.17] of the Apache Tomcat Native library is installed, while Tomcat recommends a minimum version of [1.2.23]
2020-12-30 14:14:12.663 INFO [main]org.apache.catalina.core.AprLifecycleListener.log:173 -Loaded Apache Tomcat Native library [1.2.17] using APR version [1.6.3].
2020-12-30 14:14:12.663 INFO [main]org.apache.catalina.core.AprLifecycleListener.log:173 -APR capabilities: IPv6 [true], sendfile [true], accept filters [false], random [true].
2020-12-30 14:14:12.663 INFO [main]org.apache.catalina.core.AprLifecycleListener.log:173 -APR/OpenSSL configuration: useAprConnector [false], useOpenSSL [true]
2020-12-30 14:14:13.712 INFO [main]org.apache.catalina.core.AprLifecycleListener.log:173 -OpenSSL successfully initialized [OpenSSL 1.0.2o  27 Mar 2018]
2020-12-30 14:14:13.788 INFO [main]o.a.catalina.core.ContainerBase.[Tomcat].[localhost].[/].log:173 -Initializing Spring embedded WebApplicationContext
2020-12-30 14:14:13.789 INFO [main]o.s.b.w.s.context.ServletWebServerApplicationContext.prepareWebApplicationContext:289 -Root WebApplicationContext: initialization completed in 2173 ms
2020-12-30 14:14:13.896 INFO [main]com.zaxxer.hikari.HikariDataSource.<init>:80 -hm - Starting...
2020-12-30 14:14:14.550 INFO [main]com.zaxxer.hikari.HikariDataSource.<init>:82 -hm - Start completed.
2020-12-30 14:14:14.550 INFO [main]com.zaxxer.hikari.HikariDataSource.<init>:80 -test1 - Starting...
2020-12-30 14:14:14.556 INFO [main]com.zaxxer.hikari.HikariDataSource.<init>:82 -test1 - Start completed.
2020-12-30 14:14:14.557 INFO [main]com.baomidou.dynamic.datasource.DynamicRoutingDataSource.addDataSource:132 -dynamic-datasource - load a datasource named [hm] success
2020-12-30 14:14:14.557 INFO [main]com.baomidou.dynamic.datasource.DynamicRoutingDataSource.addDataSource:132 -dynamic-datasource - load a datasource named [test1] success
2020-12-30 14:14:14.557 INFO [main]com.baomidou.dynamic.datasource.DynamicRoutingDataSource.afterPropertiesSet:237 -dynamic-datasource initial loaded [2] datasource,primary datasource named [hm]
2020-12-30 14:14:15.141 INFO [main]s.d.s.web.PropertySourcedRequestMappingHandlerMapping.initHandlerMethods:69 -Mapped URL path [/v2/api-docs] onto method [springfox.documentation.swagger2.web.Swagger2Controller#getDocumentation(String, HttpServletRequest)]
2020-12-30 14:14:15.213 INFO [main]o.s.scheduling.concurrent.ThreadPoolTaskExecutor.initialize:181 -Initializing ExecutorService 'applicationTaskExecutor'
2020-12-30 14:14:15.350 INFO [main]org.apache.coyote.http11.Http11NioProtocol.log:173 -Starting ProtocolHandler ["http-nio-8081"]
2020-12-30 14:14:15.365 INFO [main]o.s.boot.web.embedded.tomcat.TomcatWebServer.start:220 -Tomcat started on port(s): 8081 (http) with context path ''
2020-12-30 14:14:15.366 INFO [main]s.d.spring.web.plugins.DocumentationPluginsBootstrapper.start:160 -Context refreshed
2020-12-30 14:14:15.379 INFO [main]s.d.spring.web.plugins.DocumentationPluginsBootstrapper.start:163 -Found 1 custom documentation plugin(s)
2020-12-30 14:14:15.402 INFO [main]s.d.spring.web.scanners.ApiListingReferenceScanner.scan:41 -Scanning for api listing references
2020-12-30 14:14:15.538 INFO [main]com.information.five.FiveApplication.logStarted:61 -Started FiveApplication in 4.531 seconds (JVM running for 7.169)
2020-12-30 14:14:21.204 INFO [http-nio-8081-exec-1]o.a.catalina.core.ContainerBase.[Tomcat].[localhost].[/].log:173 -Initializing Spring DispatcherServlet 'dispatcherServlet'
2020-12-30 14:14:21.204 INFO [http-nio-8081-exec-1]org.springframework.web.servlet.DispatcherServlet.initServletBean:525 -Initializing Servlet 'dispatcherServlet'
2020-12-30 14:14:21.205 INFO [http-nio-8081-exec-1]org.springframework.web.servlet.DispatcherServlet.initServletBean:547 -Completed initialization in 1 ms
2020-12-30 14:27:29.569 WARN [http-nio-8081-exec-1]com.zaxxer.hikari.pool.PoolBase.isConnectionAlive:184 -hm - Failed to validate connection com.mysql.cj.jdbc.ConnectionImpl@21a4f0f2 (No operations allowed after connection closed.). Possibly consider using a shorter maxLifetime value.
2020-12-30 14:27:29.570 WARN [http-nio-8081-exec-1]com.zaxxer.hikari.pool.PoolBase.isConnectionAlive:184 -hm - Failed to validate connection com.mysql.cj.jdbc.ConnectionImpl@55b84e07 (No operations allowed after connection closed.). Possibly consider using a shorter maxLifetime value.
2020-12-30 14:27:29.571 WARN [http-nio-8081-exec-1]com.zaxxer.hikari.pool.PoolBase.isConnectionAlive:184 -hm - Failed to validate connection com.mysql.cj.jdbc.ConnectionImpl@2144db37 (No operations allowed after connection closed.). Possibly consider using a shorter maxLifetime value.
2020-12-30 14:27:29.573 WARN [http-nio-8081-exec-1]com.zaxxer.hikari.pool.PoolBase.isConnectionAlive:184 -hm - Failed to validate connection com.mysql.cj.jdbc.ConnectionImpl@2344a1ac (No operations allowed after connection closed.). Possibly consider using a shorter maxLifetime value.
2020-12-30 14:27:29.574 WARN [http-nio-8081-exec-1]com.zaxxer.hikari.pool.PoolBase.isConnectionAlive:184 -hm - Failed to validate connection com.mysql.cj.jdbc.ConnectionImpl@3296dd8 (No operations allowed after connection closed.). Possibly consider using a shorter maxLifetime value.
2020-12-30 14:27:34.576 WARN [http-nio-8081-exec-1]com.zaxxer.hikari.pool.PoolBase.isConnectionAlive:184 -hm - Failed to validate connection com.mysql.cj.jdbc.ConnectionImpl@1476c3cc (No operations allowed after connection closed.). Possibly consider using a shorter maxLifetime value.
2020-12-30 14:27:34.676 WARN [http-nio-8081-exec-1]com.zaxxer.hikari.pool.PoolBase.isConnectionAlive:184 -hm - Failed to validate connection com.mysql.cj.jdbc.ConnectionImpl@15a3a516 (No operations allowed after connection closed.). Possibly consider using a shorter maxLifetime value.
2020-12-30 14:27:39.678 WARN [http-nio-8081-exec-1]com.zaxxer.hikari.pool.PoolBase.isConnectionAlive:184 -hm - Failed to validate connection com.mysql.cj.jdbc.ConnectionImpl@5d2c4dd7 (No operations allowed after connection closed.). Possibly consider using a shorter maxLifetime value.
2020-12-30 14:27:39.680 WARN [http-nio-8081-exec-1]com.zaxxer.hikari.pool.PoolBase.isConnectionAlive:184 -hm - Failed to validate connection com.mysql.cj.jdbc.ConnectionImpl@d808978 (No operations allowed after connection closed.). Possibly consider using a shorter maxLifetime value.
2020-12-30 14:27:39.682 WARN [http-nio-8081-exec-1]com.zaxxer.hikari.pool.PoolBase.isConnectionAlive:184 -hm - Failed to validate connection com.mysql.cj.jdbc.ConnectionImpl@50306cb (No operations allowed after connection closed.). Possibly consider using a shorter maxLifetime value.
2020-12-30 14:31:35.327 WARN [http-nio-8081-exec-2]com.zaxxer.hikari.pool.PoolBase.isConnectionAlive:184 -hm - Failed to validate connection com.mysql.cj.jdbc.ConnectionImpl@71bbdd7e (No operations allowed after connection closed.). Possibly consider using a shorter maxLifetime value.
2020-12-30 14:31:35.329 WARN [http-nio-8081-exec-2]com.zaxxer.hikari.pool.PoolBase.isConnectionAlive:184 -hm - Failed to validate connection com.mysql.cj.jdbc.ConnectionImpl@1679fe31 (No operations allowed after connection closed.). Possibly consider using a shorter maxLifetime value.
2020-12-30 14:31:40.332 WARN [http-nio-8081-exec-2]com.zaxxer.hikari.pool.PoolBase.isConnectionAlive:184 -hm - Failed to validate connection com.mysql.cj.jdbc.ConnectionImpl@5f85e7bf (No operations allowed after connection closed.). Possibly consider using a shorter maxLifetime value.
2020-12-30 14:31:40.334 WARN [http-nio-8081-exec-2]com.zaxxer.hikari.pool.PoolBase.isConnectionAlive:184 -hm - Failed to validate connection com.mysql.cj.jdbc.ConnectionImpl@505649f9 (No operations allowed after connection closed.). Possibly consider using a shorter maxLifetime value.
2020-12-30 14:31:45.336 WARN [http-nio-8081-exec-2]com.zaxxer.hikari.pool.PoolBase.isConnectionAlive:184 -hm - Failed to validate connection com.mysql.cj.jdbc.ConnectionImpl@987bdb4 (No operations allowed after connection closed.). Possibly consider using a shorter maxLifetime value.
2020-12-30 14:31:45.338 WARN [http-nio-8081-exec-2]com.zaxxer.hikari.pool.PoolBase.isConnectionAlive:184 -hm - Failed to validate connection com.mysql.cj.jdbc.ConnectionImpl@6ed18814 (No operations allowed after connection closed.). Possibly consider using a shorter maxLifetime value.
2020-12-30 14:31:50.339 WARN [http-nio-8081-exec-2]com.zaxxer.hikari.pool.PoolBase.isConnectionAlive:184 -hm - Failed to validate connection com.mysql.cj.jdbc.ConnectionImpl@5a8fe267 (No operations allowed after connection closed.). Possibly consider using a shorter maxLifetime value.
2020-12-30 14:31:50.341 WARN [http-nio-8081-exec-2]com.zaxxer.hikari.pool.PoolBase.isConnectionAlive:184 -hm - Failed to validate connection com.mysql.cj.jdbc.ConnectionImpl@7e1b3fa (No operations allowed after connection closed.). Possibly consider using a shorter maxLifetime value.
2020-12-30 14:31:52.682 WARN [http-nio-8081-exec-8]com.zaxxer.hikari.pool.PoolBase.isConnectionAlive:184 -hm - Failed to validate connection com.mysql.cj.jdbc.ConnectionImpl@2c4d94d1 (No operations allowed after connection closed.). Possibly consider using a shorter maxLifetime value.
2020-12-30 14:31:55.344 WARN [http-nio-8081-exec-2]com.zaxxer.hikari.pool.PoolBase.isConnectionAlive:184 -hm - Failed to validate connection com.mysql.cj.jdbc.ConnectionImpl@65121a3a (No operations allowed after connection closed.). Possibly consider using a shorter maxLifetime value.
2020-12-30 14:41:43.050 WARN [http-nio-8081-exec-5]com.zaxxer.hikari.pool.PoolBase.isConnectionAlive:184 -hm - Failed to validate connection com.mysql.cj.jdbc.ConnectionImpl@7aebdf3e (No operations allowed after connection closed.). Possibly consider using a shorter maxLifetime value.
2020-12-30 14:41:48.054 WARN [http-nio-8081-exec-5]com.zaxxer.hikari.pool.PoolBase.isConnectionAlive:184 -hm - Failed to validate connection com.mysql.cj.jdbc.ConnectionImpl@55b8d386 (No operations allowed after connection closed.). Possibly consider using a shorter maxLifetime value.
2020-12-30 14:41:48.056 WARN [http-nio-8081-exec-5]com.zaxxer.hikari.pool.PoolBase.isConnectionAlive:184 -hm - Failed to validate connection com.mysql.cj.jdbc.ConnectionImpl@38028b14 (No operations allowed after connection closed.). Possibly consider using a shorter maxLifetime value.
2020-12-30 14:41:48.058 WARN [http-nio-8081-exec-5]com.zaxxer.hikari.pool.PoolBase.isConnectionAlive:184 -hm - Failed to validate connection com.mysql.cj.jdbc.ConnectionImpl@59c5b043 (No operations allowed after connection closed.). Possibly consider using a shorter maxLifetime value.
2020-12-30 14:41:48.059 WARN [http-nio-8081-exec-5]com.zaxxer.hikari.pool.PoolBase.isConnectionAlive:184 -hm - Failed to validate connection com.mysql.cj.jdbc.ConnectionImpl@4af27c1e (No operations allowed after connection closed.). Possibly consider using a shorter maxLifetime value.
2020-12-30 14:41:48.061 WARN [http-nio-8081-exec-5]com.zaxxer.hikari.pool.PoolBase.isConnectionAlive:184 -hm - Failed to validate connection com.mysql.cj.jdbc.ConnectionImpl@6c0025ab (No operations allowed after connection closed.). Possibly consider using a shorter maxLifetime value.
2020-12-30 14:41:53.061 WARN [http-nio-8081-exec-5]com.zaxxer.hikari.pool.PoolBase.isConnectionAlive:184 -hm - Failed to validate connection com.mysql.cj.jdbc.ConnectionImpl@40765914 (No operations allowed after connection closed.). Possibly consider using a shorter maxLifetime value.
2020-12-30 14:41:53.062 WARN [http-nio-8081-exec-5]com.zaxxer.hikari.pool.PoolBase.isConnectionAlive:184 -hm - Failed to validate connection com.mysql.cj.jdbc.ConnectionImpl@6d8e26eb (No operations allowed after connection closed.). Possibly consider using a shorter maxLifetime value.
2020-12-30 14:41:53.063 WARN [http-nio-8081-exec-5]com.zaxxer.hikari.pool.PoolBase.isConnectionAlive:184 -hm - Failed to validate connection com.mysql.cj.jdbc.ConnectionImpl@ce6b8c (No operations allowed after connection closed.). Possibly consider using a shorter maxLifetime value.
2020-12-30 14:41:53.064 WARN [http-nio-8081-exec-5]com.zaxxer.hikari.pool.PoolBase.isConnectionAlive:184 -hm - Failed to validate connection com.mysql.cj.jdbc.ConnectionImpl@72823c78 (No operations allowed after connection closed.). Possibly consider using a shorter maxLifetime value.
2020-12-30 14:43:31.400 INFO [main]com.information.five.FiveApplication.logStarting:55 -Starting FiveApplication using Java 1.8.0_181 on QAQ-TTT with PID 18792 (E:\IDEAproject\five\target\classes started by ZZT in E:\IDEAproject\five)
2020-12-30 14:43:31.407 INFO [main]com.information.five.FiveApplication.logStartupProfileInfo:660 -No active profile set, falling back to default profiles: default
2020-12-30 14:43:32.627 INFO [main]o.s.c.s.PostProcessorRegistrationDelegate$BeanPostProcessorChecker.postProcessAfterInitialization:350 -Bean 'spring.datasource.dynamic-com.baomidou.dynamic.datasource.spring.boot.autoconfigure.DynamicDataSourceProperties' of type [com.baomidou.dynamic.datasource.spring.boot.autoconfigure.DynamicDataSourceProperties] is not eligible for getting processed by all BeanPostProcessors (for example: not eligible for auto-proxying)
2020-12-30 14:43:32.628 INFO [main]o.s.c.s.PostProcessorRegistrationDelegate$BeanPostProcessorChecker.postProcessAfterInitialization:350 -Bean 'com.baomidou.dynamic.datasource.spring.boot.autoconfigure.DynamicDataSourceAutoConfiguration' of type [com.baomidou.dynamic.datasource.spring.boot.autoconfigure.DynamicDataSourceAutoConfiguration$$EnhancerBySpringCGLIB$$b94f1efe] is not eligible for getting processed by all BeanPostProcessors (for example: not eligible for auto-proxying)
2020-12-30 14:43:32.639 INFO [main]o.s.c.s.PostProcessorRegistrationDelegate$BeanPostProcessorChecker.postProcessAfterInitialization:350 -Bean 'dsProcessor' of type [com.baomidou.dynamic.datasource.processor.DsHeaderProcessor] is not eligible for getting processed by all BeanPostProcessors (for example: not eligible for auto-proxying)
2020-12-30 14:43:32.862 INFO [main]o.s.boot.web.embedded.tomcat.TomcatWebServer.initialize:108 -Tomcat initialized with port(s): 8081 (http)
2020-12-30 14:43:32.870 INFO [main]org.apache.coyote.http11.Http11NioProtocol.log:173 -Initializing ProtocolHandler ["http-nio-8081"]
2020-12-30 14:43:32.871 INFO [main]org.apache.catalina.core.StandardService.log:173 -Starting service [Tomcat]
2020-12-30 14:43:32.871 INFO [main]org.apache.catalina.core.StandardEngine.log:173 -Starting Servlet engine: [Apache Tomcat/9.0.41]
2020-12-30 14:43:32.872 INFO [main]org.apache.catalina.core.AprLifecycleListener.log:173 -An older version [1.2.17] of the Apache Tomcat Native library is installed, while Tomcat recommends a minimum version of [1.2.23]
2020-12-30 14:43:32.873 INFO [main]org.apache.catalina.core.AprLifecycleListener.log:173 -Loaded Apache Tomcat Native library [1.2.17] using APR version [1.6.3].
2020-12-30 14:43:32.873 INFO [main]org.apache.catalina.core.AprLifecycleListener.log:173 -APR capabilities: IPv6 [true], sendfile [true], accept filters [false], random [true].
2020-12-30 14:43:32.873 INFO [main]org.apache.catalina.core.AprLifecycleListener.log:173 -APR/OpenSSL configuration: useAprConnector [false], useOpenSSL [true]
2020-12-30 14:43:33.936 INFO [main]org.apache.catalina.core.AprLifecycleListener.log:173 -OpenSSL successfully initialized [OpenSSL 1.0.2o  27 Mar 2018]
2020-12-30 14:43:34.017 INFO [main]o.a.catalina.core.ContainerBase.[Tomcat].[localhost].[/].log:173 -Initializing Spring embedded WebApplicationContext
2020-12-30 14:43:34.017 INFO [main]o.s.b.w.s.context.ServletWebServerApplicationContext.prepareWebApplicationContext:289 -Root WebApplicationContext: initialization completed in 2529 ms
2020-12-30 14:43:34.153 INFO [main]com.zaxxer.hikari.HikariDataSource.<init>:80 -hm - Starting...
2020-12-30 14:43:34.945 INFO [main]com.zaxxer.hikari.HikariDataSource.<init>:82 -hm - Start completed.
2020-12-30 14:43:34.946 INFO [main]com.zaxxer.hikari.HikariDataSource.<init>:80 -test1 - Starting...
2020-12-30 14:43:34.953 INFO [main]com.zaxxer.hikari.HikariDataSource.<init>:82 -test1 - Start completed.
2020-12-30 14:43:34.954 INFO [main]com.baomidou.dynamic.datasource.DynamicRoutingDataSource.addDataSource:132 -dynamic-datasource - load a datasource named [hm] success
2020-12-30 14:43:34.954 INFO [main]com.baomidou.dynamic.datasource.DynamicRoutingDataSource.addDataSource:132 -dynamic-datasource - load a datasource named [test1] success
2020-12-30 14:43:34.954 INFO [main]com.baomidou.dynamic.datasource.DynamicRoutingDataSource.afterPropertiesSet:237 -dynamic-datasource initial loaded [2] datasource,primary datasource named [hm]
2020-12-30 14:43:35.683 INFO [main]s.d.s.web.PropertySourcedRequestMappingHandlerMapping.initHandlerMethods:69 -Mapped URL path [/v2/api-docs] onto method [springfox.documentation.swagger2.web.Swagger2Controller#getDocumentation(String, HttpServletRequest)]
2020-12-30 14:43:35.770 INFO [main]o.s.scheduling.concurrent.ThreadPoolTaskExecutor.initialize:181 -Initializing ExecutorService 'applicationTaskExecutor'
2020-12-30 14:43:35.922 INFO [main]org.apache.coyote.http11.Http11NioProtocol.log:173 -Starting ProtocolHandler ["http-nio-8081"]
2020-12-30 14:43:35.939 INFO [main]o.s.boot.web.embedded.tomcat.TomcatWebServer.start:220 -Tomcat started on port(s): 8081 (http) with context path ''
2020-12-30 14:43:35.940 INFO [main]s.d.spring.web.plugins.DocumentationPluginsBootstrapper.start:160 -Context refreshed
2020-12-30 14:43:35.956 INFO [main]s.d.spring.web.plugins.DocumentationPluginsBootstrapper.start:163 -Found 1 custom documentation plugin(s)
2020-12-30 14:43:35.990 INFO [main]s.d.spring.web.scanners.ApiListingReferenceScanner.scan:41 -Scanning for api listing references
2020-12-30 14:43:36.151 INFO [main]com.information.five.FiveApplication.logStarted:61 -Started FiveApplication in 5.518 seconds (JVM running for 6.967)
2020-12-30 14:43:36.241 INFO [http-nio-8081-exec-1]o.a.catalina.core.ContainerBase.[Tomcat].[localhost].[/].log:173 -Initializing Spring DispatcherServlet 'dispatcherServlet'
2020-12-30 14:43:36.242 INFO [http-nio-8081-exec-1]org.springframework.web.servlet.DispatcherServlet.initServletBean:525 -Initializing Servlet 'dispatcherServlet'
2020-12-30 14:43:36.243 INFO [http-nio-8081-exec-1]org.springframework.web.servlet.DispatcherServlet.initServletBean:547 -Completed initialization in 1 ms
2020-12-30 14:44:55.699 WARN [http-nio-8081-exec-9]com.zaxxer.hikari.pool.PoolBase.isConnectionAlive:184 -hm - Failed to validate connection com.mysql.cj.jdbc.ConnectionImpl@4f1fa35e (No operations allowed after connection closed.). Possibly consider using a shorter maxLifetime value.
2020-12-30 14:46:08.620 INFO [main]com.information.five.FiveApplication.logStarting:55 -Starting FiveApplication using Java 1.8.0_181 on QAQ-TTT with PID 4800 (E:\IDEAproject\five\target\classes started by ZZT in E:\IDEAproject\five)
2020-12-30 14:46:08.624 INFO [main]com.information.five.FiveApplication.logStartupProfileInfo:660 -No active profile set, falling back to default profiles: default
2020-12-30 14:46:09.554 INFO [main]o.s.c.s.PostProcessorRegistrationDelegate$BeanPostProcessorChecker.postProcessAfterInitialization:350 -Bean 'spring.datasource.dynamic-com.baomidou.dynamic.datasource.spring.boot.autoconfigure.DynamicDataSourceProperties' of type [com.baomidou.dynamic.datasource.spring.boot.autoconfigure.DynamicDataSourceProperties] is not eligible for getting processed by all BeanPostProcessors (for example: not eligible for auto-proxying)
2020-12-30 14:46:09.555 INFO [main]o.s.c.s.PostProcessorRegistrationDelegate$BeanPostProcessorChecker.postProcessAfterInitialization:350 -Bean 'com.baomidou.dynamic.datasource.spring.boot.autoconfigure.DynamicDataSourceAutoConfiguration' of type [com.baomidou.dynamic.datasource.spring.boot.autoconfigure.DynamicDataSourceAutoConfiguration$$EnhancerBySpringCGLIB$$eacdf7f4] is not eligible for getting processed by all BeanPostProcessors (for example: not eligible for auto-proxying)
2020-12-30 14:46:09.564 INFO [main]o.s.c.s.PostProcessorRegistrationDelegate$BeanPostProcessorChecker.postProcessAfterInitialization:350 -Bean 'dsProcessor' of type [com.baomidou.dynamic.datasource.processor.DsHeaderProcessor] is not eligible for getting processed by all BeanPostProcessors (for example: not eligible for auto-proxying)
2020-12-30 14:46:09.737 INFO [main]o.s.boot.web.embedded.tomcat.TomcatWebServer.initialize:108 -Tomcat initialized with port(s): 8081 (http)
2020-12-30 14:46:09.744 INFO [main]org.apache.coyote.http11.Http11NioProtocol.log:173 -Initializing ProtocolHandler ["http-nio-8081"]
2020-12-30 14:46:09.744 INFO [main]org.apache.catalina.core.StandardService.log:173 -Starting service [Tomcat]
2020-12-30 14:46:09.744 INFO [main]org.apache.catalina.core.StandardEngine.log:173 -Starting Servlet engine: [Apache Tomcat/9.0.41]
2020-12-30 14:46:09.746 INFO [main]org.apache.catalina.core.AprLifecycleListener.log:173 -An older version [1.2.17] of the Apache Tomcat Native library is installed, while Tomcat recommends a minimum version of [1.2.23]
2020-12-30 14:46:09.746 INFO [main]org.apache.catalina.core.AprLifecycleListener.log:173 -Loaded Apache Tomcat Native library [1.2.17] using APR version [1.6.3].
2020-12-30 14:46:09.746 INFO [main]org.apache.catalina.core.AprLifecycleListener.log:173 -APR capabilities: IPv6 [true], sendfile [true], accept filters [false], random [true].
2020-12-30 14:46:09.746 INFO [main]org.apache.catalina.core.AprLifecycleListener.log:173 -APR/OpenSSL configuration: useAprConnector [false], useOpenSSL [true]
2020-12-30 14:46:10.809 INFO [main]org.apache.catalina.core.AprLifecycleListener.log:173 -OpenSSL successfully initialized [OpenSSL 1.0.2o  27 Mar 2018]
2020-12-30 14:46:10.883 INFO [main]o.a.catalina.core.ContainerBase.[Tomcat].[localhost].[/].log:173 -Initializing Spring embedded WebApplicationContext
2020-12-30 14:46:10.883 INFO [main]o.s.b.w.s.context.ServletWebServerApplicationContext.prepareWebApplicationContext:289 -Root WebApplicationContext: initialization completed in 2206 ms
2020-12-30 14:46:10.992 INFO [main]com.zaxxer.hikari.HikariDataSource.<init>:80 -hm - Starting...
2020-12-30 14:46:11.602 INFO [main]com.zaxxer.hikari.HikariDataSource.<init>:82 -hm - Start completed.
2020-12-30 14:46:11.603 INFO [main]com.zaxxer.hikari.HikariDataSource.<init>:80 -test1 - Starting...
2020-12-30 14:46:11.609 INFO [main]com.zaxxer.hikari.HikariDataSource.<init>:82 -test1 - Start completed.
2020-12-30 14:46:11.610 INFO [main]com.baomidou.dynamic.datasource.DynamicRoutingDataSource.addDataSource:132 -dynamic-datasource - load a datasource named [hm] success
2020-12-30 14:46:11.610 INFO [main]com.baomidou.dynamic.datasource.DynamicRoutingDataSource.addDataSource:132 -dynamic-datasource - load a datasource named [test1] success
2020-12-30 14:46:11.610 INFO [main]com.baomidou.dynamic.datasource.DynamicRoutingDataSource.afterPropertiesSet:237 -dynamic-datasource initial loaded [2] datasource,primary datasource named [hm]
2020-12-30 14:46:12.146 INFO [main]s.d.s.web.PropertySourcedRequestMappingHandlerMapping.initHandlerMethods:69 -Mapped URL path [/v2/api-docs] onto method [springfox.documentation.swagger2.web.Swagger2Controller#getDocumentation(String, HttpServletRequest)]
2020-12-30 14:46:12.230 INFO [main]o.s.scheduling.concurrent.ThreadPoolTaskExecutor.initialize:181 -Initializing ExecutorService 'applicationTaskExecutor'
2020-12-30 14:46:12.373 INFO [main]org.apache.coyote.http11.Http11NioProtocol.log:173 -Starting ProtocolHandler ["http-nio-8081"]
2020-12-30 14:46:12.387 INFO [main]o.s.boot.web.embedded.tomcat.TomcatWebServer.start:220 -Tomcat started on port(s): 8081 (http) with context path ''
2020-12-30 14:46:12.388 INFO [main]s.d.spring.web.plugins.DocumentationPluginsBootstrapper.start:160 -Context refreshed
2020-12-30 14:46:12.401 INFO [main]s.d.spring.web.plugins.DocumentationPluginsBootstrapper.start:163 -Found 1 custom documentation plugin(s)
2020-12-30 14:46:12.426 INFO [main]s.d.spring.web.scanners.ApiListingReferenceScanner.scan:41 -Scanning for api listing references
2020-12-30 14:46:12.560 INFO [main]com.information.five.FiveApplication.logStarted:61 -Started FiveApplication in 4.538 seconds (JVM running for 7.885)
2020-12-30 14:46:13.616 INFO [http-nio-8081-exec-1]o.a.catalina.core.ContainerBase.[Tomcat].[localhost].[/].log:173 -Initializing Spring DispatcherServlet 'dispatcherServlet'
2020-12-30 14:46:13.616 INFO [http-nio-8081-exec-1]org.springframework.web.servlet.DispatcherServlet.initServletBean:525 -Initializing Servlet 'dispatcherServlet'
2020-12-30 14:46:13.619 INFO [http-nio-8081-exec-1]org.springframework.web.servlet.DispatcherServlet.initServletBean:547 -Completed initialization in 3 ms
2020-12-30 14:46:45.165 WARN [http-nio-8081-exec-6]com.zaxxer.hikari.pool.PoolBase.isConnectionAlive:184 -hm - Failed to validate connection com.mysql.cj.jdbc.ConnectionImpl@7214f66e (No operations allowed after connection closed.). Possibly consider using a shorter maxLifetime value.
2020-12-30 14:50:10.681 WARN [http-nio-8081-exec-3]com.zaxxer.hikari.pool.PoolBase.isConnectionAlive:184 -hm - Failed to validate connection com.mysql.cj.jdbc.ConnectionImpl@5083b690 (No operations allowed after connection closed.). Possibly consider using a shorter maxLifetime value.
2020-12-30 14:50:24.455 WARN [http-nio-8081-exec-9]com.zaxxer.hikari.pool.PoolBase.isConnectionAlive:184 -hm - Failed to validate connection com.mysql.cj.jdbc.ConnectionImpl@15d2255c (No operations allowed after connection closed.). Possibly consider using a shorter maxLifetime value.
2020-12-30 14:50:24.457 WARN [http-nio-8081-exec-9]com.zaxxer.hikari.pool.PoolBase.isConnectionAlive:184 -hm - Failed to validate connection com.mysql.cj.jdbc.ConnectionImpl@15088701 (No operations allowed after connection closed.). Possibly consider using a shorter maxLifetime value.
2020-12-30 14:50:24.459 WARN [http-nio-8081-exec-9]com.zaxxer.hikari.pool.PoolBase.isConnectionAlive:184 -hm - Failed to validate connection com.mysql.cj.jdbc.ConnectionImpl@5195d313 (No operations allowed after connection closed.). Possibly consider using a shorter maxLifetime value.
2020-12-30 14:50:24.460 WARN [http-nio-8081-exec-9]com.zaxxer.hikari.pool.PoolBase.isConnectionAlive:184 -hm - Failed to validate connection com.mysql.cj.jdbc.ConnectionImpl@44c5f48d (No operations allowed after connection closed.). Possibly consider using a shorter maxLifetime value.
2020-12-30 14:50:24.461 WARN [http-nio-8081-exec-9]com.zaxxer.hikari.pool.PoolBase.isConnectionAlive:184 -hm - Failed to validate connection com.mysql.cj.jdbc.ConnectionImpl@315eba05 (No operations allowed after connection closed.). Possibly consider using a shorter maxLifetime value.
2020-12-30 14:50:24.463 WARN [http-nio-8081-exec-9]com.zaxxer.hikari.pool.PoolBase.isConnectionAlive:184 -hm - Failed to validate connection com.mysql.cj.jdbc.ConnectionImpl@603f03a0 (No operations allowed after connection closed.). Possibly consider using a shorter maxLifetime value.
2020-12-30 14:50:24.464 WARN [http-nio-8081-exec-9]com.zaxxer.hikari.pool.PoolBase.isConnectionAlive:184 -hm - Failed to validate connection com.mysql.cj.jdbc.ConnectionImpl@1f4d49ff (No operations allowed after connection closed.). Possibly consider using a shorter maxLifetime value.
2020-12-30 14:50:24.465 WARN [http-nio-8081-exec-9]com.zaxxer.hikari.pool.PoolBase.isConnectionAlive:184 -hm - Failed to validate connection com.mysql.cj.jdbc.ConnectionImpl@7447b707 (No operations allowed after connection closed.). Possibly consider using a shorter maxLifetime value.
2020-12-30 14:54:12.190 WARN [http-nio-8081-exec-6]com.zaxxer.hikari.pool.PoolBase.isConnectionAlive:184 -hm - Failed to validate connection com.mysql.cj.jdbc.ConnectionImpl@1342bfde (No operations allowed after connection closed.). Possibly consider using a shorter maxLifetime value.
2020-12-30 14:54:12.192 WARN [http-nio-8081-exec-6]com.zaxxer.hikari.pool.PoolBase.isConnectionAlive:184 -hm - Failed to validate connection com.mysql.cj.jdbc.ConnectionImpl@28b792ba (No operations allowed after connection closed.). Possibly consider using a shorter maxLifetime value.
2020-12-30 14:54:12.192 WARN [http-nio-8081-exec-6]com.zaxxer.hikari.pool.PoolBase.isConnectionAlive:184 -hm - Failed to validate connection com.mysql.cj.jdbc.ConnectionImpl@18288eec (No operations allowed after connection closed.). Possibly consider using a shorter maxLifetime value.
2020-12-30 14:54:17.195 WARN [http-nio-8081-exec-6]com.zaxxer.hikari.pool.PoolBase.isConnectionAlive:184 -hm - Failed to validate connection com.mysql.cj.jdbc.ConnectionImpl@4524b980 (No operations allowed after connection closed.). Possibly consider using a shorter maxLifetime value.
2020-12-30 14:54:17.197 WARN [http-nio-8081-exec-6]com.zaxxer.hikari.pool.PoolBase.isConnectionAlive:184 -hm - Failed to validate connection com.mysql.cj.jdbc.ConnectionImpl@5d974b0c (No operations allowed after connection closed.). Possibly consider using a shorter maxLifetime value.
2020-12-30 14:54:17.199 WARN [http-nio-8081-exec-6]com.zaxxer.hikari.pool.PoolBase.isConnectionAlive:184 -hm - Failed to validate connection com.mysql.cj.jdbc.ConnectionImpl@557f99e0 (No operations allowed after connection closed.). Possibly consider using a shorter maxLifetime value.
2020-12-30 14:54:21.551 WARN [http-nio-8081-exec-10]com.zaxxer.hikari.pool.PoolBase.isConnectionAlive:184 -hm - Failed to validate connection com.mysql.cj.jdbc.ConnectionImpl@5abe742c (No operations allowed after connection closed.). Possibly consider using a shorter maxLifetime value.
2020-12-30 14:54:21.553 WARN [http-nio-8081-exec-10]com.zaxxer.hikari.pool.PoolBase.isConnectionAlive:184 -hm - Failed to validate connection com.mysql.cj.jdbc.ConnectionImpl@18da1ac (No operations allowed after connection closed.). Possibly consider using a shorter maxLifetime value.
2020-12-30 14:54:21.554 WARN [http-nio-8081-exec-10]com.zaxxer.hikari.pool.PoolBase.isConnectionAlive:184 -hm - Failed to validate connection com.mysql.cj.jdbc.ConnectionImpl@3e14a5e9 (No operations allowed after connection closed.). Possibly consider using a shorter maxLifetime value.
2020-12-30 14:54:22.200 WARN [http-nio-8081-exec-6]com.zaxxer.hikari.pool.PoolBase.isConnectionAlive:184 -hm - Failed to validate connection com.mysql.cj.jdbc.ConnectionImpl@7c0c832e (No operations allowed after connection closed.). Possibly consider using a shorter maxLifetime value.
2020-12-30 14:57:35.772 WARN [http-nio-8081-exec-3]com.zaxxer.hikari.pool.PoolBase.isConnectionAlive:184 -hm - Failed to validate connection com.mysql.cj.jdbc.ConnectionImpl@29e47a23 (No operations allowed after connection closed.). Possibly consider using a shorter maxLifetime value.
2020-12-30 14:57:35.775 WARN [http-nio-8081-exec-3]com.zaxxer.hikari.pool.PoolBase.isConnectionAlive:184 -hm - Failed to validate connection com.mysql.cj.jdbc.ConnectionImpl@577b2ba8 (No operations allowed after connection closed.). Possibly consider using a shorter maxLifetime value.
2020-12-30 14:57:35.776 WARN [http-nio-8081-exec-3]com.zaxxer.hikari.pool.PoolBase.isConnectionAlive:184 -hm - Failed to validate connection com.mysql.cj.jdbc.ConnectionImpl@173f23ea (No operations allowed after connection closed.). Possibly consider using a shorter maxLifetime value.
2020-12-30 14:57:35.778 WARN [http-nio-8081-exec-3]com.zaxxer.hikari.pool.PoolBase.isConnectionAlive:184 -hm - Failed to validate connection com.mysql.cj.jdbc.ConnectionImpl@140ae254 (No operations allowed after connection closed.). Possibly consider using a shorter maxLifetime value.
2020-12-30 14:57:35.779 WARN [http-nio-8081-exec-3]com.zaxxer.hikari.pool.PoolBase.isConnectionAlive:184 -hm - Failed to validate connection com.mysql.cj.jdbc.ConnectionImpl@14c51d08 (No operations allowed after connection closed.). Possibly consider using a shorter maxLifetime value.
2020-12-30 14:57:35.780 WARN [http-nio-8081-exec-3]com.zaxxer.hikari.pool.PoolBase.isConnectionAlive:184 -hm - Failed to validate connection com.mysql.cj.jdbc.ConnectionImpl@1aed4253 (No operations allowed after connection closed.). Possibly consider using a shorter maxLifetime value.
2020-12-30 14:57:40.781 WARN [http-nio-8081-exec-3]com.zaxxer.hikari.pool.PoolBase.isConnectionAlive:184 -hm - Failed to validate connection com.mysql.cj.jdbc.ConnectionImpl@74230297 (No operations allowed after connection closed.). Possibly consider using a shorter maxLifetime value.
2020-12-30 14:57:45.784 WARN [http-nio-8081-exec-3]com.zaxxer.hikari.pool.PoolBase.isConnectionAlive:184 -hm - Failed to validate connection com.mysql.cj.jdbc.ConnectionImpl@be920bf (No operations allowed after connection closed.). Possibly consider using a shorter maxLifetime value.
2020-12-30 14:57:45.786 WARN [http-nio-8081-exec-3]com.zaxxer.hikari.pool.PoolBase.isConnectionAlive:184 -hm - Failed to validate connection com.mysql.cj.jdbc.ConnectionImpl@17bd961a (No operations allowed after connection closed.). Possibly consider using a shorter maxLifetime value.
2020-12-30 14:57:45.787 WARN [http-nio-8081-exec-3]com.zaxxer.hikari.pool.PoolBase.isConnectionAlive:184 -hm - Failed to validate connection com.mysql.cj.jdbc.ConnectionImpl@62802296 (No operations allowed after connection closed.). Possibly consider using a shorter maxLifetime value.
2020-12-30 16:33:51.275 WARN [test1 housekeeper]com.zaxxer.hikari.pool.HikariPool.run:787 -test1 - Thread starvation or clock leap detected (housekeeper delta=37m9s402ms387µs800ns).
2020-12-30 16:33:51.292 WARN [hm housekeeper]com.zaxxer.hikari.pool.HikariPool.run:787 -hm - Thread starvation or clock leap detected (housekeeper delta=37m9s403ms557µs).
2020-12-30 20:29:15.123 INFO [main]com.information.five.FiveApplication.logStarting:55 -Starting FiveApplication using Java 1.8.0_181 on QAQ-TTT with PID 16244 (E:\IDEAproject\five\target\classes started by ZZT in E:\IDEAproject\five)
2020-12-30 20:29:15.154 INFO [main]com.information.five.FiveApplication.logStartupProfileInfo:660 -No active profile set, falling back to default profiles: default
2020-12-30 20:29:18.122 INFO [main]o.s.c.s.PostProcessorRegistrationDelegate$BeanPostProcessorChecker.postProcessAfterInitialization:350 -Bean 'spring.datasource.dynamic-com.baomidou.dynamic.datasource.spring.boot.autoconfigure.DynamicDataSourceProperties' of type [com.baomidou.dynamic.datasource.spring.boot.autoconfigure.DynamicDataSourceProperties] is not eligible for getting processed by all BeanPostProcessors (for example: not eligible for auto-proxying)
2020-12-30 20:29:18.122 INFO [main]o.s.c.s.PostProcessorRegistrationDelegate$BeanPostProcessorChecker.postProcessAfterInitialization:350 -Bean 'com.baomidou.dynamic.datasource.spring.boot.autoconfigure.DynamicDataSourceAutoConfiguration' of type [com.baomidou.dynamic.datasource.spring.boot.autoconfigure.DynamicDataSourceAutoConfiguration$$EnhancerBySpringCGLIB$$eacdf7f4] is not eligible for getting processed by all BeanPostProcessors (for example: not eligible for auto-proxying)
2020-12-30 20:29:18.138 INFO [main]o.s.c.s.PostProcessorRegistrationDelegate$BeanPostProcessorChecker.postProcessAfterInitialization:350 -Bean 'dsProcessor' of type [com.baomidou.dynamic.datasource.processor.DsHeaderProcessor] is not eligible for getting processed by all BeanPostProcessors (for example: not eligible for auto-proxying)
2020-12-30 20:29:18.841 INFO [main]o.s.boot.web.embedded.tomcat.TomcatWebServer.initialize:108 -Tomcat initialized with port(s): 8081 (http)
2020-12-30 20:29:18.888 INFO [main]org.apache.coyote.http11.Http11NioProtocol.log:173 -Initializing ProtocolHandler ["http-nio-8081"]
2020-12-30 20:29:18.888 INFO [main]org.apache.catalina.core.StandardService.log:173 -Starting service [Tomcat]
2020-12-30 20:29:18.888 INFO [main]org.apache.catalina.core.StandardEngine.log:173 -Starting Servlet engine: [Apache Tomcat/9.0.41]
2020-12-30 20:29:18.888 INFO [main]org.apache.catalina.core.AprLifecycleListener.log:173 -An older version [1.2.17] of the Apache Tomcat Native library is installed, while Tomcat recommends a minimum version of [1.2.23]
2020-12-30 20:29:18.888 INFO [main]org.apache.catalina.core.AprLifecycleListener.log:173 -Loaded Apache Tomcat Native library [1.2.17] using APR version [1.6.3].
2020-12-30 20:29:18.888 INFO [main]org.apache.catalina.core.AprLifecycleListener.log:173 -APR capabilities: IPv6 [true], sendfile [true], accept filters [false], random [true].
2020-12-30 20:29:18.888 INFO [main]org.apache.catalina.core.AprLifecycleListener.log:173 -APR/OpenSSL configuration: useAprConnector [false], useOpenSSL [true]
2020-12-30 20:29:20.106 INFO [main]org.apache.catalina.core.AprLifecycleListener.log:173 -OpenSSL successfully initialized [OpenSSL 1.0.2o  27 Mar 2018]
2020-12-30 20:29:20.436 INFO [main]o.a.catalina.core.ContainerBase.[Tomcat].[localhost].[/].log:173 -Initializing Spring embedded WebApplicationContext
2020-12-30 20:29:20.436 INFO [main]o.s.b.w.s.context.ServletWebServerApplicationContext.prepareWebApplicationContext:289 -Root WebApplicationContext: initialization completed in 5141 ms
2020-12-30 20:29:20.764 INFO [main]com.zaxxer.hikari.HikariDataSource.<init>:80 -hm - Starting...
2020-12-30 20:29:21.921 INFO [main]com.zaxxer.hikari.HikariDataSource.<init>:82 -hm - Start completed.
2020-12-30 20:29:21.921 INFO [main]com.zaxxer.hikari.HikariDataSource.<init>:80 -test1 - Starting...
2020-12-30 20:29:21.921 INFO [main]com.zaxxer.hikari.HikariDataSource.<init>:82 -test1 - Start completed.
2020-12-30 20:29:21.936 INFO [main]com.baomidou.dynamic.datasource.DynamicRoutingDataSource.addDataSource:132 -dynamic-datasource - load a datasource named [hm] success
2020-12-30 20:29:21.936 INFO [main]com.baomidou.dynamic.datasource.DynamicRoutingDataSource.addDataSource:132 -dynamic-datasource - load a datasource named [test1] success
2020-12-30 20:29:21.936 INFO [main]com.baomidou.dynamic.datasource.DynamicRoutingDataSource.afterPropertiesSet:237 -dynamic-datasource initial loaded [2] datasource,primary datasource named [hm]
2020-12-30 20:29:23.264 INFO [main]s.d.s.web.PropertySourcedRequestMappingHandlerMapping.initHandlerMethods:69 -Mapped URL path [/v2/api-docs] onto method [springfox.documentation.swagger2.web.Swagger2Controller#getDocumentation(String, HttpServletRequest)]
2020-12-30 20:29:23.404 INFO [main]o.s.scheduling.concurrent.ThreadPoolTaskExecutor.initialize:181 -Initializing ExecutorService 'applicationTaskExecutor'
2020-12-30 20:29:23.717 INFO [main]org.apache.coyote.http11.Http11NioProtocol.log:173 -Starting ProtocolHandler ["http-nio-8081"]
2020-12-30 20:29:23.733 INFO [main]o.s.boot.web.embedded.tomcat.TomcatWebServer.start:220 -Tomcat started on port(s): 8081 (http) with context path ''
2020-12-30 20:29:23.733 INFO [main]s.d.spring.web.plugins.DocumentationPluginsBootstrapper.start:160 -Context refreshed
2020-12-30 20:29:23.764 INFO [main]s.d.spring.web.plugins.DocumentationPluginsBootstrapper.start:163 -Found 1 custom documentation plugin(s)
2020-12-30 20:29:23.811 INFO [main]s.d.spring.web.scanners.ApiListingReferenceScanner.scan:41 -Scanning for api listing references
2020-12-30 20:29:24.108 INFO [main]com.information.five.FiveApplication.logStarted:61 -Started FiveApplication in 10.744 seconds (JVM running for 13.399)
2020-12-30 20:43:42.923 INFO [main]com.information.five.FiveApplication.logStarting:55 -Starting FiveApplication using Java 1.8.0_181 on QAQ-TTT with PID 24100 (E:\IDEAproject\five\target\classes started by ZZT in E:\IDEAproject\five)
2020-12-30 20:43:42.923 INFO [main]com.information.five.FiveApplication.logStartupProfileInfo:660 -No active profile set, falling back to default profiles: default
2020-12-30 20:43:43.923 INFO [main]o.s.c.s.PostProcessorRegistrationDelegate$BeanPostProcessorChecker.postProcessAfterInitialization:350 -Bean 'spring.datasource.dynamic-com.baomidou.dynamic.datasource.spring.boot.autoconfigure.DynamicDataSourceProperties' of type [com.baomidou.dynamic.datasource.spring.boot.autoconfigure.DynamicDataSourceProperties] is not eligible for getting processed by all BeanPostProcessors (for example: not eligible for auto-proxying)
2020-12-30 20:43:43.938 INFO [main]o.s.c.s.PostProcessorRegistrationDelegate$BeanPostProcessorChecker.postProcessAfterInitialization:350 -Bean 'com.baomidou.dynamic.datasource.spring.boot.autoconfigure.DynamicDataSourceAutoConfiguration' of type [com.baomidou.dynamic.datasource.spring.boot.autoconfigure.DynamicDataSourceAutoConfiguration$$EnhancerBySpringCGLIB$$eacdf7f4] is not eligible for getting processed by all BeanPostProcessors (for example: not eligible for auto-proxying)
2020-12-30 20:43:43.938 INFO [main]o.s.c.s.PostProcessorRegistrationDelegate$BeanPostProcessorChecker.postProcessAfterInitialization:350 -Bean 'dsProcessor' of type [com.baomidou.dynamic.datasource.processor.DsHeaderProcessor] is not eligible for getting processed by all BeanPostProcessors (for example: not eligible for auto-proxying)
2020-12-30 20:43:44.126 INFO [main]o.s.boot.web.embedded.tomcat.TomcatWebServer.initialize:108 -Tomcat initialized with port(s): 8081 (http)
2020-12-30 20:43:44.126 INFO [main]org.apache.coyote.http11.Http11NioProtocol.log:173 -Initializing ProtocolHandler ["http-nio-8081"]
2020-12-30 20:43:44.126 INFO [main]org.apache.catalina.core.StandardService.log:173 -Starting service [Tomcat]
2020-12-30 20:43:44.126 INFO [main]org.apache.catalina.core.StandardEngine.log:173 -Starting Servlet engine: [Apache Tomcat/9.0.41]
2020-12-30 20:43:44.126 INFO [main]org.apache.catalina.core.AprLifecycleListener.log:173 -An older version [1.2.17] of the Apache Tomcat Native library is installed, while Tomcat recommends a minimum version of [1.2.23]
2020-12-30 20:43:44.126 INFO [main]org.apache.catalina.core.AprLifecycleListener.log:173 -Loaded Apache Tomcat Native library [1.2.17] using APR version [1.6.3].
2020-12-30 20:43:44.126 INFO [main]org.apache.catalina.core.AprLifecycleListener.log:173 -APR capabilities: IPv6 [true], sendfile [true], accept filters [false], random [true].
2020-12-30 20:43:44.126 INFO [main]org.apache.catalina.core.AprLifecycleListener.log:173 -APR/OpenSSL configuration: useAprConnector [false], useOpenSSL [true]
2020-12-30 20:43:45.188 INFO [main]org.apache.catalina.core.AprLifecycleListener.log:173 -OpenSSL successfully initialized [OpenSSL 1.0.2o  27 Mar 2018]
2020-12-30 20:43:45.266 INFO [main]o.a.catalina.core.ContainerBase.[Tomcat].[localhost].[/].log:173 -Initializing Spring embedded WebApplicationContext
2020-12-30 20:43:45.266 INFO [main]o.s.b.w.s.context.ServletWebServerApplicationContext.prepareWebApplicationContext:289 -Root WebApplicationContext: initialization completed in 2281 ms
2020-12-30 20:43:45.375 INFO [main]com.zaxxer.hikari.HikariDataSource.<init>:80 -hm - Starting...
2020-12-30 20:43:46.063 INFO [main]com.zaxxer.hikari.HikariDataSource.<init>:82 -hm - Start completed.
2020-12-30 20:43:46.063 INFO [main]com.zaxxer.hikari.HikariDataSource.<init>:80 -test1 - Starting...
2020-12-30 20:43:46.063 INFO [main]com.zaxxer.hikari.HikariDataSource.<init>:82 -test1 - Start completed.
2020-12-30 20:43:46.063 INFO [main]com.baomidou.dynamic.datasource.DynamicRoutingDataSource.addDataSource:132 -dynamic-datasource - load a datasource named [hm] success
2020-12-30 20:43:46.063 INFO [main]com.baomidou.dynamic.datasource.DynamicRoutingDataSource.addDataSource:132 -dynamic-datasource - load a datasource named [test1] success
2020-12-30 20:43:46.063 INFO [main]com.baomidou.dynamic.datasource.DynamicRoutingDataSource.afterPropertiesSet:237 -dynamic-datasource initial loaded [2] datasource,primary datasource named [hm]
2020-12-30 20:43:46.661 INFO [main]s.d.s.web.PropertySourcedRequestMappingHandlerMapping.initHandlerMethods:69 -Mapped URL path [/v2/api-docs] onto method [springfox.documentation.swagger2.web.Swagger2Controller#getDocumentation(String, HttpServletRequest)]
2020-12-30 20:43:46.754 INFO [main]o.s.scheduling.concurrent.ThreadPoolTaskExecutor.initialize:181 -Initializing ExecutorService 'applicationTaskExecutor'
2020-12-30 20:43:46.879 INFO [main]org.apache.coyote.http11.Http11NioProtocol.log:173 -Starting ProtocolHandler ["http-nio-8081"]
2020-12-30 20:43:46.895 INFO [main]o.s.boot.web.embedded.tomcat.TomcatWebServer.start:220 -Tomcat started on port(s): 8081 (http) with context path ''
2020-12-30 20:43:46.895 INFO [main]s.d.spring.web.plugins.DocumentationPluginsBootstrapper.start:160 -Context refreshed
2020-12-30 20:43:46.911 INFO [main]s.d.spring.web.plugins.DocumentationPluginsBootstrapper.start:163 -Found 1 custom documentation plugin(s)
2020-12-30 20:43:46.942 INFO [main]s.d.spring.web.scanners.ApiListingReferenceScanner.scan:41 -Scanning for api listing references
2020-12-30 20:43:47.098 INFO [main]com.information.five.FiveApplication.logStarted:61 -Started FiveApplication in 4.766 seconds (JVM running for 6.049)
2020-12-30 23:28:52.988 WARN [hm housekeeper]com.zaxxer.hikari.pool.HikariPool.run:787 -hm - Thread starvation or clock leap detected (housekeeper delta=40m6s37ms30µs).
2020-12-30 23:28:53.019 WARN [test1 housekeeper]com.zaxxer.hikari.pool.HikariPool.run:787 -test1 - Thread starvation or clock leap detected (housekeeper delta=40m6s45ms933µs300ns).
