2021-01-03 08:12:12.114 WARN [hm housekeeper]com.zaxxer.hikari.pool.HikariPool.run:787 -hm - Thread starvation or clock leap detected (housekeeper delta=8h29m59s871ms948µs900ns).
2021-01-03 08:12:12.117 WARN [test1 housekeeper]com.zaxxer.hikari.pool.HikariPool.run:787 -test1 - Thread starvation or clock leap detected (housekeeper delta=8h29m59s876ms541µs100ns).
2021-01-03 11:09:01.709 WARN [http-nio-8081-exec-9]com.zaxxer.hikari.pool.PoolBase.isConnectionAlive:184 -hm - Failed to validate connection com.mysql.cj.jdbc.ConnectionImpl@5809780c (No operations allowed after connection closed.). Possibly consider using a shorter maxLifetime value.
2021-01-03 11:09:01.716 WARN [http-nio-8081-exec-9]com.zaxxer.hikari.pool.PoolBase.isConnectionAlive:184 -hm - Failed to validate connection com.mysql.cj.jdbc.ConnectionImpl@324f90b (No operations allowed after connection closed.). Possibly consider using a shorter maxLifetime value.
2021-01-03 11:09:01.721 WARN [http-nio-8081-exec-9]com.zaxxer.hikari.pool.PoolBase.isConnectionAlive:184 -hm - Failed to validate connection com.mysql.cj.jdbc.ConnectionImpl@6d393885 (No operations allowed after connection closed.). Possibly consider using a shorter maxLifetime value.
2021-01-03 11:09:01.723 WARN [http-nio-8081-exec-9]com.zaxxer.hikari.pool.PoolBase.isConnectionAlive:184 -hm - Failed to validate connection com.mysql.cj.jdbc.ConnectionImpl@7e63f436 (No operations allowed after connection closed.). Possibly consider using a shorter maxLifetime value.
2021-01-03 11:09:01.724 WARN [http-nio-8081-exec-9]com.zaxxer.hikari.pool.PoolBase.isConnectionAlive:184 -hm - Failed to validate connection com.mysql.cj.jdbc.ConnectionImpl@5199acac (No operations allowed after connection closed.). Possibly consider using a shorter maxLifetime value.
2021-01-03 11:09:01.725 WARN [http-nio-8081-exec-9]com.zaxxer.hikari.pool.PoolBase.isConnectionAlive:184 -hm - Failed to validate connection com.mysql.cj.jdbc.ConnectionImpl@7551eb35 (No operations allowed after connection closed.). Possibly consider using a shorter maxLifetime value.
2021-01-03 11:09:01.727 WARN [http-nio-8081-exec-9]com.zaxxer.hikari.pool.PoolBase.isConnectionAlive:184 -hm - Failed to validate connection com.mysql.cj.jdbc.ConnectionImpl@5188080a (No operations allowed after connection closed.). Possibly consider using a shorter maxLifetime value.
2021-01-03 11:09:01.729 WARN [http-nio-8081-exec-9]com.zaxxer.hikari.pool.PoolBase.isConnectionAlive:184 -hm - Failed to validate connection com.mysql.cj.jdbc.ConnectionImpl@302b8449 (No operations allowed after connection closed.). Possibly consider using a shorter maxLifetime value.
2021-01-03 11:09:01.729 WARN [http-nio-8081-exec-9]com.zaxxer.hikari.pool.PoolBase.isConnectionAlive:184 -hm - Failed to validate connection com.mysql.cj.jdbc.ConnectionImpl@2c4bb22c (No operations allowed after connection closed.). Possibly consider using a shorter maxLifetime value.
2021-01-03 11:09:01.730 WARN [http-nio-8081-exec-9]com.zaxxer.hikari.pool.PoolBase.isConnectionAlive:184 -hm - Failed to validate connection com.mysql.cj.jdbc.ConnectionImpl@56b9ecd3 (No operations allowed after connection closed.). Possibly consider using a shorter maxLifetime value.
2021-01-03 11:17:00.993 WARN [http-nio-8081-exec-6]com.zaxxer.hikari.pool.PoolBase.isConnectionAlive:184 -hm - Failed to validate connection com.mysql.cj.jdbc.ConnectionImpl@2b05bb3f (No operations allowed after connection closed.). Possibly consider using a shorter maxLifetime value.
2021-01-03 11:17:00.995 WARN [http-nio-8081-exec-6]com.zaxxer.hikari.pool.PoolBase.isConnectionAlive:184 -hm - Failed to validate connection com.mysql.cj.jdbc.ConnectionImpl@68e82987 (No operations allowed after connection closed.). Possibly consider using a shorter maxLifetime value.
2021-01-03 11:17:00.997 WARN [http-nio-8081-exec-6]com.zaxxer.hikari.pool.PoolBase.isConnectionAlive:184 -hm - Failed to validate connection com.mysql.cj.jdbc.ConnectionImpl@3f89731a (No operations allowed after connection closed.). Possibly consider using a shorter maxLifetime value.
2021-01-03 11:17:00.998 WARN [http-nio-8081-exec-6]com.zaxxer.hikari.pool.PoolBase.isConnectionAlive:184 -hm - Failed to validate connection com.mysql.cj.jdbc.ConnectionImpl@39540b45 (No operations allowed after connection closed.). Possibly consider using a shorter maxLifetime value.
2021-01-03 11:17:01.000 WARN [http-nio-8081-exec-6]com.zaxxer.hikari.pool.PoolBase.isConnectionAlive:184 -hm - Failed to validate connection com.mysql.cj.jdbc.ConnectionImpl@79657d51 (No operations allowed after connection closed.). Possibly consider using a shorter maxLifetime value.
2021-01-03 11:17:01.001 WARN [http-nio-8081-exec-6]com.zaxxer.hikari.pool.PoolBase.isConnectionAlive:184 -hm - Failed to validate connection com.mysql.cj.jdbc.ConnectionImpl@50e8c7eb (No operations allowed after connection closed.). Possibly consider using a shorter maxLifetime value.
2021-01-03 11:17:01.003 WARN [http-nio-8081-exec-6]com.zaxxer.hikari.pool.PoolBase.isConnectionAlive:184 -hm - Failed to validate connection com.mysql.cj.jdbc.ConnectionImpl@248d7f4f (No operations allowed after connection closed.). Possibly consider using a shorter maxLifetime value.
2021-01-03 11:17:01.004 WARN [http-nio-8081-exec-6]com.zaxxer.hikari.pool.PoolBase.isConnectionAlive:184 -hm - Failed to validate connection com.mysql.cj.jdbc.ConnectionImpl@3d1a56b8 (No operations allowed after connection closed.). Possibly consider using a shorter maxLifetime value.
2021-01-03 11:17:01.005 WARN [http-nio-8081-exec-6]com.zaxxer.hikari.pool.PoolBase.isConnectionAlive:184 -hm - Failed to validate connection com.mysql.cj.jdbc.ConnectionImpl@6fc73bbf (No operations allowed after connection closed.). Possibly consider using a shorter maxLifetime value.
2021-01-03 11:17:01.006 WARN [http-nio-8081-exec-6]com.zaxxer.hikari.pool.PoolBase.isConnectionAlive:184 -hm - Failed to validate connection com.mysql.cj.jdbc.ConnectionImpl@79066e33 (No operations allowed after connection closed.). Possibly consider using a shorter maxLifetime value.
2021-01-03 11:43:33.129 WARN [http-nio-8081-exec-2]com.zaxxer.hikari.pool.PoolBase.isConnectionAlive:184 -hm - Failed to validate connection com.mysql.cj.jdbc.ConnectionImpl@59fe2eb2 (No operations allowed after connection closed.). Possibly consider using a shorter maxLifetime value.
2021-01-03 11:43:33.131 WARN [http-nio-8081-exec-2]com.zaxxer.hikari.pool.PoolBase.isConnectionAlive:184 -hm - Failed to validate connection com.mysql.cj.jdbc.ConnectionImpl@61566cbf (No operations allowed after connection closed.). Possibly consider using a shorter maxLifetime value.
2021-01-03 11:43:33.133 WARN [http-nio-8081-exec-2]com.zaxxer.hikari.pool.PoolBase.isConnectionAlive:184 -hm - Failed to validate connection com.mysql.cj.jdbc.ConnectionImpl@281e05e (No operations allowed after connection closed.). Possibly consider using a shorter maxLifetime value.
2021-01-03 11:43:33.135 WARN [http-nio-8081-exec-2]com.zaxxer.hikari.pool.PoolBase.isConnectionAlive:184 -hm - Failed to validate connection com.mysql.cj.jdbc.ConnectionImpl@4808f37c (No operations allowed after connection closed.). Possibly consider using a shorter maxLifetime value.
2021-01-03 11:43:35.690 WARN [http-nio-8081-exec-3]com.zaxxer.hikari.pool.PoolBase.isConnectionAlive:184 -hm - Failed to validate connection com.mysql.cj.jdbc.ConnectionImpl@7952dcc5 (No operations allowed after connection closed.). Possibly consider using a shorter maxLifetime value.
2021-01-03 11:43:35.692 WARN [http-nio-8081-exec-3]com.zaxxer.hikari.pool.PoolBase.isConnectionAlive:184 -hm - Failed to validate connection com.mysql.cj.jdbc.ConnectionImpl@244e280a (No operations allowed after connection closed.). Possibly consider using a shorter maxLifetime value.
2021-01-03 11:43:35.693 WARN [http-nio-8081-exec-3]com.zaxxer.hikari.pool.PoolBase.isConnectionAlive:184 -hm - Failed to validate connection com.mysql.cj.jdbc.ConnectionImpl@12001ea3 (No operations allowed after connection closed.). Possibly consider using a shorter maxLifetime value.
2021-01-03 11:43:35.694 WARN [http-nio-8081-exec-3]com.zaxxer.hikari.pool.PoolBase.isConnectionAlive:184 -hm - Failed to validate connection com.mysql.cj.jdbc.ConnectionImpl@760ce75e (No operations allowed after connection closed.). Possibly consider using a shorter maxLifetime value.
2021-01-03 11:43:35.695 WARN [http-nio-8081-exec-3]com.zaxxer.hikari.pool.PoolBase.isConnectionAlive:184 -hm - Failed to validate connection com.mysql.cj.jdbc.ConnectionImpl@19d7b9ae (No operations allowed after connection closed.). Possibly consider using a shorter maxLifetime value.
2021-01-03 11:43:38.137 WARN [http-nio-8081-exec-2]com.zaxxer.hikari.pool.PoolBase.isConnectionAlive:184 -hm - Failed to validate connection com.mysql.cj.jdbc.ConnectionImpl@46f93fe9 (No operations allowed after connection closed.). Possibly consider using a shorter maxLifetime value.
2021-01-03 11:48:15.057 WARN [http-nio-8081-exec-3]com.zaxxer.hikari.pool.PoolBase.isConnectionAlive:184 -hm - Failed to validate connection com.mysql.cj.jdbc.ConnectionImpl@5e6b26c2 (No operations allowed after connection closed.). Possibly consider using a shorter maxLifetime value.
2021-01-03 11:48:15.059 WARN [http-nio-8081-exec-3]com.zaxxer.hikari.pool.PoolBase.isConnectionAlive:184 -hm - Failed to validate connection com.mysql.cj.jdbc.ConnectionImpl@6c4d4771 (No operations allowed after connection closed.). Possibly consider using a shorter maxLifetime value.
2021-01-03 11:48:15.061 WARN [http-nio-8081-exec-3]com.zaxxer.hikari.pool.PoolBase.isConnectionAlive:184 -hm - Failed to validate connection com.mysql.cj.jdbc.ConnectionImpl@12a56522 (No operations allowed after connection closed.). Possibly consider using a shorter maxLifetime value.
2021-01-03 11:48:15.062 WARN [http-nio-8081-exec-3]com.zaxxer.hikari.pool.PoolBase.isConnectionAlive:184 -hm - Failed to validate connection com.mysql.cj.jdbc.ConnectionImpl@3ff108f9 (No operations allowed after connection closed.). Possibly consider using a shorter maxLifetime value.
2021-01-03 11:48:15.063 WARN [http-nio-8081-exec-3]com.zaxxer.hikari.pool.PoolBase.isConnectionAlive:184 -hm - Failed to validate connection com.mysql.cj.jdbc.ConnectionImpl@3890e99c (No operations allowed after connection closed.). Possibly consider using a shorter maxLifetime value.
2021-01-03 11:48:15.064 WARN [http-nio-8081-exec-3]com.zaxxer.hikari.pool.PoolBase.isConnectionAlive:184 -hm - Failed to validate connection com.mysql.cj.jdbc.ConnectionImpl@3ee04730 (No operations allowed after connection closed.). Possibly consider using a shorter maxLifetime value.
2021-01-03 11:48:15.067 WARN [http-nio-8081-exec-3]com.zaxxer.hikari.pool.PoolBase.isConnectionAlive:184 -hm - Failed to validate connection com.mysql.cj.jdbc.ConnectionImpl@755a9bb (No operations allowed after connection closed.). Possibly consider using a shorter maxLifetime value.
2021-01-03 11:48:15.068 WARN [http-nio-8081-exec-3]com.zaxxer.hikari.pool.PoolBase.isConnectionAlive:184 -hm - Failed to validate connection com.mysql.cj.jdbc.ConnectionImpl@3054cf68 (No operations allowed after connection closed.). Possibly consider using a shorter maxLifetime value.
2021-01-03 11:48:15.071 WARN [http-nio-8081-exec-3]com.zaxxer.hikari.pool.PoolBase.isConnectionAlive:184 -hm - Failed to validate connection com.mysql.cj.jdbc.ConnectionImpl@fb71cf7 (No operations allowed after connection closed.). Possibly consider using a shorter maxLifetime value.
2021-01-03 11:48:15.072 WARN [http-nio-8081-exec-3]com.zaxxer.hikari.pool.PoolBase.isConnectionAlive:184 -hm - Failed to validate connection com.mysql.cj.jdbc.ConnectionImpl@33d203f6 (No operations allowed after connection closed.). Possibly consider using a shorter maxLifetime value.
2021-01-03 11:56:07.989 WARN [http-nio-8081-exec-2]com.zaxxer.hikari.pool.PoolBase.isConnectionAlive:184 -hm - Failed to validate connection com.mysql.cj.jdbc.ConnectionImpl@f59cf9d (No operations allowed after connection closed.). Possibly consider using a shorter maxLifetime value.
2021-01-03 11:56:07.992 WARN [http-nio-8081-exec-2]com.zaxxer.hikari.pool.PoolBase.isConnectionAlive:184 -hm - Failed to validate connection com.mysql.cj.jdbc.ConnectionImpl@242d82f0 (No operations allowed after connection closed.). Possibly consider using a shorter maxLifetime value.
2021-01-03 11:56:07.994 WARN [http-nio-8081-exec-2]com.zaxxer.hikari.pool.PoolBase.isConnectionAlive:184 -hm - Failed to validate connection com.mysql.cj.jdbc.ConnectionImpl@35e3f358 (No operations allowed after connection closed.). Possibly consider using a shorter maxLifetime value.
2021-01-03 11:56:07.996 WARN [http-nio-8081-exec-2]com.zaxxer.hikari.pool.PoolBase.isConnectionAlive:184 -hm - Failed to validate connection com.mysql.cj.jdbc.ConnectionImpl@1be6661 (No operations allowed after connection closed.). Possibly consider using a shorter maxLifetime value.
2021-01-03 11:56:07.999 WARN [http-nio-8081-exec-2]com.zaxxer.hikari.pool.PoolBase.isConnectionAlive:184 -hm - Failed to validate connection com.mysql.cj.jdbc.ConnectionImpl@1459c613 (No operations allowed after connection closed.). Possibly consider using a shorter maxLifetime value.
2021-01-03 11:56:08.003 WARN [http-nio-8081-exec-2]com.zaxxer.hikari.pool.PoolBase.isConnectionAlive:184 -hm - Failed to validate connection com.mysql.cj.jdbc.ConnectionImpl@5cabfc6a (No operations allowed after connection closed.). Possibly consider using a shorter maxLifetime value.
2021-01-03 11:56:08.007 WARN [http-nio-8081-exec-2]com.zaxxer.hikari.pool.PoolBase.isConnectionAlive:184 -hm - Failed to validate connection com.mysql.cj.jdbc.ConnectionImpl@7678ad94 (No operations allowed after connection closed.). Possibly consider using a shorter maxLifetime value.
2021-01-03 11:56:08.009 WARN [http-nio-8081-exec-2]com.zaxxer.hikari.pool.PoolBase.isConnectionAlive:184 -hm - Failed to validate connection com.mysql.cj.jdbc.ConnectionImpl@4874054 (No operations allowed after connection closed.). Possibly consider using a shorter maxLifetime value.
2021-01-03 11:56:08.011 WARN [http-nio-8081-exec-2]com.zaxxer.hikari.pool.PoolBase.isConnectionAlive:184 -hm - Failed to validate connection com.mysql.cj.jdbc.ConnectionImpl@5e347789 (No operations allowed after connection closed.). Possibly consider using a shorter maxLifetime value.
2021-01-03 11:56:08.015 WARN [http-nio-8081-exec-2]com.zaxxer.hikari.pool.PoolBase.isConnectionAlive:184 -hm - Failed to validate connection com.mysql.cj.jdbc.ConnectionImpl@5dff8889 (No operations allowed after connection closed.). Possibly consider using a shorter maxLifetime value.
2021-01-03 12:01:39.357 WARN [http-nio-8081-exec-5]com.zaxxer.hikari.pool.PoolBase.isConnectionAlive:184 -hm - Failed to validate connection com.mysql.cj.jdbc.ConnectionImpl@50e3e2d0 (No operations allowed after connection closed.). Possibly consider using a shorter maxLifetime value.
2021-01-03 12:01:39.359 WARN [http-nio-8081-exec-5]com.zaxxer.hikari.pool.PoolBase.isConnectionAlive:184 -hm - Failed to validate connection com.mysql.cj.jdbc.ConnectionImpl@615dd272 (No operations allowed after connection closed.). Possibly consider using a shorter maxLifetime value.
2021-01-03 12:01:39.362 WARN [http-nio-8081-exec-5]com.zaxxer.hikari.pool.PoolBase.isConnectionAlive:184 -hm - Failed to validate connection com.mysql.cj.jdbc.ConnectionImpl@3ecfaf37 (No operations allowed after connection closed.). Possibly consider using a shorter maxLifetime value.
2021-01-03 12:01:39.364 WARN [http-nio-8081-exec-5]com.zaxxer.hikari.pool.PoolBase.isConnectionAlive:184 -hm - Failed to validate connection com.mysql.cj.jdbc.ConnectionImpl@1161b413 (No operations allowed after connection closed.). Possibly consider using a shorter maxLifetime value.
2021-01-03 12:01:39.366 WARN [http-nio-8081-exec-5]com.zaxxer.hikari.pool.PoolBase.isConnectionAlive:184 -hm - Failed to validate connection com.mysql.cj.jdbc.ConnectionImpl@3f1c9a5d (No operations allowed after connection closed.). Possibly consider using a shorter maxLifetime value.
2021-01-03 12:01:39.368 WARN [http-nio-8081-exec-5]com.zaxxer.hikari.pool.PoolBase.isConnectionAlive:184 -hm - Failed to validate connection com.mysql.cj.jdbc.ConnectionImpl@305d118e (No operations allowed after connection closed.). Possibly consider using a shorter maxLifetime value.
2021-01-03 12:01:39.371 WARN [http-nio-8081-exec-5]com.zaxxer.hikari.pool.PoolBase.isConnectionAlive:184 -hm - Failed to validate connection com.mysql.cj.jdbc.ConnectionImpl@7328a6a5 (No operations allowed after connection closed.). Possibly consider using a shorter maxLifetime value.
2021-01-03 12:01:39.373 WARN [http-nio-8081-exec-5]com.zaxxer.hikari.pool.PoolBase.isConnectionAlive:184 -hm - Failed to validate connection com.mysql.cj.jdbc.ConnectionImpl@6ff545ff (No operations allowed after connection closed.). Possibly consider using a shorter maxLifetime value.
2021-01-03 12:01:39.374 WARN [http-nio-8081-exec-5]com.zaxxer.hikari.pool.PoolBase.isConnectionAlive:184 -hm - Failed to validate connection com.mysql.cj.jdbc.ConnectionImpl@34e0f42e (No operations allowed after connection closed.). Possibly consider using a shorter maxLifetime value.
2021-01-03 12:01:39.376 WARN [http-nio-8081-exec-5]com.zaxxer.hikari.pool.PoolBase.isConnectionAlive:184 -hm - Failed to validate connection com.mysql.cj.jdbc.ConnectionImpl@6c69525d (No operations allowed after connection closed.). Possibly consider using a shorter maxLifetime value.
2021-01-03 12:06:37.299 WARN [http-nio-8081-exec-6]com.zaxxer.hikari.pool.PoolBase.isConnectionAlive:184 -hm - Failed to validate connection com.mysql.cj.jdbc.ConnectionImpl@1f5da0f1 (No operations allowed after connection closed.). Possibly consider using a shorter maxLifetime value.
2021-01-03 12:06:37.302 WARN [http-nio-8081-exec-6]com.zaxxer.hikari.pool.PoolBase.isConnectionAlive:184 -hm - Failed to validate connection com.mysql.cj.jdbc.ConnectionImpl@439e4a58 (No operations allowed after connection closed.). Possibly consider using a shorter maxLifetime value.
2021-01-03 12:06:37.304 WARN [http-nio-8081-exec-6]com.zaxxer.hikari.pool.PoolBase.isConnectionAlive:184 -hm - Failed to validate connection com.mysql.cj.jdbc.ConnectionImpl@4de496de (No operations allowed after connection closed.). Possibly consider using a shorter maxLifetime value.
2021-01-03 12:06:37.305 WARN [http-nio-8081-exec-6]com.zaxxer.hikari.pool.PoolBase.isConnectionAlive:184 -hm - Failed to validate connection com.mysql.cj.jdbc.ConnectionImpl@5e7f4c0 (No operations allowed after connection closed.). Possibly consider using a shorter maxLifetime value.
2021-01-03 12:06:37.310 WARN [http-nio-8081-exec-6]com.zaxxer.hikari.pool.PoolBase.isConnectionAlive:184 -hm - Failed to validate connection com.mysql.cj.jdbc.ConnectionImpl@3bc70ebd (No operations allowed after connection closed.). Possibly consider using a shorter maxLifetime value.
2021-01-03 12:06:37.311 WARN [http-nio-8081-exec-6]com.zaxxer.hikari.pool.PoolBase.isConnectionAlive:184 -hm - Failed to validate connection com.mysql.cj.jdbc.ConnectionImpl@a3a4f17 (No operations allowed after connection closed.). Possibly consider using a shorter maxLifetime value.
2021-01-03 12:06:37.313 WARN [http-nio-8081-exec-6]com.zaxxer.hikari.pool.PoolBase.isConnectionAlive:184 -hm - Failed to validate connection com.mysql.cj.jdbc.ConnectionImpl@63817ae8 (No operations allowed after connection closed.). Possibly consider using a shorter maxLifetime value.
2021-01-03 12:06:37.314 WARN [http-nio-8081-exec-6]com.zaxxer.hikari.pool.PoolBase.isConnectionAlive:184 -hm - Failed to validate connection com.mysql.cj.jdbc.ConnectionImpl@59fad3ac (No operations allowed after connection closed.). Possibly consider using a shorter maxLifetime value.
2021-01-03 12:06:37.315 WARN [http-nio-8081-exec-6]com.zaxxer.hikari.pool.PoolBase.isConnectionAlive:184 -hm - Failed to validate connection com.mysql.cj.jdbc.ConnectionImpl@5a4b9cc8 (No operations allowed after connection closed.). Possibly consider using a shorter maxLifetime value.
2021-01-03 12:06:37.316 WARN [http-nio-8081-exec-6]com.zaxxer.hikari.pool.PoolBase.isConnectionAlive:184 -hm - Failed to validate connection com.mysql.cj.jdbc.ConnectionImpl@2d13261 (No operations allowed after connection closed.). Possibly consider using a shorter maxLifetime value.
2021-01-03 12:12:26.466 WARN [http-nio-8081-exec-5]com.zaxxer.hikari.pool.PoolBase.isConnectionAlive:184 -hm - Failed to validate connection com.mysql.cj.jdbc.ConnectionImpl@7881d836 (No operations allowed after connection closed.). Possibly consider using a shorter maxLifetime value.
2021-01-03 12:12:26.507 WARN [http-nio-8081-exec-5]com.zaxxer.hikari.pool.PoolBase.isConnectionAlive:184 -hm - Failed to validate connection com.mysql.cj.jdbc.ConnectionImpl@49c81944 (No operations allowed after connection closed.). Possibly consider using a shorter maxLifetime value.
2021-01-03 12:12:26.510 WARN [http-nio-8081-exec-5]com.zaxxer.hikari.pool.PoolBase.isConnectionAlive:184 -hm - Failed to validate connection com.mysql.cj.jdbc.ConnectionImpl@5eb4218e (No operations allowed after connection closed.). Possibly consider using a shorter maxLifetime value.
2021-01-03 12:12:26.512 WARN [http-nio-8081-exec-5]com.zaxxer.hikari.pool.PoolBase.isConnectionAlive:184 -hm - Failed to validate connection com.mysql.cj.jdbc.ConnectionImpl@28821206 (No operations allowed after connection closed.). Possibly consider using a shorter maxLifetime value.
2021-01-03 12:12:26.514 WARN [http-nio-8081-exec-5]com.zaxxer.hikari.pool.PoolBase.isConnectionAlive:184 -hm - Failed to validate connection com.mysql.cj.jdbc.ConnectionImpl@504717f4 (No operations allowed after connection closed.). Possibly consider using a shorter maxLifetime value.
2021-01-03 12:12:26.517 WARN [http-nio-8081-exec-5]com.zaxxer.hikari.pool.PoolBase.isConnectionAlive:184 -hm - Failed to validate connection com.mysql.cj.jdbc.ConnectionImpl@59cc2681 (No operations allowed after connection closed.). Possibly consider using a shorter maxLifetime value.
2021-01-03 12:12:26.519 WARN [http-nio-8081-exec-5]com.zaxxer.hikari.pool.PoolBase.isConnectionAlive:184 -hm - Failed to validate connection com.mysql.cj.jdbc.ConnectionImpl@260bd467 (No operations allowed after connection closed.). Possibly consider using a shorter maxLifetime value.
2021-01-03 12:12:26.521 WARN [http-nio-8081-exec-5]com.zaxxer.hikari.pool.PoolBase.isConnectionAlive:184 -hm - Failed to validate connection com.mysql.cj.jdbc.ConnectionImpl@1ea1f082 (No operations allowed after connection closed.). Possibly consider using a shorter maxLifetime value.
2021-01-03 12:12:26.523 WARN [http-nio-8081-exec-5]com.zaxxer.hikari.pool.PoolBase.isConnectionAlive:184 -hm - Failed to validate connection com.mysql.cj.jdbc.ConnectionImpl@7631bc15 (No operations allowed after connection closed.). Possibly consider using a shorter maxLifetime value.
2021-01-03 12:16:17.073 WARN [http-nio-8081-exec-10]com.zaxxer.hikari.pool.PoolBase.isConnectionAlive:184 -hm - Failed to validate connection com.mysql.cj.jdbc.ConnectionImpl@7fb5b40c (No operations allowed after connection closed.). Possibly consider using a shorter maxLifetime value.
2021-01-03 12:16:17.077 WARN [http-nio-8081-exec-10]com.zaxxer.hikari.pool.PoolBase.isConnectionAlive:184 -hm - Failed to validate connection com.mysql.cj.jdbc.ConnectionImpl@43389c4 (No operations allowed after connection closed.). Possibly consider using a shorter maxLifetime value.
2021-01-03 12:16:17.081 WARN [http-nio-8081-exec-10]com.zaxxer.hikari.pool.PoolBase.isConnectionAlive:184 -hm - Failed to validate connection com.mysql.cj.jdbc.ConnectionImpl@388f72a7 (No operations allowed after connection closed.). Possibly consider using a shorter maxLifetime value.
2021-01-03 12:16:17.082 WARN [http-nio-8081-exec-10]com.zaxxer.hikari.pool.PoolBase.isConnectionAlive:184 -hm - Failed to validate connection com.mysql.cj.jdbc.ConnectionImpl@330c8002 (No operations allowed after connection closed.). Possibly consider using a shorter maxLifetime value.
2021-01-03 12:16:17.083 WARN [http-nio-8081-exec-10]com.zaxxer.hikari.pool.PoolBase.isConnectionAlive:184 -hm - Failed to validate connection com.mysql.cj.jdbc.ConnectionImpl@386dd581 (No operations allowed after connection closed.). Possibly consider using a shorter maxLifetime value.
2021-01-03 12:16:17.084 WARN [http-nio-8081-exec-10]com.zaxxer.hikari.pool.PoolBase.isConnectionAlive:184 -hm - Failed to validate connection com.mysql.cj.jdbc.ConnectionImpl@200816e1 (No operations allowed after connection closed.). Possibly consider using a shorter maxLifetime value.
2021-01-03 12:16:17.086 WARN [http-nio-8081-exec-10]com.zaxxer.hikari.pool.PoolBase.isConnectionAlive:184 -hm - Failed to validate connection com.mysql.cj.jdbc.ConnectionImpl@63d1520d (No operations allowed after connection closed.). Possibly consider using a shorter maxLifetime value.
2021-01-03 12:16:17.087 WARN [http-nio-8081-exec-10]com.zaxxer.hikari.pool.PoolBase.isConnectionAlive:184 -hm - Failed to validate connection com.mysql.cj.jdbc.ConnectionImpl@348ac2e5 (No operations allowed after connection closed.). Possibly consider using a shorter maxLifetime value.
2021-01-03 12:16:17.088 WARN [http-nio-8081-exec-10]com.zaxxer.hikari.pool.PoolBase.isConnectionAlive:184 -hm - Failed to validate connection com.mysql.cj.jdbc.ConnectionImpl@629dd828 (No operations allowed after connection closed.). Possibly consider using a shorter maxLifetime value.
2021-01-03 12:20:54.216 WARN [http-nio-8081-exec-9]com.zaxxer.hikari.pool.PoolBase.isConnectionAlive:184 -hm - Failed to validate connection com.mysql.cj.jdbc.ConnectionImpl@650797bb (No operations allowed after connection closed.). Possibly consider using a shorter maxLifetime value.
2021-01-03 12:20:54.217 WARN [http-nio-8081-exec-9]com.zaxxer.hikari.pool.PoolBase.isConnectionAlive:184 -hm - Failed to validate connection com.mysql.cj.jdbc.ConnectionImpl@10e84c26 (No operations allowed after connection closed.). Possibly consider using a shorter maxLifetime value.
2021-01-03 12:20:54.219 WARN [http-nio-8081-exec-9]com.zaxxer.hikari.pool.PoolBase.isConnectionAlive:184 -hm - Failed to validate connection com.mysql.cj.jdbc.ConnectionImpl@325b4fcf (No operations allowed after connection closed.). Possibly consider using a shorter maxLifetime value.
2021-01-03 12:20:54.220 WARN [http-nio-8081-exec-9]com.zaxxer.hikari.pool.PoolBase.isConnectionAlive:184 -hm - Failed to validate connection com.mysql.cj.jdbc.ConnectionImpl@dfcce3c (No operations allowed after connection closed.). Possibly consider using a shorter maxLifetime value.
2021-01-03 12:20:54.222 WARN [http-nio-8081-exec-5]com.zaxxer.hikari.pool.PoolBase.isConnectionAlive:184 -hm - Failed to validate connection com.mysql.cj.jdbc.ConnectionImpl@5c3f3b7c (No operations allowed after connection closed.). Possibly consider using a shorter maxLifetime value.
2021-01-03 12:20:54.222 WARN [http-nio-8081-exec-9]com.zaxxer.hikari.pool.PoolBase.isConnectionAlive:184 -hm - Failed to validate connection com.mysql.cj.jdbc.ConnectionImpl@2ce57d8b (No operations allowed after connection closed.). Possibly consider using a shorter maxLifetime value.
2021-01-03 12:20:54.224 WARN [http-nio-8081-exec-9]com.zaxxer.hikari.pool.PoolBase.isConnectionAlive:184 -hm - Failed to validate connection com.mysql.cj.jdbc.ConnectionImpl@452ac42a (No operations allowed after connection closed.). Possibly consider using a shorter maxLifetime value.
2021-01-03 12:20:54.224 WARN [http-nio-8081-exec-5]com.zaxxer.hikari.pool.PoolBase.isConnectionAlive:184 -hm - Failed to validate connection com.mysql.cj.jdbc.ConnectionImpl@1928f603 (No operations allowed after connection closed.). Possibly consider using a shorter maxLifetime value.
2021-01-03 12:20:54.225 WARN [http-nio-8081-exec-9]com.zaxxer.hikari.pool.PoolBase.isConnectionAlive:184 -hm - Failed to validate connection com.mysql.cj.jdbc.ConnectionImpl@2d67de77 (No operations allowed after connection closed.). Possibly consider using a shorter maxLifetime value.
2021-01-03 12:20:54.225 WARN [http-nio-8081-exec-5]com.zaxxer.hikari.pool.PoolBase.isConnectionAlive:184 -hm - Failed to validate connection com.mysql.cj.jdbc.ConnectionImpl@26fffcee (No operations allowed after connection closed.). Possibly consider using a shorter maxLifetime value.
2021-01-03 14:43:47.309 WARN [hm housekeeper]com.zaxxer.hikari.pool.HikariPool.run:787 -hm - Thread starvation or clock leap detected (housekeeper delta=4m21s75ms746µs200ns).
2021-01-03 14:43:47.374 WARN [test1 housekeeper]com.zaxxer.hikari.pool.HikariPool.run:787 -test1 - Thread starvation or clock leap detected (housekeeper delta=4m21s89ms117µs700ns).
2021-01-03 14:47:04.094 WARN [http-nio-8081-exec-3]com.zaxxer.hikari.pool.PoolBase.isConnectionAlive:184 -hm - Failed to validate connection com.mysql.cj.jdbc.ConnectionImpl@268999ae (No operations allowed after connection closed.). Possibly consider using a shorter maxLifetime value.
2021-01-03 14:47:04.173 WARN [http-nio-8081-exec-3]com.zaxxer.hikari.pool.PoolBase.isConnectionAlive:184 -hm - Failed to validate connection com.mysql.cj.jdbc.ConnectionImpl@7c465142 (No operations allowed after connection closed.). Possibly consider using a shorter maxLifetime value.
2021-01-03 14:47:04.191 WARN [http-nio-8081-exec-3]com.zaxxer.hikari.pool.PoolBase.isConnectionAlive:184 -hm - Failed to validate connection com.mysql.cj.jdbc.ConnectionImpl@dc1f35b (No operations allowed after connection closed.). Possibly consider using a shorter maxLifetime value.
2021-01-03 14:47:04.202 WARN [http-nio-8081-exec-3]com.zaxxer.hikari.pool.PoolBase.isConnectionAlive:184 -hm - Failed to validate connection com.mysql.cj.jdbc.ConnectionImpl@67ef5fa4 (No operations allowed after connection closed.). Possibly consider using a shorter maxLifetime value.
2021-01-03 14:47:04.204 WARN [http-nio-8081-exec-2]com.zaxxer.hikari.pool.PoolBase.isConnectionAlive:184 -hm - Failed to validate connection com.mysql.cj.jdbc.ConnectionImpl@5c2b27e9 (No operations allowed after connection closed.). Possibly consider using a shorter maxLifetime value.
2021-01-03 14:47:04.213 WARN [http-nio-8081-exec-3]com.zaxxer.hikari.pool.PoolBase.isConnectionAlive:184 -hm - Failed to validate connection com.mysql.cj.jdbc.ConnectionImpl@1b003c (No operations allowed after connection closed.). Possibly consider using a shorter maxLifetime value.
2021-01-03 14:47:04.214 WARN [http-nio-8081-exec-2]com.zaxxer.hikari.pool.PoolBase.isConnectionAlive:184 -hm - Failed to validate connection com.mysql.cj.jdbc.ConnectionImpl@e698a3a (No operations allowed after connection closed.). Possibly consider using a shorter maxLifetime value.
2021-01-03 14:47:04.229 WARN [http-nio-8081-exec-3]com.zaxxer.hikari.pool.PoolBase.isConnectionAlive:184 -hm - Failed to validate connection com.mysql.cj.jdbc.ConnectionImpl@4e999d3c (No operations allowed after connection closed.). Possibly consider using a shorter maxLifetime value.
2021-01-03 14:47:04.228 WARN [http-nio-8081-exec-2]com.zaxxer.hikari.pool.PoolBase.isConnectionAlive:184 -hm - Failed to validate connection com.mysql.cj.jdbc.ConnectionImpl@38f7f277 (No operations allowed after connection closed.). Possibly consider using a shorter maxLifetime value.
2021-01-03 14:47:04.241 WARN [http-nio-8081-exec-3]com.zaxxer.hikari.pool.PoolBase.isConnectionAlive:184 -hm - Failed to validate connection com.mysql.cj.jdbc.ConnectionImpl@4cc0f49f (No operations allowed after connection closed.). Possibly consider using a shorter maxLifetime value.
2021-01-03 14:50:26.114 WARN [http-nio-8081-exec-1]com.zaxxer.hikari.pool.PoolBase.isConnectionAlive:184 -hm - Failed to validate connection com.mysql.cj.jdbc.ConnectionImpl@4d9afca7 (No operations allowed after connection closed.). Possibly consider using a shorter maxLifetime value.
2021-01-03 14:50:26.116 WARN [http-nio-8081-exec-1]com.zaxxer.hikari.pool.PoolBase.isConnectionAlive:184 -hm - Failed to validate connection com.mysql.cj.jdbc.ConnectionImpl@358bfbb2 (No operations allowed after connection closed.). Possibly consider using a shorter maxLifetime value.
2021-01-03 14:50:26.118 WARN [http-nio-8081-exec-1]com.zaxxer.hikari.pool.PoolBase.isConnectionAlive:184 -hm - Failed to validate connection com.mysql.cj.jdbc.ConnectionImpl@29da69a0 (No operations allowed after connection closed.). Possibly consider using a shorter maxLifetime value.
2021-01-03 14:50:26.120 WARN [http-nio-8081-exec-1]com.zaxxer.hikari.pool.PoolBase.isConnectionAlive:184 -hm - Failed to validate connection com.mysql.cj.jdbc.ConnectionImpl@6c9c78b1 (No operations allowed after connection closed.). Possibly consider using a shorter maxLifetime value.
2021-01-03 14:50:26.122 WARN [http-nio-8081-exec-1]com.zaxxer.hikari.pool.PoolBase.isConnectionAlive:184 -hm - Failed to validate connection com.mysql.cj.jdbc.ConnectionImpl@4950a1d (No operations allowed after connection closed.). Possibly consider using a shorter maxLifetime value.
2021-01-03 14:50:26.126 WARN [http-nio-8081-exec-1]com.zaxxer.hikari.pool.PoolBase.isConnectionAlive:184 -hm - Failed to validate connection com.mysql.cj.jdbc.ConnectionImpl@191c7d82 (No operations allowed after connection closed.). Possibly consider using a shorter maxLifetime value.
2021-01-03 14:50:26.128 WARN [http-nio-8081-exec-1]com.zaxxer.hikari.pool.PoolBase.isConnectionAlive:184 -hm - Failed to validate connection com.mysql.cj.jdbc.ConnectionImpl@63f19068 (No operations allowed after connection closed.). Possibly consider using a shorter maxLifetime value.
2021-01-03 14:50:26.130 WARN [http-nio-8081-exec-1]com.zaxxer.hikari.pool.PoolBase.isConnectionAlive:184 -hm - Failed to validate connection com.mysql.cj.jdbc.ConnectionImpl@6c272557 (No operations allowed after connection closed.). Possibly consider using a shorter maxLifetime value.
2021-01-03 14:50:26.132 WARN [http-nio-8081-exec-1]com.zaxxer.hikari.pool.PoolBase.isConnectionAlive:184 -hm - Failed to validate connection com.mysql.cj.jdbc.ConnectionImpl@404e0f2c (No operations allowed after connection closed.). Possibly consider using a shorter maxLifetime value.
2021-01-03 14:50:26.134 WARN [http-nio-8081-exec-1]com.zaxxer.hikari.pool.PoolBase.isConnectionAlive:184 -hm - Failed to validate connection com.mysql.cj.jdbc.ConnectionImpl@3ac48aca (No operations allowed after connection closed.). Possibly consider using a shorter maxLifetime value.
2021-01-03 15:06:06.642 WARN [http-nio-8081-exec-8]com.zaxxer.hikari.pool.PoolBase.isConnectionAlive:184 -hm - Failed to validate connection com.mysql.cj.jdbc.ConnectionImpl@81b55b (No operations allowed after connection closed.). Possibly consider using a shorter maxLifetime value.
2021-01-03 15:06:06.644 WARN [http-nio-8081-exec-8]com.zaxxer.hikari.pool.PoolBase.isConnectionAlive:184 -hm - Failed to validate connection com.mysql.cj.jdbc.ConnectionImpl@1868e290 (No operations allowed after connection closed.). Possibly consider using a shorter maxLifetime value.
2021-01-03 15:06:06.646 WARN [http-nio-8081-exec-8]com.zaxxer.hikari.pool.PoolBase.isConnectionAlive:184 -hm - Failed to validate connection com.mysql.cj.jdbc.ConnectionImpl@6b34348c (No operations allowed after connection closed.). Possibly consider using a shorter maxLifetime value.
2021-01-03 15:06:06.647 WARN [http-nio-8081-exec-8]com.zaxxer.hikari.pool.PoolBase.isConnectionAlive:184 -hm - Failed to validate connection com.mysql.cj.jdbc.ConnectionImpl@1885a27 (No operations allowed after connection closed.). Possibly consider using a shorter maxLifetime value.
2021-01-03 15:06:06.648 WARN [http-nio-8081-exec-8]com.zaxxer.hikari.pool.PoolBase.isConnectionAlive:184 -hm - Failed to validate connection com.mysql.cj.jdbc.ConnectionImpl@45eba5d1 (No operations allowed after connection closed.). Possibly consider using a shorter maxLifetime value.
2021-01-03 15:06:06.650 WARN [http-nio-8081-exec-8]com.zaxxer.hikari.pool.PoolBase.isConnectionAlive:184 -hm - Failed to validate connection com.mysql.cj.jdbc.ConnectionImpl@1a48b39e (No operations allowed after connection closed.). Possibly consider using a shorter maxLifetime value.
2021-01-03 15:06:06.652 WARN [http-nio-8081-exec-8]com.zaxxer.hikari.pool.PoolBase.isConnectionAlive:184 -hm - Failed to validate connection com.mysql.cj.jdbc.ConnectionImpl@5012640f (No operations allowed after connection closed.). Possibly consider using a shorter maxLifetime value.
2021-01-03 15:06:06.653 WARN [http-nio-8081-exec-8]com.zaxxer.hikari.pool.PoolBase.isConnectionAlive:184 -hm - Failed to validate connection com.mysql.cj.jdbc.ConnectionImpl@13085548 (No operations allowed after connection closed.). Possibly consider using a shorter maxLifetime value.
2021-01-03 15:06:06.654 WARN [http-nio-8081-exec-8]com.zaxxer.hikari.pool.PoolBase.isConnectionAlive:184 -hm - Failed to validate connection com.mysql.cj.jdbc.ConnectionImpl@bd5bfd5 (No operations allowed after connection closed.). Possibly consider using a shorter maxLifetime value.
2021-01-03 15:06:06.656 WARN [http-nio-8081-exec-8]com.zaxxer.hikari.pool.PoolBase.isConnectionAlive:184 -hm - Failed to validate connection com.mysql.cj.jdbc.ConnectionImpl@54de2972 (No operations allowed after connection closed.). Possibly consider using a shorter maxLifetime value.
2021-01-03 15:14:31.648 WARN [http-nio-8081-exec-9]com.zaxxer.hikari.pool.PoolBase.isConnectionAlive:184 -hm - Failed to validate connection com.mysql.cj.jdbc.ConnectionImpl@46dca842 (No operations allowed after connection closed.). Possibly consider using a shorter maxLifetime value.
2021-01-03 15:14:31.650 WARN [http-nio-8081-exec-9]com.zaxxer.hikari.pool.PoolBase.isConnectionAlive:184 -hm - Failed to validate connection com.mysql.cj.jdbc.ConnectionImpl@3a457739 (No operations allowed after connection closed.). Possibly consider using a shorter maxLifetime value.
2021-01-03 15:14:31.652 WARN [http-nio-8081-exec-9]com.zaxxer.hikari.pool.PoolBase.isConnectionAlive:184 -hm - Failed to validate connection com.mysql.cj.jdbc.ConnectionImpl@42fe2555 (No operations allowed after connection closed.). Possibly consider using a shorter maxLifetime value.
2021-01-03 15:14:31.653 WARN [http-nio-8081-exec-9]com.zaxxer.hikari.pool.PoolBase.isConnectionAlive:184 -hm - Failed to validate connection com.mysql.cj.jdbc.ConnectionImpl@256b05a2 (No operations allowed after connection closed.). Possibly consider using a shorter maxLifetime value.
2021-01-03 15:14:31.655 WARN [http-nio-8081-exec-9]com.zaxxer.hikari.pool.PoolBase.isConnectionAlive:184 -hm - Failed to validate connection com.mysql.cj.jdbc.ConnectionImpl@63359efe (No operations allowed after connection closed.). Possibly consider using a shorter maxLifetime value.
2021-01-03 15:14:31.657 WARN [http-nio-8081-exec-9]com.zaxxer.hikari.pool.PoolBase.isConnectionAlive:184 -hm - Failed to validate connection com.mysql.cj.jdbc.ConnectionImpl@72d8d11e (No operations allowed after connection closed.). Possibly consider using a shorter maxLifetime value.
2021-01-03 15:14:31.659 WARN [http-nio-8081-exec-9]com.zaxxer.hikari.pool.PoolBase.isConnectionAlive:184 -hm - Failed to validate connection com.mysql.cj.jdbc.ConnectionImpl@413f869d (No operations allowed after connection closed.). Possibly consider using a shorter maxLifetime value.
2021-01-03 15:14:31.660 WARN [http-nio-8081-exec-9]com.zaxxer.hikari.pool.PoolBase.isConnectionAlive:184 -hm - Failed to validate connection com.mysql.cj.jdbc.ConnectionImpl@3c04dd0d (No operations allowed after connection closed.). Possibly consider using a shorter maxLifetime value.
2021-01-03 15:14:31.662 WARN [http-nio-8081-exec-9]com.zaxxer.hikari.pool.PoolBase.isConnectionAlive:184 -hm - Failed to validate connection com.mysql.cj.jdbc.ConnectionImpl@7309761d (No operations allowed after connection closed.). Possibly consider using a shorter maxLifetime value.
2021-01-03 15:14:31.663 WARN [http-nio-8081-exec-9]com.zaxxer.hikari.pool.PoolBase.isConnectionAlive:184 -hm - Failed to validate connection com.mysql.cj.jdbc.ConnectionImpl@47ed1943 (No operations allowed after connection closed.). Possibly consider using a shorter maxLifetime value.
2021-01-03 15:42:06.083 WARN [http-nio-8081-exec-8]com.zaxxer.hikari.pool.PoolBase.isConnectionAlive:184 -hm - Failed to validate connection com.mysql.cj.jdbc.ConnectionImpl@60ad32be (No operations allowed after connection closed.). Possibly consider using a shorter maxLifetime value.
2021-01-03 15:42:06.085 WARN [http-nio-8081-exec-8]com.zaxxer.hikari.pool.PoolBase.isConnectionAlive:184 -hm - Failed to validate connection com.mysql.cj.jdbc.ConnectionImpl@9738aa2 (No operations allowed after connection closed.). Possibly consider using a shorter maxLifetime value.
2021-01-03 15:42:06.087 WARN [http-nio-8081-exec-8]com.zaxxer.hikari.pool.PoolBase.isConnectionAlive:184 -hm - Failed to validate connection com.mysql.cj.jdbc.ConnectionImpl@65ac7c93 (No operations allowed after connection closed.). Possibly consider using a shorter maxLifetime value.
2021-01-03 15:42:06.090 WARN [http-nio-8081-exec-8]com.zaxxer.hikari.pool.PoolBase.isConnectionAlive:184 -hm - Failed to validate connection com.mysql.cj.jdbc.ConnectionImpl@2de189c0 (No operations allowed after connection closed.). Possibly consider using a shorter maxLifetime value.
2021-01-03 15:42:06.092 WARN [http-nio-8081-exec-8]com.zaxxer.hikari.pool.PoolBase.isConnectionAlive:184 -hm - Failed to validate connection com.mysql.cj.jdbc.ConnectionImpl@72b82b5c (No operations allowed after connection closed.). Possibly consider using a shorter maxLifetime value.
2021-01-03 15:42:06.094 WARN [http-nio-8081-exec-8]com.zaxxer.hikari.pool.PoolBase.isConnectionAlive:184 -hm - Failed to validate connection com.mysql.cj.jdbc.ConnectionImpl@670b9933 (No operations allowed after connection closed.). Possibly consider using a shorter maxLifetime value.
2021-01-03 15:42:06.095 WARN [http-nio-8081-exec-8]com.zaxxer.hikari.pool.PoolBase.isConnectionAlive:184 -hm - Failed to validate connection com.mysql.cj.jdbc.ConnectionImpl@614529a5 (No operations allowed after connection closed.). Possibly consider using a shorter maxLifetime value.
2021-01-03 15:42:06.097 WARN [http-nio-8081-exec-8]com.zaxxer.hikari.pool.PoolBase.isConnectionAlive:184 -hm - Failed to validate connection com.mysql.cj.jdbc.ConnectionImpl@404b13c4 (No operations allowed after connection closed.). Possibly consider using a shorter maxLifetime value.
2021-01-03 15:42:06.098 WARN [http-nio-8081-exec-8]com.zaxxer.hikari.pool.PoolBase.isConnectionAlive:184 -hm - Failed to validate connection com.mysql.cj.jdbc.ConnectionImpl@731a325a (No operations allowed after connection closed.). Possibly consider using a shorter maxLifetime value.
2021-01-03 15:42:06.100 WARN [http-nio-8081-exec-8]com.zaxxer.hikari.pool.PoolBase.isConnectionAlive:184 -hm - Failed to validate connection com.mysql.cj.jdbc.ConnectionImpl@4863ef0b (No operations allowed after connection closed.). Possibly consider using a shorter maxLifetime value.
2021-01-03 15:45:57.564 WARN [http-nio-8081-exec-3]com.zaxxer.hikari.pool.PoolBase.isConnectionAlive:184 -hm - Failed to validate connection com.mysql.cj.jdbc.ConnectionImpl@74242a16 (No operations allowed after connection closed.). Possibly consider using a shorter maxLifetime value.
2021-01-03 15:45:57.564 WARN [http-nio-8081-exec-3]com.zaxxer.hikari.pool.PoolBase.isConnectionAlive:184 -hm - Failed to validate connection com.mysql.cj.jdbc.ConnectionImpl@5b7a57d0 (No operations allowed after connection closed.). Possibly consider using a shorter maxLifetime value.
2021-01-03 15:45:57.565 WARN [http-nio-8081-exec-3]com.zaxxer.hikari.pool.PoolBase.isConnectionAlive:184 -hm - Failed to validate connection com.mysql.cj.jdbc.ConnectionImpl@1bcdb44b (No operations allowed after connection closed.). Possibly consider using a shorter maxLifetime value.
2021-01-03 15:45:57.566 WARN [http-nio-8081-exec-3]com.zaxxer.hikari.pool.PoolBase.isConnectionAlive:184 -hm - Failed to validate connection com.mysql.cj.jdbc.ConnectionImpl@37f3857d (No operations allowed after connection closed.). Possibly consider using a shorter maxLifetime value.
2021-01-03 15:45:57.567 WARN [http-nio-8081-exec-3]com.zaxxer.hikari.pool.PoolBase.isConnectionAlive:184 -hm - Failed to validate connection com.mysql.cj.jdbc.ConnectionImpl@2ed4307 (No operations allowed after connection closed.). Possibly consider using a shorter maxLifetime value.
2021-01-03 15:45:57.568 WARN [http-nio-8081-exec-3]com.zaxxer.hikari.pool.PoolBase.isConnectionAlive:184 -hm - Failed to validate connection com.mysql.cj.jdbc.ConnectionImpl@7f7fe12d (No operations allowed after connection closed.). Possibly consider using a shorter maxLifetime value.
2021-01-03 15:45:57.569 WARN [http-nio-8081-exec-3]com.zaxxer.hikari.pool.PoolBase.isConnectionAlive:184 -hm - Failed to validate connection com.mysql.cj.jdbc.ConnectionImpl@228c75ac (No operations allowed after connection closed.). Possibly consider using a shorter maxLifetime value.
2021-01-03 15:45:57.570 WARN [http-nio-8081-exec-3]com.zaxxer.hikari.pool.PoolBase.isConnectionAlive:184 -hm - Failed to validate connection com.mysql.cj.jdbc.ConnectionImpl@166549c8 (No operations allowed after connection closed.). Possibly consider using a shorter maxLifetime value.
2021-01-03 15:45:57.571 WARN [http-nio-8081-exec-3]com.zaxxer.hikari.pool.PoolBase.isConnectionAlive:184 -hm - Failed to validate connection com.mysql.cj.jdbc.ConnectionImpl@782c6228 (No operations allowed after connection closed.). Possibly consider using a shorter maxLifetime value.
2021-01-03 15:45:57.572 WARN [http-nio-8081-exec-3]com.zaxxer.hikari.pool.PoolBase.isConnectionAlive:184 -hm - Failed to validate connection com.mysql.cj.jdbc.ConnectionImpl@785a8289 (No operations allowed after connection closed.). Possibly consider using a shorter maxLifetime value.
2021-01-03 15:48:58.203 WARN [http-nio-8081-exec-10]com.zaxxer.hikari.pool.PoolBase.isConnectionAlive:184 -hm - Failed to validate connection com.mysql.cj.jdbc.ConnectionImpl@52d9cdd (No operations allowed after connection closed.). Possibly consider using a shorter maxLifetime value.
2021-01-03 15:48:58.205 WARN [http-nio-8081-exec-10]com.zaxxer.hikari.pool.PoolBase.isConnectionAlive:184 -hm - Failed to validate connection com.mysql.cj.jdbc.ConnectionImpl@93743e9 (No operations allowed after connection closed.). Possibly consider using a shorter maxLifetime value.
2021-01-03 15:48:58.206 WARN [http-nio-8081-exec-10]com.zaxxer.hikari.pool.PoolBase.isConnectionAlive:184 -hm - Failed to validate connection com.mysql.cj.jdbc.ConnectionImpl@61eb53c9 (No operations allowed after connection closed.). Possibly consider using a shorter maxLifetime value.
2021-01-03 15:48:58.207 WARN [http-nio-8081-exec-10]com.zaxxer.hikari.pool.PoolBase.isConnectionAlive:184 -hm - Failed to validate connection com.mysql.cj.jdbc.ConnectionImpl@420f46eb (No operations allowed after connection closed.). Possibly consider using a shorter maxLifetime value.
2021-01-03 15:48:58.208 WARN [http-nio-8081-exec-10]com.zaxxer.hikari.pool.PoolBase.isConnectionAlive:184 -hm - Failed to validate connection com.mysql.cj.jdbc.ConnectionImpl@6851fff5 (No operations allowed after connection closed.). Possibly consider using a shorter maxLifetime value.
2021-01-03 15:48:58.209 WARN [http-nio-8081-exec-10]com.zaxxer.hikari.pool.PoolBase.isConnectionAlive:184 -hm - Failed to validate connection com.mysql.cj.jdbc.ConnectionImpl@5b4ac11d (No operations allowed after connection closed.). Possibly consider using a shorter maxLifetime value.
2021-01-03 15:48:58.210 WARN [http-nio-8081-exec-10]com.zaxxer.hikari.pool.PoolBase.isConnectionAlive:184 -hm - Failed to validate connection com.mysql.cj.jdbc.ConnectionImpl@6084b4a6 (No operations allowed after connection closed.). Possibly consider using a shorter maxLifetime value.
2021-01-03 15:48:58.210 WARN [http-nio-8081-exec-10]com.zaxxer.hikari.pool.PoolBase.isConnectionAlive:184 -hm - Failed to validate connection com.mysql.cj.jdbc.ConnectionImpl@58849e43 (No operations allowed after connection closed.). Possibly consider using a shorter maxLifetime value.
2021-01-03 15:48:58.211 WARN [http-nio-8081-exec-10]com.zaxxer.hikari.pool.PoolBase.isConnectionAlive:184 -hm - Failed to validate connection com.mysql.cj.jdbc.ConnectionImpl@3f4d6cf1 (No operations allowed after connection closed.). Possibly consider using a shorter maxLifetime value.
2021-01-03 15:48:58.212 WARN [http-nio-8081-exec-10]com.zaxxer.hikari.pool.PoolBase.isConnectionAlive:184 -hm - Failed to validate connection com.mysql.cj.jdbc.ConnectionImpl@3282002c (No operations allowed after connection closed.). Possibly consider using a shorter maxLifetime value.
2021-01-03 15:54:12.072 WARN [http-nio-8081-exec-6]com.zaxxer.hikari.pool.PoolBase.isConnectionAlive:184 -hm - Failed to validate connection com.mysql.cj.jdbc.ConnectionImpl@bec5d67 (No operations allowed after connection closed.). Possibly consider using a shorter maxLifetime value.
2021-01-03 15:54:12.074 WARN [http-nio-8081-exec-6]com.zaxxer.hikari.pool.PoolBase.isConnectionAlive:184 -hm - Failed to validate connection com.mysql.cj.jdbc.ConnectionImpl@3626c08a (No operations allowed after connection closed.). Possibly consider using a shorter maxLifetime value.
2021-01-03 15:54:12.076 WARN [http-nio-8081-exec-6]com.zaxxer.hikari.pool.PoolBase.isConnectionAlive:184 -hm - Failed to validate connection com.mysql.cj.jdbc.ConnectionImpl@15571642 (No operations allowed after connection closed.). Possibly consider using a shorter maxLifetime value.
2021-01-03 15:54:12.078 WARN [http-nio-8081-exec-6]com.zaxxer.hikari.pool.PoolBase.isConnectionAlive:184 -hm - Failed to validate connection com.mysql.cj.jdbc.ConnectionImpl@63a59acc (No operations allowed after connection closed.). Possibly consider using a shorter maxLifetime value.
2021-01-03 15:54:12.080 WARN [http-nio-8081-exec-6]com.zaxxer.hikari.pool.PoolBase.isConnectionAlive:184 -hm - Failed to validate connection com.mysql.cj.jdbc.ConnectionImpl@35b15888 (No operations allowed after connection closed.). Possibly consider using a shorter maxLifetime value.
2021-01-03 15:54:12.082 WARN [http-nio-8081-exec-6]com.zaxxer.hikari.pool.PoolBase.isConnectionAlive:184 -hm - Failed to validate connection com.mysql.cj.jdbc.ConnectionImpl@3593ec24 (No operations allowed after connection closed.). Possibly consider using a shorter maxLifetime value.
2021-01-03 15:54:12.085 WARN [http-nio-8081-exec-6]com.zaxxer.hikari.pool.PoolBase.isConnectionAlive:184 -hm - Failed to validate connection com.mysql.cj.jdbc.ConnectionImpl@18db09d2 (No operations allowed after connection closed.). Possibly consider using a shorter maxLifetime value.
2021-01-03 15:54:12.086 WARN [http-nio-8081-exec-6]com.zaxxer.hikari.pool.PoolBase.isConnectionAlive:184 -hm - Failed to validate connection com.mysql.cj.jdbc.ConnectionImpl@576793ff (No operations allowed after connection closed.). Possibly consider using a shorter maxLifetime value.
2021-01-03 15:54:12.087 WARN [http-nio-8081-exec-6]com.zaxxer.hikari.pool.PoolBase.isConnectionAlive:184 -hm - Failed to validate connection com.mysql.cj.jdbc.ConnectionImpl@68adf483 (No operations allowed after connection closed.). Possibly consider using a shorter maxLifetime value.
2021-01-03 15:54:12.088 WARN [http-nio-8081-exec-6]com.zaxxer.hikari.pool.PoolBase.isConnectionAlive:184 -hm - Failed to validate connection com.mysql.cj.jdbc.ConnectionImpl@42f5d77e (No operations allowed after connection closed.). Possibly consider using a shorter maxLifetime value.
2021-01-03 16:00:02.264 WARN [http-nio-8081-exec-4]com.zaxxer.hikari.pool.PoolBase.isConnectionAlive:184 -hm - Failed to validate connection com.mysql.cj.jdbc.ConnectionImpl@69b340bb (No operations allowed after connection closed.). Possibly consider using a shorter maxLifetime value.
2021-01-03 16:00:02.267 WARN [http-nio-8081-exec-4]com.zaxxer.hikari.pool.PoolBase.isConnectionAlive:184 -hm - Failed to validate connection com.mysql.cj.jdbc.ConnectionImpl@5a4ced4c (No operations allowed after connection closed.). Possibly consider using a shorter maxLifetime value.
2021-01-03 16:00:02.268 WARN [http-nio-8081-exec-4]com.zaxxer.hikari.pool.PoolBase.isConnectionAlive:184 -hm - Failed to validate connection com.mysql.cj.jdbc.ConnectionImpl@570d00a2 (No operations allowed after connection closed.). Possibly consider using a shorter maxLifetime value.
2021-01-03 16:00:02.270 WARN [http-nio-8081-exec-4]com.zaxxer.hikari.pool.PoolBase.isConnectionAlive:184 -hm - Failed to validate connection com.mysql.cj.jdbc.ConnectionImpl@566b0876 (No operations allowed after connection closed.). Possibly consider using a shorter maxLifetime value.
2021-01-03 16:00:02.272 WARN [http-nio-8081-exec-4]com.zaxxer.hikari.pool.PoolBase.isConnectionAlive:184 -hm - Failed to validate connection com.mysql.cj.jdbc.ConnectionImpl@1aebad9a (No operations allowed after connection closed.). Possibly consider using a shorter maxLifetime value.
2021-01-03 16:00:02.273 WARN [http-nio-8081-exec-4]com.zaxxer.hikari.pool.PoolBase.isConnectionAlive:184 -hm - Failed to validate connection com.mysql.cj.jdbc.ConnectionImpl@27f00506 (No operations allowed after connection closed.). Possibly consider using a shorter maxLifetime value.
2021-01-03 16:00:02.274 WARN [http-nio-8081-exec-4]com.zaxxer.hikari.pool.PoolBase.isConnectionAlive:184 -hm - Failed to validate connection com.mysql.cj.jdbc.ConnectionImpl@18c7194a (No operations allowed after connection closed.). Possibly consider using a shorter maxLifetime value.
2021-01-03 16:00:02.275 WARN [http-nio-8081-exec-4]com.zaxxer.hikari.pool.PoolBase.isConnectionAlive:184 -hm - Failed to validate connection com.mysql.cj.jdbc.ConnectionImpl@16e18a9c (No operations allowed after connection closed.). Possibly consider using a shorter maxLifetime value.
2021-01-03 16:00:02.275 WARN [http-nio-8081-exec-4]com.zaxxer.hikari.pool.PoolBase.isConnectionAlive:184 -hm - Failed to validate connection com.mysql.cj.jdbc.ConnectionImpl@512172a7 (No operations allowed after connection closed.). Possibly consider using a shorter maxLifetime value.
2021-01-03 16:00:02.276 WARN [http-nio-8081-exec-4]com.zaxxer.hikari.pool.PoolBase.isConnectionAlive:184 -hm - Failed to validate connection com.mysql.cj.jdbc.ConnectionImpl@765e95b0 (No operations allowed after connection closed.). Possibly consider using a shorter maxLifetime value.
2021-01-03 16:07:32.006 WARN [http-nio-8081-exec-8]com.zaxxer.hikari.pool.PoolBase.isConnectionAlive:184 -hm - Failed to validate connection com.mysql.cj.jdbc.ConnectionImpl@4cdc0a40 (No operations allowed after connection closed.). Possibly consider using a shorter maxLifetime value.
2021-01-03 16:07:32.009 WARN [http-nio-8081-exec-8]com.zaxxer.hikari.pool.PoolBase.isConnectionAlive:184 -hm - Failed to validate connection com.mysql.cj.jdbc.ConnectionImpl@1a855cf4 (No operations allowed after connection closed.). Possibly consider using a shorter maxLifetime value.
2021-01-03 16:07:32.011 WARN [http-nio-8081-exec-8]com.zaxxer.hikari.pool.PoolBase.isConnectionAlive:184 -hm - Failed to validate connection com.mysql.cj.jdbc.ConnectionImpl@3df4499 (No operations allowed after connection closed.). Possibly consider using a shorter maxLifetime value.
2021-01-03 16:07:32.012 WARN [http-nio-8081-exec-8]com.zaxxer.hikari.pool.PoolBase.isConnectionAlive:184 -hm - Failed to validate connection com.mysql.cj.jdbc.ConnectionImpl@282447a0 (No operations allowed after connection closed.). Possibly consider using a shorter maxLifetime value.
2021-01-03 16:07:32.014 WARN [http-nio-8081-exec-8]com.zaxxer.hikari.pool.PoolBase.isConnectionAlive:184 -hm - Failed to validate connection com.mysql.cj.jdbc.ConnectionImpl@15afab1f (No operations allowed after connection closed.). Possibly consider using a shorter maxLifetime value.
2021-01-03 16:07:32.015 WARN [http-nio-8081-exec-8]com.zaxxer.hikari.pool.PoolBase.isConnectionAlive:184 -hm - Failed to validate connection com.mysql.cj.jdbc.ConnectionImpl@257d27a2 (No operations allowed after connection closed.). Possibly consider using a shorter maxLifetime value.
2021-01-03 16:07:32.016 WARN [http-nio-8081-exec-8]com.zaxxer.hikari.pool.PoolBase.isConnectionAlive:184 -hm - Failed to validate connection com.mysql.cj.jdbc.ConnectionImpl@5c7f5418 (No operations allowed after connection closed.). Possibly consider using a shorter maxLifetime value.
2021-01-03 16:07:32.017 WARN [http-nio-8081-exec-8]com.zaxxer.hikari.pool.PoolBase.isConnectionAlive:184 -hm - Failed to validate connection com.mysql.cj.jdbc.ConnectionImpl@56ec1170 (No operations allowed after connection closed.). Possibly consider using a shorter maxLifetime value.
2021-01-03 16:07:32.018 WARN [http-nio-8081-exec-8]com.zaxxer.hikari.pool.PoolBase.isConnectionAlive:184 -hm - Failed to validate connection com.mysql.cj.jdbc.ConnectionImpl@3ef3bfe1 (No operations allowed after connection closed.). Possibly consider using a shorter maxLifetime value.
2021-01-03 16:07:32.019 WARN [http-nio-8081-exec-8]com.zaxxer.hikari.pool.PoolBase.isConnectionAlive:184 -hm - Failed to validate connection com.mysql.cj.jdbc.ConnectionImpl@727fdfaa (No operations allowed after connection closed.). Possibly consider using a shorter maxLifetime value.
2021-01-03 16:31:06.555 WARN [http-nio-8081-exec-4]com.zaxxer.hikari.pool.PoolBase.isConnectionAlive:184 -hm - Failed to validate connection com.mysql.cj.jdbc.ConnectionImpl@62d76618 (No operations allowed after connection closed.). Possibly consider using a shorter maxLifetime value.
2021-01-03 16:31:06.561 WARN [http-nio-8081-exec-4]com.zaxxer.hikari.pool.PoolBase.isConnectionAlive:184 -hm - Failed to validate connection com.mysql.cj.jdbc.ConnectionImpl@70219360 (No operations allowed after connection closed.). Possibly consider using a shorter maxLifetime value.
2021-01-03 16:31:06.563 WARN [http-nio-8081-exec-4]com.zaxxer.hikari.pool.PoolBase.isConnectionAlive:184 -hm - Failed to validate connection com.mysql.cj.jdbc.ConnectionImpl@717b8b0f (No operations allowed after connection closed.). Possibly consider using a shorter maxLifetime value.
2021-01-03 16:31:06.564 WARN [http-nio-8081-exec-4]com.zaxxer.hikari.pool.PoolBase.isConnectionAlive:184 -hm - Failed to validate connection com.mysql.cj.jdbc.ConnectionImpl@7dfe2dc4 (No operations allowed after connection closed.). Possibly consider using a shorter maxLifetime value.
2021-01-03 16:31:06.566 WARN [http-nio-8081-exec-4]com.zaxxer.hikari.pool.PoolBase.isConnectionAlive:184 -hm - Failed to validate connection com.mysql.cj.jdbc.ConnectionImpl@39dc181d (No operations allowed after connection closed.). Possibly consider using a shorter maxLifetime value.
2021-01-03 16:31:06.568 WARN [http-nio-8081-exec-4]com.zaxxer.hikari.pool.PoolBase.isConnectionAlive:184 -hm - Failed to validate connection com.mysql.cj.jdbc.ConnectionImpl@459a26d5 (No operations allowed after connection closed.). Possibly consider using a shorter maxLifetime value.
2021-01-03 16:31:06.570 WARN [http-nio-8081-exec-4]com.zaxxer.hikari.pool.PoolBase.isConnectionAlive:184 -hm - Failed to validate connection com.mysql.cj.jdbc.ConnectionImpl@6894fe9a (No operations allowed after connection closed.). Possibly consider using a shorter maxLifetime value.
2021-01-03 16:31:06.571 WARN [http-nio-8081-exec-4]com.zaxxer.hikari.pool.PoolBase.isConnectionAlive:184 -hm - Failed to validate connection com.mysql.cj.jdbc.ConnectionImpl@64886e41 (No operations allowed after connection closed.). Possibly consider using a shorter maxLifetime value.
2021-01-03 16:31:06.573 WARN [http-nio-8081-exec-4]com.zaxxer.hikari.pool.PoolBase.isConnectionAlive:184 -hm - Failed to validate connection com.mysql.cj.jdbc.ConnectionImpl@3dcd9e3d (No operations allowed after connection closed.). Possibly consider using a shorter maxLifetime value.
2021-01-03 16:31:06.575 WARN [http-nio-8081-exec-4]com.zaxxer.hikari.pool.PoolBase.isConnectionAlive:184 -hm - Failed to validate connection com.mysql.cj.jdbc.ConnectionImpl@29f5abdf (No operations allowed after connection closed.). Possibly consider using a shorter maxLifetime value.
2021-01-03 16:45:04.082 WARN [http-nio-8081-exec-10]com.zaxxer.hikari.pool.PoolBase.isConnectionAlive:184 -hm - Failed to validate connection com.mysql.cj.jdbc.ConnectionImpl@410760b9 (No operations allowed after connection closed.). Possibly consider using a shorter maxLifetime value.
2021-01-03 16:45:04.084 WARN [http-nio-8081-exec-10]com.zaxxer.hikari.pool.PoolBase.isConnectionAlive:184 -hm - Failed to validate connection com.mysql.cj.jdbc.ConnectionImpl@2e2202c3 (No operations allowed after connection closed.). Possibly consider using a shorter maxLifetime value.
2021-01-03 16:45:04.085 WARN [http-nio-8081-exec-10]com.zaxxer.hikari.pool.PoolBase.isConnectionAlive:184 -hm - Failed to validate connection com.mysql.cj.jdbc.ConnectionImpl@6171ec09 (No operations allowed after connection closed.). Possibly consider using a shorter maxLifetime value.
2021-01-03 16:45:06.177 WARN [http-nio-8081-exec-3]com.zaxxer.hikari.pool.PoolBase.isConnectionAlive:184 -hm - Failed to validate connection com.mysql.cj.jdbc.ConnectionImpl@2b236c96 (No operations allowed after connection closed.). Possibly consider using a shorter maxLifetime value.
2021-01-03 16:45:06.178 WARN [http-nio-8081-exec-3]com.zaxxer.hikari.pool.PoolBase.isConnectionAlive:184 -hm - Failed to validate connection com.mysql.cj.jdbc.ConnectionImpl@107af7f2 (No operations allowed after connection closed.). Possibly consider using a shorter maxLifetime value.
2021-01-03 16:45:06.180 WARN [http-nio-8081-exec-3]com.zaxxer.hikari.pool.PoolBase.isConnectionAlive:184 -hm - Failed to validate connection com.mysql.cj.jdbc.ConnectionImpl@3326655c (No operations allowed after connection closed.). Possibly consider using a shorter maxLifetime value.
2021-01-03 16:45:06.181 WARN [http-nio-8081-exec-3]com.zaxxer.hikari.pool.PoolBase.isConnectionAlive:184 -hm - Failed to validate connection com.mysql.cj.jdbc.ConnectionImpl@4a3e6f90 (No operations allowed after connection closed.). Possibly consider using a shorter maxLifetime value.
2021-01-03 16:45:06.182 WARN [http-nio-8081-exec-3]com.zaxxer.hikari.pool.PoolBase.isConnectionAlive:184 -hm - Failed to validate connection com.mysql.cj.jdbc.ConnectionImpl@7ac9fd9d (No operations allowed after connection closed.). Possibly consider using a shorter maxLifetime value.
2021-01-03 16:45:06.183 WARN [http-nio-8081-exec-3]com.zaxxer.hikari.pool.PoolBase.isConnectionAlive:184 -hm - Failed to validate connection com.mysql.cj.jdbc.ConnectionImpl@3dcb4051 (No operations allowed after connection closed.). Possibly consider using a shorter maxLifetime value.
2021-01-03 16:45:09.087 WARN [http-nio-8081-exec-10]com.zaxxer.hikari.pool.PoolBase.isConnectionAlive:184 -hm - Failed to validate connection com.mysql.cj.jdbc.ConnectionImpl@2e7a693a (No operations allowed after connection closed.). Possibly consider using a shorter maxLifetime value.
2021-01-03 16:48:26.797 WARN [http-nio-8081-exec-5]com.zaxxer.hikari.pool.PoolBase.isConnectionAlive:184 -hm - Failed to validate connection com.mysql.cj.jdbc.ConnectionImpl@4bc74e6 (No operations allowed after connection closed.). Possibly consider using a shorter maxLifetime value.
2021-01-03 16:48:26.800 WARN [http-nio-8081-exec-5]com.zaxxer.hikari.pool.PoolBase.isConnectionAlive:184 -hm - Failed to validate connection com.mysql.cj.jdbc.ConnectionImpl@63029fad (No operations allowed after connection closed.). Possibly consider using a shorter maxLifetime value.
2021-01-03 16:48:26.803 WARN [http-nio-8081-exec-5]com.zaxxer.hikari.pool.PoolBase.isConnectionAlive:184 -hm - Failed to validate connection com.mysql.cj.jdbc.ConnectionImpl@3a476a5c (No operations allowed after connection closed.). Possibly consider using a shorter maxLifetime value.
2021-01-03 16:48:26.805 WARN [http-nio-8081-exec-5]com.zaxxer.hikari.pool.PoolBase.isConnectionAlive:184 -hm - Failed to validate connection com.mysql.cj.jdbc.ConnectionImpl@64b37c24 (No operations allowed after connection closed.). Possibly consider using a shorter maxLifetime value.
2021-01-03 16:48:26.807 WARN [http-nio-8081-exec-5]com.zaxxer.hikari.pool.PoolBase.isConnectionAlive:184 -hm - Failed to validate connection com.mysql.cj.jdbc.ConnectionImpl@63dbeeea (No operations allowed after connection closed.). Possibly consider using a shorter maxLifetime value.
2021-01-03 16:48:26.808 WARN [http-nio-8081-exec-5]com.zaxxer.hikari.pool.PoolBase.isConnectionAlive:184 -hm - Failed to validate connection com.mysql.cj.jdbc.ConnectionImpl@1453eacb (No operations allowed after connection closed.). Possibly consider using a shorter maxLifetime value.
2021-01-03 16:48:26.810 WARN [http-nio-8081-exec-5]com.zaxxer.hikari.pool.PoolBase.isConnectionAlive:184 -hm - Failed to validate connection com.mysql.cj.jdbc.ConnectionImpl@15477797 (No operations allowed after connection closed.). Possibly consider using a shorter maxLifetime value.
2021-01-03 16:48:26.812 WARN [http-nio-8081-exec-5]com.zaxxer.hikari.pool.PoolBase.isConnectionAlive:184 -hm - Failed to validate connection com.mysql.cj.jdbc.ConnectionImpl@6aea7b47 (No operations allowed after connection closed.). Possibly consider using a shorter maxLifetime value.
2021-01-03 16:48:26.815 WARN [http-nio-8081-exec-5]com.zaxxer.hikari.pool.PoolBase.isConnectionAlive:184 -hm - Failed to validate connection com.mysql.cj.jdbc.ConnectionImpl@56fa744e (No operations allowed after connection closed.). Possibly consider using a shorter maxLifetime value.
2021-01-03 16:48:26.817 WARN [http-nio-8081-exec-5]com.zaxxer.hikari.pool.PoolBase.isConnectionAlive:184 -hm - Failed to validate connection com.mysql.cj.jdbc.ConnectionImpl@5d74c9e8 (No operations allowed after connection closed.). Possibly consider using a shorter maxLifetime value.
2021-01-03 17:25:40.514 WARN [http-nio-8081-exec-8]com.zaxxer.hikari.pool.PoolBase.isConnectionAlive:184 -hm - Failed to validate connection com.mysql.cj.jdbc.ConnectionImpl@827fd3c (No operations allowed after connection closed.). Possibly consider using a shorter maxLifetime value.
2021-01-03 17:25:40.519 WARN [http-nio-8081-exec-8]com.zaxxer.hikari.pool.PoolBase.isConnectionAlive:184 -hm - Failed to validate connection com.mysql.cj.jdbc.ConnectionImpl@239211ba (No operations allowed after connection closed.). Possibly consider using a shorter maxLifetime value.
2021-01-03 17:25:40.521 WARN [http-nio-8081-exec-8]com.zaxxer.hikari.pool.PoolBase.isConnectionAlive:184 -hm - Failed to validate connection com.mysql.cj.jdbc.ConnectionImpl@b42996 (No operations allowed after connection closed.). Possibly consider using a shorter maxLifetime value.
2021-01-03 17:25:40.524 WARN [http-nio-8081-exec-8]com.zaxxer.hikari.pool.PoolBase.isConnectionAlive:184 -hm - Failed to validate connection com.mysql.cj.jdbc.ConnectionImpl@37cdfaa1 (No operations allowed after connection closed.). Possibly consider using a shorter maxLifetime value.
2021-01-03 17:25:40.528 WARN [http-nio-8081-exec-8]com.zaxxer.hikari.pool.PoolBase.isConnectionAlive:184 -hm - Failed to validate connection com.mysql.cj.jdbc.ConnectionImpl@1383e31c (No operations allowed after connection closed.). Possibly consider using a shorter maxLifetime value.
2021-01-03 17:25:40.530 WARN [http-nio-8081-exec-8]com.zaxxer.hikari.pool.PoolBase.isConnectionAlive:184 -hm - Failed to validate connection com.mysql.cj.jdbc.ConnectionImpl@20af2f17 (No operations allowed after connection closed.). Possibly consider using a shorter maxLifetime value.
2021-01-03 17:25:40.531 WARN [http-nio-8081-exec-8]com.zaxxer.hikari.pool.PoolBase.isConnectionAlive:184 -hm - Failed to validate connection com.mysql.cj.jdbc.ConnectionImpl@1f65a0d (No operations allowed after connection closed.). Possibly consider using a shorter maxLifetime value.
2021-01-03 17:25:40.533 WARN [http-nio-8081-exec-8]com.zaxxer.hikari.pool.PoolBase.isConnectionAlive:184 -hm - Failed to validate connection com.mysql.cj.jdbc.ConnectionImpl@5936b060 (No operations allowed after connection closed.). Possibly consider using a shorter maxLifetime value.
2021-01-03 17:25:40.534 WARN [http-nio-8081-exec-8]com.zaxxer.hikari.pool.PoolBase.isConnectionAlive:184 -hm - Failed to validate connection com.mysql.cj.jdbc.ConnectionImpl@55213359 (No operations allowed after connection closed.). Possibly consider using a shorter maxLifetime value.
2021-01-03 17:25:40.535 WARN [http-nio-8081-exec-8]com.zaxxer.hikari.pool.PoolBase.isConnectionAlive:184 -hm - Failed to validate connection com.mysql.cj.jdbc.ConnectionImpl@c2f797d (No operations allowed after connection closed.). Possibly consider using a shorter maxLifetime value.
2021-01-03 17:26:06.093 INFO [main]com.information.five.FiveApplication.logStarting:55 -Starting FiveApplication using Java 1.8.0_181 on QAQ-TTT with PID 28104 (E:\IDEAproject\five\target\classes started by ZZT in E:\IDEAproject\five)
2021-01-03 17:26:06.114 INFO [main]com.information.five.FiveApplication.logStartupProfileInfo:660 -No active profile set, falling back to default profiles: default
2021-01-03 17:26:08.864 INFO [main]o.s.c.s.PostProcessorRegistrationDelegate$BeanPostProcessorChecker.postProcessAfterInitialization:350 -Bean 'spring.datasource.dynamic-com.baomidou.dynamic.datasource.spring.boot.autoconfigure.DynamicDataSourceProperties' of type [com.baomidou.dynamic.datasource.spring.boot.autoconfigure.DynamicDataSourceProperties] is not eligible for getting processed by all BeanPostProcessors (for example: not eligible for auto-proxying)
2021-01-03 17:26:08.866 INFO [main]o.s.c.s.PostProcessorRegistrationDelegate$BeanPostProcessorChecker.postProcessAfterInitialization:350 -Bean 'com.baomidou.dynamic.datasource.spring.boot.autoconfigure.DynamicDataSourceAutoConfiguration' of type [com.baomidou.dynamic.datasource.spring.boot.autoconfigure.DynamicDataSourceAutoConfiguration$$EnhancerBySpringCGLIB$$749f38] is not eligible for getting processed by all BeanPostProcessors (for example: not eligible for auto-proxying)
2021-01-03 17:26:08.876 INFO [main]o.s.c.s.PostProcessorRegistrationDelegate$BeanPostProcessorChecker.postProcessAfterInitialization:350 -Bean 'dsProcessor' of type [com.baomidou.dynamic.datasource.processor.DsHeaderProcessor] is not eligible for getting processed by all BeanPostProcessors (for example: not eligible for auto-proxying)
2021-01-03 17:26:09.703 INFO [main]o.s.boot.web.embedded.tomcat.TomcatWebServer.initialize:108 -Tomcat initialized with port(s): 8081 (http)
2021-01-03 17:26:09.742 INFO [main]org.apache.coyote.http11.Http11NioProtocol.log:173 -Initializing ProtocolHandler ["http-nio-8081"]
2021-01-03 17:26:09.742 INFO [main]org.apache.catalina.core.StandardService.log:173 -Starting service [Tomcat]
2021-01-03 17:26:09.743 INFO [main]org.apache.catalina.core.StandardEngine.log:173 -Starting Servlet engine: [Apache Tomcat/9.0.41]
2021-01-03 17:26:09.744 INFO [main]org.apache.catalina.core.AprLifecycleListener.log:173 -An older version [1.2.17] of the Apache Tomcat Native library is installed, while Tomcat recommends a minimum version of [1.2.23]
2021-01-03 17:26:09.744 INFO [main]org.apache.catalina.core.AprLifecycleListener.log:173 -Loaded Apache Tomcat Native library [1.2.17] using APR version [1.6.3].
2021-01-03 17:26:09.745 INFO [main]org.apache.catalina.core.AprLifecycleListener.log:173 -APR capabilities: IPv6 [true], sendfile [true], accept filters [false], random [true].
2021-01-03 17:26:09.745 INFO [main]org.apache.catalina.core.AprLifecycleListener.log:173 -APR/OpenSSL configuration: useAprConnector [false], useOpenSSL [true]
2021-01-03 17:26:10.890 INFO [main]org.apache.catalina.core.AprLifecycleListener.log:173 -OpenSSL successfully initialized [OpenSSL 1.0.2o  27 Mar 2018]
2021-01-03 17:26:11.052 INFO [main]o.a.catalina.core.ContainerBase.[Tomcat].[localhost].[/].log:173 -Initializing Spring embedded WebApplicationContext
2021-01-03 17:26:11.053 INFO [main]o.s.b.w.s.context.ServletWebServerApplicationContext.prepareWebApplicationContext:289 -Root WebApplicationContext: initialization completed in 4690 ms
2021-01-03 17:26:11.417 INFO [main]com.zaxxer.hikari.HikariDataSource.<init>:80 -hm - Starting...
2021-01-03 17:26:12.415 INFO [main]com.zaxxer.hikari.HikariDataSource.<init>:82 -hm - Start completed.
2021-01-03 17:26:12.416 INFO [main]com.zaxxer.hikari.HikariDataSource.<init>:80 -test1 - Starting...
2021-01-03 17:26:12.423 INFO [main]com.zaxxer.hikari.HikariDataSource.<init>:82 -test1 - Start completed.
2021-01-03 17:26:12.424 INFO [main]com.baomidou.dynamic.datasource.DynamicRoutingDataSource.addDataSource:132 -dynamic-datasource - load a datasource named [hm] success
2021-01-03 17:26:12.424 INFO [main]com.baomidou.dynamic.datasource.DynamicRoutingDataSource.addDataSource:132 -dynamic-datasource - load a datasource named [test1] success
2021-01-03 17:26:12.424 INFO [main]com.baomidou.dynamic.datasource.DynamicRoutingDataSource.afterPropertiesSet:237 -dynamic-datasource initial loaded [2] datasource,primary datasource named [hm]
2021-01-03 17:26:14.045 INFO [main]s.d.s.web.PropertySourcedRequestMappingHandlerMapping.initHandlerMethods:69 -Mapped URL path [/v2/api-docs] onto method [springfox.documentation.swagger2.web.Swagger2Controller#getDocumentation(String, HttpServletRequest)]
2021-01-03 17:26:14.187 INFO [main]o.s.scheduling.concurrent.ThreadPoolTaskExecutor.initialize:181 -Initializing ExecutorService 'applicationTaskExecutor'
2021-01-03 17:26:14.450 INFO [main]org.apache.coyote.http11.Http11NioProtocol.log:173 -Starting ProtocolHandler ["http-nio-8081"]
2021-01-03 17:26:14.485 INFO [main]o.s.boot.web.embedded.tomcat.TomcatWebServer.start:220 -Tomcat started on port(s): 8081 (http) with context path ''
2021-01-03 17:26:14.486 INFO [main]s.d.spring.web.plugins.DocumentationPluginsBootstrapper.start:160 -Context refreshed
2021-01-03 17:26:14.506 INFO [main]s.d.spring.web.plugins.DocumentationPluginsBootstrapper.start:163 -Found 1 custom documentation plugin(s)
2021-01-03 17:26:14.582 INFO [main]s.d.spring.web.scanners.ApiListingReferenceScanner.scan:41 -Scanning for api listing references
2021-01-03 17:26:14.919 INFO [main]com.information.five.FiveApplication.logStarted:61 -Started FiveApplication in 11.116 seconds (JVM running for 15.239)
2021-01-03 17:26:25.320 INFO [http-nio-8081-exec-1]o.a.catalina.core.ContainerBase.[Tomcat].[localhost].[/].log:173 -Initializing Spring DispatcherServlet 'dispatcherServlet'
2021-01-03 17:26:25.320 INFO [http-nio-8081-exec-1]org.springframework.web.servlet.DispatcherServlet.initServletBean:525 -Initializing Servlet 'dispatcherServlet'
2021-01-03 17:26:25.321 INFO [http-nio-8081-exec-1]org.springframework.web.servlet.DispatcherServlet.initServletBean:547 -Completed initialization in 1 ms
2021-01-03 17:28:24.071 WARN [http-nio-8081-exec-6]com.zaxxer.hikari.pool.PoolBase.isConnectionAlive:184 -hm - Failed to validate connection com.mysql.cj.jdbc.ConnectionImpl@62806420 (No operations allowed after connection closed.). Possibly consider using a shorter maxLifetime value.
2021-01-03 17:28:24.083 WARN [http-nio-8081-exec-6]com.zaxxer.hikari.pool.PoolBase.isConnectionAlive:184 -hm - Failed to validate connection com.mysql.cj.jdbc.ConnectionImpl@3d7c4e33 (No operations allowed after connection closed.). Possibly consider using a shorter maxLifetime value.
2021-01-03 17:28:24.085 WARN [http-nio-8081-exec-6]com.zaxxer.hikari.pool.PoolBase.isConnectionAlive:184 -hm - Failed to validate connection com.mysql.cj.jdbc.ConnectionImpl@5cbc9cd8 (No operations allowed after connection closed.). Possibly consider using a shorter maxLifetime value.
2021-01-03 17:28:24.087 WARN [http-nio-8081-exec-6]com.zaxxer.hikari.pool.PoolBase.isConnectionAlive:184 -hm - Failed to validate connection com.mysql.cj.jdbc.ConnectionImpl@63d9afdf (No operations allowed after connection closed.). Possibly consider using a shorter maxLifetime value.
2021-01-03 17:28:24.088 WARN [http-nio-8081-exec-6]com.zaxxer.hikari.pool.PoolBase.isConnectionAlive:184 -hm - Failed to validate connection com.mysql.cj.jdbc.ConnectionImpl@1ffb38a2 (No operations allowed after connection closed.). Possibly consider using a shorter maxLifetime value.
2021-01-03 17:28:24.090 WARN [http-nio-8081-exec-6]com.zaxxer.hikari.pool.PoolBase.isConnectionAlive:184 -hm - Failed to validate connection com.mysql.cj.jdbc.ConnectionImpl@40a9e0b8 (No operations allowed after connection closed.). Possibly consider using a shorter maxLifetime value.
2021-01-03 17:28:24.092 WARN [http-nio-8081-exec-6]com.zaxxer.hikari.pool.PoolBase.isConnectionAlive:184 -hm - Failed to validate connection com.mysql.cj.jdbc.ConnectionImpl@78cbee29 (No operations allowed after connection closed.). Possibly consider using a shorter maxLifetime value.
2021-01-03 17:28:24.094 WARN [http-nio-8081-exec-6]com.zaxxer.hikari.pool.PoolBase.isConnectionAlive:184 -hm - Failed to validate connection com.mysql.cj.jdbc.ConnectionImpl@56c211b8 (No operations allowed after connection closed.). Possibly consider using a shorter maxLifetime value.
2021-01-03 17:28:24.096 WARN [http-nio-8081-exec-6]com.zaxxer.hikari.pool.PoolBase.isConnectionAlive:184 -hm - Failed to validate connection com.mysql.cj.jdbc.ConnectionImpl@103a1dea (No operations allowed after connection closed.). Possibly consider using a shorter maxLifetime value.
2021-01-03 17:28:24.097 WARN [http-nio-8081-exec-6]com.zaxxer.hikari.pool.PoolBase.isConnectionAlive:184 -hm - Failed to validate connection com.mysql.cj.jdbc.ConnectionImpl@1f999375 (No operations allowed after connection closed.). Possibly consider using a shorter maxLifetime value.
