2021-01-23 11:38:59.374 INFO [main]com.information.five.FiveApplication.logStarting:55 -Starting FiveApplication using Java 1.8.0_181 on LAPTOP-82T9IRIS with PID 10740 (D:\IDEAproject\five\target\classes started by 印钞机 in D:\IDEAproject\five)
2021-01-23 11:38:59.379 INFO [main]com.information.five.FiveApplication.logStartupProfileInfo:660 -No active profile set, falling back to default profiles: default
2021-01-23 11:39:01.290 INFO [main]o.s.c.s.PostProcessorRegistrationDelegate$BeanPostProcessorChecker.postProcessAfterInitialization:350 -Bean 'spring.datasource.dynamic-com.baomidou.dynamic.datasource.spring.boot.autoconfigure.DynamicDataSourceProperties' of type [com.baomidou.dynamic.datasource.spring.boot.autoconfigure.DynamicDataSourceProperties] is not eligible for getting processed by all BeanPostProcessors (for example: not eligible for auto-proxying)
2021-01-23 11:39:01.292 INFO [main]o.s.c.s.PostProcessorRegistrationDelegate$BeanPostProcessorChecker.postProcessAfterInitialization:350 -Bean 'com.baomidou.dynamic.datasource.spring.boot.autoconfigure.DynamicDataSourceAutoConfiguration' of type [com.baomidou.dynamic.datasource.spring.boot.autoconfigure.DynamicDataSourceAutoConfiguration$$EnhancerBySpringCGLIB$$a3b5ea2a] is not eligible for getting processed by all BeanPostProcessors (for example: not eligible for auto-proxying)
2021-01-23 11:39:01.305 INFO [main]o.s.c.s.PostProcessorRegistrationDelegate$BeanPostProcessorChecker.postProcessAfterInitialization:350 -Bean 'dsProcessor' of type [com.baomidou.dynamic.datasource.processor.DsHeaderProcessor] is not eligible for getting processed by all BeanPostProcessors (for example: not eligible for auto-proxying)
2021-01-23 11:39:01.579 INFO [main]o.s.boot.web.embedded.tomcat.TomcatWebServer.initialize:108 -Tomcat initialized with port(s): 8081 (http)
2021-01-23 11:39:01.589 INFO [main]org.apache.coyote.http11.Http11NioProtocol.log:173 -Initializing ProtocolHandler ["http-nio-8081"]
2021-01-23 11:39:01.589 INFO [main]org.apache.catalina.core.StandardService.log:173 -Starting service [Tomcat]
2021-01-23 11:39:01.590 INFO [main]org.apache.catalina.core.StandardEngine.log:173 -Starting Servlet engine: [Apache Tomcat/9.0.41]
2021-01-23 11:39:01.769 INFO [main]o.a.catalina.core.ContainerBase.[Tomcat].[localhost].[/].log:173 -Initializing Spring embedded WebApplicationContext
2021-01-23 11:39:01.769 INFO [main]o.s.b.w.s.context.ServletWebServerApplicationContext.prepareWebApplicationContext:289 -Root WebApplicationContext: initialization completed in 2337 ms
2021-01-23 11:39:01.916 INFO [main]com.zaxxer.hikari.HikariDataSource.<init>:80 -hm - Starting...
2021-01-23 11:39:02.601 INFO [main]com.zaxxer.hikari.HikariDataSource.<init>:82 -hm - Start completed.
2021-01-23 11:39:02.603 INFO [main]com.baomidou.dynamic.datasource.DynamicRoutingDataSource.addDataSource:132 -dynamic-datasource - load a datasource named [hm] success
2021-01-23 11:39:02.604 INFO [main]com.baomidou.dynamic.datasource.DynamicRoutingDataSource.afterPropertiesSet:237 -dynamic-datasource initial loaded [1] datasource,primary datasource named [hm]
2021-01-23 11:39:03.880 INFO [main]s.d.s.web.PropertySourcedRequestMappingHandlerMapping.initHandlerMethods:69 -Mapped URL path [/v2/api-docs] onto method [springfox.documentation.swagger2.web.Swagger2Controller#getDocumentation(String, HttpServletRequest)]
2021-01-23 11:39:04.019 INFO [main]o.s.scheduling.concurrent.ThreadPoolTaskExecutor.initialize:181 -Initializing ExecutorService 'applicationTaskExecutor'
2021-01-23 11:39:04.272 INFO [main]org.apache.coyote.http11.Http11NioProtocol.log:173 -Starting ProtocolHandler ["http-nio-8081"]
2021-01-23 11:39:04.295 INFO [main]o.s.boot.web.embedded.tomcat.TomcatWebServer.start:220 -Tomcat started on port(s): 8081 (http) with context path ''
2021-01-23 11:39:04.296 INFO [main]s.d.spring.web.plugins.DocumentationPluginsBootstrapper.start:160 -Context refreshed
2021-01-23 11:39:04.317 INFO [main]s.d.spring.web.plugins.DocumentationPluginsBootstrapper.start:163 -Found 1 custom documentation plugin(s)
2021-01-23 11:39:04.355 INFO [main]s.d.spring.web.scanners.ApiListingReferenceScanner.scan:41 -Scanning for api listing references
2021-01-23 11:39:04.652 INFO [main]com.information.five.FiveApplication.logStarted:61 -Started FiveApplication in 5.942 seconds (JVM running for 6.978)
2021-01-23 11:44:21.798 INFO [http-nio-8081-exec-2]o.a.catalina.core.ContainerBase.[Tomcat].[localhost].[/].log:173 -Initializing Spring DispatcherServlet 'dispatcherServlet'
2021-01-23 11:44:21.798 INFO [http-nio-8081-exec-2]org.springframework.web.servlet.DispatcherServlet.initServletBean:525 -Initializing Servlet 'dispatcherServlet'
2021-01-23 11:44:21.801 INFO [http-nio-8081-exec-2]org.springframework.web.servlet.DispatcherServlet.initServletBean:547 -Completed initialization in 2 ms
2021-01-23 11:44:55.266 WARN [http-nio-8081-exec-3]com.zaxxer.hikari.pool.PoolBase.isConnectionAlive:184 -hm - Failed to validate connection com.mysql.cj.jdbc.ConnectionImpl@394fc66b (No operations allowed after connection closed.). Possibly consider using a shorter maxLifetime value.
2021-01-23 11:44:55.272 WARN [http-nio-8081-exec-3]com.zaxxer.hikari.pool.PoolBase.isConnectionAlive:184 -hm - Failed to validate connection com.mysql.cj.jdbc.ConnectionImpl@27d8a5ce (No operations allowed after connection closed.). Possibly consider using a shorter maxLifetime value.
2021-01-23 11:44:55.277 WARN [http-nio-8081-exec-3]com.zaxxer.hikari.pool.PoolBase.isConnectionAlive:184 -hm - Failed to validate connection com.mysql.cj.jdbc.ConnectionImpl@2e8f4da2 (No operations allowed after connection closed.). Possibly consider using a shorter maxLifetime value.
2021-01-23 11:44:55.281 WARN [http-nio-8081-exec-3]com.zaxxer.hikari.pool.PoolBase.isConnectionAlive:184 -hm - Failed to validate connection com.mysql.cj.jdbc.ConnectionImpl@5e49a293 (No operations allowed after connection closed.). Possibly consider using a shorter maxLifetime value.
2021-01-23 11:44:55.286 WARN [http-nio-8081-exec-3]com.zaxxer.hikari.pool.PoolBase.isConnectionAlive:184 -hm - Failed to validate connection com.mysql.cj.jdbc.ConnectionImpl@2409709e (No operations allowed after connection closed.). Possibly consider using a shorter maxLifetime value.
2021-01-23 11:44:55.290 WARN [http-nio-8081-exec-3]com.zaxxer.hikari.pool.PoolBase.isConnectionAlive:184 -hm - Failed to validate connection com.mysql.cj.jdbc.ConnectionImpl@469d4704 (No operations allowed after connection closed.). Possibly consider using a shorter maxLifetime value.
2021-01-23 11:44:55.296 WARN [http-nio-8081-exec-3]com.zaxxer.hikari.pool.PoolBase.isConnectionAlive:184 -hm - Failed to validate connection com.mysql.cj.jdbc.ConnectionImpl@12abe028 (No operations allowed after connection closed.). Possibly consider using a shorter maxLifetime value.
2021-01-23 11:44:55.300 WARN [http-nio-8081-exec-3]com.zaxxer.hikari.pool.PoolBase.isConnectionAlive:184 -hm - Failed to validate connection com.mysql.cj.jdbc.ConnectionImpl@16585d4 (No operations allowed after connection closed.). Possibly consider using a shorter maxLifetime value.
2021-01-23 11:44:55.305 WARN [http-nio-8081-exec-3]com.zaxxer.hikari.pool.PoolBase.isConnectionAlive:184 -hm - Failed to validate connection com.mysql.cj.jdbc.ConnectionImpl@6e0798e6 (No operations allowed after connection closed.). Possibly consider using a shorter maxLifetime value.
2021-01-23 11:44:55.310 WARN [http-nio-8081-exec-3]com.zaxxer.hikari.pool.PoolBase.isConnectionAlive:184 -hm - Failed to validate connection com.mysql.cj.jdbc.ConnectionImpl@428e5745 (No operations allowed after connection closed.). Possibly consider using a shorter maxLifetime value.
2021-01-23 11:56:09.737 WARN [http-nio-8081-exec-6]com.zaxxer.hikari.pool.PoolBase.isConnectionAlive:184 -hm - Failed to validate connection com.mysql.cj.jdbc.ConnectionImpl@34060e13 (No operations allowed after connection closed.). Possibly consider using a shorter maxLifetime value.
2021-01-23 11:56:09.744 WARN [http-nio-8081-exec-6]com.zaxxer.hikari.pool.PoolBase.isConnectionAlive:184 -hm - Failed to validate connection com.mysql.cj.jdbc.ConnectionImpl@e8ea00c (No operations allowed after connection closed.). Possibly consider using a shorter maxLifetime value.
2021-01-23 11:56:09.748 WARN [http-nio-8081-exec-6]com.zaxxer.hikari.pool.PoolBase.isConnectionAlive:184 -hm - Failed to validate connection com.mysql.cj.jdbc.ConnectionImpl@4b8c3fb9 (No operations allowed after connection closed.). Possibly consider using a shorter maxLifetime value.
2021-01-23 11:56:09.752 WARN [http-nio-8081-exec-6]com.zaxxer.hikari.pool.PoolBase.isConnectionAlive:184 -hm - Failed to validate connection com.mysql.cj.jdbc.ConnectionImpl@7913209f (No operations allowed after connection closed.). Possibly consider using a shorter maxLifetime value.
2021-01-23 11:56:09.756 WARN [http-nio-8081-exec-6]com.zaxxer.hikari.pool.PoolBase.isConnectionAlive:184 -hm - Failed to validate connection com.mysql.cj.jdbc.ConnectionImpl@7a0d171a (No operations allowed after connection closed.). Possibly consider using a shorter maxLifetime value.
2021-01-23 11:56:09.761 WARN [http-nio-8081-exec-6]com.zaxxer.hikari.pool.PoolBase.isConnectionAlive:184 -hm - Failed to validate connection com.mysql.cj.jdbc.ConnectionImpl@2ba3c0f6 (No operations allowed after connection closed.). Possibly consider using a shorter maxLifetime value.
2021-01-23 11:56:09.764 WARN [http-nio-8081-exec-6]com.zaxxer.hikari.pool.PoolBase.isConnectionAlive:184 -hm - Failed to validate connection com.mysql.cj.jdbc.ConnectionImpl@4b540ac5 (No operations allowed after connection closed.). Possibly consider using a shorter maxLifetime value.
2021-01-23 11:56:09.769 WARN [http-nio-8081-exec-6]com.zaxxer.hikari.pool.PoolBase.isConnectionAlive:184 -hm - Failed to validate connection com.mysql.cj.jdbc.ConnectionImpl@59f36172 (No operations allowed after connection closed.). Possibly consider using a shorter maxLifetime value.
2021-01-23 11:56:09.775 WARN [http-nio-8081-exec-6]com.zaxxer.hikari.pool.PoolBase.isConnectionAlive:184 -hm - Failed to validate connection com.mysql.cj.jdbc.ConnectionImpl@1a7c5835 (No operations allowed after connection closed.). Possibly consider using a shorter maxLifetime value.
2021-01-23 11:56:09.778 WARN [http-nio-8081-exec-6]com.zaxxer.hikari.pool.PoolBase.isConnectionAlive:184 -hm - Failed to validate connection com.mysql.cj.jdbc.ConnectionImpl@2fed9ffc (No operations allowed after connection closed.). Possibly consider using a shorter maxLifetime value.
2021-01-23 12:08:36.222 WARN [http-nio-8081-exec-10]com.zaxxer.hikari.pool.PoolBase.isConnectionAlive:184 -hm - Failed to validate connection com.mysql.cj.jdbc.ConnectionImpl@63ebbf5 (No operations allowed after connection closed.). Possibly consider using a shorter maxLifetime value.
2021-01-23 12:08:36.226 WARN [http-nio-8081-exec-10]com.zaxxer.hikari.pool.PoolBase.isConnectionAlive:184 -hm - Failed to validate connection com.mysql.cj.jdbc.ConnectionImpl@e4019ec (No operations allowed after connection closed.). Possibly consider using a shorter maxLifetime value.
2021-01-23 12:08:36.230 WARN [http-nio-8081-exec-10]com.zaxxer.hikari.pool.PoolBase.isConnectionAlive:184 -hm - Failed to validate connection com.mysql.cj.jdbc.ConnectionImpl@468d75c6 (No operations allowed after connection closed.). Possibly consider using a shorter maxLifetime value.
2021-01-23 12:08:36.233 WARN [http-nio-8081-exec-10]com.zaxxer.hikari.pool.PoolBase.isConnectionAlive:184 -hm - Failed to validate connection com.mysql.cj.jdbc.ConnectionImpl@31e26167 (No operations allowed after connection closed.). Possibly consider using a shorter maxLifetime value.
2021-01-23 12:08:36.237 WARN [http-nio-8081-exec-10]com.zaxxer.hikari.pool.PoolBase.isConnectionAlive:184 -hm - Failed to validate connection com.mysql.cj.jdbc.ConnectionImpl@171a57d9 (No operations allowed after connection closed.). Possibly consider using a shorter maxLifetime value.
2021-01-23 12:08:36.240 WARN [http-nio-8081-exec-10]com.zaxxer.hikari.pool.PoolBase.isConnectionAlive:184 -hm - Failed to validate connection com.mysql.cj.jdbc.ConnectionImpl@199bb3af (No operations allowed after connection closed.). Possibly consider using a shorter maxLifetime value.
2021-01-23 12:08:36.243 WARN [http-nio-8081-exec-10]com.zaxxer.hikari.pool.PoolBase.isConnectionAlive:184 -hm - Failed to validate connection com.mysql.cj.jdbc.ConnectionImpl@3415c61f (No operations allowed after connection closed.). Possibly consider using a shorter maxLifetime value.
2021-01-23 12:08:36.245 WARN [http-nio-8081-exec-10]com.zaxxer.hikari.pool.PoolBase.isConnectionAlive:184 -hm - Failed to validate connection com.mysql.cj.jdbc.ConnectionImpl@165e70a3 (No operations allowed after connection closed.). Possibly consider using a shorter maxLifetime value.
2021-01-23 12:08:36.249 WARN [http-nio-8081-exec-10]com.zaxxer.hikari.pool.PoolBase.isConnectionAlive:184 -hm - Failed to validate connection com.mysql.cj.jdbc.ConnectionImpl@53bf592e (No operations allowed after connection closed.). Possibly consider using a shorter maxLifetime value.
2021-01-23 12:08:36.252 WARN [http-nio-8081-exec-10]com.zaxxer.hikari.pool.PoolBase.isConnectionAlive:184 -hm - Failed to validate connection com.mysql.cj.jdbc.ConnectionImpl@17fd8e3d (No operations allowed after connection closed.). Possibly consider using a shorter maxLifetime value.
