2020-12-27 14:09:52.302 WARN [hm housekeeper]com.zaxxer.hikari.pool.HikariPool.run:787 -hm - Thread starvation or clock leap detected (housekeeper delta=1h13m30s166ms803µs400ns).
2020-12-27 14:09:52.303 WARN [test1 housekeeper]com.zaxxer.hikari.pool.HikariPool.run:787 -test1 - Thread starvation or clock leap detected (housekeeper delta=1h13m30s184ms223µs500ns).
2020-12-27 19:16:43.104 INFO [main]com.information.five.FiveApplication.logStarting:55 -Starting FiveApplication using Java 1.8.0_181 on QAQ-TTT with PID 24112 (E:\IDEAproject\five\target\classes started by ZZT in E:\IDEAproject\five)
2020-12-27 19:16:43.149 INFO [main]com.information.five.FiveApplication.logStartupProfileInfo:660 -No active profile set, falling back to default profiles: default
2020-12-27 19:16:46.174 INFO [main]o.s.c.s.PostProcessorRegistrationDelegate$BeanPostProcessorChecker.postProcessAfterInitialization:350 -Bean 'spring.datasource.dynamic-com.baomidou.dynamic.datasource.spring.boot.autoconfigure.DynamicDataSourceProperties' of type [com.baomidou.dynamic.datasource.spring.boot.autoconfigure.DynamicDataSourceProperties] is not eligible for getting processed by all BeanPostProcessors (for example: not eligible for auto-proxying)
2020-12-27 19:16:46.175 INFO [main]o.s.c.s.PostProcessorRegistrationDelegate$BeanPostProcessorChecker.postProcessAfterInitialization:350 -Bean 'com.baomidou.dynamic.datasource.spring.boot.autoconfigure.DynamicDataSourceAutoConfiguration' of type [com.baomidou.dynamic.datasource.spring.boot.autoconfigure.DynamicDataSourceAutoConfiguration$$EnhancerBySpringCGLIB$$eacdf7f4] is not eligible for getting processed by all BeanPostProcessors (for example: not eligible for auto-proxying)
2020-12-27 19:16:46.187 INFO [main]o.s.c.s.PostProcessorRegistrationDelegate$BeanPostProcessorChecker.postProcessAfterInitialization:350 -Bean 'dsProcessor' of type [com.baomidou.dynamic.datasource.processor.DsHeaderProcessor] is not eligible for getting processed by all BeanPostProcessors (for example: not eligible for auto-proxying)
2020-12-27 19:16:46.929 INFO [main]o.s.boot.web.embedded.tomcat.TomcatWebServer.initialize:108 -Tomcat initialized with port(s): 8081 (http)
2020-12-27 19:16:47.007 INFO [main]org.apache.coyote.http11.Http11NioProtocol.log:173 -Initializing ProtocolHandler ["http-nio-8081"]
2020-12-27 19:16:47.008 INFO [main]org.apache.catalina.core.StandardService.log:173 -Starting service [Tomcat]
2020-12-27 19:16:47.008 INFO [main]org.apache.catalina.core.StandardEngine.log:173 -Starting Servlet engine: [Apache Tomcat/9.0.41]
2020-12-27 19:16:47.009 INFO [main]org.apache.catalina.core.AprLifecycleListener.log:173 -An older version [1.2.17] of the Apache Tomcat Native library is installed, while Tomcat recommends a minimum version of [1.2.23]
2020-12-27 19:16:47.010 INFO [main]org.apache.catalina.core.AprLifecycleListener.log:173 -Loaded Apache Tomcat Native library [1.2.17] using APR version [1.6.3].
2020-12-27 19:16:47.010 INFO [main]org.apache.catalina.core.AprLifecycleListener.log:173 -APR capabilities: IPv6 [true], sendfile [true], accept filters [false], random [true].
2020-12-27 19:16:47.010 INFO [main]org.apache.catalina.core.AprLifecycleListener.log:173 -APR/OpenSSL configuration: useAprConnector [false], useOpenSSL [true]
2020-12-27 19:16:48.132 INFO [main]org.apache.catalina.core.AprLifecycleListener.log:173 -OpenSSL successfully initialized [OpenSSL 1.0.2o  27 Mar 2018]
2020-12-27 19:16:48.476 INFO [main]o.a.catalina.core.ContainerBase.[Tomcat].[localhost].[/].log:173 -Initializing Spring embedded WebApplicationContext
2020-12-27 19:16:48.476 INFO [main]o.s.b.w.s.context.ServletWebServerApplicationContext.prepareWebApplicationContext:289 -Root WebApplicationContext: initialization completed in 5124 ms
2020-12-27 19:16:48.840 INFO [main]com.zaxxer.hikari.HikariDataSource.<init>:80 -hm - Starting...
2020-12-27 19:16:49.752 INFO [main]com.zaxxer.hikari.HikariDataSource.<init>:82 -hm - Start completed.
2020-12-27 19:16:49.754 INFO [main]com.zaxxer.hikari.HikariDataSource.<init>:80 -test1 - Starting...
2020-12-27 19:16:49.761 INFO [main]com.zaxxer.hikari.HikariDataSource.<init>:82 -test1 - Start completed.
2020-12-27 19:16:49.761 INFO [main]com.baomidou.dynamic.datasource.DynamicRoutingDataSource.addDataSource:132 -dynamic-datasource - load a datasource named [hm] success
2020-12-27 19:16:49.762 INFO [main]com.baomidou.dynamic.datasource.DynamicRoutingDataSource.addDataSource:132 -dynamic-datasource - load a datasource named [test1] success
2020-12-27 19:16:49.762 INFO [main]com.baomidou.dynamic.datasource.DynamicRoutingDataSource.afterPropertiesSet:237 -dynamic-datasource initial loaded [2] datasource,primary datasource named [hm]
2020-12-27 19:16:51.818 INFO [main]s.d.s.web.PropertySourcedRequestMappingHandlerMapping.initHandlerMethods:69 -Mapped URL path [/v2/api-docs] onto method [springfox.documentation.swagger2.web.Swagger2Controller#getDocumentation(String, HttpServletRequest)]
2020-12-27 19:16:52.049 INFO [main]o.s.scheduling.concurrent.ThreadPoolTaskExecutor.initialize:181 -Initializing ExecutorService 'applicationTaskExecutor'
2020-12-27 19:16:52.325 INFO [main]org.apache.coyote.http11.Http11NioProtocol.log:173 -Starting ProtocolHandler ["http-nio-8081"]
2020-12-27 19:16:52.351 INFO [main]o.s.boot.web.embedded.tomcat.TomcatWebServer.start:220 -Tomcat started on port(s): 8081 (http) with context path ''
2020-12-27 19:16:52.352 INFO [main]s.d.spring.web.plugins.DocumentationPluginsBootstrapper.start:160 -Context refreshed
2020-12-27 19:16:52.406 INFO [main]s.d.spring.web.plugins.DocumentationPluginsBootstrapper.start:163 -Found 1 custom documentation plugin(s)
2020-12-27 19:16:52.449 INFO [main]s.d.spring.web.scanners.ApiListingReferenceScanner.scan:41 -Scanning for api listing references
2020-12-27 19:16:52.703 INFO [main]com.information.five.FiveApplication.logStarted:61 -Started FiveApplication in 11.783 seconds (JVM running for 16.2)
2020-12-27 19:18:01.916 INFO [http-nio-8081-exec-1]o.a.catalina.core.ContainerBase.[Tomcat].[localhost].[/].log:173 -Initializing Spring DispatcherServlet 'dispatcherServlet'
2020-12-27 19:18:01.917 INFO [http-nio-8081-exec-1]org.springframework.web.servlet.DispatcherServlet.initServletBean:525 -Initializing Servlet 'dispatcherServlet'
2020-12-27 19:18:01.918 INFO [http-nio-8081-exec-1]org.springframework.web.servlet.DispatcherServlet.initServletBean:547 -Completed initialization in 1 ms
2020-12-27 19:44:44.455 WARN [http-nio-8081-exec-1]com.zaxxer.hikari.pool.PoolBase.isConnectionAlive:184 -hm - Failed to validate connection com.mysql.cj.jdbc.ConnectionImpl@52116672 (No operations allowed after connection closed.). Possibly consider using a shorter maxLifetime value.
2020-12-27 19:44:44.458 WARN [http-nio-8081-exec-1]com.zaxxer.hikari.pool.PoolBase.isConnectionAlive:184 -hm - Failed to validate connection com.mysql.cj.jdbc.ConnectionImpl@103f1925 (No operations allowed after connection closed.). Possibly consider using a shorter maxLifetime value.
2020-12-27 19:44:44.460 WARN [http-nio-8081-exec-1]com.zaxxer.hikari.pool.PoolBase.isConnectionAlive:184 -hm - Failed to validate connection com.mysql.cj.jdbc.ConnectionImpl@4abb2569 (No operations allowed after connection closed.). Possibly consider using a shorter maxLifetime value.
2020-12-27 19:44:44.461 WARN [http-nio-8081-exec-1]com.zaxxer.hikari.pool.PoolBase.isConnectionAlive:184 -hm - Failed to validate connection com.mysql.cj.jdbc.ConnectionImpl@42839ef5 (No operations allowed after connection closed.). Possibly consider using a shorter maxLifetime value.
2020-12-27 19:44:44.462 WARN [http-nio-8081-exec-1]com.zaxxer.hikari.pool.PoolBase.isConnectionAlive:184 -hm - Failed to validate connection com.mysql.cj.jdbc.ConnectionImpl@2d8ceab0 (No operations allowed after connection closed.). Possibly consider using a shorter maxLifetime value.
2020-12-27 19:44:44.464 WARN [http-nio-8081-exec-1]com.zaxxer.hikari.pool.PoolBase.isConnectionAlive:184 -hm - Failed to validate connection com.mysql.cj.jdbc.ConnectionImpl@45123815 (No operations allowed after connection closed.). Possibly consider using a shorter maxLifetime value.
2020-12-27 19:44:44.465 WARN [http-nio-8081-exec-1]com.zaxxer.hikari.pool.PoolBase.isConnectionAlive:184 -hm - Failed to validate connection com.mysql.cj.jdbc.ConnectionImpl@5691ddb3 (No operations allowed after connection closed.). Possibly consider using a shorter maxLifetime value.
2020-12-27 19:44:44.466 WARN [http-nio-8081-exec-1]com.zaxxer.hikari.pool.PoolBase.isConnectionAlive:184 -hm - Failed to validate connection com.mysql.cj.jdbc.ConnectionImpl@8bb85a2 (No operations allowed after connection closed.). Possibly consider using a shorter maxLifetime value.
2020-12-27 19:44:44.467 WARN [http-nio-8081-exec-1]com.zaxxer.hikari.pool.PoolBase.isConnectionAlive:184 -hm - Failed to validate connection com.mysql.cj.jdbc.ConnectionImpl@42a8276f (No operations allowed after connection closed.). Possibly consider using a shorter maxLifetime value.
2020-12-27 19:44:44.469 WARN [http-nio-8081-exec-1]com.zaxxer.hikari.pool.PoolBase.isConnectionAlive:184 -hm - Failed to validate connection com.mysql.cj.jdbc.ConnectionImpl@162e6dbf (No operations allowed after connection closed.). Possibly consider using a shorter maxLifetime value.
2020-12-27 19:53:59.557 WARN [http-nio-8081-exec-9]com.zaxxer.hikari.pool.PoolBase.isConnectionAlive:184 -hm - Failed to validate connection com.mysql.cj.jdbc.ConnectionImpl@312f0eb8 (No operations allowed after connection closed.). Possibly consider using a shorter maxLifetime value.
2020-12-27 19:53:59.559 WARN [http-nio-8081-exec-9]com.zaxxer.hikari.pool.PoolBase.isConnectionAlive:184 -hm - Failed to validate connection com.mysql.cj.jdbc.ConnectionImpl@2af39779 (No operations allowed after connection closed.). Possibly consider using a shorter maxLifetime value.
2020-12-27 19:53:59.560 WARN [http-nio-8081-exec-9]com.zaxxer.hikari.pool.PoolBase.isConnectionAlive:184 -hm - Failed to validate connection com.mysql.cj.jdbc.ConnectionImpl@6ff10c43 (No operations allowed after connection closed.). Possibly consider using a shorter maxLifetime value.
2020-12-27 19:53:59.561 WARN [http-nio-8081-exec-9]com.zaxxer.hikari.pool.PoolBase.isConnectionAlive:184 -hm - Failed to validate connection com.mysql.cj.jdbc.ConnectionImpl@10654e00 (No operations allowed after connection closed.). Possibly consider using a shorter maxLifetime value.
2020-12-27 19:53:59.562 WARN [http-nio-8081-exec-9]com.zaxxer.hikari.pool.PoolBase.isConnectionAlive:184 -hm - Failed to validate connection com.mysql.cj.jdbc.ConnectionImpl@5e5465b2 (No operations allowed after connection closed.). Possibly consider using a shorter maxLifetime value.
2020-12-27 19:53:59.563 WARN [http-nio-8081-exec-9]com.zaxxer.hikari.pool.PoolBase.isConnectionAlive:184 -hm - Failed to validate connection com.mysql.cj.jdbc.ConnectionImpl@fdef30c (No operations allowed after connection closed.). Possibly consider using a shorter maxLifetime value.
2020-12-27 19:53:59.565 WARN [http-nio-8081-exec-9]com.zaxxer.hikari.pool.PoolBase.isConnectionAlive:184 -hm - Failed to validate connection com.mysql.cj.jdbc.ConnectionImpl@3571a9b9 (No operations allowed after connection closed.). Possibly consider using a shorter maxLifetime value.
2020-12-27 19:53:59.566 WARN [http-nio-8081-exec-9]com.zaxxer.hikari.pool.PoolBase.isConnectionAlive:184 -hm - Failed to validate connection com.mysql.cj.jdbc.ConnectionImpl@48f53350 (No operations allowed after connection closed.). Possibly consider using a shorter maxLifetime value.
2020-12-27 19:53:59.567 WARN [http-nio-8081-exec-9]com.zaxxer.hikari.pool.PoolBase.isConnectionAlive:184 -hm - Failed to validate connection com.mysql.cj.jdbc.ConnectionImpl@732e5399 (No operations allowed after connection closed.). Possibly consider using a shorter maxLifetime value.
2020-12-27 19:53:59.568 WARN [http-nio-8081-exec-9]com.zaxxer.hikari.pool.PoolBase.isConnectionAlive:184 -hm - Failed to validate connection com.mysql.cj.jdbc.ConnectionImpl@b908863 (No operations allowed after connection closed.). Possibly consider using a shorter maxLifetime value.
2020-12-27 19:59:50.982 WARN [http-nio-8081-exec-5]com.zaxxer.hikari.pool.PoolBase.isConnectionAlive:184 -hm - Failed to validate connection com.mysql.cj.jdbc.ConnectionImpl@521a0e58 (No operations allowed after connection closed.). Possibly consider using a shorter maxLifetime value.
2020-12-27 19:59:50.984 WARN [http-nio-8081-exec-5]com.zaxxer.hikari.pool.PoolBase.isConnectionAlive:184 -hm - Failed to validate connection com.mysql.cj.jdbc.ConnectionImpl@56814202 (No operations allowed after connection closed.). Possibly consider using a shorter maxLifetime value.
2020-12-27 19:59:50.986 WARN [http-nio-8081-exec-5]com.zaxxer.hikari.pool.PoolBase.isConnectionAlive:184 -hm - Failed to validate connection com.mysql.cj.jdbc.ConnectionImpl@7cfd461b (No operations allowed after connection closed.). Possibly consider using a shorter maxLifetime value.
2020-12-27 19:59:50.988 WARN [http-nio-8081-exec-5]com.zaxxer.hikari.pool.PoolBase.isConnectionAlive:184 -hm - Failed to validate connection com.mysql.cj.jdbc.ConnectionImpl@1007adc0 (No operations allowed after connection closed.). Possibly consider using a shorter maxLifetime value.
2020-12-27 19:59:50.990 WARN [http-nio-8081-exec-5]com.zaxxer.hikari.pool.PoolBase.isConnectionAlive:184 -hm - Failed to validate connection com.mysql.cj.jdbc.ConnectionImpl@5ff3cc80 (No operations allowed after connection closed.). Possibly consider using a shorter maxLifetime value.
2020-12-27 19:59:50.991 WARN [http-nio-8081-exec-5]com.zaxxer.hikari.pool.PoolBase.isConnectionAlive:184 -hm - Failed to validate connection com.mysql.cj.jdbc.ConnectionImpl@33e142e (No operations allowed after connection closed.). Possibly consider using a shorter maxLifetime value.
2020-12-27 19:59:50.992 WARN [http-nio-8081-exec-5]com.zaxxer.hikari.pool.PoolBase.isConnectionAlive:184 -hm - Failed to validate connection com.mysql.cj.jdbc.ConnectionImpl@156557cc (No operations allowed after connection closed.). Possibly consider using a shorter maxLifetime value.
2020-12-27 19:59:50.993 WARN [http-nio-8081-exec-5]com.zaxxer.hikari.pool.PoolBase.isConnectionAlive:184 -hm - Failed to validate connection com.mysql.cj.jdbc.ConnectionImpl@3821910d (No operations allowed after connection closed.). Possibly consider using a shorter maxLifetime value.
2020-12-27 19:59:50.994 WARN [http-nio-8081-exec-5]com.zaxxer.hikari.pool.PoolBase.isConnectionAlive:184 -hm - Failed to validate connection com.mysql.cj.jdbc.ConnectionImpl@79f7cd45 (No operations allowed after connection closed.). Possibly consider using a shorter maxLifetime value.
2020-12-27 19:59:50.995 WARN [http-nio-8081-exec-5]com.zaxxer.hikari.pool.PoolBase.isConnectionAlive:184 -hm - Failed to validate connection com.mysql.cj.jdbc.ConnectionImpl@a1b3931 (No operations allowed after connection closed.). Possibly consider using a shorter maxLifetime value.
2020-12-27 20:09:29.160 WARN [http-nio-8081-exec-1]com.zaxxer.hikari.pool.PoolBase.isConnectionAlive:184 -hm - Failed to validate connection com.mysql.cj.jdbc.ConnectionImpl@16282c2 (No operations allowed after connection closed.). Possibly consider using a shorter maxLifetime value.
2020-12-27 20:09:29.163 WARN [http-nio-8081-exec-1]com.zaxxer.hikari.pool.PoolBase.isConnectionAlive:184 -hm - Failed to validate connection com.mysql.cj.jdbc.ConnectionImpl@6c8587fe (No operations allowed after connection closed.). Possibly consider using a shorter maxLifetime value.
2020-12-27 20:09:29.165 WARN [http-nio-8081-exec-1]com.zaxxer.hikari.pool.PoolBase.isConnectionAlive:184 -hm - Failed to validate connection com.mysql.cj.jdbc.ConnectionImpl@26eb7772 (No operations allowed after connection closed.). Possibly consider using a shorter maxLifetime value.
2020-12-27 20:09:29.167 WARN [http-nio-8081-exec-1]com.zaxxer.hikari.pool.PoolBase.isConnectionAlive:184 -hm - Failed to validate connection com.mysql.cj.jdbc.ConnectionImpl@1ab9d2d7 (No operations allowed after connection closed.). Possibly consider using a shorter maxLifetime value.
2020-12-27 20:09:29.169 WARN [http-nio-8081-exec-1]com.zaxxer.hikari.pool.PoolBase.isConnectionAlive:184 -hm - Failed to validate connection com.mysql.cj.jdbc.ConnectionImpl@8b22e (No operations allowed after connection closed.). Possibly consider using a shorter maxLifetime value.
2020-12-27 20:09:29.172 WARN [http-nio-8081-exec-1]com.zaxxer.hikari.pool.PoolBase.isConnectionAlive:184 -hm - Failed to validate connection com.mysql.cj.jdbc.ConnectionImpl@40727fa6 (No operations allowed after connection closed.). Possibly consider using a shorter maxLifetime value.
2020-12-27 20:09:29.174 WARN [http-nio-8081-exec-1]com.zaxxer.hikari.pool.PoolBase.isConnectionAlive:184 -hm - Failed to validate connection com.mysql.cj.jdbc.ConnectionImpl@3d5fd03d (No operations allowed after connection closed.). Possibly consider using a shorter maxLifetime value.
2020-12-27 20:09:29.177 WARN [http-nio-8081-exec-1]com.zaxxer.hikari.pool.PoolBase.isConnectionAlive:184 -hm - Failed to validate connection com.mysql.cj.jdbc.ConnectionImpl@6924822b (No operations allowed after connection closed.). Possibly consider using a shorter maxLifetime value.
2020-12-27 20:09:29.180 WARN [http-nio-8081-exec-1]com.zaxxer.hikari.pool.PoolBase.isConnectionAlive:184 -hm - Failed to validate connection com.mysql.cj.jdbc.ConnectionImpl@2cf8c4e3 (No operations allowed after connection closed.). Possibly consider using a shorter maxLifetime value.
2020-12-27 20:09:29.182 WARN [http-nio-8081-exec-1]com.zaxxer.hikari.pool.PoolBase.isConnectionAlive:184 -hm - Failed to validate connection com.mysql.cj.jdbc.ConnectionImpl@7f241195 (No operations allowed after connection closed.). Possibly consider using a shorter maxLifetime value.
2020-12-27 20:21:11.684 WARN [http-nio-8081-exec-1]com.zaxxer.hikari.pool.PoolBase.isConnectionAlive:184 -hm - Failed to validate connection com.mysql.cj.jdbc.ConnectionImpl@71411012 (No operations allowed after connection closed.). Possibly consider using a shorter maxLifetime value.
2020-12-27 20:21:11.686 WARN [http-nio-8081-exec-1]com.zaxxer.hikari.pool.PoolBase.isConnectionAlive:184 -hm - Failed to validate connection com.mysql.cj.jdbc.ConnectionImpl@128852c8 (No operations allowed after connection closed.). Possibly consider using a shorter maxLifetime value.
2020-12-27 20:21:11.688 WARN [http-nio-8081-exec-1]com.zaxxer.hikari.pool.PoolBase.isConnectionAlive:184 -hm - Failed to validate connection com.mysql.cj.jdbc.ConnectionImpl@4955e445 (No operations allowed after connection closed.). Possibly consider using a shorter maxLifetime value.
2020-12-27 20:21:11.690 WARN [http-nio-8081-exec-1]com.zaxxer.hikari.pool.PoolBase.isConnectionAlive:184 -hm - Failed to validate connection com.mysql.cj.jdbc.ConnectionImpl@64593ea1 (No operations allowed after connection closed.). Possibly consider using a shorter maxLifetime value.
2020-12-27 20:21:11.693 WARN [http-nio-8081-exec-1]com.zaxxer.hikari.pool.PoolBase.isConnectionAlive:184 -hm - Failed to validate connection com.mysql.cj.jdbc.ConnectionImpl@11270609 (No operations allowed after connection closed.). Possibly consider using a shorter maxLifetime value.
2020-12-27 20:21:11.695 WARN [http-nio-8081-exec-1]com.zaxxer.hikari.pool.PoolBase.isConnectionAlive:184 -hm - Failed to validate connection com.mysql.cj.jdbc.ConnectionImpl@416908f7 (No operations allowed after connection closed.). Possibly consider using a shorter maxLifetime value.
2020-12-27 20:21:11.697 WARN [http-nio-8081-exec-1]com.zaxxer.hikari.pool.PoolBase.isConnectionAlive:184 -hm - Failed to validate connection com.mysql.cj.jdbc.ConnectionImpl@2778bb53 (No operations allowed after connection closed.). Possibly consider using a shorter maxLifetime value.
2020-12-27 20:21:11.699 WARN [http-nio-8081-exec-1]com.zaxxer.hikari.pool.PoolBase.isConnectionAlive:184 -hm - Failed to validate connection com.mysql.cj.jdbc.ConnectionImpl@af9252b (No operations allowed after connection closed.). Possibly consider using a shorter maxLifetime value.
2020-12-27 20:21:11.702 WARN [http-nio-8081-exec-1]com.zaxxer.hikari.pool.PoolBase.isConnectionAlive:184 -hm - Failed to validate connection com.mysql.cj.jdbc.ConnectionImpl@23c77d33 (No operations allowed after connection closed.). Possibly consider using a shorter maxLifetime value.
2020-12-27 20:21:11.704 WARN [http-nio-8081-exec-1]com.zaxxer.hikari.pool.PoolBase.isConnectionAlive:184 -hm - Failed to validate connection com.mysql.cj.jdbc.ConnectionImpl@2ae0e70c (No operations allowed after connection closed.). Possibly consider using a shorter maxLifetime value.
2020-12-27 20:24:47.703 WARN [http-nio-8081-exec-7]com.zaxxer.hikari.pool.PoolBase.isConnectionAlive:184 -hm - Failed to validate connection com.mysql.cj.jdbc.ConnectionImpl@bb3d762 (No operations allowed after connection closed.). Possibly consider using a shorter maxLifetime value.
2020-12-27 20:24:47.706 WARN [http-nio-8081-exec-7]com.zaxxer.hikari.pool.PoolBase.isConnectionAlive:184 -hm - Failed to validate connection com.mysql.cj.jdbc.ConnectionImpl@669975d7 (No operations allowed after connection closed.). Possibly consider using a shorter maxLifetime value.
2020-12-27 20:24:47.709 WARN [http-nio-8081-exec-7]com.zaxxer.hikari.pool.PoolBase.isConnectionAlive:184 -hm - Failed to validate connection com.mysql.cj.jdbc.ConnectionImpl@68335e87 (No operations allowed after connection closed.). Possibly consider using a shorter maxLifetime value.
2020-12-27 20:24:47.711 WARN [http-nio-8081-exec-7]com.zaxxer.hikari.pool.PoolBase.isConnectionAlive:184 -hm - Failed to validate connection com.mysql.cj.jdbc.ConnectionImpl@517a60ae (No operations allowed after connection closed.). Possibly consider using a shorter maxLifetime value.
2020-12-27 20:24:47.713 WARN [http-nio-8081-exec-7]com.zaxxer.hikari.pool.PoolBase.isConnectionAlive:184 -hm - Failed to validate connection com.mysql.cj.jdbc.ConnectionImpl@1d5b63ea (No operations allowed after connection closed.). Possibly consider using a shorter maxLifetime value.
2020-12-27 20:24:47.715 WARN [http-nio-8081-exec-7]com.zaxxer.hikari.pool.PoolBase.isConnectionAlive:184 -hm - Failed to validate connection com.mysql.cj.jdbc.ConnectionImpl@30c19a5b (No operations allowed after connection closed.). Possibly consider using a shorter maxLifetime value.
2020-12-27 20:24:47.716 WARN [http-nio-8081-exec-7]com.zaxxer.hikari.pool.PoolBase.isConnectionAlive:184 -hm - Failed to validate connection com.mysql.cj.jdbc.ConnectionImpl@42f42da2 (No operations allowed after connection closed.). Possibly consider using a shorter maxLifetime value.
2020-12-27 20:24:47.718 WARN [http-nio-8081-exec-7]com.zaxxer.hikari.pool.PoolBase.isConnectionAlive:184 -hm - Failed to validate connection com.mysql.cj.jdbc.ConnectionImpl@40094a42 (No operations allowed after connection closed.). Possibly consider using a shorter maxLifetime value.
2020-12-27 20:24:47.720 WARN [http-nio-8081-exec-7]com.zaxxer.hikari.pool.PoolBase.isConnectionAlive:184 -hm - Failed to validate connection com.mysql.cj.jdbc.ConnectionImpl@68b259a (No operations allowed after connection closed.). Possibly consider using a shorter maxLifetime value.
2020-12-27 20:24:47.724 WARN [http-nio-8081-exec-7]com.zaxxer.hikari.pool.PoolBase.isConnectionAlive:184 -hm - Failed to validate connection com.mysql.cj.jdbc.ConnectionImpl@3a247452 (No operations allowed after connection closed.). Possibly consider using a shorter maxLifetime value.
2020-12-27 20:27:19.230 WARN [http-nio-8081-exec-7]com.zaxxer.hikari.pool.PoolBase.isConnectionAlive:184 -hm - Failed to validate connection com.mysql.cj.jdbc.ConnectionImpl@538fcdba (No operations allowed after connection closed.). Possibly consider using a shorter maxLifetime value.
2020-12-27 20:27:19.233 WARN [http-nio-8081-exec-7]com.zaxxer.hikari.pool.PoolBase.isConnectionAlive:184 -hm - Failed to validate connection com.mysql.cj.jdbc.ConnectionImpl@750ec242 (No operations allowed after connection closed.). Possibly consider using a shorter maxLifetime value.
2020-12-27 20:27:19.235 WARN [http-nio-8081-exec-7]com.zaxxer.hikari.pool.PoolBase.isConnectionAlive:184 -hm - Failed to validate connection com.mysql.cj.jdbc.ConnectionImpl@67f00175 (No operations allowed after connection closed.). Possibly consider using a shorter maxLifetime value.
2020-12-27 20:27:19.236 WARN [http-nio-8081-exec-7]com.zaxxer.hikari.pool.PoolBase.isConnectionAlive:184 -hm - Failed to validate connection com.mysql.cj.jdbc.ConnectionImpl@27d4a89e (No operations allowed after connection closed.). Possibly consider using a shorter maxLifetime value.
2020-12-27 20:27:19.239 WARN [http-nio-8081-exec-7]com.zaxxer.hikari.pool.PoolBase.isConnectionAlive:184 -hm - Failed to validate connection com.mysql.cj.jdbc.ConnectionImpl@129190 (No operations allowed after connection closed.). Possibly consider using a shorter maxLifetime value.
2020-12-27 20:27:19.241 WARN [http-nio-8081-exec-7]com.zaxxer.hikari.pool.PoolBase.isConnectionAlive:184 -hm - Failed to validate connection com.mysql.cj.jdbc.ConnectionImpl@30d4f02 (No operations allowed after connection closed.). Possibly consider using a shorter maxLifetime value.
2020-12-27 20:27:19.243 WARN [http-nio-8081-exec-7]com.zaxxer.hikari.pool.PoolBase.isConnectionAlive:184 -hm - Failed to validate connection com.mysql.cj.jdbc.ConnectionImpl@64910dbf (No operations allowed after connection closed.). Possibly consider using a shorter maxLifetime value.
2020-12-27 20:27:19.245 WARN [http-nio-8081-exec-7]com.zaxxer.hikari.pool.PoolBase.isConnectionAlive:184 -hm - Failed to validate connection com.mysql.cj.jdbc.ConnectionImpl@6603d9eb (No operations allowed after connection closed.). Possibly consider using a shorter maxLifetime value.
2020-12-27 20:27:19.249 WARN [http-nio-8081-exec-7]com.zaxxer.hikari.pool.PoolBase.isConnectionAlive:184 -hm - Failed to validate connection com.mysql.cj.jdbc.ConnectionImpl@72894aaa (No operations allowed after connection closed.). Possibly consider using a shorter maxLifetime value.
2020-12-27 20:27:19.251 WARN [http-nio-8081-exec-7]com.zaxxer.hikari.pool.PoolBase.isConnectionAlive:184 -hm - Failed to validate connection com.mysql.cj.jdbc.ConnectionImpl@1b157ea6 (No operations allowed after connection closed.). Possibly consider using a shorter maxLifetime value.
2020-12-27 20:30:48.376 WARN [http-nio-8081-exec-3]com.zaxxer.hikari.pool.PoolBase.isConnectionAlive:184 -hm - Failed to validate connection com.mysql.cj.jdbc.ConnectionImpl@fb13714 (No operations allowed after connection closed.). Possibly consider using a shorter maxLifetime value.
2020-12-27 20:30:48.378 WARN [http-nio-8081-exec-3]com.zaxxer.hikari.pool.PoolBase.isConnectionAlive:184 -hm - Failed to validate connection com.mysql.cj.jdbc.ConnectionImpl@486e9007 (No operations allowed after connection closed.). Possibly consider using a shorter maxLifetime value.
2020-12-27 20:30:48.380 WARN [http-nio-8081-exec-3]com.zaxxer.hikari.pool.PoolBase.isConnectionAlive:184 -hm - Failed to validate connection com.mysql.cj.jdbc.ConnectionImpl@38fd4fe1 (No operations allowed after connection closed.). Possibly consider using a shorter maxLifetime value.
2020-12-27 20:30:48.382 WARN [http-nio-8081-exec-3]com.zaxxer.hikari.pool.PoolBase.isConnectionAlive:184 -hm - Failed to validate connection com.mysql.cj.jdbc.ConnectionImpl@63761474 (No operations allowed after connection closed.). Possibly consider using a shorter maxLifetime value.
2020-12-27 20:30:48.383 WARN [http-nio-8081-exec-3]com.zaxxer.hikari.pool.PoolBase.isConnectionAlive:184 -hm - Failed to validate connection com.mysql.cj.jdbc.ConnectionImpl@4a0b86f8 (No operations allowed after connection closed.). Possibly consider using a shorter maxLifetime value.
2020-12-27 20:30:48.385 WARN [http-nio-8081-exec-3]com.zaxxer.hikari.pool.PoolBase.isConnectionAlive:184 -hm - Failed to validate connection com.mysql.cj.jdbc.ConnectionImpl@7659d916 (No operations allowed after connection closed.). Possibly consider using a shorter maxLifetime value.
2020-12-27 20:30:48.387 WARN [http-nio-8081-exec-3]com.zaxxer.hikari.pool.PoolBase.isConnectionAlive:184 -hm - Failed to validate connection com.mysql.cj.jdbc.ConnectionImpl@2489127b (No operations allowed after connection closed.). Possibly consider using a shorter maxLifetime value.
2020-12-27 20:30:48.389 WARN [http-nio-8081-exec-3]com.zaxxer.hikari.pool.PoolBase.isConnectionAlive:184 -hm - Failed to validate connection com.mysql.cj.jdbc.ConnectionImpl@778f772a (No operations allowed after connection closed.). Possibly consider using a shorter maxLifetime value.
2020-12-27 20:30:48.391 WARN [http-nio-8081-exec-3]com.zaxxer.hikari.pool.PoolBase.isConnectionAlive:184 -hm - Failed to validate connection com.mysql.cj.jdbc.ConnectionImpl@61251365 (No operations allowed after connection closed.). Possibly consider using a shorter maxLifetime value.
2020-12-27 20:30:48.393 WARN [http-nio-8081-exec-3]com.zaxxer.hikari.pool.PoolBase.isConnectionAlive:184 -hm - Failed to validate connection com.mysql.cj.jdbc.ConnectionImpl@590ce73e (No operations allowed after connection closed.). Possibly consider using a shorter maxLifetime value.
2020-12-27 20:33:53.038 WARN [http-nio-8081-exec-7]com.zaxxer.hikari.pool.PoolBase.isConnectionAlive:184 -hm - Failed to validate connection com.mysql.cj.jdbc.ConnectionImpl@39c02b0c (No operations allowed after connection closed.). Possibly consider using a shorter maxLifetime value.
2020-12-27 20:33:53.040 WARN [http-nio-8081-exec-7]com.zaxxer.hikari.pool.PoolBase.isConnectionAlive:184 -hm - Failed to validate connection com.mysql.cj.jdbc.ConnectionImpl@5df7f8c6 (No operations allowed after connection closed.). Possibly consider using a shorter maxLifetime value.
2020-12-27 20:33:53.042 WARN [http-nio-8081-exec-7]com.zaxxer.hikari.pool.PoolBase.isConnectionAlive:184 -hm - Failed to validate connection com.mysql.cj.jdbc.ConnectionImpl@45b8445a (No operations allowed after connection closed.). Possibly consider using a shorter maxLifetime value.
2020-12-27 20:33:53.043 WARN [http-nio-8081-exec-7]com.zaxxer.hikari.pool.PoolBase.isConnectionAlive:184 -hm - Failed to validate connection com.mysql.cj.jdbc.ConnectionImpl@68d2c3e5 (No operations allowed after connection closed.). Possibly consider using a shorter maxLifetime value.
2020-12-27 20:33:53.045 WARN [http-nio-8081-exec-7]com.zaxxer.hikari.pool.PoolBase.isConnectionAlive:184 -hm - Failed to validate connection com.mysql.cj.jdbc.ConnectionImpl@70db6268 (No operations allowed after connection closed.). Possibly consider using a shorter maxLifetime value.
2020-12-27 20:33:53.046 WARN [http-nio-8081-exec-7]com.zaxxer.hikari.pool.PoolBase.isConnectionAlive:184 -hm - Failed to validate connection com.mysql.cj.jdbc.ConnectionImpl@1288857d (No operations allowed after connection closed.). Possibly consider using a shorter maxLifetime value.
2020-12-27 20:33:53.048 WARN [http-nio-8081-exec-7]com.zaxxer.hikari.pool.PoolBase.isConnectionAlive:184 -hm - Failed to validate connection com.mysql.cj.jdbc.ConnectionImpl@159599e2 (No operations allowed after connection closed.). Possibly consider using a shorter maxLifetime value.
2020-12-27 20:33:53.049 WARN [http-nio-8081-exec-7]com.zaxxer.hikari.pool.PoolBase.isConnectionAlive:184 -hm - Failed to validate connection com.mysql.cj.jdbc.ConnectionImpl@6b26bd5e (No operations allowed after connection closed.). Possibly consider using a shorter maxLifetime value.
2020-12-27 20:33:53.050 WARN [http-nio-8081-exec-7]com.zaxxer.hikari.pool.PoolBase.isConnectionAlive:184 -hm - Failed to validate connection com.mysql.cj.jdbc.ConnectionImpl@40c55a70 (No operations allowed after connection closed.). Possibly consider using a shorter maxLifetime value.
2020-12-27 20:33:53.051 WARN [http-nio-8081-exec-7]com.zaxxer.hikari.pool.PoolBase.isConnectionAlive:184 -hm - Failed to validate connection com.mysql.cj.jdbc.ConnectionImpl@16b09c78 (No operations allowed after connection closed.). Possibly consider using a shorter maxLifetime value.
2020-12-27 20:37:25.726 WARN [http-nio-8081-exec-10]com.zaxxer.hikari.pool.PoolBase.isConnectionAlive:184 -hm - Failed to validate connection com.mysql.cj.jdbc.ConnectionImpl@71c1d93c (No operations allowed after connection closed.). Possibly consider using a shorter maxLifetime value.
2020-12-27 20:37:25.733 WARN [http-nio-8081-exec-10]com.zaxxer.hikari.pool.PoolBase.isConnectionAlive:184 -hm - Failed to validate connection com.mysql.cj.jdbc.ConnectionImpl@54d98d37 (No operations allowed after connection closed.). Possibly consider using a shorter maxLifetime value.
2020-12-27 20:37:25.736 WARN [http-nio-8081-exec-10]com.zaxxer.hikari.pool.PoolBase.isConnectionAlive:184 -hm - Failed to validate connection com.mysql.cj.jdbc.ConnectionImpl@20a05f2d (No operations allowed after connection closed.). Possibly consider using a shorter maxLifetime value.
2020-12-27 20:37:25.739 WARN [http-nio-8081-exec-10]com.zaxxer.hikari.pool.PoolBase.isConnectionAlive:184 -hm - Failed to validate connection com.mysql.cj.jdbc.ConnectionImpl@187f15f7 (No operations allowed after connection closed.). Possibly consider using a shorter maxLifetime value.
2020-12-27 20:37:25.742 WARN [http-nio-8081-exec-10]com.zaxxer.hikari.pool.PoolBase.isConnectionAlive:184 -hm - Failed to validate connection com.mysql.cj.jdbc.ConnectionImpl@452fbdec (No operations allowed after connection closed.). Possibly consider using a shorter maxLifetime value.
2020-12-27 20:37:25.744 WARN [http-nio-8081-exec-10]com.zaxxer.hikari.pool.PoolBase.isConnectionAlive:184 -hm - Failed to validate connection com.mysql.cj.jdbc.ConnectionImpl@5d87204b (No operations allowed after connection closed.). Possibly consider using a shorter maxLifetime value.
2020-12-27 20:37:25.747 WARN [http-nio-8081-exec-10]com.zaxxer.hikari.pool.PoolBase.isConnectionAlive:184 -hm - Failed to validate connection com.mysql.cj.jdbc.ConnectionImpl@7f7c55e1 (No operations allowed after connection closed.). Possibly consider using a shorter maxLifetime value.
2020-12-27 20:37:25.749 WARN [http-nio-8081-exec-10]com.zaxxer.hikari.pool.PoolBase.isConnectionAlive:184 -hm - Failed to validate connection com.mysql.cj.jdbc.ConnectionImpl@1f4c2754 (No operations allowed after connection closed.). Possibly consider using a shorter maxLifetime value.
2020-12-27 20:37:25.752 WARN [http-nio-8081-exec-10]com.zaxxer.hikari.pool.PoolBase.isConnectionAlive:184 -hm - Failed to validate connection com.mysql.cj.jdbc.ConnectionImpl@2734298c (No operations allowed after connection closed.). Possibly consider using a shorter maxLifetime value.
2020-12-27 20:37:25.757 WARN [http-nio-8081-exec-10]com.zaxxer.hikari.pool.PoolBase.isConnectionAlive:184 -hm - Failed to validate connection com.mysql.cj.jdbc.ConnectionImpl@4355d059 (No operations allowed after connection closed.). Possibly consider using a shorter maxLifetime value.
2020-12-27 20:43:53.573 WARN [http-nio-8081-exec-10]com.zaxxer.hikari.pool.PoolBase.isConnectionAlive:184 -hm - Failed to validate connection com.mysql.cj.jdbc.ConnectionImpl@2093bc9f (No operations allowed after connection closed.). Possibly consider using a shorter maxLifetime value.
2020-12-27 20:43:53.576 WARN [http-nio-8081-exec-10]com.zaxxer.hikari.pool.PoolBase.isConnectionAlive:184 -hm - Failed to validate connection com.mysql.cj.jdbc.ConnectionImpl@7236603b (No operations allowed after connection closed.). Possibly consider using a shorter maxLifetime value.
2020-12-27 20:43:53.579 WARN [http-nio-8081-exec-10]com.zaxxer.hikari.pool.PoolBase.isConnectionAlive:184 -hm - Failed to validate connection com.mysql.cj.jdbc.ConnectionImpl@38db00ec (No operations allowed after connection closed.). Possibly consider using a shorter maxLifetime value.
2020-12-27 20:43:53.582 WARN [http-nio-8081-exec-10]com.zaxxer.hikari.pool.PoolBase.isConnectionAlive:184 -hm - Failed to validate connection com.mysql.cj.jdbc.ConnectionImpl@496b2441 (No operations allowed after connection closed.). Possibly consider using a shorter maxLifetime value.
2020-12-27 20:43:53.584 WARN [http-nio-8081-exec-10]com.zaxxer.hikari.pool.PoolBase.isConnectionAlive:184 -hm - Failed to validate connection com.mysql.cj.jdbc.ConnectionImpl@646a3351 (No operations allowed after connection closed.). Possibly consider using a shorter maxLifetime value.
2020-12-27 20:43:53.586 WARN [http-nio-8081-exec-10]com.zaxxer.hikari.pool.PoolBase.isConnectionAlive:184 -hm - Failed to validate connection com.mysql.cj.jdbc.ConnectionImpl@251cb05f (No operations allowed after connection closed.). Possibly consider using a shorter maxLifetime value.
2020-12-27 20:43:53.586 WARN [http-nio-8081-exec-10]com.zaxxer.hikari.pool.PoolBase.isConnectionAlive:184 -hm - Failed to validate connection com.mysql.cj.jdbc.ConnectionImpl@45a00870 (No operations allowed after connection closed.). Possibly consider using a shorter maxLifetime value.
2020-12-27 20:43:53.588 WARN [http-nio-8081-exec-10]com.zaxxer.hikari.pool.PoolBase.isConnectionAlive:184 -hm - Failed to validate connection com.mysql.cj.jdbc.ConnectionImpl@55f965a9 (No operations allowed after connection closed.). Possibly consider using a shorter maxLifetime value.
2020-12-27 20:43:53.589 WARN [http-nio-8081-exec-10]com.zaxxer.hikari.pool.PoolBase.isConnectionAlive:184 -hm - Failed to validate connection com.mysql.cj.jdbc.ConnectionImpl@603c24fc (No operations allowed after connection closed.). Possibly consider using a shorter maxLifetime value.
2020-12-27 20:43:53.591 WARN [http-nio-8081-exec-10]com.zaxxer.hikari.pool.PoolBase.isConnectionAlive:184 -hm - Failed to validate connection com.mysql.cj.jdbc.ConnectionImpl@2062feec (No operations allowed after connection closed.). Possibly consider using a shorter maxLifetime value.
2020-12-27 20:49:13.148 WARN [http-nio-8081-exec-5]com.zaxxer.hikari.pool.PoolBase.isConnectionAlive:184 -hm - Failed to validate connection com.mysql.cj.jdbc.ConnectionImpl@7b8e6424 (No operations allowed after connection closed.). Possibly consider using a shorter maxLifetime value.
2020-12-27 20:49:13.153 WARN [http-nio-8081-exec-5]com.zaxxer.hikari.pool.PoolBase.isConnectionAlive:184 -hm - Failed to validate connection com.mysql.cj.jdbc.ConnectionImpl@4b0a8cea (No operations allowed after connection closed.). Possibly consider using a shorter maxLifetime value.
2020-12-27 20:49:13.156 WARN [http-nio-8081-exec-5]com.zaxxer.hikari.pool.PoolBase.isConnectionAlive:184 -hm - Failed to validate connection com.mysql.cj.jdbc.ConnectionImpl@60d111e1 (No operations allowed after connection closed.). Possibly consider using a shorter maxLifetime value.
2020-12-27 20:49:13.159 WARN [http-nio-8081-exec-5]com.zaxxer.hikari.pool.PoolBase.isConnectionAlive:184 -hm - Failed to validate connection com.mysql.cj.jdbc.ConnectionImpl@7c5da89f (No operations allowed after connection closed.). Possibly consider using a shorter maxLifetime value.
2020-12-27 20:49:13.162 WARN [http-nio-8081-exec-5]com.zaxxer.hikari.pool.PoolBase.isConnectionAlive:184 -hm - Failed to validate connection com.mysql.cj.jdbc.ConnectionImpl@3152b4bf (No operations allowed after connection closed.). Possibly consider using a shorter maxLifetime value.
2020-12-27 20:49:13.166 WARN [http-nio-8081-exec-5]com.zaxxer.hikari.pool.PoolBase.isConnectionAlive:184 -hm - Failed to validate connection com.mysql.cj.jdbc.ConnectionImpl@2ea013a3 (No operations allowed after connection closed.). Possibly consider using a shorter maxLifetime value.
2020-12-27 20:49:13.169 WARN [http-nio-8081-exec-5]com.zaxxer.hikari.pool.PoolBase.isConnectionAlive:184 -hm - Failed to validate connection com.mysql.cj.jdbc.ConnectionImpl@4616518f (No operations allowed after connection closed.). Possibly consider using a shorter maxLifetime value.
2020-12-27 20:49:13.171 WARN [http-nio-8081-exec-5]com.zaxxer.hikari.pool.PoolBase.isConnectionAlive:184 -hm - Failed to validate connection com.mysql.cj.jdbc.ConnectionImpl@571e0082 (No operations allowed after connection closed.). Possibly consider using a shorter maxLifetime value.
2020-12-27 20:49:13.173 WARN [http-nio-8081-exec-5]com.zaxxer.hikari.pool.PoolBase.isConnectionAlive:184 -hm - Failed to validate connection com.mysql.cj.jdbc.ConnectionImpl@73cda192 (No operations allowed after connection closed.). Possibly consider using a shorter maxLifetime value.
2020-12-27 20:49:13.176 WARN [http-nio-8081-exec-5]com.zaxxer.hikari.pool.PoolBase.isConnectionAlive:184 -hm - Failed to validate connection com.mysql.cj.jdbc.ConnectionImpl@5dde8943 (No operations allowed after connection closed.). Possibly consider using a shorter maxLifetime value.
2020-12-27 21:06:49.184 WARN [http-nio-8081-exec-6]com.zaxxer.hikari.pool.PoolBase.isConnectionAlive:184 -hm - Failed to validate connection com.mysql.cj.jdbc.ConnectionImpl@e0d3eea (No operations allowed after connection closed.). Possibly consider using a shorter maxLifetime value.
2020-12-27 21:06:49.189 WARN [http-nio-8081-exec-6]com.zaxxer.hikari.pool.PoolBase.isConnectionAlive:184 -hm - Failed to validate connection com.mysql.cj.jdbc.ConnectionImpl@101a48ac (No operations allowed after connection closed.). Possibly consider using a shorter maxLifetime value.
2020-12-27 21:06:49.191 WARN [http-nio-8081-exec-6]com.zaxxer.hikari.pool.PoolBase.isConnectionAlive:184 -hm - Failed to validate connection com.mysql.cj.jdbc.ConnectionImpl@6c5947fa (No operations allowed after connection closed.). Possibly consider using a shorter maxLifetime value.
2020-12-27 21:06:49.193 WARN [http-nio-8081-exec-6]com.zaxxer.hikari.pool.PoolBase.isConnectionAlive:184 -hm - Failed to validate connection com.mysql.cj.jdbc.ConnectionImpl@17caea1e (No operations allowed after connection closed.). Possibly consider using a shorter maxLifetime value.
2020-12-27 21:06:49.196 WARN [http-nio-8081-exec-6]com.zaxxer.hikari.pool.PoolBase.isConnectionAlive:184 -hm - Failed to validate connection com.mysql.cj.jdbc.ConnectionImpl@49397c63 (No operations allowed after connection closed.). Possibly consider using a shorter maxLifetime value.
2020-12-27 21:06:49.200 WARN [http-nio-8081-exec-6]com.zaxxer.hikari.pool.PoolBase.isConnectionAlive:184 -hm - Failed to validate connection com.mysql.cj.jdbc.ConnectionImpl@ba412c0 (No operations allowed after connection closed.). Possibly consider using a shorter maxLifetime value.
2020-12-27 21:06:49.203 WARN [http-nio-8081-exec-6]com.zaxxer.hikari.pool.PoolBase.isConnectionAlive:184 -hm - Failed to validate connection com.mysql.cj.jdbc.ConnectionImpl@2d64e2d9 (No operations allowed after connection closed.). Possibly consider using a shorter maxLifetime value.
2020-12-27 21:06:49.206 WARN [http-nio-8081-exec-6]com.zaxxer.hikari.pool.PoolBase.isConnectionAlive:184 -hm - Failed to validate connection com.mysql.cj.jdbc.ConnectionImpl@6d3e7771 (No operations allowed after connection closed.). Possibly consider using a shorter maxLifetime value.
2020-12-27 21:06:49.209 WARN [http-nio-8081-exec-6]com.zaxxer.hikari.pool.PoolBase.isConnectionAlive:184 -hm - Failed to validate connection com.mysql.cj.jdbc.ConnectionImpl@6fe6c4d1 (No operations allowed after connection closed.). Possibly consider using a shorter maxLifetime value.
2020-12-27 21:06:49.212 WARN [http-nio-8081-exec-6]com.zaxxer.hikari.pool.PoolBase.isConnectionAlive:184 -hm - Failed to validate connection com.mysql.cj.jdbc.ConnectionImpl@44ffe9ff (No operations allowed after connection closed.). Possibly consider using a shorter maxLifetime value.
2020-12-27 21:11:56.081 WARN [http-nio-8081-exec-6]com.zaxxer.hikari.pool.PoolBase.isConnectionAlive:184 -hm - Failed to validate connection com.mysql.cj.jdbc.ConnectionImpl@501cdadd (No operations allowed after connection closed.). Possibly consider using a shorter maxLifetime value.
2020-12-27 21:11:56.083 WARN [http-nio-8081-exec-6]com.zaxxer.hikari.pool.PoolBase.isConnectionAlive:184 -hm - Failed to validate connection com.mysql.cj.jdbc.ConnectionImpl@77caf0a7 (No operations allowed after connection closed.). Possibly consider using a shorter maxLifetime value.
2020-12-27 21:11:56.085 WARN [http-nio-8081-exec-6]com.zaxxer.hikari.pool.PoolBase.isConnectionAlive:184 -hm - Failed to validate connection com.mysql.cj.jdbc.ConnectionImpl@548ecd59 (No operations allowed after connection closed.). Possibly consider using a shorter maxLifetime value.
2020-12-27 21:11:56.086 WARN [http-nio-8081-exec-6]com.zaxxer.hikari.pool.PoolBase.isConnectionAlive:184 -hm - Failed to validate connection com.mysql.cj.jdbc.ConnectionImpl@1121a941 (No operations allowed after connection closed.). Possibly consider using a shorter maxLifetime value.
2020-12-27 21:11:56.088 WARN [http-nio-8081-exec-6]com.zaxxer.hikari.pool.PoolBase.isConnectionAlive:184 -hm - Failed to validate connection com.mysql.cj.jdbc.ConnectionImpl@6065eeeb (No operations allowed after connection closed.). Possibly consider using a shorter maxLifetime value.
2020-12-27 21:11:56.090 WARN [http-nio-8081-exec-6]com.zaxxer.hikari.pool.PoolBase.isConnectionAlive:184 -hm - Failed to validate connection com.mysql.cj.jdbc.ConnectionImpl@408a7588 (No operations allowed after connection closed.). Possibly consider using a shorter maxLifetime value.
2020-12-27 21:11:56.092 WARN [http-nio-8081-exec-6]com.zaxxer.hikari.pool.PoolBase.isConnectionAlive:184 -hm - Failed to validate connection com.mysql.cj.jdbc.ConnectionImpl@62cc9cc5 (No operations allowed after connection closed.). Possibly consider using a shorter maxLifetime value.
2020-12-27 21:11:56.094 WARN [http-nio-8081-exec-6]com.zaxxer.hikari.pool.PoolBase.isConnectionAlive:184 -hm - Failed to validate connection com.mysql.cj.jdbc.ConnectionImpl@7ebb4a7c (No operations allowed after connection closed.). Possibly consider using a shorter maxLifetime value.
2020-12-27 21:11:56.095 WARN [http-nio-8081-exec-6]com.zaxxer.hikari.pool.PoolBase.isConnectionAlive:184 -hm - Failed to validate connection com.mysql.cj.jdbc.ConnectionImpl@3166f1f6 (No operations allowed after connection closed.). Possibly consider using a shorter maxLifetime value.
2020-12-27 21:11:56.097 WARN [http-nio-8081-exec-6]com.zaxxer.hikari.pool.PoolBase.isConnectionAlive:184 -hm - Failed to validate connection com.mysql.cj.jdbc.ConnectionImpl@2253e467 (No operations allowed after connection closed.). Possibly consider using a shorter maxLifetime value.
2020-12-27 21:18:40.297 WARN [http-nio-8081-exec-1]com.zaxxer.hikari.pool.PoolBase.isConnectionAlive:184 -hm - Failed to validate connection com.mysql.cj.jdbc.ConnectionImpl@332815 (No operations allowed after connection closed.). Possibly consider using a shorter maxLifetime value.
2020-12-27 21:18:40.301 WARN [http-nio-8081-exec-1]com.zaxxer.hikari.pool.PoolBase.isConnectionAlive:184 -hm - Failed to validate connection com.mysql.cj.jdbc.ConnectionImpl@78087087 (No operations allowed after connection closed.). Possibly consider using a shorter maxLifetime value.
2020-12-27 21:18:40.304 WARN [http-nio-8081-exec-1]com.zaxxer.hikari.pool.PoolBase.isConnectionAlive:184 -hm - Failed to validate connection com.mysql.cj.jdbc.ConnectionImpl@48d6e8df (No operations allowed after connection closed.). Possibly consider using a shorter maxLifetime value.
2020-12-27 21:18:40.306 WARN [http-nio-8081-exec-1]com.zaxxer.hikari.pool.PoolBase.isConnectionAlive:184 -hm - Failed to validate connection com.mysql.cj.jdbc.ConnectionImpl@677c2c7f (No operations allowed after connection closed.). Possibly consider using a shorter maxLifetime value.
2020-12-27 21:18:40.308 WARN [http-nio-8081-exec-1]com.zaxxer.hikari.pool.PoolBase.isConnectionAlive:184 -hm - Failed to validate connection com.mysql.cj.jdbc.ConnectionImpl@210627be (No operations allowed after connection closed.). Possibly consider using a shorter maxLifetime value.
2020-12-27 21:18:40.309 WARN [http-nio-8081-exec-1]com.zaxxer.hikari.pool.PoolBase.isConnectionAlive:184 -hm - Failed to validate connection com.mysql.cj.jdbc.ConnectionImpl@1a31e751 (No operations allowed after connection closed.). Possibly consider using a shorter maxLifetime value.
2020-12-27 21:18:40.311 WARN [http-nio-8081-exec-1]com.zaxxer.hikari.pool.PoolBase.isConnectionAlive:184 -hm - Failed to validate connection com.mysql.cj.jdbc.ConnectionImpl@655e74d8 (No operations allowed after connection closed.). Possibly consider using a shorter maxLifetime value.
2020-12-27 21:18:40.312 WARN [http-nio-8081-exec-1]com.zaxxer.hikari.pool.PoolBase.isConnectionAlive:184 -hm - Failed to validate connection com.mysql.cj.jdbc.ConnectionImpl@6347b3d8 (No operations allowed after connection closed.). Possibly consider using a shorter maxLifetime value.
2020-12-27 21:18:40.313 WARN [http-nio-8081-exec-1]com.zaxxer.hikari.pool.PoolBase.isConnectionAlive:184 -hm - Failed to validate connection com.mysql.cj.jdbc.ConnectionImpl@736c53d9 (No operations allowed after connection closed.). Possibly consider using a shorter maxLifetime value.
2020-12-27 21:18:40.315 WARN [http-nio-8081-exec-1]com.zaxxer.hikari.pool.PoolBase.isConnectionAlive:184 -hm - Failed to validate connection com.mysql.cj.jdbc.ConnectionImpl@6672398a (No operations allowed after connection closed.). Possibly consider using a shorter maxLifetime value.
2020-12-27 21:39:38.886 WARN [http-nio-8081-exec-9]com.zaxxer.hikari.pool.PoolBase.isConnectionAlive:184 -hm - Failed to validate connection com.mysql.cj.jdbc.ConnectionImpl@2e9bcd80 (No operations allowed after connection closed.). Possibly consider using a shorter maxLifetime value.
2020-12-27 21:39:38.889 WARN [http-nio-8081-exec-9]com.zaxxer.hikari.pool.PoolBase.isConnectionAlive:184 -hm - Failed to validate connection com.mysql.cj.jdbc.ConnectionImpl@1b63a661 (No operations allowed after connection closed.). Possibly consider using a shorter maxLifetime value.
2020-12-27 21:39:38.891 WARN [http-nio-8081-exec-9]com.zaxxer.hikari.pool.PoolBase.isConnectionAlive:184 -hm - Failed to validate connection com.mysql.cj.jdbc.ConnectionImpl@733b9286 (No operations allowed after connection closed.). Possibly consider using a shorter maxLifetime value.
2020-12-27 21:39:38.894 WARN [http-nio-8081-exec-9]com.zaxxer.hikari.pool.PoolBase.isConnectionAlive:184 -hm - Failed to validate connection com.mysql.cj.jdbc.ConnectionImpl@3ac3ba (No operations allowed after connection closed.). Possibly consider using a shorter maxLifetime value.
2020-12-27 21:39:38.896 WARN [http-nio-8081-exec-9]com.zaxxer.hikari.pool.PoolBase.isConnectionAlive:184 -hm - Failed to validate connection com.mysql.cj.jdbc.ConnectionImpl@7a71c5 (No operations allowed after connection closed.). Possibly consider using a shorter maxLifetime value.
2020-12-27 21:39:38.898 WARN [http-nio-8081-exec-9]com.zaxxer.hikari.pool.PoolBase.isConnectionAlive:184 -hm - Failed to validate connection com.mysql.cj.jdbc.ConnectionImpl@6ac8f05 (No operations allowed after connection closed.). Possibly consider using a shorter maxLifetime value.
2020-12-27 21:39:38.899 WARN [http-nio-8081-exec-9]com.zaxxer.hikari.pool.PoolBase.isConnectionAlive:184 -hm - Failed to validate connection com.mysql.cj.jdbc.ConnectionImpl@29ac92f4 (No operations allowed after connection closed.). Possibly consider using a shorter maxLifetime value.
2020-12-27 21:39:38.902 WARN [http-nio-8081-exec-9]com.zaxxer.hikari.pool.PoolBase.isConnectionAlive:184 -hm - Failed to validate connection com.mysql.cj.jdbc.ConnectionImpl@7f5da368 (No operations allowed after connection closed.). Possibly consider using a shorter maxLifetime value.
2020-12-27 21:39:38.904 WARN [http-nio-8081-exec-9]com.zaxxer.hikari.pool.PoolBase.isConnectionAlive:184 -hm - Failed to validate connection com.mysql.cj.jdbc.ConnectionImpl@2c7a111f (No operations allowed after connection closed.). Possibly consider using a shorter maxLifetime value.
2020-12-27 21:39:38.907 WARN [http-nio-8081-exec-9]com.zaxxer.hikari.pool.PoolBase.isConnectionAlive:184 -hm - Failed to validate connection com.mysql.cj.jdbc.ConnectionImpl@4e4c6732 (No operations allowed after connection closed.). Possibly consider using a shorter maxLifetime value.
2020-12-27 21:47:52.952 WARN [http-nio-8081-exec-6]com.zaxxer.hikari.pool.PoolBase.isConnectionAlive:184 -hm - Failed to validate connection com.mysql.cj.jdbc.ConnectionImpl@51070d6a (No operations allowed after connection closed.). Possibly consider using a shorter maxLifetime value.
2020-12-27 21:47:52.956 WARN [http-nio-8081-exec-6]com.zaxxer.hikari.pool.PoolBase.isConnectionAlive:184 -hm - Failed to validate connection com.mysql.cj.jdbc.ConnectionImpl@699db29f (No operations allowed after connection closed.). Possibly consider using a shorter maxLifetime value.
2020-12-27 21:47:52.960 WARN [http-nio-8081-exec-6]com.zaxxer.hikari.pool.PoolBase.isConnectionAlive:184 -hm - Failed to validate connection com.mysql.cj.jdbc.ConnectionImpl@7a966e87 (No operations allowed after connection closed.). Possibly consider using a shorter maxLifetime value.
2020-12-27 21:47:52.964 WARN [http-nio-8081-exec-6]com.zaxxer.hikari.pool.PoolBase.isConnectionAlive:184 -hm - Failed to validate connection com.mysql.cj.jdbc.ConnectionImpl@58bf1e85 (No operations allowed after connection closed.). Possibly consider using a shorter maxLifetime value.
2020-12-27 21:47:52.966 WARN [http-nio-8081-exec-6]com.zaxxer.hikari.pool.PoolBase.isConnectionAlive:184 -hm - Failed to validate connection com.mysql.cj.jdbc.ConnectionImpl@61937bae (No operations allowed after connection closed.). Possibly consider using a shorter maxLifetime value.
2020-12-27 21:47:52.967 WARN [http-nio-8081-exec-6]com.zaxxer.hikari.pool.PoolBase.isConnectionAlive:184 -hm - Failed to validate connection com.mysql.cj.jdbc.ConnectionImpl@651e3449 (No operations allowed after connection closed.). Possibly consider using a shorter maxLifetime value.
2020-12-27 21:47:52.969 WARN [http-nio-8081-exec-6]com.zaxxer.hikari.pool.PoolBase.isConnectionAlive:184 -hm - Failed to validate connection com.mysql.cj.jdbc.ConnectionImpl@2c359c3b (No operations allowed after connection closed.). Possibly consider using a shorter maxLifetime value.
2020-12-27 21:47:52.971 WARN [http-nio-8081-exec-6]com.zaxxer.hikari.pool.PoolBase.isConnectionAlive:184 -hm - Failed to validate connection com.mysql.cj.jdbc.ConnectionImpl@c5ee40e (No operations allowed after connection closed.). Possibly consider using a shorter maxLifetime value.
2020-12-27 21:47:52.973 WARN [http-nio-8081-exec-6]com.zaxxer.hikari.pool.PoolBase.isConnectionAlive:184 -hm - Failed to validate connection com.mysql.cj.jdbc.ConnectionImpl@76eaa020 (No operations allowed after connection closed.). Possibly consider using a shorter maxLifetime value.
2020-12-27 21:47:52.977 WARN [http-nio-8081-exec-6]com.zaxxer.hikari.pool.PoolBase.isConnectionAlive:184 -hm - Failed to validate connection com.mysql.cj.jdbc.ConnectionImpl@62427ec8 (No operations allowed after connection closed.). Possibly consider using a shorter maxLifetime value.
2020-12-27 21:51:34.360 WARN [http-nio-8081-exec-5]com.zaxxer.hikari.pool.PoolBase.isConnectionAlive:184 -hm - Failed to validate connection com.mysql.cj.jdbc.ConnectionImpl@19931427 (No operations allowed after connection closed.). Possibly consider using a shorter maxLifetime value.
2020-12-27 21:51:34.363 WARN [http-nio-8081-exec-5]com.zaxxer.hikari.pool.PoolBase.isConnectionAlive:184 -hm - Failed to validate connection com.mysql.cj.jdbc.ConnectionImpl@7fca1ad (No operations allowed after connection closed.). Possibly consider using a shorter maxLifetime value.
2020-12-27 21:51:34.364 WARN [http-nio-8081-exec-5]com.zaxxer.hikari.pool.PoolBase.isConnectionAlive:184 -hm - Failed to validate connection com.mysql.cj.jdbc.ConnectionImpl@11d588b5 (No operations allowed after connection closed.). Possibly consider using a shorter maxLifetime value.
2020-12-27 21:51:34.365 WARN [http-nio-8081-exec-5]com.zaxxer.hikari.pool.PoolBase.isConnectionAlive:184 -hm - Failed to validate connection com.mysql.cj.jdbc.ConnectionImpl@3c1e5756 (No operations allowed after connection closed.). Possibly consider using a shorter maxLifetime value.
2020-12-27 21:51:34.366 WARN [http-nio-8081-exec-5]com.zaxxer.hikari.pool.PoolBase.isConnectionAlive:184 -hm - Failed to validate connection com.mysql.cj.jdbc.ConnectionImpl@99b995e (No operations allowed after connection closed.). Possibly consider using a shorter maxLifetime value.
2020-12-27 21:51:34.368 WARN [http-nio-8081-exec-5]com.zaxxer.hikari.pool.PoolBase.isConnectionAlive:184 -hm - Failed to validate connection com.mysql.cj.jdbc.ConnectionImpl@6b88a009 (No operations allowed after connection closed.). Possibly consider using a shorter maxLifetime value.
2020-12-27 21:51:34.369 WARN [http-nio-8081-exec-5]com.zaxxer.hikari.pool.PoolBase.isConnectionAlive:184 -hm - Failed to validate connection com.mysql.cj.jdbc.ConnectionImpl@56a50ded (No operations allowed after connection closed.). Possibly consider using a shorter maxLifetime value.
2020-12-27 21:51:34.370 WARN [http-nio-8081-exec-5]com.zaxxer.hikari.pool.PoolBase.isConnectionAlive:184 -hm - Failed to validate connection com.mysql.cj.jdbc.ConnectionImpl@184f4488 (No operations allowed after connection closed.). Possibly consider using a shorter maxLifetime value.
2020-12-27 21:51:34.371 WARN [http-nio-8081-exec-5]com.zaxxer.hikari.pool.PoolBase.isConnectionAlive:184 -hm - Failed to validate connection com.mysql.cj.jdbc.ConnectionImpl@4dcb7fb6 (No operations allowed after connection closed.). Possibly consider using a shorter maxLifetime value.
2020-12-27 21:51:34.372 WARN [http-nio-8081-exec-5]com.zaxxer.hikari.pool.PoolBase.isConnectionAlive:184 -hm - Failed to validate connection com.mysql.cj.jdbc.ConnectionImpl@63ed06ee (No operations allowed after connection closed.). Possibly consider using a shorter maxLifetime value.
2020-12-27 21:59:38.553 WARN [http-nio-8081-exec-9]com.zaxxer.hikari.pool.PoolBase.isConnectionAlive:184 -hm - Failed to validate connection com.mysql.cj.jdbc.ConnectionImpl@7f50c93c (No operations allowed after connection closed.). Possibly consider using a shorter maxLifetime value.
2020-12-27 21:59:38.555 WARN [http-nio-8081-exec-9]com.zaxxer.hikari.pool.PoolBase.isConnectionAlive:184 -hm - Failed to validate connection com.mysql.cj.jdbc.ConnectionImpl@1e3e0984 (No operations allowed after connection closed.). Possibly consider using a shorter maxLifetime value.
2020-12-27 21:59:38.557 WARN [http-nio-8081-exec-9]com.zaxxer.hikari.pool.PoolBase.isConnectionAlive:184 -hm - Failed to validate connection com.mysql.cj.jdbc.ConnectionImpl@54999765 (No operations allowed after connection closed.). Possibly consider using a shorter maxLifetime value.
2020-12-27 21:59:38.559 WARN [http-nio-8081-exec-9]com.zaxxer.hikari.pool.PoolBase.isConnectionAlive:184 -hm - Failed to validate connection com.mysql.cj.jdbc.ConnectionImpl@bb1bd6 (No operations allowed after connection closed.). Possibly consider using a shorter maxLifetime value.
2020-12-27 21:59:38.560 WARN [http-nio-8081-exec-9]com.zaxxer.hikari.pool.PoolBase.isConnectionAlive:184 -hm - Failed to validate connection com.mysql.cj.jdbc.ConnectionImpl@2257605b (No operations allowed after connection closed.). Possibly consider using a shorter maxLifetime value.
2020-12-27 21:59:38.562 WARN [http-nio-8081-exec-9]com.zaxxer.hikari.pool.PoolBase.isConnectionAlive:184 -hm - Failed to validate connection com.mysql.cj.jdbc.ConnectionImpl@4ccb3fbc (No operations allowed after connection closed.). Possibly consider using a shorter maxLifetime value.
2020-12-27 21:59:38.564 WARN [http-nio-8081-exec-9]com.zaxxer.hikari.pool.PoolBase.isConnectionAlive:184 -hm - Failed to validate connection com.mysql.cj.jdbc.ConnectionImpl@54f1bbff (No operations allowed after connection closed.). Possibly consider using a shorter maxLifetime value.
2020-12-27 21:59:38.566 WARN [http-nio-8081-exec-9]com.zaxxer.hikari.pool.PoolBase.isConnectionAlive:184 -hm - Failed to validate connection com.mysql.cj.jdbc.ConnectionImpl@c4c6f1c (No operations allowed after connection closed.). Possibly consider using a shorter maxLifetime value.
2020-12-27 21:59:38.567 WARN [http-nio-8081-exec-9]com.zaxxer.hikari.pool.PoolBase.isConnectionAlive:184 -hm - Failed to validate connection com.mysql.cj.jdbc.ConnectionImpl@15808376 (No operations allowed after connection closed.). Possibly consider using a shorter maxLifetime value.
2020-12-27 21:59:38.569 WARN [http-nio-8081-exec-9]com.zaxxer.hikari.pool.PoolBase.isConnectionAlive:184 -hm - Failed to validate connection com.mysql.cj.jdbc.ConnectionImpl@2378a5 (No operations allowed after connection closed.). Possibly consider using a shorter maxLifetime value.
2020-12-27 22:07:51.026 WARN [http-nio-8081-exec-5]com.zaxxer.hikari.pool.PoolBase.isConnectionAlive:184 -hm - Failed to validate connection com.mysql.cj.jdbc.ConnectionImpl@360fa5a4 (No operations allowed after connection closed.). Possibly consider using a shorter maxLifetime value.
2020-12-27 22:07:51.028 WARN [http-nio-8081-exec-5]com.zaxxer.hikari.pool.PoolBase.isConnectionAlive:184 -hm - Failed to validate connection com.mysql.cj.jdbc.ConnectionImpl@351032d6 (No operations allowed after connection closed.). Possibly consider using a shorter maxLifetime value.
2020-12-27 22:07:51.030 WARN [http-nio-8081-exec-5]com.zaxxer.hikari.pool.PoolBase.isConnectionAlive:184 -hm - Failed to validate connection com.mysql.cj.jdbc.ConnectionImpl@39465535 (No operations allowed after connection closed.). Possibly consider using a shorter maxLifetime value.
2020-12-27 22:07:51.032 WARN [http-nio-8081-exec-5]com.zaxxer.hikari.pool.PoolBase.isConnectionAlive:184 -hm - Failed to validate connection com.mysql.cj.jdbc.ConnectionImpl@27a07a08 (No operations allowed after connection closed.). Possibly consider using a shorter maxLifetime value.
2020-12-27 22:07:51.033 WARN [http-nio-8081-exec-5]com.zaxxer.hikari.pool.PoolBase.isConnectionAlive:184 -hm - Failed to validate connection com.mysql.cj.jdbc.ConnectionImpl@32f89ddd (No operations allowed after connection closed.). Possibly consider using a shorter maxLifetime value.
2020-12-27 22:07:51.035 WARN [http-nio-8081-exec-5]com.zaxxer.hikari.pool.PoolBase.isConnectionAlive:184 -hm - Failed to validate connection com.mysql.cj.jdbc.ConnectionImpl@64a9fd6 (No operations allowed after connection closed.). Possibly consider using a shorter maxLifetime value.
2020-12-27 22:07:51.036 WARN [http-nio-8081-exec-5]com.zaxxer.hikari.pool.PoolBase.isConnectionAlive:184 -hm - Failed to validate connection com.mysql.cj.jdbc.ConnectionImpl@dae8dd7 (No operations allowed after connection closed.). Possibly consider using a shorter maxLifetime value.
2020-12-27 22:07:51.037 WARN [http-nio-8081-exec-5]com.zaxxer.hikari.pool.PoolBase.isConnectionAlive:184 -hm - Failed to validate connection com.mysql.cj.jdbc.ConnectionImpl@297ac650 (No operations allowed after connection closed.). Possibly consider using a shorter maxLifetime value.
2020-12-27 22:07:51.038 WARN [http-nio-8081-exec-5]com.zaxxer.hikari.pool.PoolBase.isConnectionAlive:184 -hm - Failed to validate connection com.mysql.cj.jdbc.ConnectionImpl@5f9ab0d7 (No operations allowed after connection closed.). Possibly consider using a shorter maxLifetime value.
2020-12-27 22:07:51.046 WARN [http-nio-8081-exec-5]com.zaxxer.hikari.pool.PoolBase.isConnectionAlive:184 -hm - Failed to validate connection com.mysql.cj.jdbc.ConnectionImpl@d7c20dd (No operations allowed after connection closed.). Possibly consider using a shorter maxLifetime value.
2020-12-27 22:14:42.745 WARN [http-nio-8081-exec-3]com.zaxxer.hikari.pool.PoolBase.isConnectionAlive:184 -hm - Failed to validate connection com.mysql.cj.jdbc.ConnectionImpl@bf2d41e (No operations allowed after connection closed.). Possibly consider using a shorter maxLifetime value.
2020-12-27 22:14:42.747 WARN [http-nio-8081-exec-3]com.zaxxer.hikari.pool.PoolBase.isConnectionAlive:184 -hm - Failed to validate connection com.mysql.cj.jdbc.ConnectionImpl@4b89dbed (No operations allowed after connection closed.). Possibly consider using a shorter maxLifetime value.
2020-12-27 22:14:42.749 WARN [http-nio-8081-exec-3]com.zaxxer.hikari.pool.PoolBase.isConnectionAlive:184 -hm - Failed to validate connection com.mysql.cj.jdbc.ConnectionImpl@15930182 (No operations allowed after connection closed.). Possibly consider using a shorter maxLifetime value.
2020-12-27 22:14:42.750 WARN [http-nio-8081-exec-3]com.zaxxer.hikari.pool.PoolBase.isConnectionAlive:184 -hm - Failed to validate connection com.mysql.cj.jdbc.ConnectionImpl@6e236f4b (No operations allowed after connection closed.). Possibly consider using a shorter maxLifetime value.
2020-12-27 22:14:42.752 WARN [http-nio-8081-exec-3]com.zaxxer.hikari.pool.PoolBase.isConnectionAlive:184 -hm - Failed to validate connection com.mysql.cj.jdbc.ConnectionImpl@42e816dd (No operations allowed after connection closed.). Possibly consider using a shorter maxLifetime value.
2020-12-27 22:14:42.753 WARN [http-nio-8081-exec-3]com.zaxxer.hikari.pool.PoolBase.isConnectionAlive:184 -hm - Failed to validate connection com.mysql.cj.jdbc.ConnectionImpl@47bbebde (No operations allowed after connection closed.). Possibly consider using a shorter maxLifetime value.
2020-12-27 22:14:42.755 WARN [http-nio-8081-exec-3]com.zaxxer.hikari.pool.PoolBase.isConnectionAlive:184 -hm - Failed to validate connection com.mysql.cj.jdbc.ConnectionImpl@4aa97dba (No operations allowed after connection closed.). Possibly consider using a shorter maxLifetime value.
2020-12-27 22:14:42.757 WARN [http-nio-8081-exec-3]com.zaxxer.hikari.pool.PoolBase.isConnectionAlive:184 -hm - Failed to validate connection com.mysql.cj.jdbc.ConnectionImpl@3f851a93 (No operations allowed after connection closed.). Possibly consider using a shorter maxLifetime value.
2020-12-27 22:14:42.757 WARN [http-nio-8081-exec-3]com.zaxxer.hikari.pool.PoolBase.isConnectionAlive:184 -hm - Failed to validate connection com.mysql.cj.jdbc.ConnectionImpl@3d59bd40 (No operations allowed after connection closed.). Possibly consider using a shorter maxLifetime value.
2020-12-27 22:14:42.759 WARN [http-nio-8081-exec-3]com.zaxxer.hikari.pool.PoolBase.isConnectionAlive:184 -hm - Failed to validate connection com.mysql.cj.jdbc.ConnectionImpl@25a4542e (No operations allowed after connection closed.). Possibly consider using a shorter maxLifetime value.
2020-12-27 22:18:18.608 WARN [http-nio-8081-exec-4]com.zaxxer.hikari.pool.PoolBase.isConnectionAlive:184 -hm - Failed to validate connection com.mysql.cj.jdbc.ConnectionImpl@33a76e00 (No operations allowed after connection closed.). Possibly consider using a shorter maxLifetime value.
2020-12-27 22:18:18.612 WARN [http-nio-8081-exec-4]com.zaxxer.hikari.pool.PoolBase.isConnectionAlive:184 -hm - Failed to validate connection com.mysql.cj.jdbc.ConnectionImpl@25151044 (No operations allowed after connection closed.). Possibly consider using a shorter maxLifetime value.
2020-12-27 22:18:18.614 WARN [http-nio-8081-exec-4]com.zaxxer.hikari.pool.PoolBase.isConnectionAlive:184 -hm - Failed to validate connection com.mysql.cj.jdbc.ConnectionImpl@2ae48561 (No operations allowed after connection closed.). Possibly consider using a shorter maxLifetime value.
2020-12-27 22:18:18.615 WARN [http-nio-8081-exec-4]com.zaxxer.hikari.pool.PoolBase.isConnectionAlive:184 -hm - Failed to validate connection com.mysql.cj.jdbc.ConnectionImpl@21aba5ae (No operations allowed after connection closed.). Possibly consider using a shorter maxLifetime value.
2020-12-27 22:18:18.618 WARN [http-nio-8081-exec-4]com.zaxxer.hikari.pool.PoolBase.isConnectionAlive:184 -hm - Failed to validate connection com.mysql.cj.jdbc.ConnectionImpl@22338c5f (No operations allowed after connection closed.). Possibly consider using a shorter maxLifetime value.
2020-12-27 22:18:18.621 WARN [http-nio-8081-exec-4]com.zaxxer.hikari.pool.PoolBase.isConnectionAlive:184 -hm - Failed to validate connection com.mysql.cj.jdbc.ConnectionImpl@2f292f6d (No operations allowed after connection closed.). Possibly consider using a shorter maxLifetime value.
2020-12-27 22:18:18.623 WARN [http-nio-8081-exec-4]com.zaxxer.hikari.pool.PoolBase.isConnectionAlive:184 -hm - Failed to validate connection com.mysql.cj.jdbc.ConnectionImpl@21e87864 (No operations allowed after connection closed.). Possibly consider using a shorter maxLifetime value.
2020-12-27 22:18:18.625 WARN [http-nio-8081-exec-4]com.zaxxer.hikari.pool.PoolBase.isConnectionAlive:184 -hm - Failed to validate connection com.mysql.cj.jdbc.ConnectionImpl@5d923f22 (No operations allowed after connection closed.). Possibly consider using a shorter maxLifetime value.
2020-12-27 22:18:18.628 WARN [http-nio-8081-exec-4]com.zaxxer.hikari.pool.PoolBase.isConnectionAlive:184 -hm - Failed to validate connection com.mysql.cj.jdbc.ConnectionImpl@637d11bb (No operations allowed after connection closed.). Possibly consider using a shorter maxLifetime value.
2020-12-27 22:18:18.630 WARN [http-nio-8081-exec-4]com.zaxxer.hikari.pool.PoolBase.isConnectionAlive:184 -hm - Failed to validate connection com.mysql.cj.jdbc.ConnectionImpl@5c918fe (No operations allowed after connection closed.). Possibly consider using a shorter maxLifetime value.
