2020-12-26 21:00:49.082 INFO [main]com.information.five.FiveApplication.logStarting:55 -Starting FiveApplication using Java 1.8.0_181 on QAQ-TTT with PID 3992 (E:\IDEAproject\five\target\classes started by ZZT in E:\IDEAproject\five)
2020-12-26 21:00:49.119 INFO [main]com.information.five.FiveApplication.logStartupProfileInfo:660 -No active profile set, falling back to default profiles: default
2020-12-26 21:00:56.040 INFO [main]o.s.c.s.PostProcessorRegistrationDelegate$BeanPostProcessorChecker.postProcessAfterInitialization:350 -Bean 'spring.datasource.dynamic-com.baomidou.dynamic.datasource.spring.boot.autoconfigure.DynamicDataSourceProperties' of type [com.baomidou.dynamic.datasource.spring.boot.autoconfigure.DynamicDataSourceProperties] is not eligible for getting processed by all BeanPostProcessors (for example: not eligible for auto-proxying)
2020-12-26 21:00:56.042 INFO [main]o.s.c.s.PostProcessorRegistrationDelegate$BeanPostProcessorChecker.postProcessAfterInitialization:350 -Bean 'com.baomidou.dynamic.datasource.spring.boot.autoconfigure.DynamicDataSourceAutoConfiguration' of type [com.baomidou.dynamic.datasource.spring.boot.autoconfigure.DynamicDataSourceAutoConfiguration$$EnhancerBySpringCGLIB$$eacdf7f4] is not eligible for getting processed by all BeanPostProcessors (for example: not eligible for auto-proxying)
2020-12-26 21:00:56.050 INFO [main]o.s.c.s.PostProcessorRegistrationDelegate$BeanPostProcessorChecker.postProcessAfterInitialization:350 -Bean 'dsProcessor' of type [com.baomidou.dynamic.datasource.processor.DsHeaderProcessor] is not eligible for getting processed by all BeanPostProcessors (for example: not eligible for auto-proxying)
2020-12-26 21:00:58.457 INFO [main]o.s.boot.web.embedded.tomcat.TomcatWebServer.initialize:108 -Tomcat initialized with port(s): 8081 (http)
2020-12-26 21:00:58.488 INFO [main]org.apache.coyote.http11.Http11NioProtocol.log:173 -Initializing ProtocolHandler ["http-nio-8081"]
2020-12-26 21:00:58.489 INFO [main]org.apache.catalina.core.StandardService.log:173 -Starting service [Tomcat]
2020-12-26 21:00:58.489 INFO [main]org.apache.catalina.core.StandardEngine.log:173 -Starting Servlet engine: [Apache Tomcat/9.0.41]
2020-12-26 21:00:58.490 INFO [main]org.apache.catalina.core.AprLifecycleListener.log:173 -An older version [1.2.17] of the Apache Tomcat Native library is installed, while Tomcat recommends a minimum version of [1.2.23]
2020-12-26 21:00:58.491 INFO [main]org.apache.catalina.core.AprLifecycleListener.log:173 -Loaded Apache Tomcat Native library [1.2.17] using APR version [1.6.3].
2020-12-26 21:00:58.491 INFO [main]org.apache.catalina.core.AprLifecycleListener.log:173 -APR capabilities: IPv6 [true], sendfile [true], accept filters [false], random [true].
2020-12-26 21:00:58.491 INFO [main]org.apache.catalina.core.AprLifecycleListener.log:173 -APR/OpenSSL configuration: useAprConnector [false], useOpenSSL [true]
2020-12-26 21:00:59.694 INFO [main]org.apache.catalina.core.AprLifecycleListener.log:173 -OpenSSL successfully initialized [OpenSSL 1.0.2o  27 Mar 2018]
2020-12-26 21:01:00.521 INFO [main]o.a.catalina.core.ContainerBase.[Tomcat].[localhost].[/].log:173 -Initializing Spring embedded WebApplicationContext
2020-12-26 21:01:00.522 INFO [main]o.s.b.w.s.context.ServletWebServerApplicationContext.prepareWebApplicationContext:289 -Root WebApplicationContext: initialization completed in 11245 ms
2020-12-26 21:01:01.329 INFO [main]com.zaxxer.hikari.HikariDataSource.<init>:80 -hm - Starting...
2020-12-26 21:01:03.105 INFO [main]com.zaxxer.hikari.HikariDataSource.<init>:82 -hm - Start completed.
2020-12-26 21:01:03.106 INFO [main]com.zaxxer.hikari.HikariDataSource.<init>:80 -test1 - Starting...
2020-12-26 21:01:03.187 INFO [main]com.zaxxer.hikari.HikariDataSource.<init>:82 -test1 - Start completed.
2020-12-26 21:01:03.188 INFO [main]com.baomidou.dynamic.datasource.DynamicRoutingDataSource.addDataSource:132 -dynamic-datasource - load a datasource named [hm] success
2020-12-26 21:01:03.188 INFO [main]com.baomidou.dynamic.datasource.DynamicRoutingDataSource.addDataSource:132 -dynamic-datasource - load a datasource named [test1] success
2020-12-26 21:01:03.188 INFO [main]com.baomidou.dynamic.datasource.DynamicRoutingDataSource.afterPropertiesSet:237 -dynamic-datasource initial loaded [2] datasource,primary datasource named [hm]
2020-12-26 21:01:09.051 INFO [main]s.d.s.web.PropertySourcedRequestMappingHandlerMapping.initHandlerMethods:69 -Mapped URL path [/v2/api-docs] onto method [springfox.documentation.swagger2.web.Swagger2Controller#getDocumentation(String, HttpServletRequest)]
2020-12-26 21:01:09.344 INFO [main]o.s.scheduling.concurrent.ThreadPoolTaskExecutor.initialize:181 -Initializing ExecutorService 'applicationTaskExecutor'
2020-12-26 21:01:10.306 INFO [main]org.apache.coyote.http11.Http11NioProtocol.log:173 -Starting ProtocolHandler ["http-nio-8081"]
2020-12-26 21:01:10.494 INFO [main]o.s.boot.web.embedded.tomcat.TomcatWebServer.start:220 -Tomcat started on port(s): 8081 (http) with context path ''
2020-12-26 21:01:10.495 INFO [main]s.d.spring.web.plugins.DocumentationPluginsBootstrapper.start:160 -Context refreshed
2020-12-26 21:01:10.814 INFO [main]s.d.spring.web.plugins.DocumentationPluginsBootstrapper.start:163 -Found 1 custom documentation plugin(s)
2020-12-26 21:01:10.837 INFO [http-nio-8081-exec-2]o.a.catalina.core.ContainerBase.[Tomcat].[localhost].[/].log:173 -Initializing Spring DispatcherServlet 'dispatcherServlet'
2020-12-26 21:01:10.838 INFO [http-nio-8081-exec-2]org.springframework.web.servlet.DispatcherServlet.initServletBean:525 -Initializing Servlet 'dispatcherServlet'
2020-12-26 21:01:10.839 INFO [http-nio-8081-exec-2]org.springframework.web.servlet.DispatcherServlet.initServletBean:547 -Completed initialization in 1 ms
2020-12-26 21:01:11.013 INFO [main]s.d.spring.web.scanners.ApiListingReferenceScanner.scan:41 -Scanning for api listing references
2020-12-26 21:01:11.690 INFO [main]com.information.five.FiveApplication.logStarted:61 -Started FiveApplication in 27.164 seconds (JVM running for 36.231)
2020-12-26 22:07:29.753 WARN [http-nio-8081-exec-8]com.zaxxer.hikari.pool.PoolBase.isConnectionAlive:184 -hm - Failed to validate connection com.mysql.cj.jdbc.ConnectionImpl@40a433bb (No operations allowed after connection closed.). Possibly consider using a shorter maxLifetime value.
2020-12-26 22:07:29.756 WARN [http-nio-8081-exec-8]com.zaxxer.hikari.pool.PoolBase.isConnectionAlive:184 -hm - Failed to validate connection com.mysql.cj.jdbc.ConnectionImpl@4306cfd (No operations allowed after connection closed.). Possibly consider using a shorter maxLifetime value.
2020-12-26 22:07:29.758 WARN [http-nio-8081-exec-8]com.zaxxer.hikari.pool.PoolBase.isConnectionAlive:184 -hm - Failed to validate connection com.mysql.cj.jdbc.ConnectionImpl@6a7146c8 (No operations allowed after connection closed.). Possibly consider using a shorter maxLifetime value.
2020-12-26 22:07:29.759 WARN [http-nio-8081-exec-8]com.zaxxer.hikari.pool.PoolBase.isConnectionAlive:184 -hm - Failed to validate connection com.mysql.cj.jdbc.ConnectionImpl@31b098b9 (No operations allowed after connection closed.). Possibly consider using a shorter maxLifetime value.
2020-12-26 22:07:29.761 WARN [http-nio-8081-exec-8]com.zaxxer.hikari.pool.PoolBase.isConnectionAlive:184 -hm - Failed to validate connection com.mysql.cj.jdbc.ConnectionImpl@520b6652 (No operations allowed after connection closed.). Possibly consider using a shorter maxLifetime value.
2020-12-26 22:07:29.762 WARN [http-nio-8081-exec-8]com.zaxxer.hikari.pool.PoolBase.isConnectionAlive:184 -hm - Failed to validate connection com.mysql.cj.jdbc.ConnectionImpl@55dbaf6a (No operations allowed after connection closed.). Possibly consider using a shorter maxLifetime value.
2020-12-26 22:07:29.763 WARN [http-nio-8081-exec-8]com.zaxxer.hikari.pool.PoolBase.isConnectionAlive:184 -hm - Failed to validate connection com.mysql.cj.jdbc.ConnectionImpl@357ce41f (No operations allowed after connection closed.). Possibly consider using a shorter maxLifetime value.
2020-12-26 22:07:29.765 WARN [http-nio-8081-exec-8]com.zaxxer.hikari.pool.PoolBase.isConnectionAlive:184 -hm - Failed to validate connection com.mysql.cj.jdbc.ConnectionImpl@3cd759 (No operations allowed after connection closed.). Possibly consider using a shorter maxLifetime value.
2020-12-26 22:07:29.767 WARN [http-nio-8081-exec-8]com.zaxxer.hikari.pool.PoolBase.isConnectionAlive:184 -hm - Failed to validate connection com.mysql.cj.jdbc.ConnectionImpl@1a4565e (No operations allowed after connection closed.). Possibly consider using a shorter maxLifetime value.
2020-12-26 22:07:29.768 WARN [http-nio-8081-exec-8]com.zaxxer.hikari.pool.PoolBase.isConnectionAlive:184 -hm - Failed to validate connection com.mysql.cj.jdbc.ConnectionImpl@53aa0669 (No operations allowed after connection closed.). Possibly consider using a shorter maxLifetime value.
2020-12-26 22:14:58.413 WARN [http-nio-8081-exec-1]com.zaxxer.hikari.pool.PoolBase.isConnectionAlive:184 -hm - Failed to validate connection com.mysql.cj.jdbc.ConnectionImpl@5ce880d1 (No operations allowed after connection closed.). Possibly consider using a shorter maxLifetime value.
2020-12-26 22:14:58.416 WARN [http-nio-8081-exec-1]com.zaxxer.hikari.pool.PoolBase.isConnectionAlive:184 -hm - Failed to validate connection com.mysql.cj.jdbc.ConnectionImpl@312250d5 (No operations allowed after connection closed.). Possibly consider using a shorter maxLifetime value.
2020-12-26 22:14:58.418 WARN [http-nio-8081-exec-1]com.zaxxer.hikari.pool.PoolBase.isConnectionAlive:184 -hm - Failed to validate connection com.mysql.cj.jdbc.ConnectionImpl@14837ccf (No operations allowed after connection closed.). Possibly consider using a shorter maxLifetime value.
2020-12-26 22:14:58.419 WARN [http-nio-8081-exec-1]com.zaxxer.hikari.pool.PoolBase.isConnectionAlive:184 -hm - Failed to validate connection com.mysql.cj.jdbc.ConnectionImpl@509ca8a4 (No operations allowed after connection closed.). Possibly consider using a shorter maxLifetime value.
2020-12-26 22:14:58.421 WARN [http-nio-8081-exec-1]com.zaxxer.hikari.pool.PoolBase.isConnectionAlive:184 -hm - Failed to validate connection com.mysql.cj.jdbc.ConnectionImpl@70ca6ba0 (No operations allowed after connection closed.). Possibly consider using a shorter maxLifetime value.
2020-12-26 22:14:58.423 WARN [http-nio-8081-exec-1]com.zaxxer.hikari.pool.PoolBase.isConnectionAlive:184 -hm - Failed to validate connection com.mysql.cj.jdbc.ConnectionImpl@5ca74226 (No operations allowed after connection closed.). Possibly consider using a shorter maxLifetime value.
2020-12-26 22:14:58.424 WARN [http-nio-8081-exec-1]com.zaxxer.hikari.pool.PoolBase.isConnectionAlive:184 -hm - Failed to validate connection com.mysql.cj.jdbc.ConnectionImpl@694b189e (No operations allowed after connection closed.). Possibly consider using a shorter maxLifetime value.
2020-12-26 22:14:58.426 WARN [http-nio-8081-exec-1]com.zaxxer.hikari.pool.PoolBase.isConnectionAlive:184 -hm - Failed to validate connection com.mysql.cj.jdbc.ConnectionImpl@4a7fe97c (No operations allowed after connection closed.). Possibly consider using a shorter maxLifetime value.
2020-12-26 22:14:58.427 WARN [http-nio-8081-exec-1]com.zaxxer.hikari.pool.PoolBase.isConnectionAlive:184 -hm - Failed to validate connection com.mysql.cj.jdbc.ConnectionImpl@70c4f82e (No operations allowed after connection closed.). Possibly consider using a shorter maxLifetime value.
2020-12-26 22:14:58.429 WARN [http-nio-8081-exec-1]com.zaxxer.hikari.pool.PoolBase.isConnectionAlive:184 -hm - Failed to validate connection com.mysql.cj.jdbc.ConnectionImpl@16142262 (No operations allowed after connection closed.). Possibly consider using a shorter maxLifetime value.
2020-12-26 22:19:24.210 WARN [http-nio-8081-exec-6]com.zaxxer.hikari.pool.PoolBase.isConnectionAlive:184 -hm - Failed to validate connection com.mysql.cj.jdbc.ConnectionImpl@12ab7e56 (No operations allowed after connection closed.). Possibly consider using a shorter maxLifetime value.
2020-12-26 22:19:24.212 WARN [http-nio-8081-exec-6]com.zaxxer.hikari.pool.PoolBase.isConnectionAlive:184 -hm - Failed to validate connection com.mysql.cj.jdbc.ConnectionImpl@3e369029 (No operations allowed after connection closed.). Possibly consider using a shorter maxLifetime value.
2020-12-26 22:19:24.213 WARN [http-nio-8081-exec-6]com.zaxxer.hikari.pool.PoolBase.isConnectionAlive:184 -hm - Failed to validate connection com.mysql.cj.jdbc.ConnectionImpl@40ccd8cc (No operations allowed after connection closed.). Possibly consider using a shorter maxLifetime value.
2020-12-26 22:19:24.215 WARN [http-nio-8081-exec-6]com.zaxxer.hikari.pool.PoolBase.isConnectionAlive:184 -hm - Failed to validate connection com.mysql.cj.jdbc.ConnectionImpl@2f5e80c1 (No operations allowed after connection closed.). Possibly consider using a shorter maxLifetime value.
2020-12-26 22:19:24.217 WARN [http-nio-8081-exec-6]com.zaxxer.hikari.pool.PoolBase.isConnectionAlive:184 -hm - Failed to validate connection com.mysql.cj.jdbc.ConnectionImpl@33568f71 (No operations allowed after connection closed.). Possibly consider using a shorter maxLifetime value.
2020-12-26 22:19:24.218 WARN [http-nio-8081-exec-6]com.zaxxer.hikari.pool.PoolBase.isConnectionAlive:184 -hm - Failed to validate connection com.mysql.cj.jdbc.ConnectionImpl@39ebe6ea (No operations allowed after connection closed.). Possibly consider using a shorter maxLifetime value.
2020-12-26 22:19:24.219 WARN [http-nio-8081-exec-6]com.zaxxer.hikari.pool.PoolBase.isConnectionAlive:184 -hm - Failed to validate connection com.mysql.cj.jdbc.ConnectionImpl@1f4753a3 (No operations allowed after connection closed.). Possibly consider using a shorter maxLifetime value.
2020-12-26 22:19:24.220 WARN [http-nio-8081-exec-6]com.zaxxer.hikari.pool.PoolBase.isConnectionAlive:184 -hm - Failed to validate connection com.mysql.cj.jdbc.ConnectionImpl@44449002 (No operations allowed after connection closed.). Possibly consider using a shorter maxLifetime value.
2020-12-26 22:19:24.220 WARN [http-nio-8081-exec-6]com.zaxxer.hikari.pool.PoolBase.isConnectionAlive:184 -hm - Failed to validate connection com.mysql.cj.jdbc.ConnectionImpl@43eea2fc (No operations allowed after connection closed.). Possibly consider using a shorter maxLifetime value.
2020-12-26 22:19:24.221 WARN [http-nio-8081-exec-6]com.zaxxer.hikari.pool.PoolBase.isConnectionAlive:184 -hm - Failed to validate connection com.mysql.cj.jdbc.ConnectionImpl@2554c0dd (No operations allowed after connection closed.). Possibly consider using a shorter maxLifetime value.
2020-12-26 22:32:50.819 WARN [http-nio-8081-exec-1]com.zaxxer.hikari.pool.PoolBase.isConnectionAlive:184 -hm - Failed to validate connection com.mysql.cj.jdbc.ConnectionImpl@600f0118 (No operations allowed after connection closed.). Possibly consider using a shorter maxLifetime value.
2020-12-26 22:32:50.821 WARN [http-nio-8081-exec-1]com.zaxxer.hikari.pool.PoolBase.isConnectionAlive:184 -hm - Failed to validate connection com.mysql.cj.jdbc.ConnectionImpl@6a2166e3 (No operations allowed after connection closed.). Possibly consider using a shorter maxLifetime value.
2020-12-26 22:32:50.823 WARN [http-nio-8081-exec-1]com.zaxxer.hikari.pool.PoolBase.isConnectionAlive:184 -hm - Failed to validate connection com.mysql.cj.jdbc.ConnectionImpl@5404cfc9 (No operations allowed after connection closed.). Possibly consider using a shorter maxLifetime value.
2020-12-26 22:32:50.825 WARN [http-nio-8081-exec-1]com.zaxxer.hikari.pool.PoolBase.isConnectionAlive:184 -hm - Failed to validate connection com.mysql.cj.jdbc.ConnectionImpl@2d9b35f2 (No operations allowed after connection closed.). Possibly consider using a shorter maxLifetime value.
2020-12-26 22:32:50.826 WARN [http-nio-8081-exec-1]com.zaxxer.hikari.pool.PoolBase.isConnectionAlive:184 -hm - Failed to validate connection com.mysql.cj.jdbc.ConnectionImpl@71f094fc (No operations allowed after connection closed.). Possibly consider using a shorter maxLifetime value.
2020-12-26 22:32:50.828 WARN [http-nio-8081-exec-1]com.zaxxer.hikari.pool.PoolBase.isConnectionAlive:184 -hm - Failed to validate connection com.mysql.cj.jdbc.ConnectionImpl@1087e25f (No operations allowed after connection closed.). Possibly consider using a shorter maxLifetime value.
2020-12-26 22:32:50.829 WARN [http-nio-8081-exec-1]com.zaxxer.hikari.pool.PoolBase.isConnectionAlive:184 -hm - Failed to validate connection com.mysql.cj.jdbc.ConnectionImpl@628f0d01 (No operations allowed after connection closed.). Possibly consider using a shorter maxLifetime value.
2020-12-26 22:32:50.831 WARN [http-nio-8081-exec-1]com.zaxxer.hikari.pool.PoolBase.isConnectionAlive:184 -hm - Failed to validate connection com.mysql.cj.jdbc.ConnectionImpl@16cf8007 (No operations allowed after connection closed.). Possibly consider using a shorter maxLifetime value.
2020-12-26 22:32:50.832 WARN [http-nio-8081-exec-1]com.zaxxer.hikari.pool.PoolBase.isConnectionAlive:184 -hm - Failed to validate connection com.mysql.cj.jdbc.ConnectionImpl@63edb156 (No operations allowed after connection closed.). Possibly consider using a shorter maxLifetime value.
2020-12-26 22:32:50.834 WARN [http-nio-8081-exec-1]com.zaxxer.hikari.pool.PoolBase.isConnectionAlive:184 -hm - Failed to validate connection com.mysql.cj.jdbc.ConnectionImpl@4cd7226e (No operations allowed after connection closed.). Possibly consider using a shorter maxLifetime value.
2020-12-26 22:42:11.113 WARN [http-nio-8081-exec-7]com.zaxxer.hikari.pool.PoolBase.isConnectionAlive:184 -hm - Failed to validate connection com.mysql.cj.jdbc.ConnectionImpl@3c8fa49a (No operations allowed after connection closed.). Possibly consider using a shorter maxLifetime value.
2020-12-26 22:42:11.115 WARN [http-nio-8081-exec-7]com.zaxxer.hikari.pool.PoolBase.isConnectionAlive:184 -hm - Failed to validate connection com.mysql.cj.jdbc.ConnectionImpl@7335dc5a (No operations allowed after connection closed.). Possibly consider using a shorter maxLifetime value.
2020-12-26 22:42:11.116 WARN [http-nio-8081-exec-7]com.zaxxer.hikari.pool.PoolBase.isConnectionAlive:184 -hm - Failed to validate connection com.mysql.cj.jdbc.ConnectionImpl@6379b5fb (No operations allowed after connection closed.). Possibly consider using a shorter maxLifetime value.
2020-12-26 22:42:11.118 WARN [http-nio-8081-exec-7]com.zaxxer.hikari.pool.PoolBase.isConnectionAlive:184 -hm - Failed to validate connection com.mysql.cj.jdbc.ConnectionImpl@6bccf724 (No operations allowed after connection closed.). Possibly consider using a shorter maxLifetime value.
2020-12-26 22:42:11.119 WARN [http-nio-8081-exec-7]com.zaxxer.hikari.pool.PoolBase.isConnectionAlive:184 -hm - Failed to validate connection com.mysql.cj.jdbc.ConnectionImpl@35624831 (No operations allowed after connection closed.). Possibly consider using a shorter maxLifetime value.
2020-12-26 22:42:11.121 WARN [http-nio-8081-exec-7]com.zaxxer.hikari.pool.PoolBase.isConnectionAlive:184 -hm - Failed to validate connection com.mysql.cj.jdbc.ConnectionImpl@68e885cb (No operations allowed after connection closed.). Possibly consider using a shorter maxLifetime value.
2020-12-26 22:42:11.122 WARN [http-nio-8081-exec-7]com.zaxxer.hikari.pool.PoolBase.isConnectionAlive:184 -hm - Failed to validate connection com.mysql.cj.jdbc.ConnectionImpl@46102340 (No operations allowed after connection closed.). Possibly consider using a shorter maxLifetime value.
2020-12-26 22:42:11.123 WARN [http-nio-8081-exec-7]com.zaxxer.hikari.pool.PoolBase.isConnectionAlive:184 -hm - Failed to validate connection com.mysql.cj.jdbc.ConnectionImpl@4ae99971 (No operations allowed after connection closed.). Possibly consider using a shorter maxLifetime value.
2020-12-26 22:42:11.124 WARN [http-nio-8081-exec-7]com.zaxxer.hikari.pool.PoolBase.isConnectionAlive:184 -hm - Failed to validate connection com.mysql.cj.jdbc.ConnectionImpl@6d6d73dd (No operations allowed after connection closed.). Possibly consider using a shorter maxLifetime value.
2020-12-26 22:42:11.125 WARN [http-nio-8081-exec-7]com.zaxxer.hikari.pool.PoolBase.isConnectionAlive:184 -hm - Failed to validate connection com.mysql.cj.jdbc.ConnectionImpl@41077566 (No operations allowed after connection closed.). Possibly consider using a shorter maxLifetime value.
2020-12-26 22:46:56.694 WARN [http-nio-8081-exec-4]com.zaxxer.hikari.pool.PoolBase.isConnectionAlive:184 -hm - Failed to validate connection com.mysql.cj.jdbc.ConnectionImpl@6e678c (No operations allowed after connection closed.). Possibly consider using a shorter maxLifetime value.
2020-12-26 22:46:56.696 WARN [http-nio-8081-exec-4]com.zaxxer.hikari.pool.PoolBase.isConnectionAlive:184 -hm - Failed to validate connection com.mysql.cj.jdbc.ConnectionImpl@562a9fd2 (No operations allowed after connection closed.). Possibly consider using a shorter maxLifetime value.
2020-12-26 22:46:56.698 WARN [http-nio-8081-exec-4]com.zaxxer.hikari.pool.PoolBase.isConnectionAlive:184 -hm - Failed to validate connection com.mysql.cj.jdbc.ConnectionImpl@4922bcc (No operations allowed after connection closed.). Possibly consider using a shorter maxLifetime value.
2020-12-26 22:46:56.699 WARN [http-nio-8081-exec-4]com.zaxxer.hikari.pool.PoolBase.isConnectionAlive:184 -hm - Failed to validate connection com.mysql.cj.jdbc.ConnectionImpl@432dbc68 (No operations allowed after connection closed.). Possibly consider using a shorter maxLifetime value.
2020-12-26 22:46:56.701 WARN [http-nio-8081-exec-4]com.zaxxer.hikari.pool.PoolBase.isConnectionAlive:184 -hm - Failed to validate connection com.mysql.cj.jdbc.ConnectionImpl@56f7cefd (No operations allowed after connection closed.). Possibly consider using a shorter maxLifetime value.
2020-12-26 22:46:56.702 WARN [http-nio-8081-exec-4]com.zaxxer.hikari.pool.PoolBase.isConnectionAlive:184 -hm - Failed to validate connection com.mysql.cj.jdbc.ConnectionImpl@54a11ffe (No operations allowed after connection closed.). Possibly consider using a shorter maxLifetime value.
2020-12-26 22:46:56.703 WARN [http-nio-8081-exec-4]com.zaxxer.hikari.pool.PoolBase.isConnectionAlive:184 -hm - Failed to validate connection com.mysql.cj.jdbc.ConnectionImpl@41f882ed (No operations allowed after connection closed.). Possibly consider using a shorter maxLifetime value.
2020-12-26 22:46:56.704 WARN [http-nio-8081-exec-4]com.zaxxer.hikari.pool.PoolBase.isConnectionAlive:184 -hm - Failed to validate connection com.mysql.cj.jdbc.ConnectionImpl@6f18b846 (No operations allowed after connection closed.). Possibly consider using a shorter maxLifetime value.
2020-12-26 22:46:56.705 WARN [http-nio-8081-exec-4]com.zaxxer.hikari.pool.PoolBase.isConnectionAlive:184 -hm - Failed to validate connection com.mysql.cj.jdbc.ConnectionImpl@770137e (No operations allowed after connection closed.). Possibly consider using a shorter maxLifetime value.
2020-12-26 22:46:56.706 WARN [http-nio-8081-exec-4]com.zaxxer.hikari.pool.PoolBase.isConnectionAlive:184 -hm - Failed to validate connection com.mysql.cj.jdbc.ConnectionImpl@5bf2b281 (No operations allowed after connection closed.). Possibly consider using a shorter maxLifetime value.
2020-12-26 22:50:28.702 WARN [http-nio-8081-exec-5]com.zaxxer.hikari.pool.PoolBase.isConnectionAlive:184 -hm - Failed to validate connection com.mysql.cj.jdbc.ConnectionImpl@74e8f5e5 (No operations allowed after connection closed.). Possibly consider using a shorter maxLifetime value.
2020-12-26 22:50:28.704 WARN [http-nio-8081-exec-5]com.zaxxer.hikari.pool.PoolBase.isConnectionAlive:184 -hm - Failed to validate connection com.mysql.cj.jdbc.ConnectionImpl@6a127187 (No operations allowed after connection closed.). Possibly consider using a shorter maxLifetime value.
2020-12-26 22:50:28.705 WARN [http-nio-8081-exec-5]com.zaxxer.hikari.pool.PoolBase.isConnectionAlive:184 -hm - Failed to validate connection com.mysql.cj.jdbc.ConnectionImpl@7d5ec4e1 (No operations allowed after connection closed.). Possibly consider using a shorter maxLifetime value.
2020-12-26 22:50:28.707 WARN [http-nio-8081-exec-5]com.zaxxer.hikari.pool.PoolBase.isConnectionAlive:184 -hm - Failed to validate connection com.mysql.cj.jdbc.ConnectionImpl@67c98739 (No operations allowed after connection closed.). Possibly consider using a shorter maxLifetime value.
2020-12-26 22:50:28.708 WARN [http-nio-8081-exec-5]com.zaxxer.hikari.pool.PoolBase.isConnectionAlive:184 -hm - Failed to validate connection com.mysql.cj.jdbc.ConnectionImpl@201cd2e4 (No operations allowed after connection closed.). Possibly consider using a shorter maxLifetime value.
2020-12-26 22:50:28.709 WARN [http-nio-8081-exec-5]com.zaxxer.hikari.pool.PoolBase.isConnectionAlive:184 -hm - Failed to validate connection com.mysql.cj.jdbc.ConnectionImpl@59fb1129 (No operations allowed after connection closed.). Possibly consider using a shorter maxLifetime value.
2020-12-26 22:50:28.710 WARN [http-nio-8081-exec-5]com.zaxxer.hikari.pool.PoolBase.isConnectionAlive:184 -hm - Failed to validate connection com.mysql.cj.jdbc.ConnectionImpl@5289bf3b (No operations allowed after connection closed.). Possibly consider using a shorter maxLifetime value.
2020-12-26 22:50:28.711 WARN [http-nio-8081-exec-5]com.zaxxer.hikari.pool.PoolBase.isConnectionAlive:184 -hm - Failed to validate connection com.mysql.cj.jdbc.ConnectionImpl@79521a1c (No operations allowed after connection closed.). Possibly consider using a shorter maxLifetime value.
2020-12-26 22:50:28.712 WARN [http-nio-8081-exec-5]com.zaxxer.hikari.pool.PoolBase.isConnectionAlive:184 -hm - Failed to validate connection com.mysql.cj.jdbc.ConnectionImpl@3f9f7c20 (No operations allowed after connection closed.). Possibly consider using a shorter maxLifetime value.
2020-12-26 22:50:28.713 WARN [http-nio-8081-exec-5]com.zaxxer.hikari.pool.PoolBase.isConnectionAlive:184 -hm - Failed to validate connection com.mysql.cj.jdbc.ConnectionImpl@3eec40a3 (No operations allowed after connection closed.). Possibly consider using a shorter maxLifetime value.
2020-12-26 23:02:16.964 WARN [http-nio-8081-exec-1]com.zaxxer.hikari.pool.PoolBase.isConnectionAlive:184 -hm - Failed to validate connection com.mysql.cj.jdbc.ConnectionImpl@48e83ce4 (No operations allowed after connection closed.). Possibly consider using a shorter maxLifetime value.
2020-12-26 23:02:16.966 WARN [http-nio-8081-exec-1]com.zaxxer.hikari.pool.PoolBase.isConnectionAlive:184 -hm - Failed to validate connection com.mysql.cj.jdbc.ConnectionImpl@3c676589 (No operations allowed after connection closed.). Possibly consider using a shorter maxLifetime value.
2020-12-26 23:02:16.967 WARN [http-nio-8081-exec-1]com.zaxxer.hikari.pool.PoolBase.isConnectionAlive:184 -hm - Failed to validate connection com.mysql.cj.jdbc.ConnectionImpl@7872e684 (No operations allowed after connection closed.). Possibly consider using a shorter maxLifetime value.
2020-12-26 23:02:16.968 WARN [http-nio-8081-exec-1]com.zaxxer.hikari.pool.PoolBase.isConnectionAlive:184 -hm - Failed to validate connection com.mysql.cj.jdbc.ConnectionImpl@65ec71c6 (No operations allowed after connection closed.). Possibly consider using a shorter maxLifetime value.
2020-12-26 23:02:16.970 WARN [http-nio-8081-exec-1]com.zaxxer.hikari.pool.PoolBase.isConnectionAlive:184 -hm - Failed to validate connection com.mysql.cj.jdbc.ConnectionImpl@1b88952d (No operations allowed after connection closed.). Possibly consider using a shorter maxLifetime value.
2020-12-26 23:02:16.971 WARN [http-nio-8081-exec-1]com.zaxxer.hikari.pool.PoolBase.isConnectionAlive:184 -hm - Failed to validate connection com.mysql.cj.jdbc.ConnectionImpl@1c44e0f8 (No operations allowed after connection closed.). Possibly consider using a shorter maxLifetime value.
2020-12-26 23:02:16.973 WARN [http-nio-8081-exec-1]com.zaxxer.hikari.pool.PoolBase.isConnectionAlive:184 -hm - Failed to validate connection com.mysql.cj.jdbc.ConnectionImpl@736d6332 (No operations allowed after connection closed.). Possibly consider using a shorter maxLifetime value.
2020-12-26 23:02:16.974 WARN [http-nio-8081-exec-1]com.zaxxer.hikari.pool.PoolBase.isConnectionAlive:184 -hm - Failed to validate connection com.mysql.cj.jdbc.ConnectionImpl@75094ed8 (No operations allowed after connection closed.). Possibly consider using a shorter maxLifetime value.
2020-12-26 23:02:16.975 WARN [http-nio-8081-exec-1]com.zaxxer.hikari.pool.PoolBase.isConnectionAlive:184 -hm - Failed to validate connection com.mysql.cj.jdbc.ConnectionImpl@2af79ca9 (No operations allowed after connection closed.). Possibly consider using a shorter maxLifetime value.
2020-12-26 23:02:16.976 WARN [http-nio-8081-exec-1]com.zaxxer.hikari.pool.PoolBase.isConnectionAlive:184 -hm - Failed to validate connection com.mysql.cj.jdbc.ConnectionImpl@118fea2f (No operations allowed after connection closed.). Possibly consider using a shorter maxLifetime value.
2020-12-26 23:10:20.320 WARN [http-nio-8081-exec-1]com.zaxxer.hikari.pool.PoolBase.isConnectionAlive:184 -hm - Failed to validate connection com.mysql.cj.jdbc.ConnectionImpl@36a39fb5 (No operations allowed after connection closed.). Possibly consider using a shorter maxLifetime value.
2020-12-26 23:10:20.322 WARN [http-nio-8081-exec-1]com.zaxxer.hikari.pool.PoolBase.isConnectionAlive:184 -hm - Failed to validate connection com.mysql.cj.jdbc.ConnectionImpl@5eedb496 (No operations allowed after connection closed.). Possibly consider using a shorter maxLifetime value.
2020-12-26 23:10:20.323 WARN [http-nio-8081-exec-1]com.zaxxer.hikari.pool.PoolBase.isConnectionAlive:184 -hm - Failed to validate connection com.mysql.cj.jdbc.ConnectionImpl@48e3764c (No operations allowed after connection closed.). Possibly consider using a shorter maxLifetime value.
2020-12-26 23:10:20.324 WARN [http-nio-8081-exec-1]com.zaxxer.hikari.pool.PoolBase.isConnectionAlive:184 -hm - Failed to validate connection com.mysql.cj.jdbc.ConnectionImpl@6f3bc5f5 (No operations allowed after connection closed.). Possibly consider using a shorter maxLifetime value.
2020-12-26 23:10:20.325 WARN [http-nio-8081-exec-1]com.zaxxer.hikari.pool.PoolBase.isConnectionAlive:184 -hm - Failed to validate connection com.mysql.cj.jdbc.ConnectionImpl@28c5f0f4 (No operations allowed after connection closed.). Possibly consider using a shorter maxLifetime value.
2020-12-26 23:10:20.326 WARN [http-nio-8081-exec-1]com.zaxxer.hikari.pool.PoolBase.isConnectionAlive:184 -hm - Failed to validate connection com.mysql.cj.jdbc.ConnectionImpl@1bbfb87e (No operations allowed after connection closed.). Possibly consider using a shorter maxLifetime value.
2020-12-26 23:10:20.328 WARN [http-nio-8081-exec-1]com.zaxxer.hikari.pool.PoolBase.isConnectionAlive:184 -hm - Failed to validate connection com.mysql.cj.jdbc.ConnectionImpl@483dfc53 (No operations allowed after connection closed.). Possibly consider using a shorter maxLifetime value.
2020-12-26 23:10:20.329 WARN [http-nio-8081-exec-1]com.zaxxer.hikari.pool.PoolBase.isConnectionAlive:184 -hm - Failed to validate connection com.mysql.cj.jdbc.ConnectionImpl@79189ccc (No operations allowed after connection closed.). Possibly consider using a shorter maxLifetime value.
2020-12-26 23:10:20.330 WARN [http-nio-8081-exec-1]com.zaxxer.hikari.pool.PoolBase.isConnectionAlive:184 -hm - Failed to validate connection com.mysql.cj.jdbc.ConnectionImpl@7e5d914b (No operations allowed after connection closed.). Possibly consider using a shorter maxLifetime value.
2020-12-26 23:10:20.332 WARN [http-nio-8081-exec-1]com.zaxxer.hikari.pool.PoolBase.isConnectionAlive:184 -hm - Failed to validate connection com.mysql.cj.jdbc.ConnectionImpl@18c7bab6 (No operations allowed after connection closed.). Possibly consider using a shorter maxLifetime value.
2020-12-26 23:15:26.869 WARN [http-nio-8081-exec-9]com.zaxxer.hikari.pool.PoolBase.isConnectionAlive:184 -hm - Failed to validate connection com.mysql.cj.jdbc.ConnectionImpl@2fc074e (No operations allowed after connection closed.). Possibly consider using a shorter maxLifetime value.
2020-12-26 23:15:26.871 WARN [http-nio-8081-exec-9]com.zaxxer.hikari.pool.PoolBase.isConnectionAlive:184 -hm - Failed to validate connection com.mysql.cj.jdbc.ConnectionImpl@52494840 (No operations allowed after connection closed.). Possibly consider using a shorter maxLifetime value.
2020-12-26 23:15:26.872 WARN [http-nio-8081-exec-9]com.zaxxer.hikari.pool.PoolBase.isConnectionAlive:184 -hm - Failed to validate connection com.mysql.cj.jdbc.ConnectionImpl@3e9eb213 (No operations allowed after connection closed.). Possibly consider using a shorter maxLifetime value.
2020-12-26 23:15:26.874 WARN [http-nio-8081-exec-9]com.zaxxer.hikari.pool.PoolBase.isConnectionAlive:184 -hm - Failed to validate connection com.mysql.cj.jdbc.ConnectionImpl@eaf9ef9 (No operations allowed after connection closed.). Possibly consider using a shorter maxLifetime value.
2020-12-26 23:15:26.876 WARN [http-nio-8081-exec-9]com.zaxxer.hikari.pool.PoolBase.isConnectionAlive:184 -hm - Failed to validate connection com.mysql.cj.jdbc.ConnectionImpl@cefb86a (No operations allowed after connection closed.). Possibly consider using a shorter maxLifetime value.
2020-12-26 23:15:26.877 WARN [http-nio-8081-exec-9]com.zaxxer.hikari.pool.PoolBase.isConnectionAlive:184 -hm - Failed to validate connection com.mysql.cj.jdbc.ConnectionImpl@14fceaff (No operations allowed after connection closed.). Possibly consider using a shorter maxLifetime value.
2020-12-26 23:15:26.878 WARN [http-nio-8081-exec-9]com.zaxxer.hikari.pool.PoolBase.isConnectionAlive:184 -hm - Failed to validate connection com.mysql.cj.jdbc.ConnectionImpl@5f39dc59 (No operations allowed after connection closed.). Possibly consider using a shorter maxLifetime value.
2020-12-26 23:15:26.879 WARN [http-nio-8081-exec-9]com.zaxxer.hikari.pool.PoolBase.isConnectionAlive:184 -hm - Failed to validate connection com.mysql.cj.jdbc.ConnectionImpl@2d13d911 (No operations allowed after connection closed.). Possibly consider using a shorter maxLifetime value.
2020-12-26 23:15:26.881 WARN [http-nio-8081-exec-9]com.zaxxer.hikari.pool.PoolBase.isConnectionAlive:184 -hm - Failed to validate connection com.mysql.cj.jdbc.ConnectionImpl@5cce1831 (No operations allowed after connection closed.). Possibly consider using a shorter maxLifetime value.
2020-12-26 23:15:26.883 WARN [http-nio-8081-exec-9]com.zaxxer.hikari.pool.PoolBase.isConnectionAlive:184 -hm - Failed to validate connection com.mysql.cj.jdbc.ConnectionImpl@2f16ba45 (No operations allowed after connection closed.). Possibly consider using a shorter maxLifetime value.
2020-12-26 23:24:46.823 WARN [http-nio-8081-exec-3]com.zaxxer.hikari.pool.PoolBase.isConnectionAlive:184 -hm - Failed to validate connection com.mysql.cj.jdbc.ConnectionImpl@d34ed61 (No operations allowed after connection closed.). Possibly consider using a shorter maxLifetime value.
2020-12-26 23:24:46.825 WARN [http-nio-8081-exec-3]com.zaxxer.hikari.pool.PoolBase.isConnectionAlive:184 -hm - Failed to validate connection com.mysql.cj.jdbc.ConnectionImpl@f480886 (No operations allowed after connection closed.). Possibly consider using a shorter maxLifetime value.
2020-12-26 23:24:46.826 WARN [http-nio-8081-exec-3]com.zaxxer.hikari.pool.PoolBase.isConnectionAlive:184 -hm - Failed to validate connection com.mysql.cj.jdbc.ConnectionImpl@286f4b78 (No operations allowed after connection closed.). Possibly consider using a shorter maxLifetime value.
2020-12-26 23:24:46.827 WARN [http-nio-8081-exec-3]com.zaxxer.hikari.pool.PoolBase.isConnectionAlive:184 -hm - Failed to validate connection com.mysql.cj.jdbc.ConnectionImpl@16598f7b (No operations allowed after connection closed.). Possibly consider using a shorter maxLifetime value.
2020-12-26 23:24:46.829 WARN [http-nio-8081-exec-3]com.zaxxer.hikari.pool.PoolBase.isConnectionAlive:184 -hm - Failed to validate connection com.mysql.cj.jdbc.ConnectionImpl@46b92618 (No operations allowed after connection closed.). Possibly consider using a shorter maxLifetime value.
2020-12-26 23:24:46.830 WARN [http-nio-8081-exec-3]com.zaxxer.hikari.pool.PoolBase.isConnectionAlive:184 -hm - Failed to validate connection com.mysql.cj.jdbc.ConnectionImpl@9fa1a71 (No operations allowed after connection closed.). Possibly consider using a shorter maxLifetime value.
2020-12-26 23:24:46.856 WARN [http-nio-8081-exec-3]com.zaxxer.hikari.pool.PoolBase.isConnectionAlive:184 -hm - Failed to validate connection com.mysql.cj.jdbc.ConnectionImpl@5b9ca4bd (No operations allowed after connection closed.). Possibly consider using a shorter maxLifetime value.
2020-12-26 23:24:46.858 WARN [http-nio-8081-exec-3]com.zaxxer.hikari.pool.PoolBase.isConnectionAlive:184 -hm - Failed to validate connection com.mysql.cj.jdbc.ConnectionImpl@1e4dae2 (No operations allowed after connection closed.). Possibly consider using a shorter maxLifetime value.
2020-12-26 23:24:46.859 WARN [http-nio-8081-exec-3]com.zaxxer.hikari.pool.PoolBase.isConnectionAlive:184 -hm - Failed to validate connection com.mysql.cj.jdbc.ConnectionImpl@ee2b520 (No operations allowed after connection closed.). Possibly consider using a shorter maxLifetime value.
2020-12-26 23:24:46.860 WARN [http-nio-8081-exec-3]com.zaxxer.hikari.pool.PoolBase.isConnectionAlive:184 -hm - Failed to validate connection com.mysql.cj.jdbc.ConnectionImpl@57121f1f (No operations allowed after connection closed.). Possibly consider using a shorter maxLifetime value.
