2021-01-21 14:54:49.688 INFO [main]com.information.five.FiveApplication.logStarting:55 -Starting FiveApplication using Java 1.8.0_181 on LAPTOP-82T9IRIS with PID 10600 (D:\IDEAproject\five\target\classes started by 印钞机 in D:\IDEAproject\five)
2021-01-21 14:54:49.690 INFO [main]com.information.five.FiveApplication.logStartupProfileInfo:660 -No active profile set, falling back to default profiles: default
2021-01-21 14:54:50.693 INFO [main]o.s.c.s.PostProcessorRegistrationDelegate$BeanPostProcessorChecker.postProcessAfterInitialization:350 -Bean 'spring.datasource.dynamic-com.baomidou.dynamic.datasource.spring.boot.autoconfigure.DynamicDataSourceProperties' of type [com.baomidou.dynamic.datasource.spring.boot.autoconfigure.DynamicDataSourceProperties] is not eligible for getting processed by all BeanPostProcessors (for example: not eligible for auto-proxying)
2021-01-21 14:54:50.695 INFO [main]o.s.c.s.PostProcessorRegistrationDelegate$BeanPostProcessorChecker.postProcessAfterInitialization:350 -Bean 'com.baomidou.dynamic.datasource.spring.boot.autoconfigure.DynamicDataSourceAutoConfiguration' of type [com.baomidou.dynamic.datasource.spring.boot.autoconfigure.DynamicDataSourceAutoConfiguration$$EnhancerBySpringCGLIB$$a3b5ea2a] is not eligible for getting processed by all BeanPostProcessors (for example: not eligible for auto-proxying)
2021-01-21 14:54:50.703 INFO [main]o.s.c.s.PostProcessorRegistrationDelegate$BeanPostProcessorChecker.postProcessAfterInitialization:350 -Bean 'dsProcessor' of type [com.baomidou.dynamic.datasource.processor.DsHeaderProcessor] is not eligible for getting processed by all BeanPostProcessors (for example: not eligible for auto-proxying)
2021-01-21 14:54:50.848 INFO [main]o.s.boot.web.embedded.tomcat.TomcatWebServer.initialize:108 -Tomcat initialized with port(s): 8081 (http)
2021-01-21 14:54:50.855 INFO [main]org.apache.coyote.http11.Http11NioProtocol.log:173 -Initializing ProtocolHandler ["http-nio-8081"]
2021-01-21 14:54:50.856 INFO [main]org.apache.catalina.core.StandardService.log:173 -Starting service [Tomcat]
2021-01-21 14:54:50.856 INFO [main]org.apache.catalina.core.StandardEngine.log:173 -Starting Servlet engine: [Apache Tomcat/9.0.41]
2021-01-21 14:54:50.923 INFO [main]o.a.catalina.core.ContainerBase.[Tomcat].[localhost].[/].log:173 -Initializing Spring embedded WebApplicationContext
2021-01-21 14:54:50.924 INFO [main]o.s.b.w.s.context.ServletWebServerApplicationContext.prepareWebApplicationContext:289 -Root WebApplicationContext: initialization completed in 1199 ms
2021-01-21 14:54:51.039 INFO [main]com.zaxxer.hikari.HikariDataSource.<init>:80 -hm - Starting...
2021-01-21 14:54:54.436 INFO [main]com.zaxxer.hikari.HikariDataSource.<init>:82 -hm - Start completed.
2021-01-21 14:54:54.437 INFO [main]com.zaxxer.hikari.HikariDataSource.<init>:80 -test1 - Starting...
2021-01-21 14:54:57.496 WARN [main]o.s.b.w.s.c.AnnotationConfigServletWebServerApplicationContext.refresh:596 -Exception encountered during context initialization - cancelling refresh attempt: org.springframework.beans.factory.UnsatisfiedDependencyException: Error creating bean with name 'loginController': Unsatisfied dependency expressed through field 'systemAdminService'; nested exception is org.springframework.beans.factory.UnsatisfiedDependencyException: Error creating bean with name 'systemAdminServiceImpl': Unsatisfied dependency expressed through field 'systemAdminMapper'; nested exception is org.springframework.beans.factory.UnsatisfiedDependencyException: Error creating bean with name 'systemAdminMapper' defined in file [D:\IDEAproject\five\target\classes\com\information\five\mapper\SystemAdminMapper.class]: Unsatisfied dependency expressed through bean property 'sqlSessionFactory'; nested exception is org.springframework.beans.factory.UnsatisfiedDependencyException: Error creating bean with name 'sqlSessionFactory' defined in class path resource [org/mybatis/spring/boot/autoconfigure/MybatisAutoConfiguration.class]: Unsatisfied dependency expressed through method 'sqlSessionFactory' parameter 0; nested exception is org.springframework.beans.factory.BeanCreationException: Error creating bean with name 'dataSource' defined in class path resource [com/baomidou/dynamic/datasource/spring/boot/autoconfigure/DynamicDataSourceAutoConfiguration.class]: Invocation of init method failed; nested exception is com.zaxxer.hikari.pool.HikariPool$PoolInitializationException: Failed to initialize pool: Communications link failure

The last packet sent successfully to the server was 0 milliseconds ago. The driver has not received any packets from the server.
2021-01-21 14:54:57.499 INFO [main]org.apache.catalina.core.StandardService.log:173 -Stopping service [Tomcat]
2021-01-21 14:54:57.508 INFO [main]o.s.b.a.logging.ConditionEvaluationReportLoggingListener.logMessage:136 -

Error starting ApplicationContext. To display the conditions report re-run your application with 'debug' enabled.
2021-01-21 14:57:09.070 INFO [main]com.information.five.FiveApplication.logStarting:55 -Starting FiveApplication using Java 1.8.0_181 on LAPTOP-82T9IRIS with PID 3936 (D:\IDEAproject\five\target\classes started by 印钞机 in D:\IDEAproject\five)
2021-01-21 14:57:09.072 INFO [main]com.information.five.FiveApplication.logStartupProfileInfo:660 -No active profile set, falling back to default profiles: default
2021-01-21 14:57:09.873 INFO [main]o.s.c.s.PostProcessorRegistrationDelegate$BeanPostProcessorChecker.postProcessAfterInitialization:350 -Bean 'spring.datasource.dynamic-com.baomidou.dynamic.datasource.spring.boot.autoconfigure.DynamicDataSourceProperties' of type [com.baomidou.dynamic.datasource.spring.boot.autoconfigure.DynamicDataSourceProperties] is not eligible for getting processed by all BeanPostProcessors (for example: not eligible for auto-proxying)
2021-01-21 14:57:09.874 INFO [main]o.s.c.s.PostProcessorRegistrationDelegate$BeanPostProcessorChecker.postProcessAfterInitialization:350 -Bean 'com.baomidou.dynamic.datasource.spring.boot.autoconfigure.DynamicDataSourceAutoConfiguration' of type [com.baomidou.dynamic.datasource.spring.boot.autoconfigure.DynamicDataSourceAutoConfiguration$$EnhancerBySpringCGLIB$$a3b5ea2a] is not eligible for getting processed by all BeanPostProcessors (for example: not eligible for auto-proxying)
2021-01-21 14:57:09.883 INFO [main]o.s.c.s.PostProcessorRegistrationDelegate$BeanPostProcessorChecker.postProcessAfterInitialization:350 -Bean 'dsProcessor' of type [com.baomidou.dynamic.datasource.processor.DsHeaderProcessor] is not eligible for getting processed by all BeanPostProcessors (for example: not eligible for auto-proxying)
2021-01-21 14:57:10.028 INFO [main]o.s.boot.web.embedded.tomcat.TomcatWebServer.initialize:108 -Tomcat initialized with port(s): 8081 (http)
2021-01-21 14:57:10.034 INFO [main]org.apache.coyote.http11.Http11NioProtocol.log:173 -Initializing ProtocolHandler ["http-nio-8081"]
2021-01-21 14:57:10.035 INFO [main]org.apache.catalina.core.StandardService.log:173 -Starting service [Tomcat]
2021-01-21 14:57:10.035 INFO [main]org.apache.catalina.core.StandardEngine.log:173 -Starting Servlet engine: [Apache Tomcat/9.0.41]
2021-01-21 14:57:10.092 INFO [main]o.a.catalina.core.ContainerBase.[Tomcat].[localhost].[/].log:173 -Initializing Spring embedded WebApplicationContext
2021-01-21 14:57:10.092 INFO [main]o.s.b.w.s.context.ServletWebServerApplicationContext.prepareWebApplicationContext:289 -Root WebApplicationContext: initialization completed in 984 ms
2021-01-21 14:57:10.190 INFO [main]com.zaxxer.hikari.HikariDataSource.<init>:80 -hm - Starting...
2021-01-21 14:57:10.520 INFO [main]com.zaxxer.hikari.HikariDataSource.<init>:82 -hm - Start completed.
2021-01-21 14:57:10.521 INFO [main]com.baomidou.dynamic.datasource.DynamicRoutingDataSource.addDataSource:132 -dynamic-datasource - load a datasource named [hm] success
2021-01-21 14:57:10.521 INFO [main]com.baomidou.dynamic.datasource.DynamicRoutingDataSource.afterPropertiesSet:237 -dynamic-datasource initial loaded [1] datasource,primary datasource named [hm]
2021-01-21 14:57:11.044 INFO [main]s.d.s.web.PropertySourcedRequestMappingHandlerMapping.initHandlerMethods:69 -Mapped URL path [/v2/api-docs] onto method [springfox.documentation.swagger2.web.Swagger2Controller#getDocumentation(String, HttpServletRequest)]
2021-01-21 14:57:11.106 INFO [main]o.s.scheduling.concurrent.ThreadPoolTaskExecutor.initialize:181 -Initializing ExecutorService 'applicationTaskExecutor'
2021-01-21 14:57:11.243 INFO [main]org.apache.coyote.http11.Http11NioProtocol.log:173 -Starting ProtocolHandler ["http-nio-8081"]
2021-01-21 14:57:11.257 INFO [main]o.s.boot.web.embedded.tomcat.TomcatWebServer.start:220 -Tomcat started on port(s): 8081 (http) with context path ''
2021-01-21 14:57:11.258 INFO [main]s.d.spring.web.plugins.DocumentationPluginsBootstrapper.start:160 -Context refreshed
2021-01-21 14:57:11.269 INFO [main]s.d.spring.web.plugins.DocumentationPluginsBootstrapper.start:163 -Found 1 custom documentation plugin(s)
2021-01-21 14:57:11.292 INFO [main]s.d.spring.web.scanners.ApiListingReferenceScanner.scan:41 -Scanning for api listing references
2021-01-21 14:57:11.420 INFO [main]com.information.five.FiveApplication.logStarted:61 -Started FiveApplication in 2.685 seconds (JVM running for 3.183)
2021-01-21 14:57:19.374 INFO [http-nio-8081-exec-1]o.a.catalina.core.ContainerBase.[Tomcat].[localhost].[/].log:173 -Initializing Spring DispatcherServlet 'dispatcherServlet'
2021-01-21 14:57:19.374 INFO [http-nio-8081-exec-1]org.springframework.web.servlet.DispatcherServlet.initServletBean:525 -Initializing Servlet 'dispatcherServlet'
2021-01-21 14:57:19.375 INFO [http-nio-8081-exec-1]org.springframework.web.servlet.DispatcherServlet.initServletBean:547 -Completed initialization in 1 ms
